

================================================================
== Vivado HLS Report for 'conv_layer2'
================================================================
* Date:           Sun Jun 21 08:38:02 2026

* Version:        2018.3 (Build 2405991 on Thu Dec 06 23:56:15 MST 2018)
* Project:        tinyyolo_lite
* Solution:       optimization_solution
* Product family: zynq
* Target device:  xc7z020clg484-1


================================================================
== Performance Estimates
================================================================
+ Timing (ns): 
    * Summary: 
    +--------+-------+----------+------------+
    |  Clock | Target| Estimated| Uncertainty|
    +--------+-------+----------+------------+
    |ap_clk  |  10.00|     8.742|        1.25|
    +--------+-------+----------+------------+

+ Latency (clock cycles): 
    * Summary: 
    +--------+--------+--------+--------+---------+
    |     Latency     |     Interval    | Pipeline|
    |   min  |   max  |   min  |   max  |   Type  |
    +--------+--------+--------+--------+---------+
    |  228753|  228753|  228753|  228753|   none  |
    +--------+--------+--------+--------+---------+

    + Detail: 
        * Instance: 
        N/A

        * Loop: 
        +-----------------------------+--------+--------+----------+-----------+-----------+-------+----------+
        |                             |     Latency     | Iteration|  Initiation Interval  |  Trip |          |
        |          Loop Name          |   min  |   max  |  Latency |  achieved |   target  | Count | Pipelined|
        +-----------------------------+--------+--------+----------+-----------+-----------+-------+----------+
        |- LOOP_ROW_LOOP_COL_LOOP_OC  |  228752|  228752|        17|          -|          -|  13456|    no    |
        | + LOOP_KR_LOOP_KC           |      13|      13|         6|          1|          1|      9|    yes   |
        +-----------------------------+--------+--------+----------+-----------+-----------+-------+----------+



================================================================
== Utilization Estimates
================================================================
* Summary: 
+-----------------+---------+-------+--------+-------+
|       Name      | BRAM_18K| DSP48E|   FF   |  LUT  |
+-----------------+---------+-------+--------+-------+
|DSP              |        -|      -|       -|      -|
|Expression       |        -|      8|       0|   1071|
|FIFO             |        -|      -|       -|      -|
|Instance         |        -|      -|       -|      -|
|Memory           |        0|      -|      40|     96|
|Multiplexer      |        -|      -|       -|    141|
|Register         |        0|      -|     930|     32|
+-----------------+---------+-------+--------+-------+
|Total            |        0|      8|     970|   1340|
+-----------------+---------+-------+--------+-------+
|Available        |      280|    220|  106400|  53200|
+-----------------+---------+-------+--------+-------+
|Utilization (%)  |        0|      3|   ~0   |      2|
+-----------------+---------+-------+--------+-------+

+ Detail: 
    * Instance: 
    N/A

    * DSP48: 
    N/A

    * Memory: 
    +-------------+----------------------+---------+---+----+------+-----+------+-------------+
    |    Memory   |        Module        | BRAM_18K| FF| LUT| Words| Bits| Banks| W*Bits*Banks|
    +-------------+----------------------+---------+---+----+------+-----+------+-------------+
    |w_conv2_0_U  |conv_layer2_w_coneOg  |        0|  5|  12|   144|    5|     1|          720|
    |w_conv2_2_U  |conv_layer2_w_coneOg  |        0|  5|  12|   144|    5|     1|          720|
    |w_conv2_4_U  |conv_layer2_w_coneOg  |        0|  5|  12|   144|    5|     1|          720|
    |w_conv2_6_U  |conv_layer2_w_coneOg  |        0|  5|  12|   144|    5|     1|          720|
    |w_conv2_1_U  |conv_layer2_w_confYi  |        0|  5|  12|   144|    5|     1|          720|
    |w_conv2_3_U  |conv_layer2_w_confYi  |        0|  5|  12|   144|    5|     1|          720|
    |w_conv2_5_U  |conv_layer2_w_confYi  |        0|  5|  12|   144|    5|     1|          720|
    |w_conv2_7_U  |conv_layer2_w_confYi  |        0|  5|  12|   144|    5|     1|          720|
    +-------------+----------------------+---------+---+----+------+-----+------+-------------+
    |Total        |                      |        0| 40|  96|  1152|   40|     8|         5760|
    +-------------+----------------------+---------+---+----+------+-----+------+-------------+

    * FIFO: 
    N/A

    * Expression: 
    +---------------------------------+----------+-------+---+----+------------+------------+
    |          Variable Name          | Operation| DSP48E| FF| LUT| Bitwidth P0| Bitwidth P1|
    +---------------------------------+----------+-------+---+----+------------+------------+
    |tmp_31_fu_856_p2                 |     *    |      1|  0|  24|           5|          31|
    |tmp_67_1_fu_868_p2               |     *    |      1|  0|  24|           5|          31|
    |tmp_67_2_fu_904_p2               |     *    |      1|  0|  24|           5|          31|
    |tmp_67_3_fu_916_p2               |     *    |      1|  0|  24|           5|          31|
    |tmp_67_4_fu_880_p2               |     *    |      1|  0|  24|           5|          31|
    |tmp_67_5_fu_892_p2               |     *    |      1|  0|  24|           5|          31|
    |tmp_67_6_fu_928_p2               |     *    |      1|  0|  24|           5|          31|
    |tmp_67_7_fu_940_p2               |     *    |      1|  0|  24|           5|          31|
    |col_2_fu_524_p2                  |     +    |      0|  0|  15|           1|           5|
    |indvar_flatten7_op_fu_1009_p2    |     +    |      0|  0|  14|          10|           1|
    |indvar_flatten_next5_fu_472_p2   |     +    |      0|  0|  19|           1|          14|
    |indvar_flatten_next_fu_703_p2    |     +    |      0|  0|  13|           4|           1|
    |kc_2_fu_783_p2                   |     +    |      0|  0|  10|           2|           1|
    |kr_2_fu_709_p2                   |     +    |      0|  0|  10|           2|           1|
    |oc_3_fu_1004_p2                  |     +    |      0|  0|  15|           5|           1|
    |row_2_fu_582_p2                  |     +    |      0|  0|  15|           1|           5|
    |sum_5_7_fu_978_p2                |     +    |      0|  0|  32|          32|          32|
    |tmp1_fu_958_p2                   |     +    |      0|  0|  32|          32|          32|
    |tmp2_fu_946_p2                   |     +    |      0|  0|  39|          32|          32|
    |tmp3_fu_954_p2                   |     +    |      0|  0|  32|          32|          32|
    |tmp4_fu_967_p2                   |     +    |      0|  0|  32|          32|          32|
    |tmp5_fu_950_p2                   |     +    |      0|  0|  39|          32|          32|
    |tmp6_fu_963_p2                   |     +    |      0|  0|  32|          32|          32|
    |tmp_113_fu_675_p2                |     +    |      0|  0|  19|          14|          14|
    |tmp_114_fu_686_p2                |     +    |      0|  0|  19|          14|          14|
    |tmp_119_fu_812_p2                |     +    |      0|  0|  32|          11|          11|
    |tmp_120_fu_777_p2                |     +    |      0|  0|  32|           5|           5|
    |tmp_121_fu_833_p2                |     +    |      0|  0|  15|           9|           9|
    |tmp_28_fu_768_p2                 |     +    |      0|  0|  15|           5|           5|
    |tmp_32_fu_972_p2                 |     +    |      0|  0|  32|          32|          32|
    |tmp_42_mid2_v_fu_741_p2          |     +    |      0|  0|  15|           5|           5|
    |tmp_73_fu_638_p2                 |     +    |      0|  0|  32|          10|          10|
    |tmp_75_fu_655_p2                 |     +    |      0|  0|  32|          10|          10|
    |tmp_111_fu_629_p2                |     -    |      0|  0|  32|          10|          10|
    |tmp_116_fu_803_p2                |     -    |      0|  0|  32|          11|          11|
    |tmp_118_fu_758_p2                |     -    |      0|  0|  32|           5|           5|
    |tmp_s_fu_611_p2                  |     -    |      0|  0|  32|          10|          10|
    |arrayNo_trunc_mid_fu_498_p2      |    and   |      0|  0|   2|           1|           1|
    |exitcond3_mid_fu_518_p2          |    and   |      0|  0|   2|           1|           1|
    |exitcond3_fu_715_p2              |   icmp   |      0|  0|   8|           2|           2|
    |exitcond_flatten3_fu_478_p2      |   icmp   |      0|  0|  13|          10|           9|
    |exitcond_flatten5_fu_466_p2      |   icmp   |      0|  0|  13|          14|          13|
    |exitcond_flatten_fu_697_p2       |   icmp   |      0|  0|   9|           4|           4|
    |exitcond_fu_512_p2               |   icmp   |      0|  0|  11|           5|           6|
    |tmp_25_fu_988_p2                 |   icmp   |      0|  0|  18|          32|           1|
    |tmp_112_fu_530_p2                |    or    |      0|  0|   2|           1|           1|
    |arrayNo_trunc_mid2_fu_548_p3     |  select  |      0|  0|   2|           1|           1|
    |col_mid2_fu_574_p3               |  select  |      0|  0|   5|           1|           5|
    |col_mid_fu_484_p3                |  select  |      0|  0|   5|           1|           1|
    |indvar_flatten_next8_fu_1015_p3  |  select  |      0|  0|  10|           1|           1|
    |kc_mid2_fu_721_p3                |  select  |      0|  0|   2|           1|           1|
    |newIndex2_mid2_fu_566_p3         |  select  |      0|  0|   4|           1|           4|
    |newIndex2_mid_fu_504_p3          |  select  |      0|  0|   4|           1|           1|
    |oc_mid2_fu_536_p3                |  select  |      0|  0|   5|           1|           1|
    |tmp_26_fu_994_p3                 |  select  |      0|  0|  31|           1|          31|
    |tmp_42_mid2_v_v_v_fu_729_p3      |  select  |      0|  0|   2|           1|           2|
    |tmp_mid2_v_fu_588_p3             |  select  |      0|  0|   5|           1|           5|
    |ap_enable_pp0                    |    xor   |      0|  0|   2|           1|           2|
    |ap_enable_reg_pp0_iter1          |    xor   |      0|  0|   2|           2|           1|
    |not_exitcond_flatten_fu_492_p2   |    xor   |      0|  0|   2|           1|           2|
    +---------------------------------+----------+-------+---+----+------------+------------+
    |Total                            |          |      8|  0|1071|         526|         748|
    +---------------------------------+----------+-------+---+----+------------+------------+

    * Multiplexer: 
    +-----------------------------+----+-----------+-----+-----------+
    |             Name            | LUT| Input Size| Bits| Total Bits|
    +-----------------------------+----+-----------+-----+-----------+
    |ap_NS_fsm                    |  33|          6|    1|          6|
    |ap_enable_reg_pp0_iter1      |   9|          2|    1|          2|
    |ap_enable_reg_pp0_iter5      |   9|          2|    1|          2|
    |ap_phi_mux_kr_phi_fu_422_p4  |   9|          2|    2|          4|
    |col_reg_385                  |   9|          2|    5|         10|
    |indvar_flatten5_reg_350      |   9|          2|   14|         28|
    |indvar_flatten7_reg_373      |   9|          2|   10|         20|
    |indvar_flatten_reg_407       |   9|          2|    4|          8|
    |kc_reg_429                   |   9|          2|    2|          4|
    |kr_reg_418                   |   9|          2|    2|          4|
    |oc_reg_396                   |   9|          2|    5|         10|
    |row_reg_361                  |   9|          2|    5|         10|
    |sum_1_reg_440                |   9|          2|   32|         64|
    +-----------------------------+----+-----------+-----+-----------+
    |Total                        | 141|         30|   84|        172|
    +-----------------------------+----+-----------+-----+-----------+

    * Register: 
    +---------------------------------------+----+----+-----+-----------+
    |                  Name                 | FF | LUT| Bits| Const Bits|
    +---------------------------------------+----+----+-----+-----------+
    |ap_CS_fsm                              |   5|   0|    5|          0|
    |ap_enable_reg_pp0_iter0                |   1|   0|    1|          0|
    |ap_enable_reg_pp0_iter1                |   1|   0|    1|          0|
    |ap_enable_reg_pp0_iter2                |   1|   0|    1|          0|
    |ap_enable_reg_pp0_iter3                |   1|   0|    1|          0|
    |ap_enable_reg_pp0_iter4                |   1|   0|    1|          0|
    |ap_enable_reg_pp0_iter5                |   1|   0|    1|          0|
    |arrayNo_trunc_mid2_reg_1043            |   1|   0|    1|          0|
    |buf_pool1_0_load_reg_1203              |  31|   0|   31|          0|
    |buf_pool1_1_load_reg_1213              |  31|   0|   31|          0|
    |buf_pool1_2_load_reg_1273              |  31|   0|   31|          0|
    |buf_pool1_3_load_reg_1278              |  31|   0|   31|          0|
    |buf_pool1_4_load_reg_1233              |  31|   0|   31|          0|
    |buf_pool1_5_load_reg_1243              |  31|   0|   31|          0|
    |buf_pool1_6_load_reg_1293              |  31|   0|   31|          0|
    |buf_pool1_7_load_reg_1298              |  31|   0|   31|          0|
    |col_mid2_reg_1053                      |   5|   0|    5|          0|
    |col_reg_385                            |   5|   0|    5|          0|
    |exitcond_flatten3_reg_1030             |   1|   0|    1|          0|
    |exitcond_flatten_reg_1080              |   1|   0|    1|          0|
    |indvar_flatten5_reg_350                |  14|   0|   14|          0|
    |indvar_flatten7_reg_373                |  10|   0|   10|          0|
    |indvar_flatten_next5_reg_1025          |  14|   0|   14|          0|
    |indvar_flatten_reg_407                 |   4|   0|    4|          0|
    |kc_reg_429                             |   2|   0|    2|          0|
    |kr_reg_418                             |   2|   0|    2|          0|
    |newIndex2_mid2_reg_1047                |   4|   0|    4|          0|
    |oc_mid2_reg_1036                       |   5|   0|    5|          0|
    |oc_reg_396                             |   5|   0|    5|          0|
    |output_0_addr_reg_1070                 |  13|   0|   13|          0|
    |output_1_addr_reg_1075                 |  13|   0|   13|          0|
    |row_reg_361                            |   5|   0|    5|          0|
    |sum_1_reg_440                          |  32|   0|   32|          0|
    |tmp2_reg_1323                          |  32|   0|   32|          0|
    |tmp5_reg_1328                          |  32|   0|   32|          0|
    |tmp_120_reg_1105                       |   5|   0|    5|          0|
    |tmp_174_cast_reg_1115                  |  64|   0|   64|          0|
    |tmp_28_reg_1100                        |   5|   0|    5|          0|
    |tmp_31_reg_1263                        |  32|   0|   32|          0|
    |tmp_42_mid2_v_reg_1094                 |   5|   0|    5|          0|
    |tmp_42_mid2_v_v_v_reg_1089             |   2|   0|    2|          0|
    |tmp_67_1_reg_1268                      |  32|   0|   32|          0|
    |tmp_67_2_reg_1303                      |  32|   0|   32|          0|
    |tmp_67_3_reg_1308                      |  32|   0|   32|          0|
    |tmp_67_4_reg_1283                      |  32|   0|   32|          0|
    |tmp_67_5_reg_1288                      |  32|   0|   32|          0|
    |tmp_67_6_reg_1313                      |  32|   0|   32|          0|
    |tmp_67_7_reg_1318                      |  32|   0|   32|          0|
    |tmp_cast3_reg_1065                     |   5|   0|    9|          4|
    |tmp_mid2_v_reg_1059                    |   5|   0|    5|          0|
    |w_conv2_0_load_reg_1208                |   5|   0|    5|          0|
    |w_conv2_1_load_reg_1218                |   5|   0|    5|          0|
    |w_conv2_2_load_reg_1223                |   5|   0|    5|          0|
    |w_conv2_2_load_reg_1223_pp0_iter3_reg  |   5|   0|    5|          0|
    |w_conv2_3_load_reg_1228                |   5|   0|    5|          0|
    |w_conv2_3_load_reg_1228_pp0_iter3_reg  |   5|   0|    5|          0|
    |w_conv2_4_load_reg_1238                |   5|   0|    5|          0|
    |w_conv2_5_load_reg_1248                |   5|   0|    5|          0|
    |w_conv2_6_load_reg_1253                |   5|   0|    5|          0|
    |w_conv2_6_load_reg_1253_pp0_iter3_reg  |   5|   0|    5|          0|
    |w_conv2_7_load_reg_1258                |   5|   0|    5|          0|
    |w_conv2_7_load_reg_1258_pp0_iter3_reg  |   5|   0|    5|          0|
    |exitcond_flatten_reg_1080              |  64|  32|    1|          0|
    +---------------------------------------+----+----+-----+-----------+
    |Total                                  | 930|  32|  871|          4|
    +---------------------------------------+----+----+-----+-----------+



================================================================
== Interface
================================================================
* Summary: 
+----------------------+-----+-----+------------+--------------+--------------+
|       RTL Ports      | Dir | Bits|  Protocol  | Source Object|    C Type    |
+----------------------+-----+-----+------------+--------------+--------------+
|ap_clk                |  in |    1| ap_ctrl_hs |  conv_layer2 | return value |
|ap_rst                |  in |    1| ap_ctrl_hs |  conv_layer2 | return value |
|ap_start              |  in |    1| ap_ctrl_hs |  conv_layer2 | return value |
|ap_done               | out |    1| ap_ctrl_hs |  conv_layer2 | return value |
|ap_idle               | out |    1| ap_ctrl_hs |  conv_layer2 | return value |
|ap_ready              | out |    1| ap_ctrl_hs |  conv_layer2 | return value |
|output_0_address0     | out |   13|  ap_memory |   output_0   |     array    |
|output_0_ce0          | out |    1|  ap_memory |   output_0   |     array    |
|output_0_we0          | out |    1|  ap_memory |   output_0   |     array    |
|output_0_d0           | out |   31|  ap_memory |   output_0   |     array    |
|output_1_address0     | out |   13|  ap_memory |   output_1   |     array    |
|output_1_ce0          | out |    1|  ap_memory |   output_1   |     array    |
|output_1_we0          | out |    1|  ap_memory |   output_1   |     array    |
|output_1_d0           | out |   31|  ap_memory |   output_1   |     array    |
|buf_pool1_0_address0  | out |   10|  ap_memory |  buf_pool1_0 |     array    |
|buf_pool1_0_ce0       | out |    1|  ap_memory |  buf_pool1_0 |     array    |
|buf_pool1_0_q0        |  in |   31|  ap_memory |  buf_pool1_0 |     array    |
|buf_pool1_1_address0  | out |   10|  ap_memory |  buf_pool1_1 |     array    |
|buf_pool1_1_ce0       | out |    1|  ap_memory |  buf_pool1_1 |     array    |
|buf_pool1_1_q0        |  in |   31|  ap_memory |  buf_pool1_1 |     array    |
|buf_pool1_2_address0  | out |   10|  ap_memory |  buf_pool1_2 |     array    |
|buf_pool1_2_ce0       | out |    1|  ap_memory |  buf_pool1_2 |     array    |
|buf_pool1_2_q0        |  in |   31|  ap_memory |  buf_pool1_2 |     array    |
|buf_pool1_3_address0  | out |   10|  ap_memory |  buf_pool1_3 |     array    |
|buf_pool1_3_ce0       | out |    1|  ap_memory |  buf_pool1_3 |     array    |
|buf_pool1_3_q0        |  in |   31|  ap_memory |  buf_pool1_3 |     array    |
|buf_pool1_4_address0  | out |   10|  ap_memory |  buf_pool1_4 |     array    |
|buf_pool1_4_ce0       | out |    1|  ap_memory |  buf_pool1_4 |     array    |
|buf_pool1_4_q0        |  in |   31|  ap_memory |  buf_pool1_4 |     array    |
|buf_pool1_5_address0  | out |   10|  ap_memory |  buf_pool1_5 |     array    |
|buf_pool1_5_ce0       | out |    1|  ap_memory |  buf_pool1_5 |     array    |
|buf_pool1_5_q0        |  in |   31|  ap_memory |  buf_pool1_5 |     array    |
|buf_pool1_6_address0  | out |   10|  ap_memory |  buf_pool1_6 |     array    |
|buf_pool1_6_ce0       | out |    1|  ap_memory |  buf_pool1_6 |     array    |
|buf_pool1_6_q0        |  in |   31|  ap_memory |  buf_pool1_6 |     array    |
|buf_pool1_7_address0  | out |   10|  ap_memory |  buf_pool1_7 |     array    |
|buf_pool1_7_ce0       | out |    1|  ap_memory |  buf_pool1_7 |     array    |
|buf_pool1_7_q0        |  in |   31|  ap_memory |  buf_pool1_7 |     array    |
+----------------------+-----+-----+------------+--------------+--------------+

