

================================================================
== Vivado HLS Report for 'conv_layer3'
================================================================
* Date:           Sat Jun 20 22:52:20 2026

* Version:        2018.3 (Build 2405991 on Thu Dec 06 23:56:15 MST 2018)
* Project:        tinyyolo_lite
* Solution:       solution1_naive
* Product family: zynq
* Target device:  xc7z020clg484-1


================================================================
== Performance Estimates
================================================================
+ Timing (ns): 
    * Summary: 
    +--------+-------+----------+------------+
    |  Clock | Target| Estimated| Uncertainty|
    +--------+-------+----------+------------+
    |ap_clk  |  10.00|     8.510|        1.25|
    +--------+-------+----------+------------+

+ Latency (clock cycles): 
    * Summary: 
    +---------+---------+---------+---------+---------+
    |      Latency      |      Interval     | Pipeline|
    |   min   |   max   |   min   |   max   |   Type  |
    +---------+---------+---------+---------+---------+
    |  2774329|  2774329|  2774329|  2774329|   none  |
    +---------+---------+---------+---------+---------+

    + Detail: 
        * Instance: 
        N/A

        * Loop: 
        +--------------------+---------+---------+----------+-----------+-----------+------+----------+
        |                    |      Latency      | Iteration|  Initiation Interval  | Trip |          |
        |      Loop Name     |   min   |   max   |  Latency |  achieved |   target  | Count| Pipelined|
        +--------------------+---------+---------+----------+-----------+-----------+------+----------+
        |- LOOP_ROW          |  2774328|  2774328|    231194|          -|          -|    12|    no    |
        | + LOOP_COL         |   231192|   231192|     19266|          -|          -|    12|    no    |
        |  ++ LOOP_OC        |    19264|    19264|       602|          -|          -|    32|    no    |
        |   +++ LOOP_KR      |      600|      600|       200|          -|          -|     3|    no    |
        |    ++++ LOOP_KC    |      198|      198|        66|          -|          -|     3|    no    |
        |     +++++ LOOP_IC  |       64|       64|         4|          -|          -|    16|    no    |
        +--------------------+---------+---------+----------+-----------+-----------+------+----------+



================================================================
== Utilization Estimates
================================================================
* Summary: 
+-----------------+---------+-------+--------+-------+
|       Name      | BRAM_18K| DSP48E|   FF   |  LUT  |
+-----------------+---------+-------+--------+-------+
|DSP              |        -|      -|       -|      -|
|Expression       |        -|      2|       0|    426|
|FIFO             |        -|      -|       -|      -|
|Instance         |        -|      -|       -|      -|
|Memory           |        3|      -|       0|      0|
|Multiplexer      |        -|      -|       -|    131|
|Register         |        -|      -|     284|      -|
+-----------------+---------+-------+--------+-------+
|Total            |        3|      2|     284|    557|
+-----------------+---------+-------+--------+-------+
|Available        |      280|    220|  106400|  53200|
+-----------------+---------+-------+--------+-------+
|Utilization (%)  |        1|   ~0  |   ~0   |      1|
+-----------------+---------+-------+--------+-------+

+ Detail: 
    * Instance: 
    N/A

    * DSP48: 
    N/A

    * Memory: 
    +-----------+---------------------+---------+---+----+------+-----+------+-------------+
    |   Memory  |        Module       | BRAM_18K| FF| LUT| Words| Bits| Banks| W*Bits*Banks|
    +-----------+---------------------+---------+---+----+------+-----+------+-------------+
    |w_conv3_U  |conv_layer3_w_conv3  |        3|  0|   0|  4608|    5|     1|        23040|
    +-----------+---------------------+---------+---+----+------+-----+------+-------------+
    |Total      |                     |        3|  0|   0|  4608|    5|     1|        23040|
    +-----------+---------------------+---------+---+----+------+-----+------+-------------+

    * FIFO: 
    N/A

    * Expression: 
    +---------------------+----------+-------+---+----+------------+------------+
    |    Variable Name    | Operation| DSP48E| FF| LUT| Bitwidth P0| Bitwidth P1|
    +---------------------+----------+-------+---+----+------------+------------+
    |tmp_39_fu_532_p2     |     *    |      2|  0|  20|          32|           5|
    |col_1_fu_270_p2      |     +    |      0|  0|  13|           4|           1|
    |ic_2_fu_482_p2       |     +    |      0|  0|  15|           5|           1|
    |kc_1_fu_426_p2       |     +    |      0|  0|  10|           2|           1|
    |kr_1_fu_329_p2       |     +    |      0|  0|  10|           2|           1|
    |oc_2_fu_299_p2       |     +    |      0|  0|  15|           6|           1|
    |row_1_fu_228_p2      |     +    |      0|  0|  13|           4|           1|
    |sum_4_fu_537_p2      |     +    |      0|  0|  39|          32|          32|
    |tmp_32_fu_335_p2     |     +    |      0|  0|  13|           4|           4|
    |tmp_35_fu_432_p2     |     +    |      0|  0|  13|           4|           4|
    |tmp_66_fu_280_p2     |     +    |      0|  0|  15|           9|           9|
    |tmp_67_fu_309_p2     |     +    |      0|  0|  19|          14|          14|
    |tmp_73_fu_442_p2     |     +    |      0|  0|  15|           9|           9|
    |tmp_74_fu_459_p2     |     +    |      0|  0|  15|           6|           6|
    |tmp_76_fu_496_p2     |     +    |      0|  0|  17|          13|          13|
    |tmp_77_fu_506_p2     |     +    |      0|  0|  15|           9|           9|
    |tmp_78_fu_519_p2     |     +    |      0|  0|  19|          14|          14|
    |tmp_65_fu_258_p2     |     -    |      0|  0|  15|           9|           9|
    |tmp_70_fu_365_p2     |     -    |      0|  0|  15|           9|           9|
    |tmp_72_fu_387_p2     |     -    |      0|  0|  15|           5|           5|
    |exitcond1_fu_420_p2  |   icmp   |      0|  0|   8|           2|           2|
    |exitcond2_fu_323_p2  |   icmp   |      0|  0|   8|           2|           2|
    |exitcond3_fu_293_p2  |   icmp   |      0|  0|  11|           6|           7|
    |exitcond4_fu_264_p2  |   icmp   |      0|  0|   9|           4|           4|
    |exitcond5_fu_222_p2  |   icmp   |      0|  0|   9|           4|           4|
    |exitcond_fu_476_p2   |   icmp   |      0|  0|  11|           5|           6|
    |tmp_30_fu_401_p2     |   icmp   |      0|  0|  18|          32|           1|
    |output_r_d0          |  select  |      0|  0|  31|           1|          31|
    +---------------------+----------+-------+---+----+------------+------------+
    |Total                |          |      2|  0| 426|         248|         205|
    +---------------------+----------+-------+---+----+------------+------------+

    * Multiplexer: 
    +---------------+----+-----------+-----+-----------+
    |      Name     | LUT| Input Size| Bits| Total Bits|
    +---------------+----+-----------+-----+-----------+
    |ap_NS_fsm      |  50|         11|    1|         11|
    |col_reg_130    |   9|          2|    4|          8|
    |ic_reg_199     |   9|          2|    5|         10|
    |kc_reg_176     |   9|          2|    2|          4|
    |kr_reg_153     |   9|          2|    2|          4|
    |oc_reg_142     |   9|          2|    6|         12|
    |row_reg_118    |   9|          2|    4|          8|
    |sum_1_reg_187  |   9|          2|   32|         64|
    |sum_2_reg_210  |   9|          2|   32|         64|
    |sum_reg_164    |   9|          2|   32|         64|
    +---------------+----+-----------+-----+-----------+
    |Total          | 131|         29|  120|        249|
    +---------------+----+-----------+-----+-----------+

    * Register: 
    +------------------------+----+----+-----+-----------+
    |          Name          | FF | LUT| Bits| Const Bits|
    +------------------------+----+----+-----+-----------+
    |ap_CS_fsm               |  10|   0|   10|          0|
    |buf_pool2_load_reg_640  |  32|   0|   32|          0|
    |col_1_reg_558           |   4|   0|    4|          0|
    |col_reg_130             |   4|   0|    4|          0|
    |ic_2_reg_625            |   5|   0|    5|          0|
    |ic_reg_199              |   5|   0|    5|          0|
    |kc_1_reg_607            |   2|   0|    2|          0|
    |kc_reg_176              |   2|   0|    2|          0|
    |kr_1_reg_589            |   2|   0|    2|          0|
    |kr_reg_153              |   2|   0|    2|          0|
    |oc_2_reg_571            |   6|   0|    6|          0|
    |oc_reg_142              |   6|   0|    6|          0|
    |output_addr_reg_581     |  13|   0|   13|          0|
    |row_1_reg_545           |   4|   0|    4|          0|
    |row_reg_118             |   4|   0|    4|          0|
    |sum_1_reg_187           |  32|   0|   32|          0|
    |sum_2_reg_210           |  32|   0|   32|          0|
    |sum_reg_164             |  32|   0|   32|          0|
    |tmp_100_cast_reg_563    |   9|   0|   14|          5|
    |tmp_106_cast_reg_599    |   6|   0|    6|          0|
    |tmp_109_cast_reg_612    |   9|   0|   13|          4|
    |tmp_29_cast_reg_576     |   6|   0|   14|          8|
    |tmp_39_reg_650          |  32|   0|   32|          0|
    |tmp_65_reg_550          |   7|   0|    9|          2|
    |tmp_70_reg_594          |   8|   0|    9|          1|
    |tmp_75_reg_617          |   5|   0|    9|          4|
    |w_conv3_load_reg_645    |   5|   0|    5|          0|
    +------------------------+----+----+-----+-----------+
    |Total                   | 284|   0|  308|         24|
    +------------------------+----+----+-----+-----------+



================================================================
== Interface
================================================================
* Summary: 
+--------------------+-----+-----+------------+--------------+--------------+
|      RTL Ports     | Dir | Bits|  Protocol  | Source Object|    C Type    |
+--------------------+-----+-----+------------+--------------+--------------+
|ap_clk              |  in |    1| ap_ctrl_hs |  conv_layer3 | return value |
|ap_rst              |  in |    1| ap_ctrl_hs |  conv_layer3 | return value |
|ap_start            |  in |    1| ap_ctrl_hs |  conv_layer3 | return value |
|ap_done             | out |    1| ap_ctrl_hs |  conv_layer3 | return value |
|ap_idle             | out |    1| ap_ctrl_hs |  conv_layer3 | return value |
|ap_ready            | out |    1| ap_ctrl_hs |  conv_layer3 | return value |
|output_r_address0   | out |   13|  ap_memory |   output_r   |     array    |
|output_r_ce0        | out |    1|  ap_memory |   output_r   |     array    |
|output_r_we0        | out |    1|  ap_memory |   output_r   |     array    |
|output_r_d0         | out |   31|  ap_memory |   output_r   |     array    |
|buf_pool2_address0  | out |   12|  ap_memory |   buf_pool2  |     array    |
|buf_pool2_ce0       | out |    1|  ap_memory |   buf_pool2  |     array    |
|buf_pool2_q0        |  in |   32|  ap_memory |   buf_pool2  |     array    |
+--------------------+-----+-----+------------+--------------+--------------+

