

================================================================
== Vivado HLS Report for 'maxpool_layer2'
================================================================
* Date:           Sat Jun 20 22:52:20 2026

* Version:        2018.3 (Build 2405991 on Thu Dec 06 23:56:15 MST 2018)
* Project:        tinyyolo_lite
* Solution:       solution1_naive
* Product family: zynq
* Target device:  xc7z020clg484-1


================================================================
== Performance Estimates
================================================================
+ Timing (ns): 
    * Summary: 
    +--------+-------+----------+------------+
    |  Clock | Target| Estimated| Uncertainty|
    +--------+-------+----------+------------+
    |ap_clk  |  10.00|     8.577|        1.25|
    +--------+-------+----------+------------+

+ Latency (clock cycles): 
    * Summary: 
    +-------+-------+-------+-------+---------+
    |    Latency    |    Interval   | Pipeline|
    |  min  |  max  |  min  |  max  |   Type  |
    +-------+-------+-------+-------+---------+
    |  47521|  47521|  47521|  47521|   none  |
    +-------+-------+-------+-------+---------+

    + Detail: 
        * Instance: 
        N/A

        * Loop: 
        +-------------------+-------+-------+----------+-----------+-----------+------+----------+
        |                   |    Latency    | Iteration|  Initiation Interval  | Trip |          |
        |     Loop Name     |  min  |  max  |  Latency |  achieved |   target  | Count| Pipelined|
        +-------------------+-------+-------+----------+-----------+-----------+------+----------+
        |- Channel          |  47520|  47520|      2970|          -|          -|    16|    no    |
        | + Row             |   2968|   2968|       212|          -|          -|    14|    no    |
        |  ++ Col           |    210|    210|        15|          -|          -|    14|    no    |
        |   +++ POOL_ROW    |     12|     12|         6|          -|          -|     2|    no    |
        |    ++++ POOL_COL  |      4|      4|         2|          -|          -|     2|    no    |
        +-------------------+-------+-------+----------+-----------+-----------+------+----------+



================================================================
== Utilization Estimates
================================================================
* Summary: 
+-----------------+---------+-------+--------+-------+
|       Name      | BRAM_18K| DSP48E|   FF   |  LUT  |
+-----------------+---------+-------+--------+-------+
|DSP              |        -|      -|       -|      -|
|Expression       |        -|      0|       0|    323|
|FIFO             |        -|      -|       -|      -|
|Instance         |        -|      -|       -|      -|
|Memory           |        -|      -|       -|      -|
|Multiplexer      |        -|      -|       -|    122|
|Register         |        -|      -|     151|      -|
+-----------------+---------+-------+--------+-------+
|Total            |        0|      0|     151|    445|
+-----------------+---------+-------+--------+-------+
|Available        |      280|    220|  106400|  53200|
+-----------------+---------+-------+--------+-------+
|Utilization (%)  |        0|      0|   ~0   |   ~0  |
+-----------------+---------+-------+--------+-------+

+ Detail: 
    * Instance: 
    N/A

    * DSP48: 
    N/A

    * Memory: 
    N/A

    * FIFO: 
    N/A

    * Expression: 
    +------------------------------+----------+-------+---+----+------------+------------+
    |         Variable Name        | Operation| DSP48E| FF| LUT| Bitwidth P0| Bitwidth P1|
    +------------------------------+----------+-------+---+----+------------+------------+
    |tmp_18_fu_355_p2              |     *    |      0|  0|  17|           5|           5|
    |tmp_1_fu_232_p2               |     *    |      0|  0|  17|           5|           5|
    |ch_1_fu_190_p2                |     +    |      0|  0|  15|           5|           1|
    |out_col_1_fu_262_p2           |     +    |      0|  0|  13|           4|           1|
    |out_row_1_fu_210_p2           |     +    |      0|  0|  13|           4|           1|
    |pool_col_1_fu_398_p2          |     +    |      0|  0|  10|           2|           1|
    |pool_row_1_fu_340_p2          |     +    |      0|  0|  10|           2|           1|
    |tmp_16_fu_365_p2              |     +    |      0|  0|  15|           9|           9|
    |tmp_17_fu_378_p2              |     +    |      0|  0|  17|          13|          13|
    |tmp_19_fu_413_p2              |     +    |      0|  0|  14|          10|          10|
    |tmp_21_fu_430_p2              |     +    |      0|  0|  21|          15|          15|
    |tmp_2_fu_404_p2               |     +    |      0|  0|  15|           5|           5|
    |tmp_9_fu_280_p2               |     +    |      0|  0|  14|          10|          10|
    |tmp_s_fu_346_p2               |     +    |      0|  0|  15|           5|           5|
    |tmp_5_fu_250_p2               |     -    |      0|  0|  15|           9|           9|
    |exitcond1_fu_334_p2           |   icmp   |      0|  0|   9|           2|           3|
    |exitcond2_fu_256_p2           |   icmp   |      0|  0|   9|           4|           3|
    |exitcond3_fu_204_p2           |   icmp   |      0|  0|   9|           4|           3|
    |exitcond4_fu_184_p2           |   icmp   |      0|  0|  11|           5|           6|
    |exitcond_fu_392_p2            |   icmp   |      0|  0|   9|           2|           3|
    |tmp_4_fu_444_p2               |   icmp   |      0|  0|  18|          32|          32|
    |tmp_11_fu_297_p2              |    or    |      0|  0|   5|           1|           5|
    |value_0_maxvalue_1_fu_450_p3  |  select  |      0|  0|  32|           1|          32|
    +------------------------------+----------+-------+---+----+------------+------------+
    |Total                         |          |      0|  0| 323|         154|         178|
    +------------------------------+----------+-------+---+----+------------+------------+

    * Multiplexer: 
    +--------------------+----+-----------+-----+-----------+
    |        Name        | LUT| Input Size| Bits| Total Bits|
    +--------------------+----+-----------+-----+-----------+
    |ap_NS_fsm           |  44|          9|    1|          9|
    |buf_conv2_address0  |  15|          3|   14|         42|
    |ch_reg_104          |   9|          2|    5|         10|
    |maxvalue1_reg_139   |   9|          2|   32|         64|
    |maxvalue_1_reg_161  |   9|          2|   32|         64|
    |out_col_reg_127     |   9|          2|    4|          8|
    |out_row_reg_116     |   9|          2|    4|          8|
    |pool_col_reg_173    |   9|          2|    2|          4|
    |pool_row_reg_150    |   9|          2|    2|          4|
    +--------------------+----+-----------+-----+-----------+
    |Total               | 122|         26|   96|        213|
    +--------------------+----+-----------+-----+-----------+

    * Register: 
    +--------------------+----+----+-----+-----------+
    |        Name        | FF | LUT| Bits| Const Bits|
    +--------------------+----+----+-----+-----------+
    |ap_CS_fsm           |   8|   0|    8|          0|
    |ch_1_reg_461        |   5|   0|    5|          0|
    |ch_reg_104          |   5|   0|    5|          0|
    |in_col_reg_507      |   4|   0|    5|          1|
    |in_row_reg_484      |   4|   0|    5|          1|
    |maxvalue1_reg_139   |  32|   0|   32|          0|
    |maxvalue_1_reg_161  |  32|   0|   32|          0|
    |out_col_1_reg_502   |   4|   0|    4|          0|
    |out_col_reg_127     |   4|   0|    4|          0|
    |out_row_1_reg_479   |   4|   0|    4|          0|
    |out_row_reg_116     |   4|   0|    4|          0|
    |pool_col_1_reg_538  |   2|   0|    2|          0|
    |pool_col_reg_173    |   2|   0|    2|          0|
    |pool_row_1_reg_525  |   2|   0|    2|          0|
    |pool_row_reg_150    |   2|   0|    2|          0|
    |tmp_18_reg_530      |  10|   0|   10|          0|
    |tmp_1_reg_489       |   9|   0|   10|          1|
    |tmp_5_reg_494       |   8|   0|    9|          1|
    |tmp_cast3_reg_466   |   5|   0|   15|         10|
    |tmp_cast_reg_471    |   5|   0|   13|          8|
    +--------------------+----+----+-----+-----------+
    |Total               | 151|   0|  173|         22|
    +--------------------+----+----+-----+-----------+



================================================================
== Interface
================================================================
* Summary: 
+--------------------+-----+-----+------------+----------------+--------------+
|      RTL Ports     | Dir | Bits|  Protocol  |  Source Object |    C Type    |
+--------------------+-----+-----+------------+----------------+--------------+
|ap_clk              |  in |    1| ap_ctrl_hs | maxpool_layer2 | return value |
|ap_rst              |  in |    1| ap_ctrl_hs | maxpool_layer2 | return value |
|ap_start            |  in |    1| ap_ctrl_hs | maxpool_layer2 | return value |
|ap_done             | out |    1| ap_ctrl_hs | maxpool_layer2 | return value |
|ap_idle             | out |    1| ap_ctrl_hs | maxpool_layer2 | return value |
|ap_ready            | out |    1| ap_ctrl_hs | maxpool_layer2 | return value |
|output_r_address0   | out |   12|  ap_memory |    output_r    |     array    |
|output_r_ce0        | out |    1|  ap_memory |    output_r    |     array    |
|output_r_we0        | out |    1|  ap_memory |    output_r    |     array    |
|output_r_d0         | out |   32|  ap_memory |    output_r    |     array    |
|buf_conv2_address0  | out |   14|  ap_memory |    buf_conv2   |     array    |
|buf_conv2_ce0       | out |    1|  ap_memory |    buf_conv2   |     array    |
|buf_conv2_q0        |  in |   31|  ap_memory |    buf_conv2   |     array    |
+--------------------+-----+-----+------------+----------------+--------------+

