

================================================================
== Vivado HLS Report for 'tinyyolo_lite'
================================================================
* Date:           Sat Jun 20 22:52:22 2026

* Version:        2018.3 (Build 2405991 on Thu Dec 06 23:56:15 MST 2018)
* Project:        tinyyolo_lite
* Solution:       solution1_naive
* Product family: zynq
* Target device:  xc7z020clg484-1


================================================================
== Performance Estimates
================================================================
+ Timing (ns): 
    * Summary: 
    +--------+-------+----------+------------+
    |  Clock | Target| Estimated| Uncertainty|
    +--------+-------+----------+------------+
    |ap_clk  |  10.00|     8.662|        1.25|
    +--------+-------+----------+------------+

+ Latency (clock cycles): 
    * Summary: 
    +----------+----------+----------+----------+---------+
    |       Latency       |       Interval      | Pipeline|
    |    min   |    max   |    min   |    max   |   Type  |
    +----------+----------+----------+----------+---------+
    |  14997860|  14997860|  14997860|  14997860|   none  |
    +----------+----------+----------+----------+---------+

    + Detail: 
        * Instance: 
        +---------------------------+----------------+---------+---------+---------+---------+---------+
        |                           |                |      Latency      |      Interval     | Pipeline|
        |          Instance         |     Module     |   min   |   max   |   min   |   max   |   Type  |
        +---------------------------+----------------+---------+---------+---------+---------+---------+
        |grp_conv_layer2_fu_46      |conv_layer2     |  4226925|  4226925|  4226925|  4226925|   none  |
        |grp_conv_layer3_fu_56      |conv_layer3     |  2774329|  2774329|  2774329|  2774329|   none  |
        |grp_conv_layer1_fu_66      |conv_layer1     |  4128581|  4128581|  4128581|  4128581|   none  |
        |grp_detection_head_fu_76   |detection_head  |  3672353|  3672353|  3672353|  3672353|   none  |
        |grp_decode_fu_86           |decode          |     1553|     1553|     1553|     1553|   none  |
        |grp_maxpool_layer1_fu_96   |maxpool_layer1  |   146585|   146585|   146585|   146585|   none  |
        |grp_maxpool_layer2_fu_104  |maxpool_layer2  |    47521|    47521|    47521|    47521|   none  |
        +---------------------------+----------------+---------+---------+---------+---------+---------+

        * Loop: 
        N/A



================================================================
== Utilization Estimates
================================================================
* Summary: 
+-----------------+---------+-------+--------+-------+
|       Name      | BRAM_18K| DSP48E|   FF   |  LUT  |
+-----------------+---------+-------+--------+-------+
|DSP              |        -|      -|       -|      -|
|Expression       |        -|      -|       -|      -|
|FIFO             |        -|      -|       -|      -|
|Instance         |        9|      6|    1666|   3694|
|Memory           |      135|      -|       0|      0|
|Multiplexer      |        -|      -|       -|    305|
|Register         |        -|      -|      21|      -|
+-----------------+---------+-------+--------+-------+
|Total            |      144|      6|    1687|   3999|
+-----------------+---------+-------+--------+-------+
|Available        |      280|    220|  106400|  53200|
+-----------------+---------+-------+--------+-------+
|Utilization (%)  |       51|      2|       1|      7|
+-----------------+---------+-------+--------+-------+

+ Detail: 
    * Instance: 
    +---------------------------+----------------+---------+-------+-----+-----+
    |          Instance         |     Module     | BRAM_18K| DSP48E|  FF | LUT |
    +---------------------------+----------------+---------+-------+-----+-----+
    |grp_conv_layer1_fu_66      |conv_layer1     |        0|      0|  299|  587|
    |grp_conv_layer2_fu_46      |conv_layer2     |        1|      2|  303|  567|
    |grp_conv_layer3_fu_56      |conv_layer3     |        3|      2|  284|  557|
    |grp_decode_fu_86           |decode          |        0|      0|  188|  575|
    |grp_detection_head_fu_76   |detection_head  |        5|      2|  263|  502|
    |grp_maxpool_layer1_fu_96   |maxpool_layer1  |        0|      0|  178|  461|
    |grp_maxpool_layer2_fu_104  |maxpool_layer2  |        0|      0|  151|  445|
    +---------------------------+----------------+---------+-------+-----+-----+
    |Total                      |                |        9|      6| 1666| 3694|
    +---------------------------+----------------+---------+-------+-----+-----+

    * DSP48: 
    N/A

    * Memory: 
    +-------------+----------------------+---------+---+----+-------+-----+------+-------------+
    |    Memory   |        Module        | BRAM_18K| FF| LUT| Words | Bits| Banks| W*Bits*Banks|
    +-------------+----------------------+---------+---+----+-------+-----+------+-------------+
    |buf_conv1_U  |tinyyolo_lite_bufcud  |       62|  0|   0|  30752|   31|     1|       953312|
    |buf_pool1_U  |tinyyolo_lite_bufdEe  |       16|  0|   0|   7688|   32|     1|       246016|
    |buf_conv2_U  |tinyyolo_lite_bufeOg  |       31|  0|   0|  13456|   31|     1|       417136|
    |buf_pool2_U  |tinyyolo_lite_buffYi  |        8|  0|   0|   3136|   32|     1|       100352|
    |buf_conv3_U  |tinyyolo_lite_bufg8j  |       16|  0|   0|   4608|   31|     1|       142848|
    |buf_det_U    |tinyyolo_lite_bufhbi  |        2|  0|   0|   1024|   32|     1|        32768|
    +-------------+----------------------+---------+---+----+-------+-----+------+-------------+
    |Total        |                      |      135|  0|   0|  60664|  189|     6|      1892432|
    +-------------+----------------------+---------+---+----+-------+-----+------+-------------+

    * FIFO: 
    N/A

    * Expression: 
    N/A

    * Multiplexer: 
    +--------------------+----+-----------+-----+-----------+
    |        Name        | LUT| Input Size| Bits| Total Bits|
    +--------------------+----+-----------+-----+-----------+
    |ap_NS_fsm           |  62|         15|    1|         15|
    |buf_conv1_address0  |  15|          3|   15|         45|
    |buf_conv1_ce0       |  15|          3|    1|          3|
    |buf_conv1_we0       |   9|          2|    1|          2|
    |buf_conv2_address0  |  15|          3|   14|         42|
    |buf_conv2_ce0       |  15|          3|    1|          3|
    |buf_conv2_we0       |   9|          2|    1|          2|
    |buf_conv3_address0  |  15|          3|   13|         39|
    |buf_conv3_ce0       |  15|          3|    1|          3|
    |buf_conv3_we0       |   9|          2|    1|          2|
    |buf_det_address0    |  15|          3|   10|         30|
    |buf_det_ce0         |  15|          3|    1|          3|
    |buf_det_ce1         |   9|          2|    1|          2|
    |buf_det_we0         |   9|          2|    1|          2|
    |buf_pool1_address0  |  15|          3|   13|         39|
    |buf_pool1_ce0       |  15|          3|    1|          3|
    |buf_pool1_we0       |   9|          2|    1|          2|
    |buf_pool2_address0  |  15|          3|   12|         36|
    |buf_pool2_ce0       |  15|          3|    1|          3|
    |buf_pool2_we0       |   9|          2|    1|          2|
    +--------------------+----+-----------+-----+-----------+
    |Total               | 305|         65|   91|        278|
    +--------------------+----+-----------+-----+-----------+

    * Register: 
    +----------------------------------------+----+----+-----+-----------+
    |                  Name                  | FF | LUT| Bits| Const Bits|
    +----------------------------------------+----+----+-----+-----------+
    |ap_CS_fsm                               |  14|   0|   14|          0|
    |grp_conv_layer1_fu_66_ap_start_reg      |   1|   0|    1|          0|
    |grp_conv_layer2_fu_46_ap_start_reg      |   1|   0|    1|          0|
    |grp_conv_layer3_fu_56_ap_start_reg      |   1|   0|    1|          0|
    |grp_decode_fu_86_ap_start_reg           |   1|   0|    1|          0|
    |grp_detection_head_fu_76_ap_start_reg   |   1|   0|    1|          0|
    |grp_maxpool_layer1_fu_96_ap_start_reg   |   1|   0|    1|          0|
    |grp_maxpool_layer2_fu_104_ap_start_reg  |   1|   0|    1|          0|
    +----------------------------------------+----+----+-----+-----------+
    |Total                                   |  21|   0|   21|          0|
    +----------------------------------------+----+----+-----+-----------+



================================================================
== Interface
================================================================
* Summary: 
+-------------------+-----+-----+------------+---------------+--------------+
|     RTL Ports     | Dir | Bits|  Protocol  | Source Object |    C Type    |
+-------------------+-----+-----+------------+---------------+--------------+
|ap_clk             |  in |    1| ap_ctrl_hs | tinyyolo_lite | return value |
|ap_rst             |  in |    1| ap_ctrl_hs | tinyyolo_lite | return value |
|ap_start           |  in |    1| ap_ctrl_hs | tinyyolo_lite | return value |
|ap_done            | out |    1| ap_ctrl_hs | tinyyolo_lite | return value |
|ap_idle            | out |    1| ap_ctrl_hs | tinyyolo_lite | return value |
|ap_ready           | out |    1| ap_ctrl_hs | tinyyolo_lite | return value |
|image_r_address0   | out |   14|  ap_memory |    image_r    |     array    |
|image_r_ce0        | out |    1|  ap_memory |    image_r    |     array    |
|image_r_q0         |  in |   32|  ap_memory |    image_r    |     array    |
|output_r_address0  | out |   10|  ap_memory |    output_r   |     array    |
|output_r_ce0       | out |    1|  ap_memory |    output_r   |     array    |
|output_r_we0       | out |    1|  ap_memory |    output_r   |     array    |
|output_r_d0        | out |   32|  ap_memory |    output_r   |     array    |
|output_r_address1  | out |   10|  ap_memory |    output_r   |     array    |
|output_r_ce1       | out |    1|  ap_memory |    output_r   |     array    |
|output_r_we1       | out |    1|  ap_memory |    output_r   |     array    |
|output_r_d1        | out |   32|  ap_memory |    output_r   |     array    |
+-------------------+-----+-----+------------+---------------+--------------+

