

================================================================
== Vivado HLS Report for 'maxpool_layer2'
================================================================
* Date:           Sat Jun 20 22:52:15 2026

* Version:        2018.3 (Build 2405991 on Thu Dec 06 23:56:15 MST 2018)
* Project:        tinyyolo_lite
* Solution:       solution1_naive
* Product family: zynq
* Target device:  xc7z020clg484-1


================================================================
== Performance Estimates
================================================================
+ Timing (ns): 
    * Summary: 
    +--------+-------+----------+------------+
    |  Clock | Target| Estimated| Uncertainty|
    +--------+-------+----------+------------+
    |ap_clk  |  10.00|     8.577|        1.25|
    +--------+-------+----------+------------+

+ Latency (clock cycles): 
    * Summary: 
    +-------+-------+-------+-------+---------+
    |    Latency    |    Interval   | Pipeline|
    |  min  |  max  |  min  |  max  |   Type  |
    +-------+-------+-------+-------+---------+
    |  47521|  47521|  47521|  47521|   none  |
    +-------+-------+-------+-------+---------+

    + Detail: 
        * Instance: 
        N/A

        * Loop: 
        +-------------------+-------+-------+----------+-----------+-----------+------+----------+
        |                   |    Latency    | Iteration|  Initiation Interval  | Trip |          |
        |     Loop Name     |  min  |  max  |  Latency |  achieved |   target  | Count| Pipelined|
        +-------------------+-------+-------+----------+-----------+-----------+------+----------+
        |- Channel          |  47520|  47520|      2970|          -|          -|    16|    no    |
        | + Row             |   2968|   2968|       212|          -|          -|    14|    no    |
        |  ++ Col           |    210|    210|        15|          -|          -|    14|    no    |
        |   +++ POOL_ROW    |     12|     12|         6|          -|          -|     2|    no    |
        |    ++++ POOL_COL  |      4|      4|         2|          -|          -|     2|    no    |
        +-------------------+-------+-------+----------+-----------+-----------+------+----------+

============================================================
+ Verbose Summary: Synthesis Manager
============================================================
InlineROM: 1
ExposeGlobal: 0
============================================================
+ Verbose Summary: CDFG Model
============================================================
IsTopModel: 0
ResetActiveHigh: 1
IsCombinational: 0
IsDatapathOnly: 0
HasWiredReturn: 1
HasMFsm: 0
HasVarLatency: 1
IsPipeline: 0
IsRtlPipelined: 0
IsInstanceOverlapped: 0
IsDontTouch: 0
HasImplIP: 0
IsGatedGlobalClock: 0


============================================================
+ Verbose Summary: Schedule
============================================================
* Number of FSM states : 8
* Pipeline : 0
* Dataflow Pipeline: 0

* FSM state transitions: 
1 --> 
	2  / true
2 --> 
	3  / (!exitcond4)
3 --> 
	4  / (!exitcond3)
	2  / (exitcond3)
4 --> 
	5  / (!exitcond2)
	3  / (exitcond2)
5 --> 
	6  / true
6 --> 
	7  / (!exitcond1)
	4  / (exitcond1)
7 --> 
	8  / (!exitcond)
	6  / (exitcond)
8 --> 
	7  / true

* FSM state operations: 

State 1 <SV = 0> <Delay = 1.76>
ST_1 : Operation 9 [1/1] (1.76ns)   --->   "br label %1" [maxpool_2.c:10]   --->   Operation 9 'br' <Predicate = true> <Delay = 1.76>

State 2 <SV = 1> <Delay = 1.78>
ST_2 : Operation 10 [1/1] (0.00ns)   --->   "%ch = phi i5 [ 0, %0 ], [ %ch_1, %14 ]"   --->   Operation 10 'phi' 'ch' <Predicate = true> <Delay = 0.00>
ST_2 : Operation 11 [1/1] (1.36ns)   --->   "%exitcond4 = icmp eq i5 %ch, -16" [maxpool_2.c:10]   --->   Operation 11 'icmp' 'exitcond4' <Predicate = true> <Delay = 1.36> <Core = "Cmp">   --->   Core 25 'Cmp' <Latency = 0> <II = 1> <Delay = 2.47> <FuncUnit> <Opcode : 'icmp'> <InPorts = 2> <OutPorts = 1>
ST_2 : Operation 12 [1/1] (0.00ns)   --->   "%empty = call i32 (...)* @_ssdm_op_SpecLoopTripCount(i64 16, i64 16, i64 16)"   --->   Operation 12 'speclooptripcount' 'empty' <Predicate = true> <Delay = 0.00>
ST_2 : Operation 13 [1/1] (1.78ns)   --->   "%ch_1 = add i5 %ch, 1" [maxpool_2.c:10]   --->   Operation 13 'add' 'ch_1' <Predicate = true> <Delay = 1.78> <Core = "AddSub">   --->   Core 14 'AddSub' <Latency = 0> <II = 1> <Delay = 1.67> <FuncUnit> <Opcode : 'add' 'sub'> <InPorts = 2> <OutPorts = 1>
ST_2 : Operation 14 [1/1] (0.00ns)   --->   "br i1 %exitcond4, label %15, label %2" [maxpool_2.c:10]   --->   Operation 14 'br' <Predicate = true> <Delay = 0.00>
ST_2 : Operation 15 [1/1] (0.00ns)   --->   "call void (...)* @_ssdm_op_SpecLoopName([8 x i8]* @p_str34) nounwind" [maxpool_2.c:10]   --->   Operation 15 'specloopname' <Predicate = (!exitcond4)> <Delay = 0.00>
ST_2 : Operation 16 [1/1] (0.00ns)   --->   "%tmp_7 = call i32 (...)* @_ssdm_op_SpecRegionBegin([8 x i8]* @p_str34)" [maxpool_2.c:10]   --->   Operation 16 'specregionbegin' 'tmp_7' <Predicate = (!exitcond4)> <Delay = 0.00>
ST_2 : Operation 17 [1/1] (0.00ns)   --->   "%tmp_cast3 = zext i5 %ch to i15" [maxpool_2.c:12]   --->   Operation 17 'zext' 'tmp_cast3' <Predicate = (!exitcond4)> <Delay = 0.00>
ST_2 : Operation 18 [1/1] (0.00ns)   --->   "%tmp_cast = zext i5 %ch to i13" [maxpool_2.c:12]   --->   Operation 18 'zext' 'tmp_cast' <Predicate = (!exitcond4)> <Delay = 0.00>
ST_2 : Operation 19 [1/1] (1.76ns)   --->   "br label %3" [maxpool_2.c:12]   --->   Operation 19 'br' <Predicate = (!exitcond4)> <Delay = 1.76>
ST_2 : Operation 20 [1/1] (0.00ns)   --->   "ret void" [maxpool_2.c:36]   --->   Operation 20 'ret' <Predicate = (exitcond4)> <Delay = 0.00>

State 3 <SV = 2> <Delay = 3.78>
ST_3 : Operation 21 [1/1] (0.00ns)   --->   "%out_row = phi i4 [ 0, %2 ], [ %out_row_1, %13 ]"   --->   Operation 21 'phi' 'out_row' <Predicate = true> <Delay = 0.00>
ST_3 : Operation 22 [1/1] (1.30ns)   --->   "%exitcond3 = icmp eq i4 %out_row, -2" [maxpool_2.c:12]   --->   Operation 22 'icmp' 'exitcond3' <Predicate = true> <Delay = 1.30> <Core = "Cmp">   --->   Core 25 'Cmp' <Latency = 0> <II = 1> <Delay = 2.47> <FuncUnit> <Opcode : 'icmp'> <InPorts = 2> <OutPorts = 1>
ST_3 : Operation 23 [1/1] (0.00ns)   --->   "%empty_6 = call i32 (...)* @_ssdm_op_SpecLoopTripCount(i64 14, i64 14, i64 14)"   --->   Operation 23 'speclooptripcount' 'empty_6' <Predicate = true> <Delay = 0.00>
ST_3 : Operation 24 [1/1] (1.73ns)   --->   "%out_row_1 = add i4 %out_row, 1" [maxpool_2.c:12]   --->   Operation 24 'add' 'out_row_1' <Predicate = true> <Delay = 1.73> <Core = "AddSub">   --->   Core 14 'AddSub' <Latency = 0> <II = 1> <Delay = 1.67> <FuncUnit> <Opcode : 'add' 'sub'> <InPorts = 2> <OutPorts = 1>
ST_3 : Operation 25 [1/1] (0.00ns)   --->   "br i1 %exitcond3, label %14, label %4" [maxpool_2.c:12]   --->   Operation 25 'br' <Predicate = true> <Delay = 0.00>
ST_3 : Operation 26 [1/1] (0.00ns)   --->   "call void (...)* @_ssdm_op_SpecLoopName([4 x i8]* @p_str135) nounwind" [maxpool_2.c:12]   --->   Operation 26 'specloopname' <Predicate = (!exitcond3)> <Delay = 0.00>
ST_3 : Operation 27 [1/1] (0.00ns)   --->   "%tmp_6 = call i32 (...)* @_ssdm_op_SpecRegionBegin([4 x i8]* @p_str135)" [maxpool_2.c:12]   --->   Operation 27 'specregionbegin' 'tmp_6' <Predicate = (!exitcond3)> <Delay = 0.00>
ST_3 : Operation 28 [1/1] (0.00ns)   --->   "%in_row = call i5 @_ssdm_op_BitConcatenate.i5.i4.i1(i4 %out_row, i1 false)" [maxpool_2.c:16]   --->   Operation 28 'bitconcatenate' 'in_row' <Predicate = (!exitcond3)> <Delay = 0.00>
ST_3 : Operation 29 [1/1] (0.00ns)   --->   "%tmp_5_cast2 = zext i5 %in_row to i10" [maxpool_2.c:18]   --->   Operation 29 'zext' 'tmp_5_cast2' <Predicate = (!exitcond3)> <Delay = 0.00>
ST_3 : Operation 30 [1/1] (0.00ns)   --->   "%tmp_5_cast = zext i5 %in_row to i9" [maxpool_2.c:18]   --->   Operation 30 'zext' 'tmp_5_cast' <Predicate = (!exitcond3)> <Delay = 0.00>
ST_3 : Operation 31 [1/1] (3.78ns)   --->   "%tmp_1 = mul i10 %tmp_5_cast2, 29" [maxpool_2.c:18]   --->   Operation 31 'mul' 'tmp_1' <Predicate = (!exitcond3)> <Delay = 3.78> <Core = "Mul">   --->   Core 16 'Mul' <Latency = 0> <II = 1> <Delay = 3.78> <FuncUnit> <Opcode : 'mul'> <InPorts = 2> <OutPorts = 1>
ST_3 : Operation 32 [1/1] (0.00ns)   --->   "%tmp_3 = call i8 @_ssdm_op_BitConcatenate.i8.i4.i4(i4 %out_row, i4 0)" [maxpool_2.c:12]   --->   Operation 32 'bitconcatenate' 'tmp_3' <Predicate = (!exitcond3)> <Delay = 0.00>
ST_3 : Operation 33 [1/1] (0.00ns)   --->   "%p_shl_cast = zext i8 %tmp_3 to i9" [maxpool_2.c:32]   --->   Operation 33 'zext' 'p_shl_cast' <Predicate = (!exitcond3)> <Delay = 0.00>
ST_3 : Operation 34 [1/1] (1.91ns)   --->   "%tmp_5 = sub i9 %p_shl_cast, %tmp_5_cast" [maxpool_2.c:32]   --->   Operation 34 'sub' 'tmp_5' <Predicate = (!exitcond3)> <Delay = 1.91> <Core = "AddSub">   --->   Core 14 'AddSub' <Latency = 0> <II = 1> <Delay = 1.67> <FuncUnit> <Opcode : 'add' 'sub'> <InPorts = 2> <OutPorts = 1>
ST_3 : Operation 35 [1/1] (1.76ns)   --->   "br label %5" [maxpool_2.c:14]   --->   Operation 35 'br' <Predicate = (!exitcond3)> <Delay = 1.76>
ST_3 : Operation 36 [1/1] (0.00ns)   --->   "%empty_13 = call i32 (...)* @_ssdm_op_SpecRegionEnd([8 x i8]* @p_str34, i32 %tmp_7)" [maxpool_2.c:35]   --->   Operation 36 'specregionend' 'empty_13' <Predicate = (exitcond3)> <Delay = 0.00>
ST_3 : Operation 37 [1/1] (0.00ns)   --->   "br label %1" [maxpool_2.c:10]   --->   Operation 37 'br' <Predicate = (exitcond3)> <Delay = 0.00>

State 4 <SV = 3> <Delay = 5.76>
ST_4 : Operation 38 [1/1] (0.00ns)   --->   "%out_col = phi i4 [ 0, %4 ], [ %out_col_1, %12 ]"   --->   Operation 38 'phi' 'out_col' <Predicate = true> <Delay = 0.00>
ST_4 : Operation 39 [1/1] (1.30ns)   --->   "%exitcond2 = icmp eq i4 %out_col, -2" [maxpool_2.c:14]   --->   Operation 39 'icmp' 'exitcond2' <Predicate = true> <Delay = 1.30> <Core = "Cmp">   --->   Core 25 'Cmp' <Latency = 0> <II = 1> <Delay = 2.47> <FuncUnit> <Opcode : 'icmp'> <InPorts = 2> <OutPorts = 1>
ST_4 : Operation 40 [1/1] (0.00ns)   --->   "%empty_7 = call i32 (...)* @_ssdm_op_SpecLoopTripCount(i64 14, i64 14, i64 14)"   --->   Operation 40 'speclooptripcount' 'empty_7' <Predicate = true> <Delay = 0.00>
ST_4 : Operation 41 [1/1] (1.73ns)   --->   "%out_col_1 = add i4 %out_col, 1" [maxpool_2.c:14]   --->   Operation 41 'add' 'out_col_1' <Predicate = true> <Delay = 1.73> <Core = "AddSub">   --->   Core 14 'AddSub' <Latency = 0> <II = 1> <Delay = 1.67> <FuncUnit> <Opcode : 'add' 'sub'> <InPorts = 2> <OutPorts = 1>
ST_4 : Operation 42 [1/1] (0.00ns)   --->   "br i1 %exitcond2, label %13, label %6" [maxpool_2.c:14]   --->   Operation 42 'br' <Predicate = true> <Delay = 0.00>
ST_4 : Operation 43 [1/1] (0.00ns)   --->   "%in_col = call i5 @_ssdm_op_BitConcatenate.i5.i4.i1(i4 %out_col, i1 false)" [maxpool_2.c:17]   --->   Operation 43 'bitconcatenate' 'in_col' <Predicate = (!exitcond2)> <Delay = 0.00>
ST_4 : Operation 44 [1/1] (0.00ns)   --->   "%tmp_8_cast = zext i5 %in_col to i10" [maxpool_2.c:18]   --->   Operation 44 'zext' 'tmp_8_cast' <Predicate = (!exitcond2)> <Delay = 0.00>
ST_4 : Operation 45 [1/1] (1.73ns)   --->   "%tmp_9 = add i10 %tmp_1, %tmp_8_cast" [maxpool_2.c:18]   --->   Operation 45 'add' 'tmp_9' <Predicate = (!exitcond2)> <Delay = 1.73> <Core = "AddSub">   --->   Core 14 'AddSub' <Latency = 0> <II = 1> <Delay = 1.67> <FuncUnit> <Opcode : 'add' 'sub'> <InPorts = 2> <OutPorts = 1>
ST_4 : Operation 46 [1/1] (0.00ns)   --->   "%tmp = trunc i10 %tmp_9 to i1" [maxpool_2.c:18]   --->   Operation 46 'trunc' 'tmp' <Predicate = (!exitcond2)> <Delay = 0.00>
ST_4 : Operation 47 [1/1] (0.00ns)   --->   "%tmp_10 = call i5 @_ssdm_op_BitConcatenate.i5.i1.i4(i1 %tmp, i4 0)" [maxpool_2.c:18]   --->   Operation 47 'bitconcatenate' 'tmp_10' <Predicate = (!exitcond2)> <Delay = 0.00>
ST_4 : Operation 48 [1/1] (0.78ns)   --->   "%tmp_11 = or i5 %tmp_10, %ch" [maxpool_2.c:18]   --->   Operation 48 'or' 'tmp_11' <Predicate = (!exitcond2)> <Delay = 0.78> <Core = "LogicGate">   --->   Core 27 'LogicGate' <Latency = 0> <II = 1> <Delay = 0.78> <FuncUnit> <Opcode : 'and' 'or' 'xor'> <InPorts = 2> <OutPorts = 1>
ST_4 : Operation 49 [1/1] (0.00ns)   --->   "%tmp_13 = call i9 @_ssdm_op_PartSelect.i9.i10.i32.i32(i10 %tmp_9, i32 1, i32 9)" [maxpool_2.c:18]   --->   Operation 49 'partselect' 'tmp_13' <Predicate = (!exitcond2)> <Delay = 0.00>
ST_4 : Operation 50 [1/1] (0.00ns)   --->   "%tmp_14 = call i14 @_ssdm_op_BitConcatenate.i14.i9.i5(i9 %tmp_13, i5 %tmp_11)" [maxpool_2.c:18]   --->   Operation 50 'bitconcatenate' 'tmp_14' <Predicate = (!exitcond2)> <Delay = 0.00>
ST_4 : Operation 51 [1/1] (0.00ns)   --->   "%tmp_15 = zext i14 %tmp_14 to i64" [maxpool_2.c:18]   --->   Operation 51 'zext' 'tmp_15' <Predicate = (!exitcond2)> <Delay = 0.00>
ST_4 : Operation 52 [1/1] (0.00ns)   --->   "%buf_conv2_addr = getelementptr [13456 x i31]* @buf_conv2, i64 0, i64 %tmp_15" [maxpool_2.c:18]   --->   Operation 52 'getelementptr' 'buf_conv2_addr' <Predicate = (!exitcond2)> <Delay = 0.00>
ST_4 : Operation 53 [2/2] (3.25ns)   --->   "%buf_conv2_load = load i31* %buf_conv2_addr, align 4" [maxpool_2.c:18]   --->   Operation 53 'load' 'buf_conv2_load' <Predicate = (!exitcond2)> <Delay = 3.25> <Core = "RAM">   --->   Core 37 'RAM' <Latency = 1> <II = 1> <Delay = 3.25> <Storage> <Opcode : 'load' 'store'> <Ports = 2> <Width = 32> <Depth = 3136> <RAM>
ST_4 : Operation 54 [1/1] (0.00ns)   --->   "%empty_12 = call i32 (...)* @_ssdm_op_SpecRegionEnd([4 x i8]* @p_str135, i32 %tmp_6)" [maxpool_2.c:34]   --->   Operation 54 'specregionend' 'empty_12' <Predicate = (exitcond2)> <Delay = 0.00>
ST_4 : Operation 55 [1/1] (0.00ns)   --->   "br label %3" [maxpool_2.c:12]   --->   Operation 55 'br' <Predicate = (exitcond2)> <Delay = 0.00>

State 5 <SV = 4> <Delay = 3.25>
ST_5 : Operation 56 [1/1] (0.00ns)   --->   "call void (...)* @_ssdm_op_SpecLoopName([4 x i8]* @p_str236) nounwind" [maxpool_2.c:14]   --->   Operation 56 'specloopname' <Predicate = true> <Delay = 0.00>
ST_5 : Operation 57 [1/1] (0.00ns)   --->   "%tmp_8 = call i32 (...)* @_ssdm_op_SpecRegionBegin([4 x i8]* @p_str236)" [maxpool_2.c:14]   --->   Operation 57 'specregionbegin' 'tmp_8' <Predicate = true> <Delay = 0.00>
ST_5 : Operation 58 [1/2] (3.25ns)   --->   "%buf_conv2_load = load i31* %buf_conv2_addr, align 4" [maxpool_2.c:18]   --->   Operation 58 'load' 'buf_conv2_load' <Predicate = true> <Delay = 3.25> <Core = "RAM">   --->   Core 37 'RAM' <Latency = 1> <II = 1> <Delay = 3.25> <Storage> <Opcode : 'load' 'store'> <Ports = 2> <Width = 32> <Depth = 3136> <RAM>
ST_5 : Operation 59 [1/1] (0.00ns)   --->   "%maxvalue = zext i31 %buf_conv2_load to i32" [maxpool_2.c:18]   --->   Operation 59 'zext' 'maxvalue' <Predicate = true> <Delay = 0.00>
ST_5 : Operation 60 [1/1] (1.76ns)   --->   "br label %7" [maxpool_2.c:20]   --->   Operation 60 'br' <Predicate = true> <Delay = 1.76>

State 6 <SV = 5> <Delay = 6.75>
ST_6 : Operation 61 [1/1] (0.00ns)   --->   "%maxvalue1 = phi i32 [ %maxvalue, %6 ], [ %maxvalue_1, %11 ]"   --->   Operation 61 'phi' 'maxvalue1' <Predicate = true> <Delay = 0.00>
ST_6 : Operation 62 [1/1] (0.00ns)   --->   "%pool_row = phi i2 [ 0, %6 ], [ %pool_row_1, %11 ]"   --->   Operation 62 'phi' 'pool_row' <Predicate = true> <Delay = 0.00>
ST_6 : Operation 63 [1/1] (0.00ns)   --->   "%pool_row_cast2 = zext i2 %pool_row to i5" [maxpool_2.c:20]   --->   Operation 63 'zext' 'pool_row_cast2' <Predicate = true> <Delay = 0.00>
ST_6 : Operation 64 [1/1] (0.95ns)   --->   "%exitcond1 = icmp eq i2 %pool_row, -2" [maxpool_2.c:20]   --->   Operation 64 'icmp' 'exitcond1' <Predicate = true> <Delay = 0.95> <Core = "Cmp">   --->   Core 25 'Cmp' <Latency = 0> <II = 1> <Delay = 2.47> <FuncUnit> <Opcode : 'icmp'> <InPorts = 2> <OutPorts = 1>
ST_6 : Operation 65 [1/1] (0.00ns)   --->   "%empty_8 = call i32 (...)* @_ssdm_op_SpecLoopTripCount(i64 2, i64 2, i64 2)"   --->   Operation 65 'speclooptripcount' 'empty_8' <Predicate = true> <Delay = 0.00>
ST_6 : Operation 66 [1/1] (1.56ns)   --->   "%pool_row_1 = add i2 %pool_row, 1" [maxpool_2.c:20]   --->   Operation 66 'add' 'pool_row_1' <Predicate = true> <Delay = 1.56> <Core = "AddSub">   --->   Core 14 'AddSub' <Latency = 0> <II = 1> <Delay = 1.67> <FuncUnit> <Opcode : 'add' 'sub'> <InPorts = 2> <OutPorts = 1>
ST_6 : Operation 67 [1/1] (0.00ns)   --->   "br i1 %exitcond1, label %12, label %8" [maxpool_2.c:20]   --->   Operation 67 'br' <Predicate = true> <Delay = 0.00>
ST_6 : Operation 68 [1/1] (0.00ns)   --->   "call void (...)* @_ssdm_op_SpecLoopName([9 x i8]* @p_str337) nounwind" [maxpool_2.c:20]   --->   Operation 68 'specloopname' <Predicate = (!exitcond1)> <Delay = 0.00>
ST_6 : Operation 69 [1/1] (0.00ns)   --->   "%tmp_12 = call i32 (...)* @_ssdm_op_SpecRegionBegin([9 x i8]* @p_str337)" [maxpool_2.c:20]   --->   Operation 69 'specregionbegin' 'tmp_12' <Predicate = (!exitcond1)> <Delay = 0.00>
ST_6 : Operation 70 [1/1] (1.78ns)   --->   "%tmp_s = add i5 %pool_row_cast2, %in_row" [maxpool_2.c:25]   --->   Operation 70 'add' 'tmp_s' <Predicate = (!exitcond1)> <Delay = 1.78> <Core = "AddSub">   --->   Core 14 'AddSub' <Latency = 0> <II = 1> <Delay = 1.67> <FuncUnit> <Opcode : 'add' 'sub'> <InPorts = 2> <OutPorts = 1>
ST_6 : Operation 71 [1/1] (0.00ns)   --->   "%tmp_1_cast = zext i5 %tmp_s to i10" [maxpool_2.c:25]   --->   Operation 71 'zext' 'tmp_1_cast' <Predicate = (!exitcond1)> <Delay = 0.00>
ST_6 : Operation 72 [1/1] (3.78ns)   --->   "%tmp_18 = mul i10 %tmp_1_cast, 29" [maxpool_2.c:25]   --->   Operation 72 'mul' 'tmp_18' <Predicate = (!exitcond1)> <Delay = 3.78> <Core = "Mul">   --->   Core 16 'Mul' <Latency = 0> <II = 1> <Delay = 3.78> <FuncUnit> <Opcode : 'mul'> <InPorts = 2> <OutPorts = 1>
ST_6 : Operation 73 [1/1] (1.76ns)   --->   "br label %9" [maxpool_2.c:22]   --->   Operation 73 'br' <Predicate = (!exitcond1)> <Delay = 1.76>
ST_6 : Operation 74 [1/1] (0.00ns)   --->   "%tmp_9_cast = zext i4 %out_col to i9" [maxpool_2.c:14]   --->   Operation 74 'zext' 'tmp_9_cast' <Predicate = (exitcond1)> <Delay = 0.00>
ST_6 : Operation 75 [1/1] (1.82ns)   --->   "%tmp_16 = add i9 %tmp_9_cast, %tmp_5" [maxpool_2.c:14]   --->   Operation 75 'add' 'tmp_16' <Predicate = (exitcond1)> <Delay = 1.82> <Core = "AddSub">   --->   Core 14 'AddSub' <Latency = 0> <II = 1> <Delay = 1.67> <FuncUnit> <Opcode : 'add' 'sub'> <InPorts = 2> <OutPorts = 1>
ST_6 : Operation 76 [1/1] (0.00ns)   --->   "%tmp_24_cast = call i13 @_ssdm_op_BitConcatenate.i13.i9.i4(i9 %tmp_16, i4 0)" [maxpool_2.c:32]   --->   Operation 76 'bitconcatenate' 'tmp_24_cast' <Predicate = (exitcond1)> <Delay = 0.00>
ST_6 : Operation 77 [1/1] (1.67ns)   --->   "%tmp_17 = add i13 %tmp_cast, %tmp_24_cast" [maxpool_2.c:32]   --->   Operation 77 'add' 'tmp_17' <Predicate = (exitcond1)> <Delay = 1.67> <Core = "AddSub">   --->   Core 14 'AddSub' <Latency = 0> <II = 1> <Delay = 1.67> <FuncUnit> <Opcode : 'add' 'sub'> <InPorts = 2> <OutPorts = 1>
ST_6 : Operation 78 [1/1] (0.00ns)   --->   "%tmp_25_cast = zext i13 %tmp_17 to i64" [maxpool_2.c:32]   --->   Operation 78 'zext' 'tmp_25_cast' <Predicate = (exitcond1)> <Delay = 0.00>
ST_6 : Operation 79 [1/1] (0.00ns)   --->   "%output_addr = getelementptr [3136 x i32]* %output_r, i64 0, i64 %tmp_25_cast" [maxpool_2.c:32]   --->   Operation 79 'getelementptr' 'output_addr' <Predicate = (exitcond1)> <Delay = 0.00>
ST_6 : Operation 80 [1/1] (3.25ns)   --->   "store i32 %maxvalue1, i32* %output_addr, align 4" [maxpool_2.c:32]   --->   Operation 80 'store' <Predicate = (exitcond1)> <Delay = 3.25> <Core = "RAM">   --->   Core 37 'RAM' <Latency = 1> <II = 1> <Delay = 3.25> <Storage> <Opcode : 'load' 'store'> <Ports = 2> <Width = 32> <Depth = 3136> <RAM>
ST_6 : Operation 81 [1/1] (0.00ns)   --->   "%empty_11 = call i32 (...)* @_ssdm_op_SpecRegionEnd([4 x i8]* @p_str236, i32 %tmp_8)" [maxpool_2.c:33]   --->   Operation 81 'specregionend' 'empty_11' <Predicate = (exitcond1)> <Delay = 0.00>
ST_6 : Operation 82 [1/1] (0.00ns)   --->   "br label %5" [maxpool_2.c:14]   --->   Operation 82 'br' <Predicate = (exitcond1)> <Delay = 0.00>

State 7 <SV = 6> <Delay = 8.57>
ST_7 : Operation 83 [1/1] (0.00ns)   --->   "%maxvalue_1 = phi i32 [ %maxvalue1, %8 ], [ %value_0_maxvalue_1, %10 ]" [maxpool_2.c:18]   --->   Operation 83 'phi' 'maxvalue_1' <Predicate = true> <Delay = 0.00>
ST_7 : Operation 84 [1/1] (0.00ns)   --->   "%pool_col = phi i2 [ 0, %8 ], [ %pool_col_1, %10 ]"   --->   Operation 84 'phi' 'pool_col' <Predicate = true> <Delay = 0.00>
ST_7 : Operation 85 [1/1] (0.00ns)   --->   "%pool_col_cast1 = zext i2 %pool_col to i5" [maxpool_2.c:22]   --->   Operation 85 'zext' 'pool_col_cast1' <Predicate = true> <Delay = 0.00>
ST_7 : Operation 86 [1/1] (0.95ns)   --->   "%exitcond = icmp eq i2 %pool_col, -2" [maxpool_2.c:22]   --->   Operation 86 'icmp' 'exitcond' <Predicate = true> <Delay = 0.95> <Core = "Cmp">   --->   Core 25 'Cmp' <Latency = 0> <II = 1> <Delay = 2.47> <FuncUnit> <Opcode : 'icmp'> <InPorts = 2> <OutPorts = 1>
ST_7 : Operation 87 [1/1] (0.00ns)   --->   "%empty_9 = call i32 (...)* @_ssdm_op_SpecLoopTripCount(i64 2, i64 2, i64 2)"   --->   Operation 87 'speclooptripcount' 'empty_9' <Predicate = true> <Delay = 0.00>
ST_7 : Operation 88 [1/1] (1.56ns)   --->   "%pool_col_1 = add i2 %pool_col, 1" [maxpool_2.c:22]   --->   Operation 88 'add' 'pool_col_1' <Predicate = true> <Delay = 1.56> <Core = "AddSub">   --->   Core 14 'AddSub' <Latency = 0> <II = 1> <Delay = 1.67> <FuncUnit> <Opcode : 'add' 'sub'> <InPorts = 2> <OutPorts = 1>
ST_7 : Operation 89 [1/1] (0.00ns)   --->   "br i1 %exitcond, label %11, label %10" [maxpool_2.c:22]   --->   Operation 89 'br' <Predicate = true> <Delay = 0.00>
ST_7 : Operation 90 [1/1] (1.78ns)   --->   "%tmp_2 = add i5 %pool_col_cast1, %in_col" [maxpool_2.c:25]   --->   Operation 90 'add' 'tmp_2' <Predicate = (!exitcond)> <Delay = 1.78> <Core = "AddSub">   --->   Core 14 'AddSub' <Latency = 0> <II = 1> <Delay = 1.67> <FuncUnit> <Opcode : 'add' 'sub'> <InPorts = 2> <OutPorts = 1>
ST_7 : Operation 91 [1/1] (0.00ns)   --->   "%tmp_3_cast = zext i5 %tmp_2 to i10" [maxpool_2.c:25]   --->   Operation 91 'zext' 'tmp_3_cast' <Predicate = (!exitcond)> <Delay = 0.00>
ST_7 : Operation 92 [1/1] (1.73ns)   --->   "%tmp_19 = add i10 %tmp_18, %tmp_3_cast" [maxpool_2.c:25]   --->   Operation 92 'add' 'tmp_19' <Predicate = (!exitcond)> <Delay = 1.73> <Core = "AddSub">   --->   Core 14 'AddSub' <Latency = 0> <II = 1> <Delay = 1.67> <FuncUnit> <Opcode : 'add' 'sub'> <InPorts = 2> <OutPorts = 1>
ST_7 : Operation 93 [1/1] (0.00ns)   --->   "%tmp_20 = call i14 @_ssdm_op_BitConcatenate.i14.i10.i4(i10 %tmp_19, i4 0)" [maxpool_2.c:25]   --->   Operation 93 'bitconcatenate' 'tmp_20' <Predicate = (!exitcond)> <Delay = 0.00>
ST_7 : Operation 94 [1/1] (0.00ns)   --->   "%tmp_29_cast = zext i14 %tmp_20 to i15" [maxpool_2.c:25]   --->   Operation 94 'zext' 'tmp_29_cast' <Predicate = (!exitcond)> <Delay = 0.00>
ST_7 : Operation 95 [1/1] (1.81ns)   --->   "%tmp_21 = add i15 %tmp_29_cast, %tmp_cast3" [maxpool_2.c:25]   --->   Operation 95 'add' 'tmp_21' <Predicate = (!exitcond)> <Delay = 1.81> <Core = "AddSub">   --->   Core 14 'AddSub' <Latency = 0> <II = 1> <Delay = 1.67> <FuncUnit> <Opcode : 'add' 'sub'> <InPorts = 2> <OutPorts = 1>
ST_7 : Operation 96 [1/1] (0.00ns)   --->   "%tmp_30_cast = zext i15 %tmp_21 to i64" [maxpool_2.c:25]   --->   Operation 96 'zext' 'tmp_30_cast' <Predicate = (!exitcond)> <Delay = 0.00>
ST_7 : Operation 97 [1/1] (0.00ns)   --->   "%buf_conv2_addr_1 = getelementptr [13456 x i31]* @buf_conv2, i64 0, i64 %tmp_30_cast" [maxpool_2.c:25]   --->   Operation 97 'getelementptr' 'buf_conv2_addr_1' <Predicate = (!exitcond)> <Delay = 0.00>
ST_7 : Operation 98 [2/2] (3.25ns)   --->   "%buf_conv2_load_1 = load i31* %buf_conv2_addr_1, align 4" [maxpool_2.c:25]   --->   Operation 98 'load' 'buf_conv2_load_1' <Predicate = (!exitcond)> <Delay = 3.25> <Core = "RAM">   --->   Core 37 'RAM' <Latency = 1> <II = 1> <Delay = 3.25> <Storage> <Opcode : 'load' 'store'> <Ports = 2> <Width = 32> <Depth = 3136> <RAM>
ST_7 : Operation 99 [1/1] (0.00ns)   --->   "%empty_10 = call i32 (...)* @_ssdm_op_SpecRegionEnd([9 x i8]* @p_str337, i32 %tmp_12)" [maxpool_2.c:30]   --->   Operation 99 'specregionend' 'empty_10' <Predicate = (exitcond)> <Delay = 0.00>
ST_7 : Operation 100 [1/1] (0.00ns)   --->   "br label %7" [maxpool_2.c:20]   --->   Operation 100 'br' <Predicate = (exitcond)> <Delay = 0.00>

State 8 <SV = 7> <Delay = 6.42>
ST_8 : Operation 101 [1/1] (0.00ns)   --->   "call void (...)* @_ssdm_op_SpecLoopName([9 x i8]* @p_str438) nounwind" [maxpool_2.c:22]   --->   Operation 101 'specloopname' <Predicate = true> <Delay = 0.00>
ST_8 : Operation 102 [1/2] (3.25ns)   --->   "%buf_conv2_load_1 = load i31* %buf_conv2_addr_1, align 4" [maxpool_2.c:25]   --->   Operation 102 'load' 'buf_conv2_load_1' <Predicate = true> <Delay = 3.25> <Core = "RAM">   --->   Core 37 'RAM' <Latency = 1> <II = 1> <Delay = 3.25> <Storage> <Opcode : 'load' 'store'> <Ports = 2> <Width = 32> <Depth = 3136> <RAM>
ST_8 : Operation 103 [1/1] (0.00ns)   --->   "%maxvalue_3 = zext i31 %buf_conv2_load_1 to i32" [maxpool_2.c:25]   --->   Operation 103 'zext' 'maxvalue_3' <Predicate = true> <Delay = 0.00>
ST_8 : Operation 104 [1/1] (2.47ns)   --->   "%tmp_4 = icmp sgt i32 %maxvalue_3, %maxvalue_1" [maxpool_2.c:27]   --->   Operation 104 'icmp' 'tmp_4' <Predicate = true> <Delay = 2.47> <Core = "Cmp">   --->   Core 25 'Cmp' <Latency = 0> <II = 1> <Delay = 2.47> <FuncUnit> <Opcode : 'icmp'> <InPorts = 2> <OutPorts = 1>
ST_8 : Operation 105 [1/1] (0.69ns)   --->   "%value_0_maxvalue_1 = select i1 %tmp_4, i32 %maxvalue_3, i32 %maxvalue_1" [maxpool_2.c:27]   --->   Operation 105 'select' 'value_0_maxvalue_1' <Predicate = true> <Delay = 0.69> <Core = "Sel">   --->   Core 26 'Sel' <Latency = 0> <II = 1> <Delay = 0.69> <FuncUnit> <Opcode : 'select'> <InPorts = 3> <OutPorts = 1>
ST_8 : Operation 106 [1/1] (0.00ns)   --->   "br label %9" [maxpool_2.c:22]   --->   Operation 106 'br' <Predicate = true> <Delay = 0.00>


============================================================
+ Verbose Summary: Timing violations
============================================================
Target clock period: 10ns, clock uncertainty: 1.25ns.

 <State 1>: 1.77ns
The critical path consists of the following:
	multiplexor before 'phi' operation ('ch') with incoming values : ('ch', maxpool_2.c:10) [5]  (1.77 ns)

 <State 2>: 1.78ns
The critical path consists of the following:
	'phi' operation ('ch') with incoming values : ('ch', maxpool_2.c:10) [5]  (0 ns)
	'add' operation ('ch', maxpool_2.c:10) [8]  (1.78 ns)

 <State 3>: 3.78ns
The critical path consists of the following:
	'phi' operation ('out_row') with incoming values : ('out_row', maxpool_2.c:12) [17]  (0 ns)
	'mul' operation ('tmp_1', maxpool_2.c:18) [28]  (3.78 ns)

 <State 4>: 5.77ns
The critical path consists of the following:
	'phi' operation ('out_col') with incoming values : ('out_col', maxpool_2.c:14) [34]  (0 ns)
	'add' operation ('tmp_9', maxpool_2.c:18) [44]  (1.73 ns)
	'or' operation ('tmp_11', maxpool_2.c:18) [47]  (0.782 ns)
	'getelementptr' operation ('buf_conv2_addr', maxpool_2.c:18) [51]  (0 ns)
	'load' operation ('buf_conv2_load', maxpool_2.c:18) on array 'buf_conv2' [52]  (3.25 ns)

 <State 5>: 3.25ns
The critical path consists of the following:
	'load' operation ('buf_conv2_load', maxpool_2.c:18) on array 'buf_conv2' [52]  (3.25 ns)

 <State 6>: 6.76ns
The critical path consists of the following:
	'add' operation ('tmp_16', maxpool_2.c:14) [98]  (1.82 ns)
	'add' operation ('tmp_17', maxpool_2.c:32) [100]  (1.68 ns)
	'getelementptr' operation ('output_addr', maxpool_2.c:32) [102]  (0 ns)
	'store' operation (maxpool_2.c:32) of variable 'maxvalue' on array 'output_r' [103]  (3.25 ns)

 <State 7>: 8.58ns
The critical path consists of the following:
	'phi' operation ('pool_col') with incoming values : ('pool_col', maxpool_2.c:22) [72]  (0 ns)
	'add' operation ('tmp_2', maxpool_2.c:25) [80]  (1.78 ns)
	'add' operation ('tmp_19', maxpool_2.c:25) [82]  (1.73 ns)
	'add' operation ('tmp_21', maxpool_2.c:25) [85]  (1.81 ns)
	'getelementptr' operation ('buf_conv2_addr_1', maxpool_2.c:25) [87]  (0 ns)
	'load' operation ('buf_conv2_load_1', maxpool_2.c:25) on array 'buf_conv2' [88]  (3.25 ns)

 <State 8>: 6.43ns
The critical path consists of the following:
	'load' operation ('buf_conv2_load_1', maxpool_2.c:25) on array 'buf_conv2' [88]  (3.25 ns)
	'icmp' operation ('tmp_4', maxpool_2.c:27) [90]  (2.47 ns)
	'select' operation ('value_0_maxvalue_1', maxpool_2.c:27) [91]  (0.698 ns)


============================================================
+ Verbose Summary: Binding
============================================================
N/A
* FSMD analyzer results:
  - Output states:
 - Input state : 
  - Chain level:
	State 1
	State 2
	State 3
	State 4
	State 5
	State 6
	State 7
	State 8


============================================================
+ Verbose Summary: Datapath Resource usage 
============================================================
N/A
