   Build using "E:/Xilinx/Vivado/2018.3/msys64/mingw64/bin/g++"
   Compiling apatb_tinyyolo_lite.cpp
   Compiling (apcc) maxpool_2.c_pre.c.tb.c
INFO: [HLS 200-10] Running 'E:/Xilinx/Vivado/2018.3/bin/unwrapped/win64.o/apcc.exe'
INFO: [HLS 200-10] For user 'HP' on host 'desktop-f2lqvgf' (Windows NT_amd64 version 6.2) on Sun Jun 21 18:17:14 +0700 2026
INFO: [HLS 200-10] In directory 'E:/work_station/TinyYOLO_Lite/tinyyolo_lite/optimization_solution/sim/wrapc'
clang: warning: argument unused during compilation: '-fno-builtin-isinf'
clang: warning: argument unused during compilation: '-fno-builtin-isnan'
INFO: [APCC 202-3] Tmp directory is E:/tmp/apcc_db_HP/274042869417376
INFO: [APCC 202-1] APCC is done.
   Compiling (apcc) tb_tinyyolo_lite.c_pre.c.tb.c
INFO: [HLS 200-10] Running 'E:/Xilinx/Vivado/2018.3/bin/unwrapped/win64.o/apcc.exe'
INFO: [HLS 200-10] For user 'HP' on host 'desktop-f2lqvgf' (Windows NT_amd64 version 6.2) on Sun Jun 21 18:17:24 +0700 2026
INFO: [HLS 200-10] In directory 'E:/work_station/TinyYOLO_Lite/tinyyolo_lite/optimization_solution/sim/wrapc'
clang: warning: argument unused during compilation: '-fno-builtin-isinf'
clang: warning: argument unused during compilation: '-fno-builtin-isnan'
INFO: [APCC 202-3] Tmp directory is E:/tmp/apcc_db_HP/246562879311386
INFO: [APCC 202-1] APCC is done.
   Compiling (apcc) tinyyolo_lite.c_pre.c.tb.c
INFO: [HLS 200-10] Running 'E:/Xilinx/Vivado/2018.3/bin/unwrapped/win64.o/apcc.exe'
INFO: [HLS 200-10] For user 'HP' on host 'desktop-f2lqvgf' (Windows NT_amd64 version 6.2) on Sun Jun 21 18:17:31 +0700 2026
INFO: [HLS 200-10] In directory 'E:/work_station/TinyYOLO_Lite/tinyyolo_lite/optimization_solution/sim/wrapc'
clang: warning: argument unused during compilation: '-fno-builtin-isinf'
clang: warning: argument unused during compilation: '-fno-builtin-isnan'
INFO: [APCC 202-3] Tmp directory is E:/tmp/apcc_db_HP/103402885705203
INFO: [APCC 202-1] APCC is done.
   Compiling (apcc) conv_relu3.c_pre.c.tb.c
INFO: [HLS 200-10] Running 'E:/Xilinx/Vivado/2018.3/bin/unwrapped/win64.o/apcc.exe'
INFO: [HLS 200-10] For user 'HP' on host 'desktop-f2lqvgf' (Windows NT_amd64 version 6.2) on Sun Jun 21 18:17:35 +0700 2026
INFO: [HLS 200-10] In directory 'E:/work_station/TinyYOLO_Lite/tinyyolo_lite/optimization_solution/sim/wrapc'
clang: warning: argument unused during compilation: '-fno-builtin-isinf'
clang: warning: argument unused during compilation: '-fno-builtin-isnan'
INFO: [APCC 202-3] Tmp directory is E:/tmp/apcc_db_HP/76122889846240
INFO: [APCC 202-1] APCC is done.
   Compiling (apcc) maxpool_1.c_pre.c.tb.c
INFO: [HLS 200-10] Running 'E:/Xilinx/Vivado/2018.3/bin/unwrapped/win64.o/apcc.exe'
INFO: [HLS 200-10] For user 'HP' on host 'desktop-f2lqvgf' (Windows NT_amd64 version 6.2) on Sun Jun 21 18:17:38 +0700 2026
INFO: [HLS 200-10] In directory 'E:/work_station/TinyYOLO_Lite/tinyyolo_lite/optimization_solution/sim/wrapc'
clang: warning: argument unused during compilation: '-fno-builtin-isinf'
clang: warning: argument unused during compilation: '-fno-builtin-isnan'
INFO: [APCC 202-3] Tmp directory is E:/tmp/apcc_db_HP/266442893353928
INFO: [APCC 202-1] APCC is done.
   Compiling (apcc) detection_head.c_pre.c.tb.c
INFO: [HLS 200-10] Running 'E:/Xilinx/Vivado/2018.3/bin/unwrapped/win64.o/apcc.exe'
INFO: [HLS 200-10] For user 'HP' on host 'desktop-f2lqvgf' (Windows NT_amd64 version 6.2) on Sun Jun 21 18:17:42 +0700 2026
INFO: [HLS 200-10] In directory 'E:/work_station/TinyYOLO_Lite/tinyyolo_lite/optimization_solution/sim/wrapc'
clang: warning: argument unused during compilation: '-fno-builtin-isinf'
clang: warning: argument unused during compilation: '-fno-builtin-isnan'
INFO: [APCC 202-3] Tmp directory is E:/tmp/apcc_db_HP/76562896838648
INFO: [APCC 202-1] APCC is done.
   Compiling (apcc) conv_relu2.c_pre.c.tb.c
INFO: [HLS 200-10] Running 'E:/Xilinx/Vivado/2018.3/bin/unwrapped/win64.o/apcc.exe'
INFO: [HLS 200-10] For user 'HP' on host 'desktop-f2lqvgf' (Windows NT_amd64 version 6.2) on Sun Jun 21 18:17:45 +0700 2026
INFO: [HLS 200-10] In directory 'E:/work_station/TinyYOLO_Lite/tinyyolo_lite/optimization_solution/sim/wrapc'
clang: warning: argument unused during compilation: '-fno-builtin-isinf'
clang: warning: argument unused during compilation: '-fno-builtin-isnan'
INFO: [APCC 202-3] Tmp directory is E:/tmp/apcc_db_HP/72042900360831
INFO: [APCC 202-1] APCC is done.
   Compiling (apcc) decode.c_pre.c.tb.c
INFO: [HLS 200-10] Running 'E:/Xilinx/Vivado/2018.3/bin/unwrapped/win64.o/apcc.exe'
INFO: [HLS 200-10] For user 'HP' on host 'desktop-f2lqvgf' (Windows NT_amd64 version 6.2) on Sun Jun 21 18:17:49 +0700 2026
INFO: [HLS 200-10] In directory 'E:/work_station/TinyYOLO_Lite/tinyyolo_lite/optimization_solution/sim/wrapc'
clang: warning: argument unused during compilation: '-fno-builtin-isinf'
clang: warning: argument unused during compilation: '-fno-builtin-isnan'
INFO: [APCC 202-3] Tmp directory is E:/tmp/apcc_db_HP/74842904453913
INFO: [APCC 202-1] APCC is done.
   Compiling (apcc) conv_relu1.c_pre.c.tb.c
INFO: [HLS 200-10] Running 'E:/Xilinx/Vivado/2018.3/bin/unwrapped/win64.o/apcc.exe'
INFO: [HLS 200-10] For user 'HP' on host 'desktop-f2lqvgf' (Windows NT_amd64 version 6.2) on Sun Jun 21 18:17:54 +0700 2026
INFO: [HLS 200-10] In directory 'E:/work_station/TinyYOLO_Lite/tinyyolo_lite/optimization_solution/sim/wrapc'
clang: warning: argument unused during compilation: '-fno-builtin-isinf'
clang: warning: argument unused during compilation: '-fno-builtin-isnan'
INFO: [APCC 202-3] Tmp directory is E:/tmp/apcc_db_HP/247562908848322
INFO: [APCC 202-1] APCC is done.
   Generating cosim.tv.exe
