INFO: [HLS 200-10] Running 'E:/Xilinx/Vivado/2018.3/bin/unwrapped/win64.o/vivado_hls.exe'
INFO: [HLS 200-10] For user 'HP' on host 'desktop-f2lqvgf' (Windows NT_amd64 version 6.2) on Sun Jun 21 22:51:11 +0700 2026
INFO: [HLS 200-10] In directory 'E:/work_station/TinyYOLO_Lite'
INFO: [HLS 200-10] Opening project 'E:/work_station/TinyYOLO_Lite/tinyyolo_lite'.
INFO: [HLS 200-10] Opening solution 'E:/work_station/TinyYOLO_Lite/tinyyolo_lite/optimization_solution'.
INFO: [SYN 201-201] Setting up clock 'default' with a period of 10ns.
INFO: [HLS 200-10] Setting target device to 'xc7z020clg484-1'
INFO: [IMPL 213-8] Exporting RTL as a Vivado IP.

****** Vivado v2018.3 (64-bit)
  **** SW Build 2405991 on Thu Dec  6 23:38:27 MST 2018
  **** IP Build 2404404 on Fri Dec  7 01:43:56 MST 2018
    ** Copyright 1986-2018 Xilinx, Inc. All Rights Reserved.

source run_ippack.tcl -notrace
bad lexical cast: source type value could not be interpreted as target
    while executing
"rdi::set_property core_revision 2606212251 {component component_1}"
    invoked from within
"set_property core_revision $Revision $core"
    (file "run_ippack.tcl" line 924)
INFO: [Common 17-206] Exiting Vivado at Sun Jun 21 22:51:34 2026...
ERROR: [IMPL 213-28] Failed to generate IP.
command 'ap_source' returned error code
    while executing
"source E:/work_station/TinyYOLO_Lite/tinyyolo_lite/optimization_solution/export.tcl"
    invoked from within
"hls::main E:/work_station/TinyYOLO_Lite/tinyyolo_lite/optimization_solution/export.tcl"
    ("uplevel" body line 1)
    invoked from within
"uplevel 1 hls::main {*}$args"
    (procedure "hls_proc" line 5)
    invoked from within
"hls_proc $argv"
