

================================================================
== Vivado HLS Report for 'tinyyolo_lite'
================================================================
* Date:           Sun Jun 21 08:38:14 2026

* Version:        2018.3 (Build 2405991 on Thu Dec 06 23:56:15 MST 2018)
* Project:        tinyyolo_lite
* Solution:       optimization_solution
* Product family: zynq
* Target device:  xc7z020clg484-1


================================================================
== Performance Estimates
================================================================
+ Timing (ns): 
    * Summary: 
    +--------+-------+----------+------------+
    |  Clock | Target| Estimated| Uncertainty|
    +--------+-------+----------+------------+
    |ap_clk  |  10.00|     8.743|        1.25|
    +--------+-------+----------+------------+

+ Latency (clock cycles): 
    * Summary: 
    +---------+---------+---------+---------+---------+
    |      Latency      |      Interval     | Pipeline|
    |   min   |   max   |   min   |   max   |   Type  |
    +---------+---------+---------+---------+---------+
    |  1048587|  1048587|  1048587|  1048587|   none  |
    +---------+---------+---------+---------+---------+

    + Detail: 
        * Instance: 
        +---------------------------+----------------+--------+--------+--------+--------+---------+
        |                           |                |     Latency     |     Interval    | Pipeline|
        |          Instance         |     Module     |   min  |   max  |   min  |   max  |   Type  |
        +---------------------------+----------------+--------+--------+--------+--------+---------+
        |grp_conv_layer3_fu_162     |conv_layer3     |  138248|  138248|  138248|  138248|   none  |
        |grp_detection_head_fu_240  |detection_head  |  177153|  177153|  177153|  177153|   none  |
        |grp_conv_layer2_fu_266     |conv_layer2     |  228753|  228753|  228753|  228753|   none  |
        |grp_conv_layer1_fu_306     |conv_layer1     |  492033|  492033|  492033|  492033|   none  |
        |grp_maxpool_layer2_fu_326  |maxpool_layer2  |    3141|    3141|    3141|    3141|   none  |
        |grp_maxpool_layer1_fu_366  |maxpool_layer1  |    7693|    7693|    7693|    7693|   none  |
        |grp_decode_fu_390          |decode          |    1553|    1553|    1553|    1553|   none  |
        +---------------------------+----------------+--------+--------+--------+--------+---------+

        * Loop: 
        N/A



================================================================
== Utilization Estimates
================================================================
* Summary: 
+-----------------+---------+-------+--------+-------+
|       Name      | BRAM_18K| DSP48E|   FF   |  LUT  |
+-----------------+---------+-------+--------+-------+
|DSP              |        -|      -|       -|      -|
|Expression       |        -|      -|       -|      -|
|FIFO             |        -|      -|       -|      -|
|Instance         |       26|     29|    5098|   7792|
|Memory           |      142|      -|       0|      0|
|Multiplexer      |        -|      -|       -|   1433|
|Register         |        -|      -|      21|      -|
+-----------------+---------+-------+--------+-------+
|Total            |      168|     29|    5119|   9225|
+-----------------+---------+-------+--------+-------+
|Available        |      280|    220|  106400|  53200|
+-----------------+---------+-------+--------+-------+
|Utilization (%)  |       60|     13|       4|     17|
+-----------------+---------+-------+--------+-------+

+ Detail: 
    * Instance: 
    +---------------------------+----------------+---------+-------+------+------+
    |          Instance         |     Module     | BRAM_18K| DSP48E|  FF  |  LUT |
    +---------------------------+----------------+---------+-------+------+------+
    |grp_conv_layer1_fu_306     |conv_layer1     |        0|      0|   446|   819|
    |grp_conv_layer2_fu_266     |conv_layer2     |        0|      8|   970|  1340|
    |grp_conv_layer3_fu_162     |conv_layer3     |       16|     16|  1675|  1787|
    |grp_decode_fu_390          |decode          |        0|      0|   188|   575|
    |grp_detection_head_fu_240  |detection_head  |       10|      5|   970|  1535|
    |grp_maxpool_layer1_fu_366  |maxpool_layer1  |        0|      0|   419|   797|
    |grp_maxpool_layer2_fu_326  |maxpool_layer2  |        0|      0|   430|   939|
    +---------------------------+----------------+---------+-------+------+------+
    |Total                      |                |       26|     29|  5098|  7792|
    +---------------------------+----------------+---------+-------+------+------+

    * DSP48: 
    N/A

    * Memory: 
    +----------------+----------------------+---------+---+----+-------+-----+------+-------------+
    |     Memory     |        Module        | BRAM_18K| FF| LUT| Words | Bits| Banks| W*Bits*Banks|
    +----------------+----------------------+---------+---+----+-------+-----+------+-------------+
    |buf_conv1_0_U   |tinyyolo_lite_bufJfO  |       31|  0|   0|  15376|   31|     1|       476656|
    |buf_conv1_1_U   |tinyyolo_lite_bufJfO  |       31|  0|   0|  15376|   31|     1|       476656|
    |buf_pool1_0_U   |tinyyolo_lite_bufLf8  |        2|  0|   0|    961|   31|     1|        29791|
    |buf_pool1_1_U   |tinyyolo_lite_bufLf8  |        2|  0|   0|    961|   31|     1|        29791|
    |buf_pool1_2_U   |tinyyolo_lite_bufLf8  |        2|  0|   0|    961|   31|     1|        29791|
    |buf_pool1_3_U   |tinyyolo_lite_bufLf8  |        2|  0|   0|    961|   31|     1|        29791|
    |buf_pool1_4_U   |tinyyolo_lite_bufLf8  |        2|  0|   0|    961|   31|     1|        29791|
    |buf_pool1_5_U   |tinyyolo_lite_bufLf8  |        2|  0|   0|    961|   31|     1|        29791|
    |buf_pool1_6_U   |tinyyolo_lite_bufLf8  |        2|  0|   0|    961|   31|     1|        29791|
    |buf_pool1_7_U   |tinyyolo_lite_bufLf8  |        2|  0|   0|    961|   31|     1|        29791|
    |buf_conv2_0_U   |tinyyolo_lite_bufThq  |       16|  0|   0|   6960|   31|     1|       215760|
    |buf_conv2_1_U   |tinyyolo_lite_bufUhA  |       16|  0|   0|   6496|   31|     1|       201376|
    |buf_pool2_0_U   |tinyyolo_lite_bufVhK  |        1|  0|   0|    196|   31|     1|         6076|
    |buf_pool2_1_U   |tinyyolo_lite_bufVhK  |        1|  0|   0|    196|   31|     1|         6076|
    |buf_pool2_2_U   |tinyyolo_lite_bufVhK  |        1|  0|   0|    196|   31|     1|         6076|
    |buf_pool2_3_U   |tinyyolo_lite_bufVhK  |        1|  0|   0|    196|   31|     1|         6076|
    |buf_pool2_4_U   |tinyyolo_lite_bufVhK  |        1|  0|   0|    196|   31|     1|         6076|
    |buf_pool2_5_U   |tinyyolo_lite_bufVhK  |        1|  0|   0|    196|   31|     1|         6076|
    |buf_pool2_6_U   |tinyyolo_lite_bufVhK  |        1|  0|   0|    196|   31|     1|         6076|
    |buf_pool2_7_U   |tinyyolo_lite_bufVhK  |        1|  0|   0|    196|   31|     1|         6076|
    |buf_pool2_8_U   |tinyyolo_lite_bufVhK  |        1|  0|   0|    196|   31|     1|         6076|
    |buf_pool2_9_U   |tinyyolo_lite_bufVhK  |        1|  0|   0|    196|   31|     1|         6076|
    |buf_pool2_10_U  |tinyyolo_lite_bufVhK  |        1|  0|   0|    196|   31|     1|         6076|
    |buf_pool2_11_U  |tinyyolo_lite_bufVhK  |        1|  0|   0|    196|   31|     1|         6076|
    |buf_pool2_12_U  |tinyyolo_lite_bufVhK  |        1|  0|   0|    196|   31|     1|         6076|
    |buf_pool2_13_U  |tinyyolo_lite_bufVhK  |        1|  0|   0|    196|   31|     1|         6076|
    |buf_pool2_14_U  |tinyyolo_lite_bufVhK  |        1|  0|   0|    196|   31|     1|         6076|
    |buf_pool2_15_U  |tinyyolo_lite_bufVhK  |        1|  0|   0|    196|   31|     1|         6076|
    |buf_conv3_0_U   |tinyyolo_lite_bufbbk  |        4|  0|   0|   1152|   31|     1|        35712|
    |buf_conv3_1_U   |tinyyolo_lite_bufbbk  |        4|  0|   0|   1152|   31|     1|        35712|
    |buf_conv3_2_U   |tinyyolo_lite_bufbdk  |        2|  0|   0|    768|   31|     1|        23808|
    |buf_conv3_3_U   |tinyyolo_lite_bufbdk  |        2|  0|   0|    768|   31|     1|        23808|
    |buf_conv3_4_U   |tinyyolo_lite_bufbdk  |        2|  0|   0|    768|   31|     1|        23808|
    |buf_det_U       |tinyyolo_lite_bufbgk  |        2|  0|   0|   1024|   32|     1|        32768|
    +----------------+----------------------+---------+---+----+-------+-----+------+-------------+
    |Total           |                      |      142|  0|   0|  60664| 1055|    34|      1881608|
    +----------------+----------------------+---------+---+----+-------+-----+------+-------------+

    * FIFO: 
    N/A

    * Expression: 
    N/A

    * Multiplexer: 
    +-----------------------+----+-----------+-----+-----------+
    |          Name         | LUT| Input Size| Bits| Total Bits|
    +-----------------------+----+-----------+-----+-----------+
    |ap_NS_fsm              |  62|         15|    1|         15|
    |buf_conv1_0_address0   |  15|          3|   14|         42|
    |buf_conv1_0_ce0        |  15|          3|    1|          3|
    |buf_conv1_0_ce1        |   9|          2|    1|          2|
    |buf_conv1_0_we0        |   9|          2|    1|          2|
    |buf_conv1_1_address0   |  15|          3|   14|         42|
    |buf_conv1_1_ce0        |  15|          3|    1|          3|
    |buf_conv1_1_ce1        |   9|          2|    1|          2|
    |buf_conv1_1_we0        |   9|          2|    1|          2|
    |buf_conv2_0_address0   |  15|          3|   13|         39|
    |buf_conv2_0_ce0        |  15|          3|    1|          3|
    |buf_conv2_0_ce1        |   9|          2|    1|          2|
    |buf_conv2_0_we0        |   9|          2|    1|          2|
    |buf_conv2_1_address0   |  15|          3|   13|         39|
    |buf_conv2_1_ce0        |  15|          3|    1|          3|
    |buf_conv2_1_ce1        |   9|          2|    1|          2|
    |buf_conv2_1_we0        |   9|          2|    1|          2|
    |buf_conv3_0_address0   |  15|          3|   11|         33|
    |buf_conv3_0_ce0        |  15|          3|    1|          3|
    |buf_conv3_0_we0        |   9|          2|    1|          2|
    |buf_conv3_1_address0   |  15|          3|   11|         33|
    |buf_conv3_1_ce0        |  15|          3|    1|          3|
    |buf_conv3_1_we0        |   9|          2|    1|          2|
    |buf_conv3_2_address0   |  15|          3|   10|         30|
    |buf_conv3_2_ce0        |  15|          3|    1|          3|
    |buf_conv3_2_we0        |   9|          2|    1|          2|
    |buf_conv3_3_address0   |  15|          3|   10|         30|
    |buf_conv3_3_ce0        |  15|          3|    1|          3|
    |buf_conv3_3_we0        |   9|          2|    1|          2|
    |buf_conv3_4_address0   |  15|          3|   10|         30|
    |buf_conv3_4_ce0        |  15|          3|    1|          3|
    |buf_conv3_4_we0        |   9|          2|    1|          2|
    |buf_det_address0       |  15|          3|   10|         30|
    |buf_det_ce0            |  15|          3|    1|          3|
    |buf_det_ce1            |   9|          2|    1|          2|
    |buf_det_we0            |   9|          2|    1|          2|
    |buf_pool1_0_address0   |  15|          3|   10|         30|
    |buf_pool1_0_ce0        |  15|          3|    1|          3|
    |buf_pool1_0_we0        |   9|          2|    1|          2|
    |buf_pool1_1_address0   |  15|          3|   10|         30|
    |buf_pool1_1_ce0        |  15|          3|    1|          3|
    |buf_pool1_1_we0        |   9|          2|    1|          2|
    |buf_pool1_2_address0   |  15|          3|   10|         30|
    |buf_pool1_2_ce0        |  15|          3|    1|          3|
    |buf_pool1_2_we0        |   9|          2|    1|          2|
    |buf_pool1_3_address0   |  15|          3|   10|         30|
    |buf_pool1_3_ce0        |  15|          3|    1|          3|
    |buf_pool1_3_we0        |   9|          2|    1|          2|
    |buf_pool1_4_address0   |  15|          3|   10|         30|
    |buf_pool1_4_ce0        |  15|          3|    1|          3|
    |buf_pool1_4_we0        |   9|          2|    1|          2|
    |buf_pool1_5_address0   |  15|          3|   10|         30|
    |buf_pool1_5_ce0        |  15|          3|    1|          3|
    |buf_pool1_5_we0        |   9|          2|    1|          2|
    |buf_pool1_6_address0   |  15|          3|   10|         30|
    |buf_pool1_6_ce0        |  15|          3|    1|          3|
    |buf_pool1_6_we0        |   9|          2|    1|          2|
    |buf_pool1_7_address0   |  15|          3|   10|         30|
    |buf_pool1_7_ce0        |  15|          3|    1|          3|
    |buf_pool1_7_we0        |   9|          2|    1|          2|
    |buf_pool2_0_address0   |  15|          3|    8|         24|
    |buf_pool2_0_ce0        |  15|          3|    1|          3|
    |buf_pool2_0_we0        |   9|          2|    1|          2|
    |buf_pool2_10_address0  |  15|          3|    8|         24|
    |buf_pool2_10_ce0       |  15|          3|    1|          3|
    |buf_pool2_10_we0       |   9|          2|    1|          2|
    |buf_pool2_11_address0  |  15|          3|    8|         24|
    |buf_pool2_11_ce0       |  15|          3|    1|          3|
    |buf_pool2_11_we0       |   9|          2|    1|          2|
    |buf_pool2_12_address0  |  15|          3|    8|         24|
    |buf_pool2_12_ce0       |  15|          3|    1|          3|
    |buf_pool2_12_we0       |   9|          2|    1|          2|
    |buf_pool2_13_address0  |  15|          3|    8|         24|
    |buf_pool2_13_ce0       |  15|          3|    1|          3|
    |buf_pool2_13_we0       |   9|          2|    1|          2|
    |buf_pool2_14_address0  |  15|          3|    8|         24|
    |buf_pool2_14_ce0       |  15|          3|    1|          3|
    |buf_pool2_14_we0       |   9|          2|    1|          2|
    |buf_pool2_15_address0  |  15|          3|    8|         24|
    |buf_pool2_15_ce0       |  15|          3|    1|          3|
    |buf_pool2_15_we0       |   9|          2|    1|          2|
    |buf_pool2_1_address0   |  15|          3|    8|         24|
    |buf_pool2_1_ce0        |  15|          3|    1|          3|
    |buf_pool2_1_we0        |   9|          2|    1|          2|
    |buf_pool2_2_address0   |  15|          3|    8|         24|
    |buf_pool2_2_ce0        |  15|          3|    1|          3|
    |buf_pool2_2_we0        |   9|          2|    1|          2|
    |buf_pool2_3_address0   |  15|          3|    8|         24|
    |buf_pool2_3_ce0        |  15|          3|    1|          3|
    |buf_pool2_3_we0        |   9|          2|    1|          2|
    |buf_pool2_4_address0   |  15|          3|    8|         24|
    |buf_pool2_4_ce0        |  15|          3|    1|          3|
    |buf_pool2_4_we0        |   9|          2|    1|          2|
    |buf_pool2_5_address0   |  15|          3|    8|         24|
    |buf_pool2_5_ce0        |  15|          3|    1|          3|
    |buf_pool2_5_we0        |   9|          2|    1|          2|
    |buf_pool2_6_address0   |  15|          3|    8|         24|
    |buf_pool2_6_ce0        |  15|          3|    1|          3|
    |buf_pool2_6_we0        |   9|          2|    1|          2|
    |buf_pool2_7_address0   |  15|          3|    8|         24|
    |buf_pool2_7_ce0        |  15|          3|    1|          3|
    |buf_pool2_7_we0        |   9|          2|    1|          2|
    |buf_pool2_8_address0   |  15|          3|    8|         24|
    |buf_pool2_8_ce0        |  15|          3|    1|          3|
    |buf_pool2_8_we0        |   9|          2|    1|          2|
    |buf_pool2_9_address0   |  15|          3|    8|         24|
    |buf_pool2_9_ce0        |  15|          3|    1|          3|
    |buf_pool2_9_we0        |   9|          2|    1|          2|
    +-----------------------+----+-----------+-----+-----------+
    |Total                  |1433|        297|  398|       1167|
    +-----------------------+----+-----------+-----+-----------+

    * Register: 
    +----------------------------------------+----+----+-----+-----------+
    |                  Name                  | FF | LUT| Bits| Const Bits|
    +----------------------------------------+----+----+-----+-----------+
    |ap_CS_fsm                               |  14|   0|   14|          0|
    |grp_conv_layer1_fu_306_ap_start_reg     |   1|   0|    1|          0|
    |grp_conv_layer2_fu_266_ap_start_reg     |   1|   0|    1|          0|
    |grp_conv_layer3_fu_162_ap_start_reg     |   1|   0|    1|          0|
    |grp_decode_fu_390_ap_start_reg          |   1|   0|    1|          0|
    |grp_detection_head_fu_240_ap_start_reg  |   1|   0|    1|          0|
    |grp_maxpool_layer1_fu_366_ap_start_reg  |   1|   0|    1|          0|
    |grp_maxpool_layer2_fu_326_ap_start_reg  |   1|   0|    1|          0|
    +----------------------------------------+----+----+-----+-----------+
    |Total                                   |  21|   0|   21|          0|
    +----------------------------------------+----+----+-----+-----------+



================================================================
== Interface
================================================================
* Summary: 
+-------------------+-----+-----+------------+---------------+--------------+
|     RTL Ports     | Dir | Bits|  Protocol  | Source Object |    C Type    |
+-------------------+-----+-----+------------+---------------+--------------+
|ap_clk             |  in |    1| ap_ctrl_hs | tinyyolo_lite | return value |
|ap_rst             |  in |    1| ap_ctrl_hs | tinyyolo_lite | return value |
|ap_start           |  in |    1| ap_ctrl_hs | tinyyolo_lite | return value |
|ap_done            | out |    1| ap_ctrl_hs | tinyyolo_lite | return value |
|ap_idle            | out |    1| ap_ctrl_hs | tinyyolo_lite | return value |
|ap_ready           | out |    1| ap_ctrl_hs | tinyyolo_lite | return value |
|image_0_address0   | out |   12|  ap_memory |    image_0    |     array    |
|image_0_ce0        | out |    1|  ap_memory |    image_0    |     array    |
|image_0_q0         |  in |   32|  ap_memory |    image_0    |     array    |
|image_1_address0   | out |   12|  ap_memory |    image_1    |     array    |
|image_1_ce0        | out |    1|  ap_memory |    image_1    |     array    |
|image_1_q0         |  in |   32|  ap_memory |    image_1    |     array    |
|image_2_address0   | out |   12|  ap_memory |    image_2    |     array    |
|image_2_ce0        | out |    1|  ap_memory |    image_2    |     array    |
|image_2_q0         |  in |   32|  ap_memory |    image_2    |     array    |
|output_r_address0  | out |   10|  ap_memory |    output_r   |     array    |
|output_r_ce0       | out |    1|  ap_memory |    output_r   |     array    |
|output_r_we0       | out |    1|  ap_memory |    output_r   |     array    |
|output_r_d0        | out |   32|  ap_memory |    output_r   |     array    |
|output_r_address1  | out |   10|  ap_memory |    output_r   |     array    |
|output_r_ce1       | out |    1|  ap_memory |    output_r   |     array    |
|output_r_we1       | out |    1|  ap_memory |    output_r   |     array    |
|output_r_d1        | out |   32|  ap_memory |    output_r   |     array    |
+-------------------+-----+-----+------------+---------------+--------------+

