

================================================================
== Vivado HLS Report for 'decode'
================================================================
* Date:           Sat Jun 20 22:52:21 2026

* Version:        2018.3 (Build 2405991 on Thu Dec 06 23:56:15 MST 2018)
* Project:        tinyyolo_lite
* Solution:       solution1_naive
* Product family: zynq
* Target device:  xc7z020clg484-1


================================================================
== Performance Estimates
================================================================
+ Timing (ns): 
    * Summary: 
    +--------+-------+----------+------------+
    |  Clock | Target| Estimated| Uncertainty|
    +--------+-------+----------+------------+
    |ap_clk  |  10.00|     7.696|        1.25|
    +--------+-------+----------+------------+

+ Latency (clock cycles): 
    * Summary: 
    +------+------+------+------+---------+
    |   Latency   |   Interval  | Pipeline|
    |  min |  max |  min |  max |   Type  |
    +------+------+------+------+---------+
    |  1553|  1553|  1553|  1553|   none  |
    +------+------+------+------+---------+

    + Detail: 
        * Instance: 
        N/A

        * Loop: 
        +---------------------+------+------+----------+-----------+-----------+------+----------+
        |                     |   Latency   | Iteration|  Initiation Interval  | Trip |          |
        |      Loop Name      |  min |  max |  Latency |  achieved |   target  | Count| Pipelined|
        +---------------------+------+------+----------+-----------+-----------+------+----------+
        |- GRID_ROWS          |  1552|  1552|       194|          -|          -|     8|    no    |
        | + GRID_COLS         |   192|   192|        24|          -|          -|     8|    no    |
        |  ++ BOXES           |    22|    22|        11|          -|          -|     2|    no    |
        |   +++ CLASSES_LOOP  |     6|     6|         2|          -|          -|     3|    no    |
        +---------------------+------+------+----------+-----------+-----------+------+----------+



================================================================
== Utilization Estimates
================================================================
* Summary: 
+-----------------+---------+-------+--------+-------+
|       Name      | BRAM_18K| DSP48E|   FF   |  LUT  |
+-----------------+---------+-------+--------+-------+
|DSP              |        -|      -|       -|      -|
|Expression       |        -|      -|       0|    375|
|FIFO             |        -|      -|       -|      -|
|Instance         |        -|      -|       -|      -|
|Memory           |        0|      -|      10|      3|
|Multiplexer      |        -|      -|       -|    197|
|Register         |        -|      -|     178|      -|
+-----------------+---------+-------+--------+-------+
|Total            |        0|      0|     188|    575|
+-----------------+---------+-------+--------+-------+
|Available        |      280|    220|  106400|  53200|
+-----------------+---------+-------+--------+-------+
|Utilization (%)  |        0|      0|   ~0   |      1|
+-----------------+---------+-------+--------+-------+

+ Detail: 
    * Instance: 
    N/A

    * DSP48: 
    N/A

    * Memory: 
    +---------------+--------------------+---------+----+----+------+-----+------+-------------+
    |     Memory    |       Module       | BRAM_18K| FF | LUT| Words| Bits| Banks| W*Bits*Banks|
    +---------------+--------------------+---------+----+----+------+-----+------+-------------+
    |sigmoid_lut_U  |decode_sigmoid_lut  |        0|  10|   3|    17|   10|     1|          170|
    +---------------+--------------------+---------+----+----+------+-----+------+-------------+
    |Total          |                    |        0|  10|   3|    17|   10|     1|          170|
    +---------------+--------------------+---------+----+----+------+-----+------+-------------+

    * FIFO: 
    N/A

    * Expression: 
    +------------------------+----------+-------+---+----+------------+------------+
    |      Variable Name     | Operation| DSP48E| FF| LUT| Bitwidth P0| Bitwidth P1|
    +------------------------+----------+-------+---+----+------------+------------+
    |b_1_fu_336_p2           |     +    |      0|  0|  10|           2|           1|
    |c_1_fu_589_p2           |     +    |      0|  0|  10|           2|           1|
    |gx_1_fu_295_p2          |     +    |      0|  0|  13|           4|           1|
    |gy_1_fu_271_p2          |     +    |      0|  0|  13|           4|           1|
    |tmp_25_fu_595_p2        |     +    |      0|  0|  15|           5|           5|
    |tmp_27_fu_614_p2        |     +    |      0|  0|  12|           3|           3|
    |tmp_2_i_fu_500_p2       |     +    |      0|  0|  39|           4|          32|
    |tmp_54_fu_390_p2        |     +    |      0|  0|  71|          64|          64|
    |tmp_63_fu_604_p2        |     +    |      0|  0|  12|          12|          12|
    |tmp_s_fu_305_p2         |     +    |      0|  0|  15|           8|           8|
    |sel_tmp2_fu_535_p2      |    and   |      0|  0|   2|           1|           1|
    |exitcond1_fu_330_p2     |   icmp   |      0|  0|   9|           2|           3|
    |exitcond2_fu_289_p2     |   icmp   |      0|  0|  11|           4|           5|
    |exitcond3_fu_265_p2     |   icmp   |      0|  0|  11|           4|           5|
    |exitcond_fu_583_p2      |   icmp   |      0|  0|   8|           2|           2|
    |tmp_1_i_fu_495_p2       |   icmp   |      0|  0|  18|          32|           4|
    |tmp_i_fu_490_p2         |   icmp   |      0|  0|  18|          32|           5|
    |tmp_15_fu_410_p2        |    or    |      0|  0|   4|           4|           1|
    |tmp_17_fu_427_p2        |    or    |      0|  0|   4|           4|           2|
    |tmp_19_fu_473_p2        |    or    |      0|  0|   4|           4|           2|
    |tmp_1_fu_548_p2         |    or    |      0|  0|   2|           1|           1|
    |tmp_21_fu_368_p2        |    or    |      0|  0|   4|           4|           3|
    |tmp_24_fu_566_p2        |    or    |      0|  0|   4|           4|           3|
    |tmp_55_fu_451_p2        |    or    |      0|  0|  12|          12|           1|
    |tmp_56_fu_462_p2        |    or    |      0|  0|  12|          12|           2|
    |tmp_57_fu_510_p2        |    or    |      0|  0|  12|          12|           2|
    |tmp_58_fu_520_p2        |    or    |      0|  0|  12|          12|           3|
    |p_0_i_fu_553_p3         |  select  |      0|  0|  10|           1|          10|
    |sel_tmp_cast_fu_540_p3  |  select  |      0|  0|   6|           1|           6|
    |sel_tmp1_fu_530_p2      |    xor   |      0|  0|   2|           1|           2|
    +------------------------+----------+-------+---+----+------------+------------+
    |Total                   |          |      0|  0| 375|         257|         191|
    +------------------------+----------+-------+---+----+------------+------------+

    * Multiplexer: 
    +-------------------+----+-----------+-----+-----------+
    |        Name       | LUT| Input Size| Bits| Total Bits|
    +-------------------+----+-----------+-----+-----------+
    |ap_NS_fsm          |  47|         10|    1|         10|
    |b_reg_242          |   9|          2|    2|          4|
    |buf_det_address0   |  21|          4|   10|         40|
    |buf_det_address1   |  21|          4|   10|         40|
    |c_reg_254          |   9|          2|    2|          4|
    |gx_reg_231         |   9|          2|    4|          8|
    |gy_reg_220         |   9|          2|    4|          8|
    |output_r_address0  |  21|          4|   10|         40|
    |output_r_address1  |  21|          4|   10|         40|
    |output_r_d0        |  15|          3|   32|         96|
    |output_r_d1        |  15|          3|   32|         96|
    +-------------------+----+-----------+-----+-----------+
    |Total              | 197|         40|  117|        386|
    +-------------------+----+-----------+-----+-----------+

    * Register: 
    +------------------------+----+----+-----+-----------+
    |          Name          | FF | LUT| Bits| Const Bits|
    +------------------------+----+----+-----+-----------+
    |ap_CS_fsm               |   9|   0|    9|          0|
    |b_1_reg_670             |   2|   0|    2|          0|
    |b_reg_242               |   2|   0|    2|          0|
    |buf_det_load_4_reg_713  |  32|   0|   32|          0|
    |c_1_reg_760             |   2|   0|    2|          0|
    |c_cast_reg_752          |   2|   0|    3|          1|
    |c_reg_254               |   2|   0|    2|          0|
    |gx_1_reg_643            |   4|   0|    4|          0|
    |gx_reg_231              |   4|   0|    4|          0|
    |gy_1_reg_630            |   4|   0|    4|          0|
    |gy_reg_220              |   4|   0|    4|          0|
    |offset_reg_675          |   1|   0|    4|          3|
    |tmp_1_i_reg_737         |   1|   0|    1|          0|
    |tmp_24_cast_reg_747     |   1|   0|    5|          4|
    |tmp_34_reg_693          |  61|   0|   61|          0|
    |tmp_35_reg_698          |   9|   0|    9|          0|
    |tmp_52_reg_662          |   8|   0|   64|         56|
    |tmp_75_cast_reg_635     |   4|   0|    8|          4|
    |tmp_78_cast_reg_657     |   8|   0|   12|          4|
    |tmp_85_cast_reg_720     |   9|   0|   12|          3|
    |tmp_i_reg_731           |   1|   0|    1|          0|
    |tmp_s_reg_648           |   8|   0|    8|          0|
    +------------------------+----+----+-----+-----------+
    |Total                   | 178|   0|  253|         75|
    +------------------------+----+----+-----+-----------+



================================================================
== Interface
================================================================
* Summary: 
+-------------------+-----+-----+------------+--------------+--------------+
|     RTL Ports     | Dir | Bits|  Protocol  | Source Object|    C Type    |
+-------------------+-----+-----+------------+--------------+--------------+
|ap_clk             |  in |    1| ap_ctrl_hs |    decode    | return value |
|ap_rst             |  in |    1| ap_ctrl_hs |    decode    | return value |
|ap_start           |  in |    1| ap_ctrl_hs |    decode    | return value |
|ap_done            | out |    1| ap_ctrl_hs |    decode    | return value |
|ap_idle            | out |    1| ap_ctrl_hs |    decode    | return value |
|ap_ready           | out |    1| ap_ctrl_hs |    decode    | return value |
|output_r_address0  | out |   10|  ap_memory |   output_r   |     array    |
|output_r_ce0       | out |    1|  ap_memory |   output_r   |     array    |
|output_r_we0       | out |    1|  ap_memory |   output_r   |     array    |
|output_r_d0        | out |   32|  ap_memory |   output_r   |     array    |
|output_r_address1  | out |   10|  ap_memory |   output_r   |     array    |
|output_r_ce1       | out |    1|  ap_memory |   output_r   |     array    |
|output_r_we1       | out |    1|  ap_memory |   output_r   |     array    |
|output_r_d1        | out |   32|  ap_memory |   output_r   |     array    |
|buf_det_address0   | out |   10|  ap_memory |    buf_det   |     array    |
|buf_det_ce0        | out |    1|  ap_memory |    buf_det   |     array    |
|buf_det_q0         |  in |   32|  ap_memory |    buf_det   |     array    |
|buf_det_address1   | out |   10|  ap_memory |    buf_det   |     array    |
|buf_det_ce1        | out |    1|  ap_memory |    buf_det   |     array    |
|buf_det_q1         |  in |   32|  ap_memory |    buf_det   |     array    |
+-------------------+-----+-----+------------+--------------+--------------+

