

================================================================
== Vivado HLS Report for 'maxpool_layer1'
================================================================
* Date:           Sat Jun 20 22:52:19 2026

* Version:        2018.3 (Build 2405991 on Thu Dec 06 23:56:15 MST 2018)
* Project:        tinyyolo_lite
* Solution:       solution1_naive
* Product family: zynq
* Target device:  xc7z020clg484-1


================================================================
== Performance Estimates
================================================================
+ Timing (ns): 
    * Summary: 
    +--------+-------+----------+------------+
    |  Clock | Target| Estimated| Uncertainty|
    +--------+-------+----------+------------+
    |ap_clk  |  10.00|     6.705|        1.25|
    +--------+-------+----------+------------+

+ Latency (clock cycles): 
    * Summary: 
    +--------+--------+--------+--------+---------+
    |     Latency     |     Interval    | Pipeline|
    |   min  |   max  |   min  |   max  |   Type  |
    +--------+--------+--------+--------+---------+
    |  146585|  146585|  146585|  146585|   none  |
    +--------+--------+--------+--------+---------+

    + Detail: 
        * Instance: 
        N/A

        * Loop: 
        +-------------------+--------+--------+----------+-----------+-----------+------+----------+
        |                   |     Latency     | Iteration|  Initiation Interval  | Trip |          |
        |     Loop Name     |   min  |   max  |  Latency |  achieved |   target  | Count| Pipelined|
        +-------------------+--------+--------+----------+-----------+-----------+------+----------+
        |- Channel          |  146584|  146584|     18323|          -|          -|     8|    no    |
        | + Row             |   18321|   18321|       591|          -|          -|    31|    no    |
        |  ++ Col           |     589|     589|        19|          -|          -|    31|    no    |
        |   +++ POOL_ROW    |      16|      16|         8|          -|          -|     2|    no    |
        |    ++++ POOL_COL  |       6|       6|         3|          -|          -|     2|    no    |
        +-------------------+--------+--------+----------+-----------+-----------+------+----------+



================================================================
== Utilization Estimates
================================================================
* Summary: 
+-----------------+---------+-------+--------+-------+
|       Name      | BRAM_18K| DSP48E|   FF   |  LUT  |
+-----------------+---------+-------+--------+-------+
|DSP              |        -|      -|       -|      -|
|Expression       |        -|      -|       0|    336|
|FIFO             |        -|      -|       -|      -|
|Instance         |        -|      -|       -|      -|
|Memory           |        -|      -|       -|      -|
|Multiplexer      |        -|      -|       -|    125|
|Register         |        -|      -|     178|      -|
+-----------------+---------+-------+--------+-------+
|Total            |        0|      0|     178|    461|
+-----------------+---------+-------+--------+-------+
|Available        |      280|    220|  106400|  53200|
+-----------------+---------+-------+--------+-------+
|Utilization (%)  |        0|      0|   ~0   |   ~0  |
+-----------------+---------+-------+--------+-------+

+ Detail: 
    * Instance: 
    N/A

    * DSP48: 
    N/A

    * Memory: 
    N/A

    * FIFO: 
    N/A

    * Expression: 
    +------------------------------+----------+-------+---+----+------------+------------+
    |         Variable Name        | Operation| DSP48E| FF| LUT| Bitwidth P0| Bitwidth P1|
    +------------------------------+----------+-------+---+----+------------+------------+
    |ch_2_fu_202_p2                |     +    |      0|  0|  13|           4|           1|
    |out_col_2_fu_298_p2           |     +    |      0|  0|  15|           5|           1|
    |out_row_2_fu_222_p2           |     +    |      0|  0|  15|           5|           1|
    |pool_col_2_fu_454_p2          |     +    |      0|  0|  10|           2|           1|
    |pool_row_2_fu_376_p2          |     +    |      0|  0|  10|           2|           1|
    |tmp_1_fu_460_p2               |     +    |      0|  0|  15|           6|           6|
    |tmp_27_fu_316_p2              |     +    |      0|  0|  19|          14|          14|
    |tmp_32_fu_421_p2              |     +    |      0|  0|  13|          11|          11|
    |tmp_33_fu_434_p2              |     +    |      0|  0|  19|          14|          14|
    |tmp_37_fu_469_p2              |     +    |      0|  0|  17|          13|          13|
    |tmp_38_fu_482_p2              |     +    |      0|  0|  23|          16|          16|
    |tmp_8_fu_382_p2               |     +    |      0|  0|  15|           6|           6|
    |tmp_24_fu_260_p2              |     -    |      0|  0|  17|          13|          13|
    |tmp_26_fu_286_p2              |     -    |      0|  0|  13|          11|          11|
    |tmp_36_fu_411_p2              |     -    |      0|  0|  17|          13|          13|
    |exitcond1_fu_370_p2           |   icmp   |      0|  0|   9|           2|           3|
    |exitcond2_fu_292_p2           |   icmp   |      0|  0|  11|           5|           2|
    |exitcond3_fu_216_p2           |   icmp   |      0|  0|  11|           5|           2|
    |exitcond4_fu_196_p2           |   icmp   |      0|  0|  11|           4|           5|
    |exitcond_fu_448_p2            |   icmp   |      0|  0|   9|           2|           3|
    |tmp_3_fu_495_p2               |   icmp   |      0|  0|  18|          32|          32|
    |tmp_29_fu_333_p2              |    or    |      0|  0|   4|           1|           4|
    |value_0_maxvalue_1_fu_501_p3  |  select  |      0|  0|  32|           1|          32|
    +------------------------------+----------+-------+---+----+------------+------------+
    |Total                         |          |      0|  0| 336|         187|         205|
    +------------------------------+----------+-------+---+----+------------+------------+

    * Multiplexer: 
    +--------------------+----+-----------+-----+-----------+
    |        Name        | LUT| Input Size| Bits| Total Bits|
    +--------------------+----+-----------+-----+-----------+
    |ap_NS_fsm           |  47|         10|    1|         10|
    |buf_conv1_address0  |  15|          3|   15|         45|
    |ch_reg_116          |   9|          2|    4|          8|
    |maxvalue4_reg_151   |   9|          2|   32|         64|
    |maxvalue_1_reg_173  |   9|          2|   32|         64|
    |out_col_reg_139     |   9|          2|    5|         10|
    |out_row_reg_128     |   9|          2|    5|         10|
    |pool_col_reg_185    |   9|          2|    2|          4|
    |pool_row_reg_162    |   9|          2|    2|          4|
    +--------------------+----+-----------+-----+-----------+
    |Total               | 125|         27|   98|        219|
    +--------------------+----+-----------+-----+-----------+

    * Register: 
    +---------------------+----+----+-----+-----------+
    |         Name        | FF | LUT| Bits| Const Bits|
    +---------------------+----+----+-----+-----------+
    |ap_CS_fsm            |   9|   0|    9|          0|
    |ch_2_reg_512         |   4|   0|    4|          0|
    |ch_reg_116           |   4|   0|    4|          0|
    |in_col_reg_558       |   5|   0|    6|          1|
    |in_row_reg_535       |   5|   0|    6|          1|
    |maxvalue4_reg_151    |  32|   0|   32|          0|
    |maxvalue_1_reg_173   |  32|   0|   32|          0|
    |out_col_2_reg_553    |   5|   0|    5|          0|
    |out_col_reg_139      |   5|   0|    5|          0|
    |out_row_2_reg_530    |   5|   0|    5|          0|
    |out_row_reg_128      |   5|   0|    5|          0|
    |pool_col_2_reg_589   |   2|   0|    2|          0|
    |pool_col_reg_185     |   2|   0|    2|          0|
    |pool_row_2_reg_576   |   2|   0|    2|          0|
    |pool_row_reg_162     |   2|   0|    2|          0|
    |tmp_26_reg_545       |  11|   0|   11|          0|
    |tmp_33_cast_reg_540  |  12|   0|   14|          2|
    |tmp_36_reg_581       |  12|   0|   13|          1|
    |tmp_38_reg_594       |  16|   0|   16|          0|
    |tmp_cast5_reg_517    |   4|   0|   16|         12|
    |tmp_cast_reg_522     |   4|   0|   14|         10|
    +---------------------+----+----+-----+-----------+
    |Total                | 178|   0|  205|         27|
    +---------------------+----+----+-----+-----------+



================================================================
== Interface
================================================================
* Summary: 
+--------------------+-----+-----+------------+----------------+--------------+
|      RTL Ports     | Dir | Bits|  Protocol  |  Source Object |    C Type    |
+--------------------+-----+-----+------------+----------------+--------------+
|ap_clk              |  in |    1| ap_ctrl_hs | maxpool_layer1 | return value |
|ap_rst              |  in |    1| ap_ctrl_hs | maxpool_layer1 | return value |
|ap_start            |  in |    1| ap_ctrl_hs | maxpool_layer1 | return value |
|ap_done             | out |    1| ap_ctrl_hs | maxpool_layer1 | return value |
|ap_idle             | out |    1| ap_ctrl_hs | maxpool_layer1 | return value |
|ap_ready            | out |    1| ap_ctrl_hs | maxpool_layer1 | return value |
|output_r_address0   | out |   13|  ap_memory |    output_r    |     array    |
|output_r_ce0        | out |    1|  ap_memory |    output_r    |     array    |
|output_r_we0        | out |    1|  ap_memory |    output_r    |     array    |
|output_r_d0         | out |   32|  ap_memory |    output_r    |     array    |
|buf_conv1_address0  | out |   15|  ap_memory |    buf_conv1   |     array    |
|buf_conv1_ce0       | out |    1|  ap_memory |    buf_conv1   |     array    |
|buf_conv1_q0        |  in |   31|  ap_memory |    buf_conv1   |     array    |
+--------------------+-----+-----+------------+----------------+--------------+

