#-----------------------------------------------------------
# xsim v2018.3 (64-bit)
# SW Build 2405991 on Thu Dec  6 23:38:27 MST 2018
# IP Build 2404404 on Fri Dec  7 01:43:56 MST 2018
# Start of session at: Sun Jun 21 18:18:25 2026
# Process ID: 9820
# Current directory: E:/work_station/TinyYOLO_Lite/tinyyolo_lite/optimization_solution/sim/verilog
# Command line: xsim.exe -mode tcl -source {xsim.dir/tinyyolo_lite/xsim_script.tcl}
# Log file: E:/work_station/TinyYOLO_Lite/tinyyolo_lite/optimization_solution/sim/verilog/xsim.log
# Journal file: E:/work_station/TinyYOLO_Lite/tinyyolo_lite/optimization_solution/sim/verilog\xsim.jou
#-----------------------------------------------------------
source xsim.dir/tinyyolo_lite/xsim_script.tcl
# xsim {tinyyolo_lite} -autoloadwcfg -tclbatch {tinyyolo_lite.tcl}
Vivado Simulator 2018.3
Time resolution is 1 ps
source tinyyolo_lite.tcl
## run all
////////////////////////////////////////////////////////////////////////////////////
// Inter-Transaction Progress: Completed Transaction / Total Transaction
// Intra-Transaction Progress: Measured Latency / Latency Estimation * 100%
//
// RTL Simulation : "Inter-Transaction Progress" ["Intra-Transaction Progress"] @ "Simulation Time"
////////////////////////////////////////////////////////////////////////////////////
// RTL Simulation : 0 / 2 [0.00%] @ "125000"
// RTL Simulation : 1 / 2 [100.00%] @ "10486015000"
// RTL Simulation : 2 / 2 [100.00%] @ "20971895000"
////////////////////////////////////////////////////////////////////////////////////
$finish called at time : 20971935 ns : File "E:/work_station/TinyYOLO_Lite/tinyyolo_lite/optimization_solution/sim/verilog/tinyyolo_lite.autotb.v" Line 380
run: Time (s): cpu = 00:00:00 ; elapsed = 00:02:22 . Memory (MB): peak = 219.633 ; gain = 0.000
## quit
INFO: [Common 17-206] Exiting xsim at Sun Jun 21 18:20:54 2026...
