

================================================================
== Vivado HLS Report for 'conv_layer3'
================================================================
* Date:           Sun Jun 21 08:37:53 2026

* Version:        2018.3 (Build 2405991 on Thu Dec 06 23:56:15 MST 2018)
* Project:        tinyyolo_lite
* Solution:       optimization_solution
* Product family: zynq
* Target device:  xc7z020clg484-1


================================================================
== Performance Estimates
================================================================
+ Timing (ns): 
    * Summary: 
    +--------+-------+----------+------------+
    |  Clock | Target| Estimated| Uncertainty|
    +--------+-------+----------+------------+
    |ap_clk  |  10.00|     8.742|        1.25|
    +--------+-------+----------+------------+

+ Latency (clock cycles): 
    * Summary: 
    +--------+--------+--------+--------+---------+
    |     Latency     |     Interval    | Pipeline|
    |   min  |   max  |   min  |   max  |   Type  |
    +--------+--------+--------+--------+---------+
    |  138248|  138248|  138248|  138248|   none  |
    +--------+--------+--------+--------+---------+

    + Detail: 
        * Instance: 
        N/A

        * Loop: 
        +-----------------------------+--------+--------+----------+-----------+-----------+------+----------+
        |                             |     Latency     | Iteration|  Initiation Interval  | Trip |          |
        |          Loop Name          |   min  |   max  |  Latency |  achieved |   target  | Count| Pipelined|
        +-----------------------------+--------+--------+----------+-----------+-----------+------+----------+
        |- LOOP_ROW_LOOP_COL_LOOP_OC  |  138247|  138247|        30|          -|          -|  4608|    no    |
        | + LOOP_KR_LOOP_KC           |      13|      13|         6|          1|          1|     9|    yes   |
        +-----------------------------+--------+--------+----------+-----------+-----------+------+----------+

============================================================
+ Verbose Summary: Synthesis Manager
============================================================
InlineROM: 1
ExposeGlobal: 0
============================================================
+ Verbose Summary: CDFG Model
============================================================
IsTopModel: 0
ResetActiveHigh: 1
IsCombinational: 0
IsDatapathOnly: 0
HasWiredReturn: 1
HasMFsm: 0
HasVarLatency: 1
IsPipeline: 0
IsRtlPipelined: 0
IsInstanceOverlapped: 0
IsDontTouch: 0
HasImplIP: 0
IsGatedGlobalClock: 0

+ Individual pipeline summary: 
  * Pipeline-0: initiation interval (II) = 1, depth = 6


============================================================
+ Verbose Summary: Schedule
============================================================
* Number of FSM states : 23
* Pipeline : 1
  Pipeline-0 : II = 1, D = 6, States = { 17 18 19 20 21 22 }
* Dataflow Pipeline: 0

* FSM state transitions: 
1 --> 
	2  / true
2 --> 
	3  / true
3 --> 
	4  / true
4 --> 
	5  / true
5 --> 
	6  / true
6 --> 
	7  / true
7 --> 
	8  / true
8 --> 
	9  / true
9 --> 
	10  / (!exitcond_flatten4)
10 --> 
	11  / true
11 --> 
	12  / true
12 --> 
	13  / true
13 --> 
	14  / true
14 --> 
	15  / true
15 --> 
	16  / true
16 --> 
	17  / true
17 --> 
	23  / (exitcond_flatten)
	18  / (!exitcond_flatten)
18 --> 
	19  / true
19 --> 
	20  / true
20 --> 
	21  / true
21 --> 
	22  / true
22 --> 
	17  / true
23 --> 
	2  / true

* FSM state operations: 

State 1 <SV = 0> <Delay = 1.76>
ST_1 : Operation 24 [1/1] (1.76ns)   --->   "br label %1" [conv_relu3.c:16]   --->   Operation 24 'br' <Predicate = true> <Delay = 1.76>

State 2 <SV = 1> <Delay = 2.94>
ST_2 : Operation 25 [1/1] (0.00ns)   --->   "%col = phi i4 [ 0, %0 ], [ %col_mid2, %4 ]" [conv_relu3.c:20]   --->   Operation 25 'phi' 'col' <Predicate = true> <Delay = 0.00>
ST_2 : Operation 26 [8/8] (2.94ns)   --->   "%arrayNo = urem i4 %col, 5" [conv_relu3.c:33]   --->   Operation 26 'urem' 'arrayNo' <Predicate = true> <Delay = 2.94> <Core = "DivnS_SEQ">   --->   Core 24 'DivnS_SEQ' <Latency = 7> <II = 3> <Delay = 2.94> <FuncUnit> <Opcode : 'sdiv' 'srem' 'udiv' 'urem'> <InPorts = 2> <OutPorts = 1>

State 3 <SV = 2> <Delay = 2.94>
ST_3 : Operation 27 [7/8] (2.94ns)   --->   "%arrayNo = urem i4 %col, 5" [conv_relu3.c:33]   --->   Operation 27 'urem' 'arrayNo' <Predicate = true> <Delay = 2.94> <Core = "DivnS_SEQ">   --->   Core 24 'DivnS_SEQ' <Latency = 7> <II = 3> <Delay = 2.94> <FuncUnit> <Opcode : 'sdiv' 'srem' 'udiv' 'urem'> <InPorts = 2> <OutPorts = 1>

State 4 <SV = 3> <Delay = 2.94>
ST_4 : Operation 28 [6/8] (2.94ns)   --->   "%arrayNo = urem i4 %col, 5" [conv_relu3.c:33]   --->   Operation 28 'urem' 'arrayNo' <Predicate = true> <Delay = 2.94> <Core = "DivnS_SEQ">   --->   Core 24 'DivnS_SEQ' <Latency = 7> <II = 3> <Delay = 2.94> <FuncUnit> <Opcode : 'sdiv' 'srem' 'udiv' 'urem'> <InPorts = 2> <OutPorts = 1>

State 5 <SV = 4> <Delay = 2.94>
ST_5 : Operation 29 [5/8] (2.94ns)   --->   "%arrayNo = urem i4 %col, 5" [conv_relu3.c:33]   --->   Operation 29 'urem' 'arrayNo' <Predicate = true> <Delay = 2.94> <Core = "DivnS_SEQ">   --->   Core 24 'DivnS_SEQ' <Latency = 7> <II = 3> <Delay = 2.94> <FuncUnit> <Opcode : 'sdiv' 'srem' 'udiv' 'urem'> <InPorts = 2> <OutPorts = 1>

State 6 <SV = 5> <Delay = 2.94>
ST_6 : Operation 30 [4/8] (2.94ns)   --->   "%arrayNo = urem i4 %col, 5" [conv_relu3.c:33]   --->   Operation 30 'urem' 'arrayNo' <Predicate = true> <Delay = 2.94> <Core = "DivnS_SEQ">   --->   Core 24 'DivnS_SEQ' <Latency = 7> <II = 3> <Delay = 2.94> <FuncUnit> <Opcode : 'sdiv' 'srem' 'udiv' 'urem'> <InPorts = 2> <OutPorts = 1>

State 7 <SV = 6> <Delay = 2.94>
ST_7 : Operation 31 [3/8] (2.94ns)   --->   "%arrayNo = urem i4 %col, 5" [conv_relu3.c:33]   --->   Operation 31 'urem' 'arrayNo' <Predicate = true> <Delay = 2.94> <Core = "DivnS_SEQ">   --->   Core 24 'DivnS_SEQ' <Latency = 7> <II = 3> <Delay = 2.94> <FuncUnit> <Opcode : 'sdiv' 'srem' 'udiv' 'urem'> <InPorts = 2> <OutPorts = 1>

State 8 <SV = 7> <Delay = 2.94>
ST_8 : Operation 32 [2/8] (2.94ns)   --->   "%arrayNo = urem i4 %col, 5" [conv_relu3.c:33]   --->   Operation 32 'urem' 'arrayNo' <Predicate = true> <Delay = 2.94> <Core = "DivnS_SEQ">   --->   Core 24 'DivnS_SEQ' <Latency = 7> <II = 3> <Delay = 2.94> <FuncUnit> <Opcode : 'sdiv' 'srem' 'udiv' 'urem'> <InPorts = 2> <OutPorts = 1>

State 9 <SV = 8> <Delay = 7.47>
ST_9 : Operation 33 [1/1] (0.00ns)   --->   "%indvar_flatten4 = phi i13 [ 0, %0 ], [ %indvar_flatten_next4, %4 ]"   --->   Operation 33 'phi' 'indvar_flatten4' <Predicate = true> <Delay = 0.00>
ST_9 : Operation 34 [1/1] (0.00ns)   --->   "%row = phi i4 [ 0, %0 ], [ %tmp_mid2_v, %4 ]" [conv_relu3.c:33]   --->   Operation 34 'phi' 'row' <Predicate = true> <Delay = 0.00>
ST_9 : Operation 35 [1/1] (0.00ns)   --->   "%indvar_flatten7 = phi i10 [ 0, %0 ], [ %indvar_flatten_next8, %4 ]"   --->   Operation 35 'phi' 'indvar_flatten7' <Predicate = true> <Delay = 0.00>
ST_9 : Operation 36 [1/1] (0.00ns)   --->   "%oc = phi i6 [ 0, %0 ], [ %oc_2, %4 ]"   --->   Operation 36 'phi' 'oc' <Predicate = true> <Delay = 0.00>
ST_9 : Operation 37 [1/8] (2.94ns)   --->   "%arrayNo = urem i4 %col, 5" [conv_relu3.c:33]   --->   Operation 37 'urem' 'arrayNo' <Predicate = true> <Delay = 2.94> <Core = "DivnS_SEQ">   --->   Core 24 'DivnS_SEQ' <Latency = 7> <II = 3> <Delay = 2.94> <FuncUnit> <Opcode : 'sdiv' 'srem' 'udiv' 'urem'> <InPorts = 2> <OutPorts = 1>
ST_9 : Operation 38 [1/1] (0.00ns)   --->   "%tmp_65 = trunc i4 %arrayNo to i3" [conv_relu3.c:33]   --->   Operation 38 'trunc' 'tmp_65' <Predicate = true> <Delay = 0.00>
ST_9 : Operation 39 [1/1] (0.00ns)   --->   "%zext_cast = zext i4 %col to i10" [conv_relu3.c:33]   --->   Operation 39 'zext' 'zext_cast' <Predicate = true> <Delay = 0.00>
ST_9 : Operation 40 [1/1] (3.78ns)   --->   "%mul = mul i10 26, %zext_cast" [conv_relu3.c:33]   --->   Operation 40 'mul' 'mul' <Predicate = true> <Delay = 3.78> <Core = "Mul">   --->   Core 16 'Mul' <Latency = 0> <II = 1> <Delay = 3.78> <FuncUnit> <Opcode : 'mul'> <InPorts = 2> <OutPorts = 1>
ST_9 : Operation 41 [1/1] (0.00ns)   --->   "%tmp_66 = call i3 @_ssdm_op_PartSelect.i3.i10.i32.i32(i10 %mul, i32 7, i32 9)" [conv_relu3.c:33]   --->   Operation 41 'partselect' 'tmp_66' <Predicate = true> <Delay = 0.00>
ST_9 : Operation 42 [1/1] (0.00ns)   --->   "%newIndex = sext i3 %tmp_66 to i4" [conv_relu3.c:33]   --->   Operation 42 'sext' 'newIndex' <Predicate = true> <Delay = 0.00>
ST_9 : Operation 43 [1/1] (2.09ns)   --->   "%exitcond_flatten4 = icmp eq i13 %indvar_flatten4, -3584"   --->   Operation 43 'icmp' 'exitcond_flatten4' <Predicate = true> <Delay = 2.09> <Core = "Cmp">   --->   Core 25 'Cmp' <Latency = 0> <II = 1> <Delay = 2.47> <FuncUnit> <Opcode : 'icmp'> <InPorts = 2> <OutPorts = 1>
ST_9 : Operation 44 [1/1] (0.00ns)   --->   "%empty = call i32 (...)* @_ssdm_op_SpecLoopTripCount(i64 4608, i64 4608, i64 4608)"   --->   Operation 44 'speclooptripcount' 'empty' <Predicate = true> <Delay = 0.00>
ST_9 : Operation 45 [1/1] (1.67ns)   --->   "%indvar_flatten_next4 = add i13 1, %indvar_flatten4"   --->   Operation 45 'add' 'indvar_flatten_next4' <Predicate = true> <Delay = 1.67> <Core = "AddSub">   --->   Core 14 'AddSub' <Latency = 0> <II = 1> <Delay = 1.73> <FuncUnit> <Opcode : 'add' 'sub'> <InPorts = 2> <OutPorts = 1>
ST_9 : Operation 46 [1/1] (0.00ns)   --->   "br i1 %exitcond_flatten4, label %5, label %.reset14"   --->   Operation 46 'br' <Predicate = true> <Delay = 0.00>
ST_9 : Operation 47 [1/1] (1.77ns)   --->   "%exitcond_flatten2 = icmp eq i10 %indvar_flatten7, 384"   --->   Operation 47 'icmp' 'exitcond_flatten2' <Predicate = (!exitcond_flatten4)> <Delay = 1.77> <Core = "Cmp">   --->   Core 25 'Cmp' <Latency = 0> <II = 1> <Delay = 2.47> <FuncUnit> <Opcode : 'icmp'> <InPorts = 2> <OutPorts = 1>
ST_9 : Operation 48 [1/1] (1.02ns)   --->   "%col_mid = select i1 %exitcond_flatten2, i4 0, i4 %col" [conv_relu3.c:20]   --->   Operation 48 'select' 'col_mid' <Predicate = (!exitcond_flatten4)> <Delay = 1.02> <Core = "Sel">   --->   Core 26 'Sel' <Latency = 0> <II = 1> <Delay = 0.68> <FuncUnit> <Opcode : 'select'> <InPorts = 3> <OutPorts = 1>
ST_9 : Operation 49 [1/1] (0.00ns) (grouped into LUT with out node exitcond3_mid)   --->   "%not_exitcond_flatten = xor i1 %exitcond_flatten2, true" [conv_relu3.c:20]   --->   Operation 49 'xor' 'not_exitcond_flatten' <Predicate = (!exitcond_flatten4)> <Delay = 0.00> <Core = "LogicGate">   --->   Core 27 'LogicGate' <Latency = 0> <II = 1> <Delay = 0.97> <FuncUnit> <Opcode : 'and' 'or' 'xor'> <InPorts = 2> <OutPorts = 1>
ST_9 : Operation 50 [1/1] (1.42ns)   --->   "%exitcond = icmp eq i6 %oc, -32" [conv_relu3.c:20]   --->   Operation 50 'icmp' 'exitcond' <Predicate = (!exitcond_flatten4)> <Delay = 1.42> <Core = "Cmp">   --->   Core 25 'Cmp' <Latency = 0> <II = 1> <Delay = 2.47> <FuncUnit> <Opcode : 'icmp'> <InPorts = 2> <OutPorts = 1>
ST_9 : Operation 51 [1/1] (0.97ns) (out node of the LUT)   --->   "%exitcond3_mid = and i1 %exitcond, %not_exitcond_flatten" [conv_relu3.c:20]   --->   Operation 51 'and' 'exitcond3_mid' <Predicate = (!exitcond_flatten4)> <Delay = 0.97> <Core = "LogicGate">   --->   Core 27 'LogicGate' <Latency = 0> <II = 1> <Delay = 0.97> <FuncUnit> <Opcode : 'and' 'or' 'xor'> <InPorts = 2> <OutPorts = 1>
ST_9 : Operation 52 [1/1] (1.73ns)   --->   "%col_1 = add i4 1, %col_mid" [conv_relu3.c:18]   --->   Operation 52 'add' 'col_1' <Predicate = (!exitcond_flatten4)> <Delay = 1.73> <Core = "AddSub">   --->   Core 14 'AddSub' <Latency = 0> <II = 1> <Delay = 1.73> <FuncUnit> <Opcode : 'add' 'sub'> <InPorts = 2> <OutPorts = 1>
ST_9 : Operation 53 [8/8] (2.94ns)   --->   "%arrayNo_mid1 = urem i4 %col_1, 5" [conv_relu3.c:33]   --->   Operation 53 'urem' 'arrayNo_mid1' <Predicate = (!exitcond_flatten4)> <Delay = 2.94> <Core = "DivnS_SEQ">   --->   Core 24 'DivnS_SEQ' <Latency = 7> <II = 3> <Delay = 2.94> <FuncUnit> <Opcode : 'sdiv' 'srem' 'udiv' 'urem'> <InPorts = 2> <OutPorts = 1>
ST_9 : Operation 54 [1/1] (0.00ns)   --->   "ret void" [conv_relu3.c:37]   --->   Operation 54 'ret' <Predicate = (exitcond_flatten4)> <Delay = 0.00>

State 10 <SV = 9> <Delay = 4.76>
ST_10 : Operation 55 [1/1] (0.00ns) (grouped into LUT with out node newIndex1_mid2)   --->   "%newIndex1_mid = select i1 %exitcond_flatten2, i4 0, i4 %newIndex" [conv_relu3.c:33]   --->   Operation 55 'select' 'newIndex1_mid' <Predicate = (!exitcond3_mid)> <Delay = 0.00> <Core = "Sel">   --->   Core 26 'Sel' <Latency = 0> <II = 1> <Delay = 0.68> <FuncUnit> <Opcode : 'select'> <InPorts = 3> <OutPorts = 1>
ST_10 : Operation 56 [7/8] (2.94ns)   --->   "%arrayNo_mid1 = urem i4 %col_1, 5" [conv_relu3.c:33]   --->   Operation 56 'urem' 'arrayNo_mid1' <Predicate = true> <Delay = 2.94> <Core = "DivnS_SEQ">   --->   Core 24 'DivnS_SEQ' <Latency = 7> <II = 3> <Delay = 2.94> <FuncUnit> <Opcode : 'sdiv' 'srem' 'udiv' 'urem'> <InPorts = 2> <OutPorts = 1>
ST_10 : Operation 57 [1/1] (0.00ns)   --->   "%zext1_cast = zext i4 %col_1 to i10" [conv_relu3.c:33]   --->   Operation 57 'zext' 'zext1_cast' <Predicate = (exitcond3_mid)> <Delay = 0.00>
ST_10 : Operation 58 [1/1] (3.78ns)   --->   "%mul2 = mul i10 26, %zext1_cast" [conv_relu3.c:33]   --->   Operation 58 'mul' 'mul2' <Predicate = (exitcond3_mid)> <Delay = 3.78> <Core = "Mul">   --->   Core 16 'Mul' <Latency = 0> <II = 1> <Delay = 3.78> <FuncUnit> <Opcode : 'mul'> <InPorts = 2> <OutPorts = 1>
ST_10 : Operation 59 [1/1] (0.00ns) (grouped into LUT with out node newIndex1_mid2)   --->   "%tmp_68 = call i3 @_ssdm_op_PartSelect.i3.i10.i32.i32(i10 %mul2, i32 7, i32 9)" [conv_relu3.c:33]   --->   Operation 59 'partselect' 'tmp_68' <Predicate = (exitcond3_mid)> <Delay = 0.00>
ST_10 : Operation 60 [1/1] (0.00ns) (grouped into LUT with out node newIndex1_mid2)   --->   "%newIndex_mid1 = sext i3 %tmp_68 to i4" [conv_relu3.c:33]   --->   Operation 60 'sext' 'newIndex_mid1' <Predicate = (exitcond3_mid)> <Delay = 0.00>
ST_10 : Operation 61 [1/1] (0.98ns) (out node of the LUT)   --->   "%newIndex1_mid2 = select i1 %exitcond3_mid, i4 %newIndex_mid1, i4 %newIndex1_mid" [conv_relu3.c:33]   --->   Operation 61 'select' 'newIndex1_mid2' <Predicate = true> <Delay = 0.98> <Core = "Sel">   --->   Core 26 'Sel' <Latency = 0> <II = 1> <Delay = 0.68> <FuncUnit> <Opcode : 'select'> <InPorts = 3> <OutPorts = 1>
ST_10 : Operation 62 [1/1] (1.02ns)   --->   "%col_mid2 = select i1 %exitcond3_mid, i4 %col_1, i4 %col_mid" [conv_relu3.c:20]   --->   Operation 62 'select' 'col_mid2' <Predicate = true> <Delay = 1.02> <Core = "Sel">   --->   Core 26 'Sel' <Latency = 0> <II = 1> <Delay = 0.68> <FuncUnit> <Opcode : 'select'> <InPorts = 3> <OutPorts = 1>

State 11 <SV = 10> <Delay = 2.94>
ST_11 : Operation 63 [6/8] (2.94ns)   --->   "%arrayNo_mid1 = urem i4 %col_1, 5" [conv_relu3.c:33]   --->   Operation 63 'urem' 'arrayNo_mid1' <Predicate = true> <Delay = 2.94> <Core = "DivnS_SEQ">   --->   Core 24 'DivnS_SEQ' <Latency = 7> <II = 3> <Delay = 2.94> <FuncUnit> <Opcode : 'sdiv' 'srem' 'udiv' 'urem'> <InPorts = 2> <OutPorts = 1>

State 12 <SV = 11> <Delay = 2.94>
ST_12 : Operation 64 [5/8] (2.94ns)   --->   "%arrayNo_mid1 = urem i4 %col_1, 5" [conv_relu3.c:33]   --->   Operation 64 'urem' 'arrayNo_mid1' <Predicate = true> <Delay = 2.94> <Core = "DivnS_SEQ">   --->   Core 24 'DivnS_SEQ' <Latency = 7> <II = 3> <Delay = 2.94> <FuncUnit> <Opcode : 'sdiv' 'srem' 'udiv' 'urem'> <InPorts = 2> <OutPorts = 1>

State 13 <SV = 12> <Delay = 2.94>
ST_13 : Operation 65 [4/8] (2.94ns)   --->   "%arrayNo_mid1 = urem i4 %col_1, 5" [conv_relu3.c:33]   --->   Operation 65 'urem' 'arrayNo_mid1' <Predicate = true> <Delay = 2.94> <Core = "DivnS_SEQ">   --->   Core 24 'DivnS_SEQ' <Latency = 7> <II = 3> <Delay = 2.94> <FuncUnit> <Opcode : 'sdiv' 'srem' 'udiv' 'urem'> <InPorts = 2> <OutPorts = 1>

State 14 <SV = 13> <Delay = 2.94>
ST_14 : Operation 66 [3/8] (2.94ns)   --->   "%arrayNo_mid1 = urem i4 %col_1, 5" [conv_relu3.c:33]   --->   Operation 66 'urem' 'arrayNo_mid1' <Predicate = true> <Delay = 2.94> <Core = "DivnS_SEQ">   --->   Core 24 'DivnS_SEQ' <Latency = 7> <II = 3> <Delay = 2.94> <FuncUnit> <Opcode : 'sdiv' 'srem' 'udiv' 'urem'> <InPorts = 2> <OutPorts = 1>

State 15 <SV = 14> <Delay = 2.94>
ST_15 : Operation 67 [2/8] (2.94ns)   --->   "%arrayNo_mid1 = urem i4 %col_1, 5" [conv_relu3.c:33]   --->   Operation 67 'urem' 'arrayNo_mid1' <Predicate = true> <Delay = 2.94> <Core = "DivnS_SEQ">   --->   Core 24 'DivnS_SEQ' <Latency = 7> <II = 3> <Delay = 2.94> <FuncUnit> <Opcode : 'sdiv' 'srem' 'udiv' 'urem'> <InPorts = 2> <OutPorts = 1>

State 16 <SV = 15> <Delay = 7.88>
ST_16 : Operation 68 [1/1] (1.73ns)   --->   "%row_1 = add i4 1, %row" [conv_relu3.c:16]   --->   Operation 68 'add' 'row_1' <Predicate = (exitcond_flatten2)> <Delay = 1.73> <Core = "AddSub">   --->   Core 14 'AddSub' <Latency = 0> <II = 1> <Delay = 1.73> <FuncUnit> <Opcode : 'add' 'sub'> <InPorts = 2> <OutPorts = 1>
ST_16 : Operation 69 [1/1] (0.00ns)   --->   "call void (...)* @_ssdm_op_SpecLoopName([26 x i8]* @LOOP_ROW_LOOP_COL_LO)"   --->   Operation 69 'specloopname' <Predicate = true> <Delay = 0.00>
ST_16 : Operation 70 [1/1] (1.02ns)   --->   "%tmp_mid2_v = select i1 %exitcond_flatten2, i4 %row_1, i4 %row" [conv_relu3.c:33]   --->   Operation 70 'select' 'tmp_mid2_v' <Predicate = true> <Delay = 1.02> <Core = "Sel">   --->   Core 26 'Sel' <Latency = 0> <II = 1> <Delay = 0.68> <FuncUnit> <Opcode : 'select'> <InPorts = 3> <OutPorts = 1>
ST_16 : Operation 71 [1/1] (0.00ns)   --->   "%tmp_mid2_cast = zext i4 %tmp_mid2_v to i7" [conv_relu3.c:33]   --->   Operation 71 'zext' 'tmp_mid2_cast' <Predicate = true> <Delay = 0.00>
ST_16 : Operation 72 [1/1] (0.00ns)   --->   "%tmp = call i6 @_ssdm_op_BitConcatenate.i6.i4.i2(i4 %tmp_mid2_v, i2 0)" [conv_relu3.c:33]   --->   Operation 72 'bitconcatenate' 'tmp' <Predicate = true> <Delay = 0.00>
ST_16 : Operation 73 [1/1] (0.00ns)   --->   "%p_shl_cast = zext i6 %tmp to i7" [conv_relu3.c:33]   --->   Operation 73 'zext' 'p_shl_cast' <Predicate = true> <Delay = 0.00>
ST_16 : Operation 74 [1/1] (0.00ns) (grouped into TernaryAdder)   --->   "%tmp_s = sub i7 %p_shl_cast, %tmp_mid2_cast" [conv_relu3.c:33]   --->   Operation 74 'sub' 'tmp_s' <Predicate = true> <Delay = 0.00> <Core = "TAddSub">   --->   Core 84 'TAddSub' <Latency = 0> <II = 1> <Delay = 1.79> <IPBlock> <Opcode : 'add' 'sub'> <InPorts = 3> <OutPorts = 1> <Sync> <CReg>
ST_16 : Operation 75 [1/1] (0.00ns)   --->   "%tmp_96 = call i5 @_ssdm_op_BitConcatenate.i5.i4.i1(i4 %tmp_mid2_v, i1 false)" [conv_relu3.c:33]   --->   Operation 75 'bitconcatenate' 'tmp_96' <Predicate = true> <Delay = 0.00>
ST_16 : Operation 76 [1/1] (0.00ns)   --->   "%tmp_135_cast = zext i5 %tmp_96 to i6" [conv_relu3.c:33]   --->   Operation 76 'zext' 'tmp_135_cast' <Predicate = true> <Delay = 0.00>
ST_16 : Operation 77 [1/1] (0.00ns) (grouped into LUT with out node arrayNo_mid2)   --->   "%arrayNo_mid = select i1 %exitcond_flatten2, i3 0, i3 %tmp_65" [conv_relu3.c:33]   --->   Operation 77 'select' 'arrayNo_mid' <Predicate = (!exitcond3_mid)> <Delay = 0.00> <Core = "Sel">   --->   Core 26 'Sel' <Latency = 0> <II = 1> <Delay = 0.68> <FuncUnit> <Opcode : 'select'> <InPorts = 3> <OutPorts = 1>
ST_16 : Operation 78 [1/1] (0.00ns)   --->   "call void (...)* @_ssdm_op_SpecLoopName([17 x i8]* @LOOP_COL_LOOP_OC_str)"   --->   Operation 78 'specloopname' <Predicate = true> <Delay = 0.00>
ST_16 : Operation 79 [1/1] (0.00ns) (grouped into LUT with out node oc_mid2)   --->   "%tmp_97 = or i1 %exitcond3_mid, %exitcond_flatten2" [conv_relu3.c:20]   --->   Operation 79 'or' 'tmp_97' <Predicate = true> <Delay = 0.00> <Core = "LogicGate">   --->   Core 27 'LogicGate' <Latency = 0> <II = 1> <Delay = 0.97> <FuncUnit> <Opcode : 'and' 'or' 'xor'> <InPorts = 2> <OutPorts = 1>
ST_16 : Operation 80 [1/1] (1.18ns) (out node of the LUT)   --->   "%oc_mid2 = select i1 %tmp_97, i6 0, i6 %oc" [conv_relu3.c:20]   --->   Operation 80 'select' 'oc_mid2' <Predicate = true> <Delay = 1.18> <Core = "Sel">   --->   Core 26 'Sel' <Latency = 0> <II = 1> <Delay = 0.68> <FuncUnit> <Opcode : 'select'> <InPorts = 3> <OutPorts = 1>
ST_16 : Operation 81 [1/8] (2.94ns)   --->   "%arrayNo_mid1 = urem i4 %col_1, 5" [conv_relu3.c:33]   --->   Operation 81 'urem' 'arrayNo_mid1' <Predicate = true> <Delay = 2.94> <Core = "DivnS_SEQ">   --->   Core 24 'DivnS_SEQ' <Latency = 7> <II = 3> <Delay = 2.94> <FuncUnit> <Opcode : 'sdiv' 'srem' 'udiv' 'urem'> <InPorts = 2> <OutPorts = 1>
ST_16 : Operation 82 [1/1] (0.00ns) (grouped into LUT with out node arrayNo_mid2)   --->   "%tmp_67 = trunc i4 %arrayNo_mid1 to i3" [conv_relu3.c:33]   --->   Operation 82 'trunc' 'tmp_67' <Predicate = (exitcond3_mid)> <Delay = 0.00>
ST_16 : Operation 83 [1/1] (0.98ns) (out node of the LUT)   --->   "%arrayNo_mid2 = select i1 %exitcond3_mid, i3 %tmp_67, i3 %arrayNo_mid" [conv_relu3.c:33]   --->   Operation 83 'select' 'arrayNo_mid2' <Predicate = true> <Delay = 0.98> <Core = "Sel">   --->   Core 26 'Sel' <Latency = 0> <II = 1> <Delay = 0.68> <FuncUnit> <Opcode : 'select'> <InPorts = 3> <OutPorts = 1>
ST_16 : Operation 84 [1/1] (0.00ns)   --->   "%newIndex1_mid2_cast1 = zext i4 %newIndex1_mid2 to i6" [conv_relu3.c:33]   --->   Operation 84 'zext' 'newIndex1_mid2_cast1' <Predicate = true> <Delay = 0.00>
ST_16 : Operation 85 [1/1] (0.00ns)   --->   "%newIndex1_mid2_cast = zext i4 %newIndex1_mid2 to i7" [conv_relu3.c:33]   --->   Operation 85 'zext' 'newIndex1_mid2_cast' <Predicate = true> <Delay = 0.00>
ST_16 : Operation 86 [1/1] (3.58ns) (root node of TernaryAdder)   --->   "%tmp_98 = add i7 %newIndex1_mid2_cast, %tmp_s" [conv_relu3.c:33]   --->   Operation 86 'add' 'tmp_98' <Predicate = true> <Delay = 3.58> <Core = "TAddSub">   --->   Core 84 'TAddSub' <Latency = 0> <II = 1> <Delay = 1.79> <IPBlock> <Opcode : 'add' 'sub'> <InPorts = 3> <OutPorts = 1> <Sync> <CReg>
ST_16 : Operation 87 [1/1] (0.00ns)   --->   "%tmp_139_cast = call i12 @_ssdm_op_BitConcatenate.i12.i7.i5(i7 %tmp_98, i5 0)" [conv_relu3.c:33]   --->   Operation 87 'bitconcatenate' 'tmp_139_cast' <Predicate = true> <Delay = 0.00>
ST_16 : Operation 88 [1/1] (1.78ns)   --->   "%tmp_99 = add i6 %newIndex1_mid2_cast1, %tmp_135_cast" [conv_relu3.c:33]   --->   Operation 88 'add' 'tmp_99' <Predicate = true> <Delay = 1.78> <Core = "AddSub">   --->   Core 14 'AddSub' <Latency = 0> <II = 1> <Delay = 1.73> <FuncUnit> <Opcode : 'add' 'sub'> <InPorts = 2> <OutPorts = 1>
ST_16 : Operation 89 [1/1] (0.00ns)   --->   "%tmp_142_cast = call i11 @_ssdm_op_BitConcatenate.i11.i6.i5(i6 %tmp_99, i5 0)" [conv_relu3.c:33]   --->   Operation 89 'bitconcatenate' 'tmp_142_cast' <Predicate = true> <Delay = 0.00>
ST_16 : Operation 90 [1/1] (0.00ns)   --->   "call void (...)* @_ssdm_op_SpecLoopName([8 x i8]* @p_str420) nounwind" [conv_relu3.c:20]   --->   Operation 90 'specloopname' <Predicate = true> <Delay = 0.00>
ST_16 : Operation 91 [1/1] (0.00ns)   --->   "%tmp_15 = call i32 (...)* @_ssdm_op_SpecRegionBegin([8 x i8]* @p_str420)" [conv_relu3.c:20]   --->   Operation 91 'specregionbegin' 'tmp_15' <Predicate = true> <Delay = 0.00>
ST_16 : Operation 92 [1/1] (0.00ns)   --->   "%tmp_cast1 = zext i6 %oc_mid2 to i10" [conv_relu3.c:33]   --->   Operation 92 'zext' 'tmp_cast1' <Predicate = true> <Delay = 0.00>
ST_16 : Operation 93 [1/1] (0.00ns)   --->   "%tmp_cast2 = zext i6 %oc_mid2 to i11" [conv_relu3.c:33]   --->   Operation 93 'zext' 'tmp_cast2' <Predicate = true> <Delay = 0.00>
ST_16 : Operation 94 [1/1] (0.00ns)   --->   "%tmp_cast = zext i6 %oc_mid2 to i12" [conv_relu3.c:33]   --->   Operation 94 'zext' 'tmp_cast' <Predicate = true> <Delay = 0.00>
ST_16 : Operation 95 [1/1] (1.54ns)   --->   "%tmp_100 = add i12 %tmp_cast, %tmp_139_cast" [conv_relu3.c:33]   --->   Operation 95 'add' 'tmp_100' <Predicate = true> <Delay = 1.54> <Core = "AddSub">   --->   Core 14 'AddSub' <Latency = 0> <II = 1> <Delay = 1.73> <FuncUnit> <Opcode : 'add' 'sub'> <InPorts = 2> <OutPorts = 1>
ST_16 : Operation 96 [1/1] (0.00ns)   --->   "%tmp_143_cast = zext i12 %tmp_100 to i64" [conv_relu3.c:33]   --->   Operation 96 'zext' 'tmp_143_cast' <Predicate = true> <Delay = 0.00>
ST_16 : Operation 97 [1/1] (0.00ns)   --->   "%output_0_addr = getelementptr [1152 x i31]* %output_0, i64 0, i64 %tmp_143_cast" [conv_relu3.c:33]   --->   Operation 97 'getelementptr' 'output_0_addr' <Predicate = true> <Delay = 0.00>
ST_16 : Operation 98 [1/1] (0.00ns)   --->   "%output_1_addr = getelementptr [1152 x i31]* %output_1, i64 0, i64 %tmp_143_cast" [conv_relu3.c:33]   --->   Operation 98 'getelementptr' 'output_1_addr' <Predicate = true> <Delay = 0.00>
ST_16 : Operation 99 [1/1] (1.63ns)   --->   "%tmp_101 = add i11 %tmp_cast2, %tmp_142_cast" [conv_relu3.c:33]   --->   Operation 99 'add' 'tmp_101' <Predicate = true> <Delay = 1.63> <Core = "AddSub">   --->   Core 14 'AddSub' <Latency = 0> <II = 1> <Delay = 1.73> <FuncUnit> <Opcode : 'add' 'sub'> <InPorts = 2> <OutPorts = 1>
ST_16 : Operation 100 [1/1] (0.00ns)   --->   "%tmp_144_cast = zext i11 %tmp_101 to i64" [conv_relu3.c:33]   --->   Operation 100 'zext' 'tmp_144_cast' <Predicate = true> <Delay = 0.00>
ST_16 : Operation 101 [1/1] (0.00ns)   --->   "%output_2_addr = getelementptr [768 x i31]* %output_2, i64 0, i64 %tmp_144_cast" [conv_relu3.c:33]   --->   Operation 101 'getelementptr' 'output_2_addr' <Predicate = true> <Delay = 0.00>
ST_16 : Operation 102 [1/1] (0.00ns)   --->   "%output_3_addr = getelementptr [768 x i31]* %output_3, i64 0, i64 %tmp_144_cast" [conv_relu3.c:33]   --->   Operation 102 'getelementptr' 'output_3_addr' <Predicate = true> <Delay = 0.00>
ST_16 : Operation 103 [1/1] (0.00ns)   --->   "%output_4_addr = getelementptr [768 x i31]* %output_4, i64 0, i64 %tmp_144_cast" [conv_relu3.c:33]   --->   Operation 103 'getelementptr' 'output_4_addr' <Predicate = true> <Delay = 0.00>
ST_16 : Operation 104 [1/1] (1.76ns)   --->   "br label %2" [conv_relu3.c:23]   --->   Operation 104 'br' <Predicate = true> <Delay = 1.76>

State 17 <SV = 16> <Delay = 3.51>
ST_17 : Operation 105 [1/1] (0.00ns)   --->   "%indvar_flatten = phi i4 [ 0, %.reset14 ], [ %indvar_flatten_next, %.reset ]"   --->   Operation 105 'phi' 'indvar_flatten' <Predicate = true> <Delay = 0.00>
ST_17 : Operation 106 [1/1] (0.00ns)   --->   "%kr = phi i2 [ 0, %.reset14 ], [ %tmp_33_mid2_v_v_v, %.reset ]" [conv_relu3.c:28]   --->   Operation 106 'phi' 'kr' <Predicate = true> <Delay = 0.00>
ST_17 : Operation 107 [1/1] (0.00ns)   --->   "%kc = phi i2 [ 0, %.reset14 ], [ %kc_1, %.reset ]"   --->   Operation 107 'phi' 'kc' <Predicate = true> <Delay = 0.00>
ST_17 : Operation 108 [1/1] (0.00ns)   --->   "%sum_1 = phi i32 [ 0, %.reset14 ], [ %sum_4_s, %.reset ]" [conv_relu3.c:28]   --->   Operation 108 'phi' 'sum_1' <Predicate = true> <Delay = 0.00>
ST_17 : Operation 109 [1/1] (1.30ns)   --->   "%exitcond_flatten = icmp eq i4 %indvar_flatten, -7"   --->   Operation 109 'icmp' 'exitcond_flatten' <Predicate = true> <Delay = 1.30> <Core = "Cmp">   --->   Core 25 'Cmp' <Latency = 0> <II = 1> <Delay = 2.47> <FuncUnit> <Opcode : 'icmp'> <InPorts = 2> <OutPorts = 1>
ST_17 : Operation 110 [1/1] (0.00ns)   --->   "%empty_20 = call i32 (...)* @_ssdm_op_SpecLoopTripCount(i64 9, i64 9, i64 9)"   --->   Operation 110 'speclooptripcount' 'empty_20' <Predicate = true> <Delay = 0.00>
ST_17 : Operation 111 [1/1] (1.73ns)   --->   "%indvar_flatten_next = add i4 %indvar_flatten, 1"   --->   Operation 111 'add' 'indvar_flatten_next' <Predicate = true> <Delay = 1.73> <Core = "AddSub">   --->   Core 14 'AddSub' <Latency = 0> <II = 1> <Delay = 1.73> <FuncUnit> <Opcode : 'add' 'sub'> <InPorts = 2> <OutPorts = 1>
ST_17 : Operation 112 [1/1] (0.00ns)   --->   "br i1 %exitcond_flatten, label %3, label %.reset"   --->   Operation 112 'br' <Predicate = true> <Delay = 0.00>
ST_17 : Operation 113 [1/1] (1.56ns)   --->   "%kr_1 = add i2 %kr, 1" [conv_relu3.c:23]   --->   Operation 113 'add' 'kr_1' <Predicate = (!exitcond_flatten)> <Delay = 1.56> <Core = "AddSub">   --->   Core 14 'AddSub' <Latency = 0> <II = 1> <Delay = 1.73> <FuncUnit> <Opcode : 'add' 'sub'> <InPorts = 2> <OutPorts = 1>
ST_17 : Operation 114 [1/1] (0.95ns)   --->   "%exitcond2 = icmp eq i2 %kc, -1" [conv_relu3.c:25]   --->   Operation 114 'icmp' 'exitcond2' <Predicate = (!exitcond_flatten)> <Delay = 0.95> <Core = "Cmp">   --->   Core 25 'Cmp' <Latency = 0> <II = 1> <Delay = 2.47> <FuncUnit> <Opcode : 'icmp'> <InPorts = 2> <OutPorts = 1>
ST_17 : Operation 115 [1/1] (0.99ns)   --->   "%kc_mid2 = select i1 %exitcond2, i2 0, i2 %kc" [conv_relu3.c:25]   --->   Operation 115 'select' 'kc_mid2' <Predicate = (!exitcond_flatten)> <Delay = 0.99> <Core = "Sel">   --->   Core 26 'Sel' <Latency = 0> <II = 1> <Delay = 0.68> <FuncUnit> <Opcode : 'select'> <InPorts = 3> <OutPorts = 1>
ST_17 : Operation 116 [1/1] (0.99ns)   --->   "%tmp_33_mid2_v_v_v = select i1 %exitcond2, i2 %kr_1, i2 %kr" [conv_relu3.c:28]   --->   Operation 116 'select' 'tmp_33_mid2_v_v_v' <Predicate = (!exitcond_flatten)> <Delay = 0.99> <Core = "Sel">   --->   Core 26 'Sel' <Latency = 0> <II = 1> <Delay = 0.68> <FuncUnit> <Opcode : 'select'> <InPorts = 3> <OutPorts = 1>
ST_17 : Operation 117 [1/1] (1.56ns)   --->   "%kc_1 = add i2 %kc_mid2, 1" [conv_relu3.c:25]   --->   Operation 117 'add' 'kc_1' <Predicate = (!exitcond_flatten)> <Delay = 1.56> <Core = "AddSub">   --->   Core 14 'AddSub' <Latency = 0> <II = 1> <Delay = 1.73> <FuncUnit> <Opcode : 'add' 'sub'> <InPorts = 2> <OutPorts = 1>

State 18 <SV = 17> <Delay = 8.68>
ST_18 : Operation 118 [1/1] (0.00ns)   --->   "%tmp_33_mid2_v_v = zext i2 %tmp_33_mid2_v_v_v to i4" [conv_relu3.c:28]   --->   Operation 118 'zext' 'tmp_33_mid2_v_v' <Predicate = (!exitcond_flatten)> <Delay = 0.00>
ST_18 : Operation 119 [1/1] (1.73ns)   --->   "%tmp_33_mid2_v = add i4 %tmp_33_mid2_v_v, %tmp_mid2_v" [conv_relu3.c:28]   --->   Operation 119 'add' 'tmp_33_mid2_v' <Predicate = (!exitcond_flatten)> <Delay = 1.73> <Core = "AddSub">   --->   Core 14 'AddSub' <Latency = 0> <II = 1> <Delay = 1.73> <FuncUnit> <Opcode : 'add' 'sub'> <InPorts = 2> <OutPorts = 1>
ST_18 : Operation 120 [1/1] (0.00ns)   --->   "%tmp_102 = call i8 @_ssdm_op_BitConcatenate.i8.i4.i4(i4 %tmp_33_mid2_v, i4 0)" [conv_relu3.c:28]   --->   Operation 120 'bitconcatenate' 'tmp_102' <Predicate = (!exitcond_flatten)> <Delay = 0.00>
ST_18 : Operation 121 [1/1] (0.00ns)   --->   "%p_shl4_cast = zext i8 %tmp_102 to i9" [conv_relu3.c:28]   --->   Operation 121 'zext' 'p_shl4_cast' <Predicate = (!exitcond_flatten)> <Delay = 0.00>
ST_18 : Operation 122 [1/1] (0.00ns)   --->   "%tmp_103 = call i5 @_ssdm_op_BitConcatenate.i5.i4.i1(i4 %tmp_33_mid2_v, i1 false)" [conv_relu3.c:28]   --->   Operation 122 'bitconcatenate' 'tmp_103' <Predicate = (!exitcond_flatten)> <Delay = 0.00>
ST_18 : Operation 123 [1/1] (0.00ns)   --->   "%p_shl5_cast = zext i5 %tmp_103 to i9" [conv_relu3.c:28]   --->   Operation 123 'zext' 'p_shl5_cast' <Predicate = (!exitcond_flatten)> <Delay = 0.00>
ST_18 : Operation 124 [1/1] (0.00ns) (grouped into TernaryAdder)   --->   "%tmp_104 = sub i9 %p_shl4_cast, %p_shl5_cast" [conv_relu3.c:28]   --->   Operation 124 'sub' 'tmp_104' <Predicate = (!exitcond_flatten)> <Delay = 0.00> <Core = "TAddSub">   --->   Core 84 'TAddSub' <Latency = 0> <II = 1> <Delay = 1.79> <IPBlock> <Opcode : 'add' 'sub'> <InPorts = 3> <OutPorts = 1> <Sync> <CReg>
ST_18 : Operation 125 [1/1] (0.00ns)   --->   "%tmp_34_mid2_cast = zext i2 %tmp_33_mid2_v_v_v to i5" [conv_relu3.c:28]   --->   Operation 125 'zext' 'tmp_34_mid2_cast' <Predicate = (!exitcond_flatten)> <Delay = 0.00>
ST_18 : Operation 126 [1/1] (0.00ns)   --->   "%tmp_105 = call i4 @_ssdm_op_BitConcatenate.i4.i2.i2(i2 %tmp_33_mid2_v_v_v, i2 0)" [conv_relu3.c:28]   --->   Operation 126 'bitconcatenate' 'tmp_105' <Predicate = (!exitcond_flatten)> <Delay = 0.00>
ST_18 : Operation 127 [1/1] (0.00ns)   --->   "%p_shl3_cast = zext i4 %tmp_105 to i5" [conv_relu3.c:28]   --->   Operation 127 'zext' 'p_shl3_cast' <Predicate = (!exitcond_flatten)> <Delay = 0.00>
ST_18 : Operation 128 [1/1] (0.00ns) (grouped into TernaryAdder)   --->   "%tmp_106 = sub i5 %p_shl3_cast, %tmp_34_mid2_cast" [conv_relu3.c:28]   --->   Operation 128 'sub' 'tmp_106' <Predicate = (!exitcond_flatten)> <Delay = 0.00> <Core = "TAddSub">   --->   Core 84 'TAddSub' <Latency = 0> <II = 1> <Delay = 1.79> <IPBlock> <Opcode : 'add' 'sub'> <InPorts = 3> <OutPorts = 1> <Sync> <CReg>
ST_18 : Operation 129 [1/1] (0.00ns)   --->   "%kc_cast = zext i2 %kc_mid2 to i4" [conv_relu3.c:25]   --->   Operation 129 'zext' 'kc_cast' <Predicate = (!exitcond_flatten)> <Delay = 0.00>
ST_18 : Operation 130 [1/1] (1.73ns)   --->   "%tmp_19 = add i4 %kc_cast, %col_mid2" [conv_relu3.c:28]   --->   Operation 130 'add' 'tmp_19' <Predicate = (!exitcond_flatten)> <Delay = 1.73> <Core = "AddSub">   --->   Core 14 'AddSub' <Latency = 0> <II = 1> <Delay = 1.73> <FuncUnit> <Opcode : 'add' 'sub'> <InPorts = 2> <OutPorts = 1>
ST_18 : Operation 131 [1/1] (0.00ns)   --->   "%tmp_20_cast = zext i4 %tmp_19 to i9" [conv_relu3.c:28]   --->   Operation 131 'zext' 'tmp_20_cast' <Predicate = (!exitcond_flatten)> <Delay = 0.00>
ST_18 : Operation 132 [1/1] (3.69ns) (root node of TernaryAdder)   --->   "%tmp_107 = add i9 %tmp_104, %tmp_20_cast" [conv_relu3.c:28]   --->   Operation 132 'add' 'tmp_107' <Predicate = (!exitcond_flatten)> <Delay = 3.69> <Core = "TAddSub">   --->   Core 84 'TAddSub' <Latency = 0> <II = 1> <Delay = 1.79> <IPBlock> <Opcode : 'add' 'sub'> <InPorts = 3> <OutPorts = 1> <Sync> <CReg>
ST_18 : Operation 133 [1/1] (0.00ns)   --->   "%tmp_151_cast = sext i9 %tmp_107 to i64" [conv_relu3.c:28]   --->   Operation 133 'sext' 'tmp_151_cast' <Predicate = (!exitcond_flatten)> <Delay = 0.00>
ST_18 : Operation 134 [1/1] (0.00ns)   --->   "%buf_pool2_0_addr = getelementptr [196 x i31]* @buf_pool2_0, i64 0, i64 %tmp_151_cast" [conv_relu3.c:28]   --->   Operation 134 'getelementptr' 'buf_pool2_0_addr' <Predicate = (!exitcond_flatten)> <Delay = 0.00>
ST_18 : Operation 135 [1/1] (0.00ns)   --->   "%buf_pool2_1_addr = getelementptr [196 x i31]* @buf_pool2_1, i64 0, i64 %tmp_151_cast" [conv_relu3.c:28]   --->   Operation 135 'getelementptr' 'buf_pool2_1_addr' <Predicate = (!exitcond_flatten)> <Delay = 0.00>
ST_18 : Operation 136 [1/1] (0.00ns)   --->   "%buf_pool2_10_addr = getelementptr [196 x i31]* @buf_pool2_10, i64 0, i64 %tmp_151_cast" [conv_relu3.c:28]   --->   Operation 136 'getelementptr' 'buf_pool2_10_addr' <Predicate = (!exitcond_flatten)> <Delay = 0.00>
ST_18 : Operation 137 [1/1] (0.00ns)   --->   "%buf_pool2_11_addr = getelementptr [196 x i31]* @buf_pool2_11, i64 0, i64 %tmp_151_cast" [conv_relu3.c:28]   --->   Operation 137 'getelementptr' 'buf_pool2_11_addr' <Predicate = (!exitcond_flatten)> <Delay = 0.00>
ST_18 : Operation 138 [1/1] (0.00ns)   --->   "%buf_pool2_12_addr = getelementptr [196 x i31]* @buf_pool2_12, i64 0, i64 %tmp_151_cast" [conv_relu3.c:28]   --->   Operation 138 'getelementptr' 'buf_pool2_12_addr' <Predicate = (!exitcond_flatten)> <Delay = 0.00>
ST_18 : Operation 139 [1/1] (0.00ns)   --->   "%buf_pool2_13_addr = getelementptr [196 x i31]* @buf_pool2_13, i64 0, i64 %tmp_151_cast" [conv_relu3.c:28]   --->   Operation 139 'getelementptr' 'buf_pool2_13_addr' <Predicate = (!exitcond_flatten)> <Delay = 0.00>
ST_18 : Operation 140 [1/1] (0.00ns)   --->   "%buf_pool2_14_addr = getelementptr [196 x i31]* @buf_pool2_14, i64 0, i64 %tmp_151_cast" [conv_relu3.c:28]   --->   Operation 140 'getelementptr' 'buf_pool2_14_addr' <Predicate = (!exitcond_flatten)> <Delay = 0.00>
ST_18 : Operation 141 [1/1] (0.00ns)   --->   "%buf_pool2_15_addr = getelementptr [196 x i31]* @buf_pool2_15, i64 0, i64 %tmp_151_cast" [conv_relu3.c:28]   --->   Operation 141 'getelementptr' 'buf_pool2_15_addr' <Predicate = (!exitcond_flatten)> <Delay = 0.00>
ST_18 : Operation 142 [1/1] (0.00ns)   --->   "%buf_pool2_2_addr = getelementptr [196 x i31]* @buf_pool2_2, i64 0, i64 %tmp_151_cast" [conv_relu3.c:28]   --->   Operation 142 'getelementptr' 'buf_pool2_2_addr' <Predicate = (!exitcond_flatten)> <Delay = 0.00>
ST_18 : Operation 143 [1/1] (0.00ns)   --->   "%buf_pool2_3_addr = getelementptr [196 x i31]* @buf_pool2_3, i64 0, i64 %tmp_151_cast" [conv_relu3.c:28]   --->   Operation 143 'getelementptr' 'buf_pool2_3_addr' <Predicate = (!exitcond_flatten)> <Delay = 0.00>
ST_18 : Operation 144 [1/1] (0.00ns)   --->   "%buf_pool2_4_addr = getelementptr [196 x i31]* @buf_pool2_4, i64 0, i64 %tmp_151_cast" [conv_relu3.c:28]   --->   Operation 144 'getelementptr' 'buf_pool2_4_addr' <Predicate = (!exitcond_flatten)> <Delay = 0.00>
ST_18 : Operation 145 [1/1] (0.00ns)   --->   "%buf_pool2_5_addr = getelementptr [196 x i31]* @buf_pool2_5, i64 0, i64 %tmp_151_cast" [conv_relu3.c:28]   --->   Operation 145 'getelementptr' 'buf_pool2_5_addr' <Predicate = (!exitcond_flatten)> <Delay = 0.00>
ST_18 : Operation 146 [1/1] (0.00ns)   --->   "%buf_pool2_6_addr = getelementptr [196 x i31]* @buf_pool2_6, i64 0, i64 %tmp_151_cast" [conv_relu3.c:28]   --->   Operation 146 'getelementptr' 'buf_pool2_6_addr' <Predicate = (!exitcond_flatten)> <Delay = 0.00>
ST_18 : Operation 147 [1/1] (0.00ns)   --->   "%buf_pool2_7_addr = getelementptr [196 x i31]* @buf_pool2_7, i64 0, i64 %tmp_151_cast" [conv_relu3.c:28]   --->   Operation 147 'getelementptr' 'buf_pool2_7_addr' <Predicate = (!exitcond_flatten)> <Delay = 0.00>
ST_18 : Operation 148 [1/1] (0.00ns)   --->   "%buf_pool2_8_addr = getelementptr [196 x i31]* @buf_pool2_8, i64 0, i64 %tmp_151_cast" [conv_relu3.c:28]   --->   Operation 148 'getelementptr' 'buf_pool2_8_addr' <Predicate = (!exitcond_flatten)> <Delay = 0.00>
ST_18 : Operation 149 [1/1] (0.00ns)   --->   "%buf_pool2_9_addr = getelementptr [196 x i31]* @buf_pool2_9, i64 0, i64 %tmp_151_cast" [conv_relu3.c:28]   --->   Operation 149 'getelementptr' 'buf_pool2_9_addr' <Predicate = (!exitcond_flatten)> <Delay = 0.00>
ST_18 : Operation 150 [1/1] (0.00ns)   --->   "%tmp_21_cast = zext i2 %kc_mid2 to i5" [conv_relu3.c:25]   --->   Operation 150 'zext' 'tmp_21_cast' <Predicate = (!exitcond_flatten)> <Delay = 0.00>
ST_18 : Operation 151 [1/1] (3.40ns) (root node of TernaryAdder)   --->   "%tmp_108 = add i5 %tmp_106, %tmp_21_cast" [conv_relu3.c:28]   --->   Operation 151 'add' 'tmp_108' <Predicate = (!exitcond_flatten)> <Delay = 3.40> <Core = "TAddSub">   --->   Core 84 'TAddSub' <Latency = 0> <II = 1> <Delay = 1.79> <IPBlock> <Opcode : 'add' 'sub'> <InPorts = 3> <OutPorts = 1> <Sync> <CReg>
ST_18 : Operation 152 [1/1] (0.00ns)   --->   "%tmp_154_cast = call i10 @_ssdm_op_BitConcatenate.i10.i5.i5(i5 %tmp_108, i5 0)" [conv_relu3.c:28]   --->   Operation 152 'bitconcatenate' 'tmp_154_cast' <Predicate = (!exitcond_flatten)> <Delay = 0.00>
ST_18 : Operation 153 [1/1] (1.73ns)   --->   "%tmp_109 = add i10 %tmp_154_cast, %tmp_cast1" [conv_relu3.c:28]   --->   Operation 153 'add' 'tmp_109' <Predicate = (!exitcond_flatten)> <Delay = 1.73> <Core = "AddSub">   --->   Core 14 'AddSub' <Latency = 0> <II = 1> <Delay = 1.73> <FuncUnit> <Opcode : 'add' 'sub'> <InPorts = 2> <OutPorts = 1>
ST_18 : Operation 154 [1/1] (0.00ns)   --->   "%tmp_155_cast = zext i10 %tmp_109 to i64" [conv_relu3.c:28]   --->   Operation 154 'zext' 'tmp_155_cast' <Predicate = (!exitcond_flatten)> <Delay = 0.00>
ST_18 : Operation 155 [1/1] (0.00ns)   --->   "%w_conv3_0_addr = getelementptr [288 x i5]* @w_conv3_0, i64 0, i64 %tmp_155_cast" [conv_relu3.c:28]   --->   Operation 155 'getelementptr' 'w_conv3_0_addr' <Predicate = (!exitcond_flatten)> <Delay = 0.00>
ST_18 : Operation 156 [1/1] (0.00ns)   --->   "%w_conv3_1_addr = getelementptr [288 x i5]* @w_conv3_1, i64 0, i64 %tmp_155_cast" [conv_relu3.c:28]   --->   Operation 156 'getelementptr' 'w_conv3_1_addr' <Predicate = (!exitcond_flatten)> <Delay = 0.00>
ST_18 : Operation 157 [1/1] (0.00ns)   --->   "%w_conv3_10_addr = getelementptr [288 x i5]* @w_conv3_10, i64 0, i64 %tmp_155_cast" [conv_relu3.c:28]   --->   Operation 157 'getelementptr' 'w_conv3_10_addr' <Predicate = (!exitcond_flatten)> <Delay = 0.00>
ST_18 : Operation 158 [1/1] (0.00ns)   --->   "%w_conv3_11_addr = getelementptr [288 x i5]* @w_conv3_11, i64 0, i64 %tmp_155_cast" [conv_relu3.c:28]   --->   Operation 158 'getelementptr' 'w_conv3_11_addr' <Predicate = (!exitcond_flatten)> <Delay = 0.00>
ST_18 : Operation 159 [1/1] (0.00ns)   --->   "%w_conv3_12_addr = getelementptr [288 x i5]* @w_conv3_12, i64 0, i64 %tmp_155_cast" [conv_relu3.c:28]   --->   Operation 159 'getelementptr' 'w_conv3_12_addr' <Predicate = (!exitcond_flatten)> <Delay = 0.00>
ST_18 : Operation 160 [1/1] (0.00ns)   --->   "%w_conv3_13_addr = getelementptr [288 x i5]* @w_conv3_13, i64 0, i64 %tmp_155_cast" [conv_relu3.c:28]   --->   Operation 160 'getelementptr' 'w_conv3_13_addr' <Predicate = (!exitcond_flatten)> <Delay = 0.00>
ST_18 : Operation 161 [1/1] (0.00ns)   --->   "%w_conv3_14_addr = getelementptr [288 x i5]* @w_conv3_14, i64 0, i64 %tmp_155_cast" [conv_relu3.c:28]   --->   Operation 161 'getelementptr' 'w_conv3_14_addr' <Predicate = (!exitcond_flatten)> <Delay = 0.00>
ST_18 : Operation 162 [1/1] (0.00ns)   --->   "%w_conv3_15_addr = getelementptr [288 x i5]* @w_conv3_15, i64 0, i64 %tmp_155_cast" [conv_relu3.c:28]   --->   Operation 162 'getelementptr' 'w_conv3_15_addr' <Predicate = (!exitcond_flatten)> <Delay = 0.00>
ST_18 : Operation 163 [1/1] (0.00ns)   --->   "%w_conv3_2_addr = getelementptr [288 x i5]* @w_conv3_2, i64 0, i64 %tmp_155_cast" [conv_relu3.c:28]   --->   Operation 163 'getelementptr' 'w_conv3_2_addr' <Predicate = (!exitcond_flatten)> <Delay = 0.00>
ST_18 : Operation 164 [1/1] (0.00ns)   --->   "%w_conv3_3_addr = getelementptr [288 x i5]* @w_conv3_3, i64 0, i64 %tmp_155_cast" [conv_relu3.c:28]   --->   Operation 164 'getelementptr' 'w_conv3_3_addr' <Predicate = (!exitcond_flatten)> <Delay = 0.00>
ST_18 : Operation 165 [1/1] (0.00ns)   --->   "%w_conv3_4_addr = getelementptr [288 x i5]* @w_conv3_4, i64 0, i64 %tmp_155_cast" [conv_relu3.c:28]   --->   Operation 165 'getelementptr' 'w_conv3_4_addr' <Predicate = (!exitcond_flatten)> <Delay = 0.00>
ST_18 : Operation 166 [1/1] (0.00ns)   --->   "%w_conv3_5_addr = getelementptr [288 x i5]* @w_conv3_5, i64 0, i64 %tmp_155_cast" [conv_relu3.c:28]   --->   Operation 166 'getelementptr' 'w_conv3_5_addr' <Predicate = (!exitcond_flatten)> <Delay = 0.00>
ST_18 : Operation 167 [1/1] (0.00ns)   --->   "%w_conv3_6_addr = getelementptr [288 x i5]* @w_conv3_6, i64 0, i64 %tmp_155_cast" [conv_relu3.c:28]   --->   Operation 167 'getelementptr' 'w_conv3_6_addr' <Predicate = (!exitcond_flatten)> <Delay = 0.00>
ST_18 : Operation 168 [1/1] (0.00ns)   --->   "%w_conv3_7_addr = getelementptr [288 x i5]* @w_conv3_7, i64 0, i64 %tmp_155_cast" [conv_relu3.c:28]   --->   Operation 168 'getelementptr' 'w_conv3_7_addr' <Predicate = (!exitcond_flatten)> <Delay = 0.00>
ST_18 : Operation 169 [1/1] (0.00ns)   --->   "%w_conv3_8_addr = getelementptr [288 x i5]* @w_conv3_8, i64 0, i64 %tmp_155_cast" [conv_relu3.c:28]   --->   Operation 169 'getelementptr' 'w_conv3_8_addr' <Predicate = (!exitcond_flatten)> <Delay = 0.00>
ST_18 : Operation 170 [1/1] (0.00ns)   --->   "%w_conv3_9_addr = getelementptr [288 x i5]* @w_conv3_9, i64 0, i64 %tmp_155_cast" [conv_relu3.c:28]   --->   Operation 170 'getelementptr' 'w_conv3_9_addr' <Predicate = (!exitcond_flatten)> <Delay = 0.00>
ST_18 : Operation 171 [2/2] (3.25ns)   --->   "%buf_pool2_0_load = load i31* %buf_pool2_0_addr, align 4" [conv_relu3.c:28]   --->   Operation 171 'load' 'buf_pool2_0_load' <Predicate = (!exitcond_flatten)> <Delay = 3.25> <Core = "RAM">   --->   Core 37 'RAM' <Latency = 1> <II = 1> <Delay = 3.25> <Storage> <Opcode : 'load' 'store'> <Ports = 2> <Width = 31> <Depth = 768> <RAM>
ST_18 : Operation 172 [2/2] (3.25ns)   --->   "%w_conv3_0_load = load i5* %w_conv3_0_addr, align 1" [conv_relu3.c:28]   --->   Operation 172 'load' 'w_conv3_0_load' <Predicate = (!exitcond_flatten)> <Delay = 3.25> <Core = "ROM_nP">   --->   Core 52 'ROM_nP' <Latency = 1> <II = 1> <Delay = 3.25> <Storage> <Opcode : 'load'> <Ports = 0> <Width = 5> <Depth = 288> <ROM>
ST_18 : Operation 173 [2/2] (3.25ns)   --->   "%buf_pool2_1_load = load i31* %buf_pool2_1_addr, align 4" [conv_relu3.c:28]   --->   Operation 173 'load' 'buf_pool2_1_load' <Predicate = (!exitcond_flatten)> <Delay = 3.25> <Core = "RAM">   --->   Core 37 'RAM' <Latency = 1> <II = 1> <Delay = 3.25> <Storage> <Opcode : 'load' 'store'> <Ports = 2> <Width = 31> <Depth = 768> <RAM>
ST_18 : Operation 174 [2/2] (3.25ns)   --->   "%w_conv3_1_load = load i5* %w_conv3_1_addr, align 1" [conv_relu3.c:28]   --->   Operation 174 'load' 'w_conv3_1_load' <Predicate = (!exitcond_flatten)> <Delay = 3.25> <Core = "ROM_nP">   --->   Core 52 'ROM_nP' <Latency = 1> <II = 1> <Delay = 3.25> <Storage> <Opcode : 'load'> <Ports = 0> <Width = 5> <Depth = 288> <ROM>
ST_18 : Operation 175 [2/2] (3.25ns)   --->   "%buf_pool2_2_load = load i31* %buf_pool2_2_addr, align 4" [conv_relu3.c:28]   --->   Operation 175 'load' 'buf_pool2_2_load' <Predicate = (!exitcond_flatten)> <Delay = 3.25> <Core = "RAM">   --->   Core 37 'RAM' <Latency = 1> <II = 1> <Delay = 3.25> <Storage> <Opcode : 'load' 'store'> <Ports = 2> <Width = 31> <Depth = 768> <RAM>
ST_18 : Operation 176 [2/2] (3.25ns)   --->   "%w_conv3_2_load = load i5* %w_conv3_2_addr, align 1" [conv_relu3.c:28]   --->   Operation 176 'load' 'w_conv3_2_load' <Predicate = (!exitcond_flatten)> <Delay = 3.25> <Core = "ROM_nP">   --->   Core 52 'ROM_nP' <Latency = 1> <II = 1> <Delay = 3.25> <Storage> <Opcode : 'load'> <Ports = 0> <Width = 5> <Depth = 288> <ROM>
ST_18 : Operation 177 [2/2] (3.25ns)   --->   "%buf_pool2_3_load = load i31* %buf_pool2_3_addr, align 4" [conv_relu3.c:28]   --->   Operation 177 'load' 'buf_pool2_3_load' <Predicate = (!exitcond_flatten)> <Delay = 3.25> <Core = "RAM">   --->   Core 37 'RAM' <Latency = 1> <II = 1> <Delay = 3.25> <Storage> <Opcode : 'load' 'store'> <Ports = 2> <Width = 31> <Depth = 768> <RAM>
ST_18 : Operation 178 [2/2] (3.25ns)   --->   "%w_conv3_3_load = load i5* %w_conv3_3_addr, align 1" [conv_relu3.c:28]   --->   Operation 178 'load' 'w_conv3_3_load' <Predicate = (!exitcond_flatten)> <Delay = 3.25> <Core = "ROM_nP">   --->   Core 52 'ROM_nP' <Latency = 1> <II = 1> <Delay = 3.25> <Storage> <Opcode : 'load'> <Ports = 0> <Width = 5> <Depth = 288> <ROM>
ST_18 : Operation 179 [2/2] (3.25ns)   --->   "%buf_pool2_4_load = load i31* %buf_pool2_4_addr, align 4" [conv_relu3.c:28]   --->   Operation 179 'load' 'buf_pool2_4_load' <Predicate = (!exitcond_flatten)> <Delay = 3.25> <Core = "RAM">   --->   Core 37 'RAM' <Latency = 1> <II = 1> <Delay = 3.25> <Storage> <Opcode : 'load' 'store'> <Ports = 2> <Width = 31> <Depth = 768> <RAM>
ST_18 : Operation 180 [2/2] (3.25ns)   --->   "%w_conv3_4_load = load i5* %w_conv3_4_addr, align 1" [conv_relu3.c:28]   --->   Operation 180 'load' 'w_conv3_4_load' <Predicate = (!exitcond_flatten)> <Delay = 3.25> <Core = "ROM_nP">   --->   Core 52 'ROM_nP' <Latency = 1> <II = 1> <Delay = 3.25> <Storage> <Opcode : 'load'> <Ports = 0> <Width = 5> <Depth = 288> <ROM>
ST_18 : Operation 181 [2/2] (3.25ns)   --->   "%buf_pool2_5_load = load i31* %buf_pool2_5_addr, align 4" [conv_relu3.c:28]   --->   Operation 181 'load' 'buf_pool2_5_load' <Predicate = (!exitcond_flatten)> <Delay = 3.25> <Core = "RAM">   --->   Core 37 'RAM' <Latency = 1> <II = 1> <Delay = 3.25> <Storage> <Opcode : 'load' 'store'> <Ports = 2> <Width = 31> <Depth = 768> <RAM>
ST_18 : Operation 182 [2/2] (3.25ns)   --->   "%w_conv3_5_load = load i5* %w_conv3_5_addr, align 1" [conv_relu3.c:28]   --->   Operation 182 'load' 'w_conv3_5_load' <Predicate = (!exitcond_flatten)> <Delay = 3.25> <Core = "ROM_nP">   --->   Core 52 'ROM_nP' <Latency = 1> <II = 1> <Delay = 3.25> <Storage> <Opcode : 'load'> <Ports = 0> <Width = 5> <Depth = 288> <ROM>
ST_18 : Operation 183 [2/2] (3.25ns)   --->   "%buf_pool2_6_load = load i31* %buf_pool2_6_addr, align 4" [conv_relu3.c:28]   --->   Operation 183 'load' 'buf_pool2_6_load' <Predicate = (!exitcond_flatten)> <Delay = 3.25> <Core = "RAM">   --->   Core 37 'RAM' <Latency = 1> <II = 1> <Delay = 3.25> <Storage> <Opcode : 'load' 'store'> <Ports = 2> <Width = 31> <Depth = 768> <RAM>
ST_18 : Operation 184 [2/2] (3.25ns)   --->   "%w_conv3_6_load = load i5* %w_conv3_6_addr, align 1" [conv_relu3.c:28]   --->   Operation 184 'load' 'w_conv3_6_load' <Predicate = (!exitcond_flatten)> <Delay = 3.25> <Core = "ROM_nP">   --->   Core 52 'ROM_nP' <Latency = 1> <II = 1> <Delay = 3.25> <Storage> <Opcode : 'load'> <Ports = 0> <Width = 5> <Depth = 288> <ROM>
ST_18 : Operation 185 [2/2] (3.25ns)   --->   "%buf_pool2_7_load = load i31* %buf_pool2_7_addr, align 4" [conv_relu3.c:28]   --->   Operation 185 'load' 'buf_pool2_7_load' <Predicate = (!exitcond_flatten)> <Delay = 3.25> <Core = "RAM">   --->   Core 37 'RAM' <Latency = 1> <II = 1> <Delay = 3.25> <Storage> <Opcode : 'load' 'store'> <Ports = 2> <Width = 31> <Depth = 768> <RAM>
ST_18 : Operation 186 [2/2] (3.25ns)   --->   "%w_conv3_7_load = load i5* %w_conv3_7_addr, align 1" [conv_relu3.c:28]   --->   Operation 186 'load' 'w_conv3_7_load' <Predicate = (!exitcond_flatten)> <Delay = 3.25> <Core = "ROM_nP">   --->   Core 52 'ROM_nP' <Latency = 1> <II = 1> <Delay = 3.25> <Storage> <Opcode : 'load'> <Ports = 0> <Width = 5> <Depth = 288> <ROM>
ST_18 : Operation 187 [2/2] (3.25ns)   --->   "%buf_pool2_8_load = load i31* %buf_pool2_8_addr, align 4" [conv_relu3.c:28]   --->   Operation 187 'load' 'buf_pool2_8_load' <Predicate = (!exitcond_flatten)> <Delay = 3.25> <Core = "RAM">   --->   Core 37 'RAM' <Latency = 1> <II = 1> <Delay = 3.25> <Storage> <Opcode : 'load' 'store'> <Ports = 2> <Width = 31> <Depth = 768> <RAM>
ST_18 : Operation 188 [2/2] (3.25ns)   --->   "%w_conv3_8_load = load i5* %w_conv3_8_addr, align 1" [conv_relu3.c:28]   --->   Operation 188 'load' 'w_conv3_8_load' <Predicate = (!exitcond_flatten)> <Delay = 3.25> <Core = "ROM_nP">   --->   Core 52 'ROM_nP' <Latency = 1> <II = 1> <Delay = 3.25> <Storage> <Opcode : 'load'> <Ports = 0> <Width = 5> <Depth = 288> <ROM>
ST_18 : Operation 189 [2/2] (3.25ns)   --->   "%buf_pool2_9_load = load i31* %buf_pool2_9_addr, align 4" [conv_relu3.c:28]   --->   Operation 189 'load' 'buf_pool2_9_load' <Predicate = (!exitcond_flatten)> <Delay = 3.25> <Core = "RAM">   --->   Core 37 'RAM' <Latency = 1> <II = 1> <Delay = 3.25> <Storage> <Opcode : 'load' 'store'> <Ports = 2> <Width = 31> <Depth = 768> <RAM>
ST_18 : Operation 190 [2/2] (3.25ns)   --->   "%w_conv3_9_load = load i5* %w_conv3_9_addr, align 1" [conv_relu3.c:28]   --->   Operation 190 'load' 'w_conv3_9_load' <Predicate = (!exitcond_flatten)> <Delay = 3.25> <Core = "ROM_nP">   --->   Core 52 'ROM_nP' <Latency = 1> <II = 1> <Delay = 3.25> <Storage> <Opcode : 'load'> <Ports = 0> <Width = 5> <Depth = 288> <ROM>
ST_18 : Operation 191 [2/2] (3.25ns)   --->   "%buf_pool2_10_load = load i31* %buf_pool2_10_addr, align 4" [conv_relu3.c:28]   --->   Operation 191 'load' 'buf_pool2_10_load' <Predicate = (!exitcond_flatten)> <Delay = 3.25> <Core = "RAM">   --->   Core 37 'RAM' <Latency = 1> <II = 1> <Delay = 3.25> <Storage> <Opcode : 'load' 'store'> <Ports = 2> <Width = 31> <Depth = 768> <RAM>
ST_18 : Operation 192 [2/2] (3.25ns)   --->   "%w_conv3_10_load = load i5* %w_conv3_10_addr, align 1" [conv_relu3.c:28]   --->   Operation 192 'load' 'w_conv3_10_load' <Predicate = (!exitcond_flatten)> <Delay = 3.25> <Core = "ROM_nP">   --->   Core 52 'ROM_nP' <Latency = 1> <II = 1> <Delay = 3.25> <Storage> <Opcode : 'load'> <Ports = 0> <Width = 5> <Depth = 288> <ROM>
ST_18 : Operation 193 [2/2] (3.25ns)   --->   "%buf_pool2_11_load = load i31* %buf_pool2_11_addr, align 4" [conv_relu3.c:28]   --->   Operation 193 'load' 'buf_pool2_11_load' <Predicate = (!exitcond_flatten)> <Delay = 3.25> <Core = "RAM">   --->   Core 37 'RAM' <Latency = 1> <II = 1> <Delay = 3.25> <Storage> <Opcode : 'load' 'store'> <Ports = 2> <Width = 31> <Depth = 768> <RAM>
ST_18 : Operation 194 [2/2] (3.25ns)   --->   "%w_conv3_11_load = load i5* %w_conv3_11_addr, align 1" [conv_relu3.c:28]   --->   Operation 194 'load' 'w_conv3_11_load' <Predicate = (!exitcond_flatten)> <Delay = 3.25> <Core = "ROM_nP">   --->   Core 52 'ROM_nP' <Latency = 1> <II = 1> <Delay = 3.25> <Storage> <Opcode : 'load'> <Ports = 0> <Width = 5> <Depth = 288> <ROM>
ST_18 : Operation 195 [2/2] (3.25ns)   --->   "%buf_pool2_12_load = load i31* %buf_pool2_12_addr, align 4" [conv_relu3.c:28]   --->   Operation 195 'load' 'buf_pool2_12_load' <Predicate = (!exitcond_flatten)> <Delay = 3.25> <Core = "RAM">   --->   Core 37 'RAM' <Latency = 1> <II = 1> <Delay = 3.25> <Storage> <Opcode : 'load' 'store'> <Ports = 2> <Width = 31> <Depth = 768> <RAM>
ST_18 : Operation 196 [2/2] (3.25ns)   --->   "%w_conv3_12_load = load i5* %w_conv3_12_addr, align 1" [conv_relu3.c:28]   --->   Operation 196 'load' 'w_conv3_12_load' <Predicate = (!exitcond_flatten)> <Delay = 3.25> <Core = "ROM_nP">   --->   Core 52 'ROM_nP' <Latency = 1> <II = 1> <Delay = 3.25> <Storage> <Opcode : 'load'> <Ports = 0> <Width = 5> <Depth = 288> <ROM>
ST_18 : Operation 197 [2/2] (3.25ns)   --->   "%buf_pool2_13_load = load i31* %buf_pool2_13_addr, align 4" [conv_relu3.c:28]   --->   Operation 197 'load' 'buf_pool2_13_load' <Predicate = (!exitcond_flatten)> <Delay = 3.25> <Core = "RAM">   --->   Core 37 'RAM' <Latency = 1> <II = 1> <Delay = 3.25> <Storage> <Opcode : 'load' 'store'> <Ports = 2> <Width = 31> <Depth = 768> <RAM>
ST_18 : Operation 198 [2/2] (3.25ns)   --->   "%w_conv3_13_load = load i5* %w_conv3_13_addr, align 1" [conv_relu3.c:28]   --->   Operation 198 'load' 'w_conv3_13_load' <Predicate = (!exitcond_flatten)> <Delay = 3.25> <Core = "ROM_nP">   --->   Core 52 'ROM_nP' <Latency = 1> <II = 1> <Delay = 3.25> <Storage> <Opcode : 'load'> <Ports = 0> <Width = 5> <Depth = 288> <ROM>
ST_18 : Operation 199 [2/2] (3.25ns)   --->   "%buf_pool2_14_load = load i31* %buf_pool2_14_addr, align 4" [conv_relu3.c:28]   --->   Operation 199 'load' 'buf_pool2_14_load' <Predicate = (!exitcond_flatten)> <Delay = 3.25> <Core = "RAM">   --->   Core 37 'RAM' <Latency = 1> <II = 1> <Delay = 3.25> <Storage> <Opcode : 'load' 'store'> <Ports = 2> <Width = 31> <Depth = 768> <RAM>
ST_18 : Operation 200 [2/2] (3.25ns)   --->   "%w_conv3_14_load = load i5* %w_conv3_14_addr, align 1" [conv_relu3.c:28]   --->   Operation 200 'load' 'w_conv3_14_load' <Predicate = (!exitcond_flatten)> <Delay = 3.25> <Core = "ROM_nP">   --->   Core 52 'ROM_nP' <Latency = 1> <II = 1> <Delay = 3.25> <Storage> <Opcode : 'load'> <Ports = 0> <Width = 5> <Depth = 288> <ROM>
ST_18 : Operation 201 [2/2] (3.25ns)   --->   "%buf_pool2_15_load = load i31* %buf_pool2_15_addr, align 4" [conv_relu3.c:28]   --->   Operation 201 'load' 'buf_pool2_15_load' <Predicate = (!exitcond_flatten)> <Delay = 3.25> <Core = "RAM">   --->   Core 37 'RAM' <Latency = 1> <II = 1> <Delay = 3.25> <Storage> <Opcode : 'load' 'store'> <Ports = 2> <Width = 31> <Depth = 768> <RAM>
ST_18 : Operation 202 [2/2] (3.25ns)   --->   "%w_conv3_15_load = load i5* %w_conv3_15_addr, align 1" [conv_relu3.c:28]   --->   Operation 202 'load' 'w_conv3_15_load' <Predicate = (!exitcond_flatten)> <Delay = 3.25> <Core = "ROM_nP">   --->   Core 52 'ROM_nP' <Latency = 1> <II = 1> <Delay = 3.25> <Storage> <Opcode : 'load'> <Ports = 0> <Width = 5> <Depth = 288> <ROM>

State 19 <SV = 18> <Delay = 3.25>
ST_19 : Operation 203 [1/2] (3.25ns)   --->   "%buf_pool2_0_load = load i31* %buf_pool2_0_addr, align 4" [conv_relu3.c:28]   --->   Operation 203 'load' 'buf_pool2_0_load' <Predicate = (!exitcond_flatten)> <Delay = 3.25> <Core = "RAM">   --->   Core 37 'RAM' <Latency = 1> <II = 1> <Delay = 3.25> <Storage> <Opcode : 'load' 'store'> <Ports = 2> <Width = 31> <Depth = 768> <RAM>
ST_19 : Operation 204 [1/2] (3.25ns)   --->   "%w_conv3_0_load = load i5* %w_conv3_0_addr, align 1" [conv_relu3.c:28]   --->   Operation 204 'load' 'w_conv3_0_load' <Predicate = (!exitcond_flatten)> <Delay = 3.25> <Core = "ROM_nP">   --->   Core 52 'ROM_nP' <Latency = 1> <II = 1> <Delay = 3.25> <Storage> <Opcode : 'load'> <Ports = 0> <Width = 5> <Depth = 288> <ROM>
ST_19 : Operation 205 [1/2] (3.25ns)   --->   "%buf_pool2_1_load = load i31* %buf_pool2_1_addr, align 4" [conv_relu3.c:28]   --->   Operation 205 'load' 'buf_pool2_1_load' <Predicate = (!exitcond_flatten)> <Delay = 3.25> <Core = "RAM">   --->   Core 37 'RAM' <Latency = 1> <II = 1> <Delay = 3.25> <Storage> <Opcode : 'load' 'store'> <Ports = 2> <Width = 31> <Depth = 768> <RAM>
ST_19 : Operation 206 [1/2] (3.25ns)   --->   "%w_conv3_1_load = load i5* %w_conv3_1_addr, align 1" [conv_relu3.c:28]   --->   Operation 206 'load' 'w_conv3_1_load' <Predicate = (!exitcond_flatten)> <Delay = 3.25> <Core = "ROM_nP">   --->   Core 52 'ROM_nP' <Latency = 1> <II = 1> <Delay = 3.25> <Storage> <Opcode : 'load'> <Ports = 0> <Width = 5> <Depth = 288> <ROM>
ST_19 : Operation 207 [1/2] (3.25ns)   --->   "%buf_pool2_2_load = load i31* %buf_pool2_2_addr, align 4" [conv_relu3.c:28]   --->   Operation 207 'load' 'buf_pool2_2_load' <Predicate = (!exitcond_flatten)> <Delay = 3.25> <Core = "RAM">   --->   Core 37 'RAM' <Latency = 1> <II = 1> <Delay = 3.25> <Storage> <Opcode : 'load' 'store'> <Ports = 2> <Width = 31> <Depth = 768> <RAM>
ST_19 : Operation 208 [1/2] (3.25ns)   --->   "%w_conv3_2_load = load i5* %w_conv3_2_addr, align 1" [conv_relu3.c:28]   --->   Operation 208 'load' 'w_conv3_2_load' <Predicate = (!exitcond_flatten)> <Delay = 3.25> <Core = "ROM_nP">   --->   Core 52 'ROM_nP' <Latency = 1> <II = 1> <Delay = 3.25> <Storage> <Opcode : 'load'> <Ports = 0> <Width = 5> <Depth = 288> <ROM>
ST_19 : Operation 209 [1/2] (3.25ns)   --->   "%buf_pool2_3_load = load i31* %buf_pool2_3_addr, align 4" [conv_relu3.c:28]   --->   Operation 209 'load' 'buf_pool2_3_load' <Predicate = (!exitcond_flatten)> <Delay = 3.25> <Core = "RAM">   --->   Core 37 'RAM' <Latency = 1> <II = 1> <Delay = 3.25> <Storage> <Opcode : 'load' 'store'> <Ports = 2> <Width = 31> <Depth = 768> <RAM>
ST_19 : Operation 210 [1/2] (3.25ns)   --->   "%w_conv3_3_load = load i5* %w_conv3_3_addr, align 1" [conv_relu3.c:28]   --->   Operation 210 'load' 'w_conv3_3_load' <Predicate = (!exitcond_flatten)> <Delay = 3.25> <Core = "ROM_nP">   --->   Core 52 'ROM_nP' <Latency = 1> <II = 1> <Delay = 3.25> <Storage> <Opcode : 'load'> <Ports = 0> <Width = 5> <Depth = 288> <ROM>
ST_19 : Operation 211 [1/2] (3.25ns)   --->   "%buf_pool2_4_load = load i31* %buf_pool2_4_addr, align 4" [conv_relu3.c:28]   --->   Operation 211 'load' 'buf_pool2_4_load' <Predicate = (!exitcond_flatten)> <Delay = 3.25> <Core = "RAM">   --->   Core 37 'RAM' <Latency = 1> <II = 1> <Delay = 3.25> <Storage> <Opcode : 'load' 'store'> <Ports = 2> <Width = 31> <Depth = 768> <RAM>
ST_19 : Operation 212 [1/2] (3.25ns)   --->   "%w_conv3_4_load = load i5* %w_conv3_4_addr, align 1" [conv_relu3.c:28]   --->   Operation 212 'load' 'w_conv3_4_load' <Predicate = (!exitcond_flatten)> <Delay = 3.25> <Core = "ROM_nP">   --->   Core 52 'ROM_nP' <Latency = 1> <II = 1> <Delay = 3.25> <Storage> <Opcode : 'load'> <Ports = 0> <Width = 5> <Depth = 288> <ROM>
ST_19 : Operation 213 [1/2] (3.25ns)   --->   "%buf_pool2_5_load = load i31* %buf_pool2_5_addr, align 4" [conv_relu3.c:28]   --->   Operation 213 'load' 'buf_pool2_5_load' <Predicate = (!exitcond_flatten)> <Delay = 3.25> <Core = "RAM">   --->   Core 37 'RAM' <Latency = 1> <II = 1> <Delay = 3.25> <Storage> <Opcode : 'load' 'store'> <Ports = 2> <Width = 31> <Depth = 768> <RAM>
ST_19 : Operation 214 [1/2] (3.25ns)   --->   "%w_conv3_5_load = load i5* %w_conv3_5_addr, align 1" [conv_relu3.c:28]   --->   Operation 214 'load' 'w_conv3_5_load' <Predicate = (!exitcond_flatten)> <Delay = 3.25> <Core = "ROM_nP">   --->   Core 52 'ROM_nP' <Latency = 1> <II = 1> <Delay = 3.25> <Storage> <Opcode : 'load'> <Ports = 0> <Width = 5> <Depth = 288> <ROM>
ST_19 : Operation 215 [1/2] (3.25ns)   --->   "%buf_pool2_6_load = load i31* %buf_pool2_6_addr, align 4" [conv_relu3.c:28]   --->   Operation 215 'load' 'buf_pool2_6_load' <Predicate = (!exitcond_flatten)> <Delay = 3.25> <Core = "RAM">   --->   Core 37 'RAM' <Latency = 1> <II = 1> <Delay = 3.25> <Storage> <Opcode : 'load' 'store'> <Ports = 2> <Width = 31> <Depth = 768> <RAM>
ST_19 : Operation 216 [1/2] (3.25ns)   --->   "%w_conv3_6_load = load i5* %w_conv3_6_addr, align 1" [conv_relu3.c:28]   --->   Operation 216 'load' 'w_conv3_6_load' <Predicate = (!exitcond_flatten)> <Delay = 3.25> <Core = "ROM_nP">   --->   Core 52 'ROM_nP' <Latency = 1> <II = 1> <Delay = 3.25> <Storage> <Opcode : 'load'> <Ports = 0> <Width = 5> <Depth = 288> <ROM>
ST_19 : Operation 217 [1/2] (3.25ns)   --->   "%buf_pool2_7_load = load i31* %buf_pool2_7_addr, align 4" [conv_relu3.c:28]   --->   Operation 217 'load' 'buf_pool2_7_load' <Predicate = (!exitcond_flatten)> <Delay = 3.25> <Core = "RAM">   --->   Core 37 'RAM' <Latency = 1> <II = 1> <Delay = 3.25> <Storage> <Opcode : 'load' 'store'> <Ports = 2> <Width = 31> <Depth = 768> <RAM>
ST_19 : Operation 218 [1/2] (3.25ns)   --->   "%w_conv3_7_load = load i5* %w_conv3_7_addr, align 1" [conv_relu3.c:28]   --->   Operation 218 'load' 'w_conv3_7_load' <Predicate = (!exitcond_flatten)> <Delay = 3.25> <Core = "ROM_nP">   --->   Core 52 'ROM_nP' <Latency = 1> <II = 1> <Delay = 3.25> <Storage> <Opcode : 'load'> <Ports = 0> <Width = 5> <Depth = 288> <ROM>
ST_19 : Operation 219 [1/2] (3.25ns)   --->   "%buf_pool2_8_load = load i31* %buf_pool2_8_addr, align 4" [conv_relu3.c:28]   --->   Operation 219 'load' 'buf_pool2_8_load' <Predicate = (!exitcond_flatten)> <Delay = 3.25> <Core = "RAM">   --->   Core 37 'RAM' <Latency = 1> <II = 1> <Delay = 3.25> <Storage> <Opcode : 'load' 'store'> <Ports = 2> <Width = 31> <Depth = 768> <RAM>
ST_19 : Operation 220 [1/2] (3.25ns)   --->   "%w_conv3_8_load = load i5* %w_conv3_8_addr, align 1" [conv_relu3.c:28]   --->   Operation 220 'load' 'w_conv3_8_load' <Predicate = (!exitcond_flatten)> <Delay = 3.25> <Core = "ROM_nP">   --->   Core 52 'ROM_nP' <Latency = 1> <II = 1> <Delay = 3.25> <Storage> <Opcode : 'load'> <Ports = 0> <Width = 5> <Depth = 288> <ROM>
ST_19 : Operation 221 [1/2] (3.25ns)   --->   "%buf_pool2_9_load = load i31* %buf_pool2_9_addr, align 4" [conv_relu3.c:28]   --->   Operation 221 'load' 'buf_pool2_9_load' <Predicate = (!exitcond_flatten)> <Delay = 3.25> <Core = "RAM">   --->   Core 37 'RAM' <Latency = 1> <II = 1> <Delay = 3.25> <Storage> <Opcode : 'load' 'store'> <Ports = 2> <Width = 31> <Depth = 768> <RAM>
ST_19 : Operation 222 [1/2] (3.25ns)   --->   "%w_conv3_9_load = load i5* %w_conv3_9_addr, align 1" [conv_relu3.c:28]   --->   Operation 222 'load' 'w_conv3_9_load' <Predicate = (!exitcond_flatten)> <Delay = 3.25> <Core = "ROM_nP">   --->   Core 52 'ROM_nP' <Latency = 1> <II = 1> <Delay = 3.25> <Storage> <Opcode : 'load'> <Ports = 0> <Width = 5> <Depth = 288> <ROM>
ST_19 : Operation 223 [1/2] (3.25ns)   --->   "%buf_pool2_10_load = load i31* %buf_pool2_10_addr, align 4" [conv_relu3.c:28]   --->   Operation 223 'load' 'buf_pool2_10_load' <Predicate = (!exitcond_flatten)> <Delay = 3.25> <Core = "RAM">   --->   Core 37 'RAM' <Latency = 1> <II = 1> <Delay = 3.25> <Storage> <Opcode : 'load' 'store'> <Ports = 2> <Width = 31> <Depth = 768> <RAM>
ST_19 : Operation 224 [1/2] (3.25ns)   --->   "%w_conv3_10_load = load i5* %w_conv3_10_addr, align 1" [conv_relu3.c:28]   --->   Operation 224 'load' 'w_conv3_10_load' <Predicate = (!exitcond_flatten)> <Delay = 3.25> <Core = "ROM_nP">   --->   Core 52 'ROM_nP' <Latency = 1> <II = 1> <Delay = 3.25> <Storage> <Opcode : 'load'> <Ports = 0> <Width = 5> <Depth = 288> <ROM>
ST_19 : Operation 225 [1/2] (3.25ns)   --->   "%buf_pool2_11_load = load i31* %buf_pool2_11_addr, align 4" [conv_relu3.c:28]   --->   Operation 225 'load' 'buf_pool2_11_load' <Predicate = (!exitcond_flatten)> <Delay = 3.25> <Core = "RAM">   --->   Core 37 'RAM' <Latency = 1> <II = 1> <Delay = 3.25> <Storage> <Opcode : 'load' 'store'> <Ports = 2> <Width = 31> <Depth = 768> <RAM>
ST_19 : Operation 226 [1/2] (3.25ns)   --->   "%w_conv3_11_load = load i5* %w_conv3_11_addr, align 1" [conv_relu3.c:28]   --->   Operation 226 'load' 'w_conv3_11_load' <Predicate = (!exitcond_flatten)> <Delay = 3.25> <Core = "ROM_nP">   --->   Core 52 'ROM_nP' <Latency = 1> <II = 1> <Delay = 3.25> <Storage> <Opcode : 'load'> <Ports = 0> <Width = 5> <Depth = 288> <ROM>
ST_19 : Operation 227 [1/2] (3.25ns)   --->   "%buf_pool2_12_load = load i31* %buf_pool2_12_addr, align 4" [conv_relu3.c:28]   --->   Operation 227 'load' 'buf_pool2_12_load' <Predicate = (!exitcond_flatten)> <Delay = 3.25> <Core = "RAM">   --->   Core 37 'RAM' <Latency = 1> <II = 1> <Delay = 3.25> <Storage> <Opcode : 'load' 'store'> <Ports = 2> <Width = 31> <Depth = 768> <RAM>
ST_19 : Operation 228 [1/2] (3.25ns)   --->   "%w_conv3_12_load = load i5* %w_conv3_12_addr, align 1" [conv_relu3.c:28]   --->   Operation 228 'load' 'w_conv3_12_load' <Predicate = (!exitcond_flatten)> <Delay = 3.25> <Core = "ROM_nP">   --->   Core 52 'ROM_nP' <Latency = 1> <II = 1> <Delay = 3.25> <Storage> <Opcode : 'load'> <Ports = 0> <Width = 5> <Depth = 288> <ROM>
ST_19 : Operation 229 [1/2] (3.25ns)   --->   "%buf_pool2_13_load = load i31* %buf_pool2_13_addr, align 4" [conv_relu3.c:28]   --->   Operation 229 'load' 'buf_pool2_13_load' <Predicate = (!exitcond_flatten)> <Delay = 3.25> <Core = "RAM">   --->   Core 37 'RAM' <Latency = 1> <II = 1> <Delay = 3.25> <Storage> <Opcode : 'load' 'store'> <Ports = 2> <Width = 31> <Depth = 768> <RAM>
ST_19 : Operation 230 [1/2] (3.25ns)   --->   "%w_conv3_13_load = load i5* %w_conv3_13_addr, align 1" [conv_relu3.c:28]   --->   Operation 230 'load' 'w_conv3_13_load' <Predicate = (!exitcond_flatten)> <Delay = 3.25> <Core = "ROM_nP">   --->   Core 52 'ROM_nP' <Latency = 1> <II = 1> <Delay = 3.25> <Storage> <Opcode : 'load'> <Ports = 0> <Width = 5> <Depth = 288> <ROM>
ST_19 : Operation 231 [1/2] (3.25ns)   --->   "%buf_pool2_14_load = load i31* %buf_pool2_14_addr, align 4" [conv_relu3.c:28]   --->   Operation 231 'load' 'buf_pool2_14_load' <Predicate = (!exitcond_flatten)> <Delay = 3.25> <Core = "RAM">   --->   Core 37 'RAM' <Latency = 1> <II = 1> <Delay = 3.25> <Storage> <Opcode : 'load' 'store'> <Ports = 2> <Width = 31> <Depth = 768> <RAM>
ST_19 : Operation 232 [1/2] (3.25ns)   --->   "%w_conv3_14_load = load i5* %w_conv3_14_addr, align 1" [conv_relu3.c:28]   --->   Operation 232 'load' 'w_conv3_14_load' <Predicate = (!exitcond_flatten)> <Delay = 3.25> <Core = "ROM_nP">   --->   Core 52 'ROM_nP' <Latency = 1> <II = 1> <Delay = 3.25> <Storage> <Opcode : 'load'> <Ports = 0> <Width = 5> <Depth = 288> <ROM>
ST_19 : Operation 233 [1/2] (3.25ns)   --->   "%buf_pool2_15_load = load i31* %buf_pool2_15_addr, align 4" [conv_relu3.c:28]   --->   Operation 233 'load' 'buf_pool2_15_load' <Predicate = (!exitcond_flatten)> <Delay = 3.25> <Core = "RAM">   --->   Core 37 'RAM' <Latency = 1> <II = 1> <Delay = 3.25> <Storage> <Opcode : 'load' 'store'> <Ports = 2> <Width = 31> <Depth = 768> <RAM>
ST_19 : Operation 234 [1/2] (3.25ns)   --->   "%w_conv3_15_load = load i5* %w_conv3_15_addr, align 1" [conv_relu3.c:28]   --->   Operation 234 'load' 'w_conv3_15_load' <Predicate = (!exitcond_flatten)> <Delay = 3.25> <Core = "ROM_nP">   --->   Core 52 'ROM_nP' <Latency = 1> <II = 1> <Delay = 3.25> <Storage> <Opcode : 'load'> <Ports = 0> <Width = 5> <Depth = 288> <ROM>

State 20 <SV = 19> <Delay = 8.24>
ST_20 : Operation 235 [1/1] (0.00ns)   --->   "%extLd = zext i31 %buf_pool2_0_load to i32" [conv_relu3.c:28]   --->   Operation 235 'zext' 'extLd' <Predicate = (!exitcond_flatten)> <Delay = 0.00>
ST_20 : Operation 236 [1/1] (0.00ns)   --->   "%w_conv3_0_load_cast = sext i5 %w_conv3_0_load to i32" [conv_relu3.c:28]   --->   Operation 236 'sext' 'w_conv3_0_load_cast' <Predicate = (!exitcond_flatten)> <Delay = 0.00>
ST_20 : Operation 237 [1/1] (8.24ns)   --->   "%tmp_22 = mul nsw i32 %w_conv3_0_load_cast, %extLd" [conv_relu3.c:28]   --->   Operation 237 'mul' 'tmp_22' <Predicate = (!exitcond_flatten)> <Delay = 8.24> <Core = "Mul">   --->   Core 16 'Mul' <Latency = 0> <II = 1> <Delay = 3.78> <FuncUnit> <Opcode : 'mul'> <InPorts = 2> <OutPorts = 1>
ST_20 : Operation 238 [1/1] (0.00ns)   --->   "%extLd1 = zext i31 %buf_pool2_1_load to i32" [conv_relu3.c:28]   --->   Operation 238 'zext' 'extLd1' <Predicate = (!exitcond_flatten)> <Delay = 0.00>
ST_20 : Operation 239 [1/1] (0.00ns)   --->   "%w_conv3_1_load_cast = sext i5 %w_conv3_1_load to i32" [conv_relu3.c:28]   --->   Operation 239 'sext' 'w_conv3_1_load_cast' <Predicate = (!exitcond_flatten)> <Delay = 0.00>
ST_20 : Operation 240 [1/1] (8.24ns)   --->   "%tmp_56_1 = mul nsw i32 %w_conv3_1_load_cast, %extLd1" [conv_relu3.c:28]   --->   Operation 240 'mul' 'tmp_56_1' <Predicate = (!exitcond_flatten)> <Delay = 8.24> <Core = "Mul">   --->   Core 16 'Mul' <Latency = 0> <II = 1> <Delay = 3.78> <FuncUnit> <Opcode : 'mul'> <InPorts = 2> <OutPorts = 1>
ST_20 : Operation 241 [1/1] (0.00ns)   --->   "%extLd2 = zext i31 %buf_pool2_2_load to i32" [conv_relu3.c:28]   --->   Operation 241 'zext' 'extLd2' <Predicate = (!exitcond_flatten)> <Delay = 0.00>
ST_20 : Operation 242 [1/1] (0.00ns)   --->   "%w_conv3_2_load_cast = sext i5 %w_conv3_2_load to i32" [conv_relu3.c:28]   --->   Operation 242 'sext' 'w_conv3_2_load_cast' <Predicate = (!exitcond_flatten)> <Delay = 0.00>
ST_20 : Operation 243 [1/1] (8.24ns)   --->   "%tmp_56_2 = mul nsw i32 %w_conv3_2_load_cast, %extLd2" [conv_relu3.c:28]   --->   Operation 243 'mul' 'tmp_56_2' <Predicate = (!exitcond_flatten)> <Delay = 8.24> <Core = "Mul">   --->   Core 16 'Mul' <Latency = 0> <II = 1> <Delay = 3.78> <FuncUnit> <Opcode : 'mul'> <InPorts = 2> <OutPorts = 1>
ST_20 : Operation 244 [1/1] (0.00ns)   --->   "%extLd3 = zext i31 %buf_pool2_3_load to i32" [conv_relu3.c:28]   --->   Operation 244 'zext' 'extLd3' <Predicate = (!exitcond_flatten)> <Delay = 0.00>
ST_20 : Operation 245 [1/1] (0.00ns)   --->   "%w_conv3_3_load_cast = sext i5 %w_conv3_3_load to i32" [conv_relu3.c:28]   --->   Operation 245 'sext' 'w_conv3_3_load_cast' <Predicate = (!exitcond_flatten)> <Delay = 0.00>
ST_20 : Operation 246 [1/1] (8.24ns)   --->   "%tmp_56_3 = mul nsw i32 %w_conv3_3_load_cast, %extLd3" [conv_relu3.c:28]   --->   Operation 246 'mul' 'tmp_56_3' <Predicate = (!exitcond_flatten)> <Delay = 8.24> <Core = "Mul">   --->   Core 16 'Mul' <Latency = 0> <II = 1> <Delay = 3.78> <FuncUnit> <Opcode : 'mul'> <InPorts = 2> <OutPorts = 1>
ST_20 : Operation 247 [1/1] (0.00ns)   --->   "%extLd4 = zext i31 %buf_pool2_4_load to i32" [conv_relu3.c:28]   --->   Operation 247 'zext' 'extLd4' <Predicate = (!exitcond_flatten)> <Delay = 0.00>
ST_20 : Operation 248 [1/1] (0.00ns)   --->   "%w_conv3_4_load_cast = sext i5 %w_conv3_4_load to i32" [conv_relu3.c:28]   --->   Operation 248 'sext' 'w_conv3_4_load_cast' <Predicate = (!exitcond_flatten)> <Delay = 0.00>
ST_20 : Operation 249 [1/1] (8.24ns)   --->   "%tmp_56_4 = mul nsw i32 %w_conv3_4_load_cast, %extLd4" [conv_relu3.c:28]   --->   Operation 249 'mul' 'tmp_56_4' <Predicate = (!exitcond_flatten)> <Delay = 8.24> <Core = "Mul">   --->   Core 16 'Mul' <Latency = 0> <II = 1> <Delay = 3.78> <FuncUnit> <Opcode : 'mul'> <InPorts = 2> <OutPorts = 1>
ST_20 : Operation 250 [1/1] (0.00ns)   --->   "%extLd5 = zext i31 %buf_pool2_5_load to i32" [conv_relu3.c:28]   --->   Operation 250 'zext' 'extLd5' <Predicate = (!exitcond_flatten)> <Delay = 0.00>
ST_20 : Operation 251 [1/1] (0.00ns)   --->   "%w_conv3_5_load_cast = sext i5 %w_conv3_5_load to i32" [conv_relu3.c:28]   --->   Operation 251 'sext' 'w_conv3_5_load_cast' <Predicate = (!exitcond_flatten)> <Delay = 0.00>
ST_20 : Operation 252 [1/1] (8.24ns)   --->   "%tmp_56_5 = mul nsw i32 %w_conv3_5_load_cast, %extLd5" [conv_relu3.c:28]   --->   Operation 252 'mul' 'tmp_56_5' <Predicate = (!exitcond_flatten)> <Delay = 8.24> <Core = "Mul">   --->   Core 16 'Mul' <Latency = 0> <II = 1> <Delay = 3.78> <FuncUnit> <Opcode : 'mul'> <InPorts = 2> <OutPorts = 1>
ST_20 : Operation 253 [1/1] (0.00ns)   --->   "%extLd6 = zext i31 %buf_pool2_6_load to i32" [conv_relu3.c:28]   --->   Operation 253 'zext' 'extLd6' <Predicate = (!exitcond_flatten)> <Delay = 0.00>
ST_20 : Operation 254 [1/1] (0.00ns)   --->   "%w_conv3_6_load_cast = sext i5 %w_conv3_6_load to i32" [conv_relu3.c:28]   --->   Operation 254 'sext' 'w_conv3_6_load_cast' <Predicate = (!exitcond_flatten)> <Delay = 0.00>
ST_20 : Operation 255 [1/1] (8.24ns)   --->   "%tmp_56_6 = mul nsw i32 %w_conv3_6_load_cast, %extLd6" [conv_relu3.c:28]   --->   Operation 255 'mul' 'tmp_56_6' <Predicate = (!exitcond_flatten)> <Delay = 8.24> <Core = "Mul">   --->   Core 16 'Mul' <Latency = 0> <II = 1> <Delay = 3.78> <FuncUnit> <Opcode : 'mul'> <InPorts = 2> <OutPorts = 1>
ST_20 : Operation 256 [1/1] (0.00ns)   --->   "%extLd7 = zext i31 %buf_pool2_7_load to i32" [conv_relu3.c:28]   --->   Operation 256 'zext' 'extLd7' <Predicate = (!exitcond_flatten)> <Delay = 0.00>
ST_20 : Operation 257 [1/1] (0.00ns)   --->   "%w_conv3_7_load_cast = sext i5 %w_conv3_7_load to i32" [conv_relu3.c:28]   --->   Operation 257 'sext' 'w_conv3_7_load_cast' <Predicate = (!exitcond_flatten)> <Delay = 0.00>
ST_20 : Operation 258 [1/1] (8.24ns)   --->   "%tmp_56_7 = mul nsw i32 %w_conv3_7_load_cast, %extLd7" [conv_relu3.c:28]   --->   Operation 258 'mul' 'tmp_56_7' <Predicate = (!exitcond_flatten)> <Delay = 8.24> <Core = "Mul">   --->   Core 16 'Mul' <Latency = 0> <II = 1> <Delay = 3.78> <FuncUnit> <Opcode : 'mul'> <InPorts = 2> <OutPorts = 1>
ST_20 : Operation 259 [1/1] (0.00ns)   --->   "%extLd8 = zext i31 %buf_pool2_8_load to i32" [conv_relu3.c:28]   --->   Operation 259 'zext' 'extLd8' <Predicate = (!exitcond_flatten)> <Delay = 0.00>
ST_20 : Operation 260 [1/1] (0.00ns)   --->   "%w_conv3_8_load_cast = sext i5 %w_conv3_8_load to i32" [conv_relu3.c:28]   --->   Operation 260 'sext' 'w_conv3_8_load_cast' <Predicate = (!exitcond_flatten)> <Delay = 0.00>
ST_20 : Operation 261 [1/1] (8.24ns)   --->   "%tmp_56_8 = mul nsw i32 %w_conv3_8_load_cast, %extLd8" [conv_relu3.c:28]   --->   Operation 261 'mul' 'tmp_56_8' <Predicate = (!exitcond_flatten)> <Delay = 8.24> <Core = "Mul">   --->   Core 16 'Mul' <Latency = 0> <II = 1> <Delay = 3.78> <FuncUnit> <Opcode : 'mul'> <InPorts = 2> <OutPorts = 1>
ST_20 : Operation 262 [1/1] (0.00ns)   --->   "%extLd9 = zext i31 %buf_pool2_9_load to i32" [conv_relu3.c:28]   --->   Operation 262 'zext' 'extLd9' <Predicate = (!exitcond_flatten)> <Delay = 0.00>
ST_20 : Operation 263 [1/1] (0.00ns)   --->   "%w_conv3_9_load_cast = sext i5 %w_conv3_9_load to i32" [conv_relu3.c:28]   --->   Operation 263 'sext' 'w_conv3_9_load_cast' <Predicate = (!exitcond_flatten)> <Delay = 0.00>
ST_20 : Operation 264 [1/1] (8.24ns)   --->   "%tmp_56_9 = mul nsw i32 %w_conv3_9_load_cast, %extLd9" [conv_relu3.c:28]   --->   Operation 264 'mul' 'tmp_56_9' <Predicate = (!exitcond_flatten)> <Delay = 8.24> <Core = "Mul">   --->   Core 16 'Mul' <Latency = 0> <II = 1> <Delay = 3.78> <FuncUnit> <Opcode : 'mul'> <InPorts = 2> <OutPorts = 1>
ST_20 : Operation 265 [1/1] (0.00ns)   --->   "%extLd10 = zext i31 %buf_pool2_10_load to i32" [conv_relu3.c:28]   --->   Operation 265 'zext' 'extLd10' <Predicate = (!exitcond_flatten)> <Delay = 0.00>
ST_20 : Operation 266 [1/1] (0.00ns)   --->   "%w_conv3_10_load_cast = sext i5 %w_conv3_10_load to i32" [conv_relu3.c:28]   --->   Operation 266 'sext' 'w_conv3_10_load_cast' <Predicate = (!exitcond_flatten)> <Delay = 0.00>
ST_20 : Operation 267 [1/1] (8.24ns)   --->   "%tmp_56_s = mul nsw i32 %w_conv3_10_load_cast, %extLd10" [conv_relu3.c:28]   --->   Operation 267 'mul' 'tmp_56_s' <Predicate = (!exitcond_flatten)> <Delay = 8.24> <Core = "Mul">   --->   Core 16 'Mul' <Latency = 0> <II = 1> <Delay = 3.78> <FuncUnit> <Opcode : 'mul'> <InPorts = 2> <OutPorts = 1>
ST_20 : Operation 268 [1/1] (0.00ns)   --->   "%extLd11 = zext i31 %buf_pool2_11_load to i32" [conv_relu3.c:28]   --->   Operation 268 'zext' 'extLd11' <Predicate = (!exitcond_flatten)> <Delay = 0.00>
ST_20 : Operation 269 [1/1] (0.00ns)   --->   "%w_conv3_11_load_cast = sext i5 %w_conv3_11_load to i32" [conv_relu3.c:28]   --->   Operation 269 'sext' 'w_conv3_11_load_cast' <Predicate = (!exitcond_flatten)> <Delay = 0.00>
ST_20 : Operation 270 [1/1] (8.24ns)   --->   "%tmp_56_10 = mul nsw i32 %w_conv3_11_load_cast, %extLd11" [conv_relu3.c:28]   --->   Operation 270 'mul' 'tmp_56_10' <Predicate = (!exitcond_flatten)> <Delay = 8.24> <Core = "Mul">   --->   Core 16 'Mul' <Latency = 0> <II = 1> <Delay = 3.78> <FuncUnit> <Opcode : 'mul'> <InPorts = 2> <OutPorts = 1>
ST_20 : Operation 271 [1/1] (0.00ns)   --->   "%extLd12 = zext i31 %buf_pool2_12_load to i32" [conv_relu3.c:28]   --->   Operation 271 'zext' 'extLd12' <Predicate = (!exitcond_flatten)> <Delay = 0.00>
ST_20 : Operation 272 [1/1] (0.00ns)   --->   "%w_conv3_12_load_cast = sext i5 %w_conv3_12_load to i32" [conv_relu3.c:28]   --->   Operation 272 'sext' 'w_conv3_12_load_cast' <Predicate = (!exitcond_flatten)> <Delay = 0.00>
ST_20 : Operation 273 [1/1] (8.24ns)   --->   "%tmp_56_11 = mul nsw i32 %w_conv3_12_load_cast, %extLd12" [conv_relu3.c:28]   --->   Operation 273 'mul' 'tmp_56_11' <Predicate = (!exitcond_flatten)> <Delay = 8.24> <Core = "Mul">   --->   Core 16 'Mul' <Latency = 0> <II = 1> <Delay = 3.78> <FuncUnit> <Opcode : 'mul'> <InPorts = 2> <OutPorts = 1>
ST_20 : Operation 274 [1/1] (0.00ns)   --->   "%extLd13 = zext i31 %buf_pool2_13_load to i32" [conv_relu3.c:28]   --->   Operation 274 'zext' 'extLd13' <Predicate = (!exitcond_flatten)> <Delay = 0.00>
ST_20 : Operation 275 [1/1] (0.00ns)   --->   "%w_conv3_13_load_cast = sext i5 %w_conv3_13_load to i32" [conv_relu3.c:28]   --->   Operation 275 'sext' 'w_conv3_13_load_cast' <Predicate = (!exitcond_flatten)> <Delay = 0.00>
ST_20 : Operation 276 [1/1] (8.24ns)   --->   "%tmp_56_12 = mul nsw i32 %w_conv3_13_load_cast, %extLd13" [conv_relu3.c:28]   --->   Operation 276 'mul' 'tmp_56_12' <Predicate = (!exitcond_flatten)> <Delay = 8.24> <Core = "Mul">   --->   Core 16 'Mul' <Latency = 0> <II = 1> <Delay = 3.78> <FuncUnit> <Opcode : 'mul'> <InPorts = 2> <OutPorts = 1>
ST_20 : Operation 277 [1/1] (0.00ns)   --->   "%extLd14 = zext i31 %buf_pool2_14_load to i32" [conv_relu3.c:28]   --->   Operation 277 'zext' 'extLd14' <Predicate = (!exitcond_flatten)> <Delay = 0.00>
ST_20 : Operation 278 [1/1] (0.00ns)   --->   "%w_conv3_14_load_cast = sext i5 %w_conv3_14_load to i32" [conv_relu3.c:28]   --->   Operation 278 'sext' 'w_conv3_14_load_cast' <Predicate = (!exitcond_flatten)> <Delay = 0.00>
ST_20 : Operation 279 [1/1] (8.24ns)   --->   "%tmp_56_13 = mul nsw i32 %w_conv3_14_load_cast, %extLd14" [conv_relu3.c:28]   --->   Operation 279 'mul' 'tmp_56_13' <Predicate = (!exitcond_flatten)> <Delay = 8.24> <Core = "Mul">   --->   Core 16 'Mul' <Latency = 0> <II = 1> <Delay = 3.78> <FuncUnit> <Opcode : 'mul'> <InPorts = 2> <OutPorts = 1>
ST_20 : Operation 280 [1/1] (0.00ns)   --->   "%extLd15 = zext i31 %buf_pool2_15_load to i32" [conv_relu3.c:28]   --->   Operation 280 'zext' 'extLd15' <Predicate = (!exitcond_flatten)> <Delay = 0.00>
ST_20 : Operation 281 [1/1] (0.00ns)   --->   "%w_conv3_15_load_cast = sext i5 %w_conv3_15_load to i32" [conv_relu3.c:28]   --->   Operation 281 'sext' 'w_conv3_15_load_cast' <Predicate = (!exitcond_flatten)> <Delay = 0.00>
ST_20 : Operation 282 [1/1] (8.24ns)   --->   "%tmp_56_14 = mul nsw i32 %w_conv3_15_load_cast, %extLd15" [conv_relu3.c:28]   --->   Operation 282 'mul' 'tmp_56_14' <Predicate = (!exitcond_flatten)> <Delay = 8.24> <Core = "Mul">   --->   Core 16 'Mul' <Latency = 0> <II = 1> <Delay = 3.78> <FuncUnit> <Opcode : 'mul'> <InPorts = 2> <OutPorts = 1>

State 21 <SV = 20> <Delay = 6.92>
ST_21 : Operation 283 [1/1] (2.55ns)   --->   "%tmp3 = add i32 %tmp_56_1, %tmp_22" [conv_relu3.c:28]   --->   Operation 283 'add' 'tmp3' <Predicate = (!exitcond_flatten)> <Delay = 2.55> <Core = "AddSub">   --->   Core 14 'AddSub' <Latency = 0> <II = 1> <Delay = 1.73> <FuncUnit> <Opcode : 'add' 'sub'> <InPorts = 2> <OutPorts = 1>
ST_21 : Operation 284 [1/1] (0.00ns) (grouped into TernaryAdder)   --->   "%tmp4 = add i32 %tmp_56_3, %tmp_56_2" [conv_relu3.c:28]   --->   Operation 284 'add' 'tmp4' <Predicate = (!exitcond_flatten)> <Delay = 0.00> <Core = "TAddSub">   --->   Core 84 'TAddSub' <Latency = 0> <II = 1> <Delay = 1.79> <IPBlock> <Opcode : 'add' 'sub'> <InPorts = 3> <OutPorts = 1> <Sync> <CReg>
ST_21 : Operation 285 [1/1] (4.37ns) (root node of TernaryAdder)   --->   "%tmp2 = add i32 %tmp3, %tmp4" [conv_relu3.c:28]   --->   Operation 285 'add' 'tmp2' <Predicate = (!exitcond_flatten)> <Delay = 4.37> <Core = "TAddSub">   --->   Core 84 'TAddSub' <Latency = 0> <II = 1> <Delay = 1.79> <IPBlock> <Opcode : 'add' 'sub'> <InPorts = 3> <OutPorts = 1> <Sync> <CReg>
ST_21 : Operation 286 [1/1] (2.55ns)   --->   "%tmp6 = add i32 %tmp_56_5, %tmp_56_4" [conv_relu3.c:28]   --->   Operation 286 'add' 'tmp6' <Predicate = (!exitcond_flatten)> <Delay = 2.55> <Core = "AddSub">   --->   Core 14 'AddSub' <Latency = 0> <II = 1> <Delay = 1.73> <FuncUnit> <Opcode : 'add' 'sub'> <InPorts = 2> <OutPorts = 1>
ST_21 : Operation 287 [1/1] (2.55ns)   --->   "%tmp7 = add i32 %tmp_56_7, %tmp_56_6" [conv_relu3.c:28]   --->   Operation 287 'add' 'tmp7' <Predicate = (!exitcond_flatten)> <Delay = 2.55> <Core = "AddSub">   --->   Core 14 'AddSub' <Latency = 0> <II = 1> <Delay = 1.73> <FuncUnit> <Opcode : 'add' 'sub'> <InPorts = 2> <OutPorts = 1>
ST_21 : Operation 288 [1/1] (2.55ns)   --->   "%tmp10 = add i32 %tmp_56_9, %tmp_56_8" [conv_relu3.c:28]   --->   Operation 288 'add' 'tmp10' <Predicate = (!exitcond_flatten)> <Delay = 2.55> <Core = "AddSub">   --->   Core 14 'AddSub' <Latency = 0> <II = 1> <Delay = 1.73> <FuncUnit> <Opcode : 'add' 'sub'> <InPorts = 2> <OutPorts = 1>
ST_21 : Operation 289 [1/1] (0.00ns) (grouped into TernaryAdder)   --->   "%tmp11 = add i32 %tmp_56_10, %tmp_56_s" [conv_relu3.c:28]   --->   Operation 289 'add' 'tmp11' <Predicate = (!exitcond_flatten)> <Delay = 0.00> <Core = "TAddSub">   --->   Core 84 'TAddSub' <Latency = 0> <II = 1> <Delay = 1.79> <IPBlock> <Opcode : 'add' 'sub'> <InPorts = 3> <OutPorts = 1> <Sync> <CReg>
ST_21 : Operation 290 [1/1] (4.37ns) (root node of TernaryAdder)   --->   "%tmp9 = add i32 %tmp10, %tmp11" [conv_relu3.c:28]   --->   Operation 290 'add' 'tmp9' <Predicate = (!exitcond_flatten)> <Delay = 4.37> <Core = "TAddSub">   --->   Core 84 'TAddSub' <Latency = 0> <II = 1> <Delay = 1.79> <IPBlock> <Opcode : 'add' 'sub'> <InPorts = 3> <OutPorts = 1> <Sync> <CReg>
ST_21 : Operation 291 [1/1] (2.55ns)   --->   "%tmp13 = add i32 %tmp_56_12, %tmp_56_11" [conv_relu3.c:28]   --->   Operation 291 'add' 'tmp13' <Predicate = (!exitcond_flatten)> <Delay = 2.55> <Core = "AddSub">   --->   Core 14 'AddSub' <Latency = 0> <II = 1> <Delay = 1.73> <FuncUnit> <Opcode : 'add' 'sub'> <InPorts = 2> <OutPorts = 1>
ST_21 : Operation 292 [1/1] (2.55ns)   --->   "%tmp14 = add i32 %tmp_56_14, %tmp_56_13" [conv_relu3.c:28]   --->   Operation 292 'add' 'tmp14' <Predicate = (!exitcond_flatten)> <Delay = 2.55> <Core = "AddSub">   --->   Core 14 'AddSub' <Latency = 0> <II = 1> <Delay = 1.73> <FuncUnit> <Opcode : 'add' 'sub'> <InPorts = 2> <OutPorts = 1>

State 22 <SV = 21> <Delay = 8.74>
ST_22 : Operation 293 [1/1] (0.00ns)   --->   "call void (...)* @_ssdm_op_SpecLoopName([16 x i8]* @LOOP_KR_LOOP_KC_str)"   --->   Operation 293 'specloopname' <Predicate = (!exitcond_flatten)> <Delay = 0.00>
ST_22 : Operation 294 [1/1] (0.00ns)   --->   "call void (...)* @_ssdm_op_SpecLoopName([8 x i8]* @p_str622) nounwind" [conv_relu3.c:25]   --->   Operation 294 'specloopname' <Predicate = (!exitcond_flatten)> <Delay = 0.00>
ST_22 : Operation 295 [1/1] (0.00ns)   --->   "%tmp_18 = call i32 (...)* @_ssdm_op_SpecRegionBegin([8 x i8]* @p_str622)" [conv_relu3.c:25]   --->   Operation 295 'specregionbegin' 'tmp_18' <Predicate = (!exitcond_flatten)> <Delay = 0.00>
ST_22 : Operation 296 [1/1] (0.00ns)   --->   "call void (...)* @_ssdm_op_SpecPipeline(i32 1, i32 1, i32 1, i32 0, [1 x i8]* @p_str117) nounwind" [conv_relu3.c:26]   --->   Operation 296 'specpipeline' <Predicate = (!exitcond_flatten)> <Delay = 0.00>
ST_22 : Operation 297 [1/1] (0.00ns) (grouped into TernaryAdder)   --->   "%tmp5 = add i32 %tmp6, %tmp7" [conv_relu3.c:28]   --->   Operation 297 'add' 'tmp5' <Predicate = (!exitcond_flatten)> <Delay = 0.00> <Core = "TAddSub">   --->   Core 84 'TAddSub' <Latency = 0> <II = 1> <Delay = 1.79> <IPBlock> <Opcode : 'add' 'sub'> <InPorts = 3> <OutPorts = 1> <Sync> <CReg>
ST_22 : Operation 298 [1/1] (4.37ns) (root node of TernaryAdder)   --->   "%tmp1 = add i32 %tmp2, %tmp5" [conv_relu3.c:28]   --->   Operation 298 'add' 'tmp1' <Predicate = (!exitcond_flatten)> <Delay = 4.37> <Core = "TAddSub">   --->   Core 84 'TAddSub' <Latency = 0> <II = 1> <Delay = 1.79> <IPBlock> <Opcode : 'add' 'sub'> <InPorts = 3> <OutPorts = 1> <Sync> <CReg>
ST_22 : Operation 299 [1/1] (0.00ns) (grouped into TernaryAdder)   --->   "%tmp12 = add i32 %tmp13, %tmp14" [conv_relu3.c:28]   --->   Operation 299 'add' 'tmp12' <Predicate = (!exitcond_flatten)> <Delay = 0.00> <Core = "TAddSub">   --->   Core 84 'TAddSub' <Latency = 0> <II = 1> <Delay = 1.79> <IPBlock> <Opcode : 'add' 'sub'> <InPorts = 3> <OutPorts = 1> <Sync> <CReg>
ST_22 : Operation 300 [1/1] (4.37ns) (root node of TernaryAdder)   --->   "%tmp8 = add i32 %tmp9, %tmp12" [conv_relu3.c:28]   --->   Operation 300 'add' 'tmp8' <Predicate = (!exitcond_flatten)> <Delay = 4.37> <Core = "TAddSub">   --->   Core 84 'TAddSub' <Latency = 0> <II = 1> <Delay = 1.79> <IPBlock> <Opcode : 'add' 'sub'> <InPorts = 3> <OutPorts = 1> <Sync> <CReg>
ST_22 : Operation 301 [1/1] (0.00ns) (grouped into TernaryAdder)   --->   "%tmp_23 = add nsw i32 %tmp1, %tmp8" [conv_relu3.c:28]   --->   Operation 301 'add' 'tmp_23' <Predicate = (!exitcond_flatten)> <Delay = 0.00> <Core = "TAddSub">   --->   Core 84 'TAddSub' <Latency = 0> <II = 1> <Delay = 1.79> <IPBlock> <Opcode : 'add' 'sub'> <InPorts = 3> <OutPorts = 1> <Sync> <CReg>
ST_22 : Operation 302 [1/1] (4.37ns) (root node of TernaryAdder)   --->   "%sum_4_s = add nsw i32 %tmp_23, %sum_1" [conv_relu3.c:28]   --->   Operation 302 'add' 'sum_4_s' <Predicate = (!exitcond_flatten)> <Delay = 4.37> <Core = "TAddSub">   --->   Core 84 'TAddSub' <Latency = 0> <II = 1> <Delay = 1.79> <IPBlock> <Opcode : 'add' 'sub'> <InPorts = 3> <OutPorts = 1> <Sync> <CReg>
ST_22 : Operation 303 [1/1] (0.00ns)   --->   "%empty_21 = call i32 (...)* @_ssdm_op_SpecRegionEnd([8 x i8]* @p_str622, i32 %tmp_18)" [conv_relu3.c:31]   --->   Operation 303 'specregionend' 'empty_21' <Predicate = (!exitcond_flatten)> <Delay = 0.00>
ST_22 : Operation 304 [1/1] (0.00ns)   --->   "br label %2"   --->   Operation 304 'br' <Predicate = (!exitcond_flatten)> <Delay = 0.00>

State 23 <SV = 17> <Delay = 6.46>
ST_23 : Operation 305 [1/1] (0.00ns)   --->   "%tmp_69 = trunc i32 %sum_1 to i31" [conv_relu3.c:23]   --->   Operation 305 'trunc' 'tmp_69' <Predicate = true> <Delay = 0.00>
ST_23 : Operation 306 [1/1] (2.47ns)   --->   "%tmp_16 = icmp sgt i32 %sum_1, 0" [conv_relu3.c:33]   --->   Operation 306 'icmp' 'tmp_16' <Predicate = true> <Delay = 2.47> <Core = "Cmp">   --->   Core 25 'Cmp' <Latency = 0> <II = 1> <Delay = 2.47> <FuncUnit> <Opcode : 'icmp'> <InPorts = 2> <OutPorts = 1>
ST_23 : Operation 307 [1/1] (0.73ns)   --->   "%tmp_17 = select i1 %tmp_16, i31 %tmp_69, i31 0" [conv_relu3.c:33]   --->   Operation 307 'select' 'tmp_17' <Predicate = true> <Delay = 0.73> <Core = "Sel">   --->   Core 26 'Sel' <Latency = 0> <II = 1> <Delay = 0.68> <FuncUnit> <Opcode : 'select'> <InPorts = 3> <OutPorts = 1>
ST_23 : Operation 308 [1/1] (1.30ns)   --->   "switch i3 %arrayNo_mid2, label %branch4 [
    i3 0, label %branch0
    i3 1, label %branch1
    i3 2, label %branch2
    i3 3, label %branch3
  ]" [conv_relu3.c:33]   --->   Operation 308 'switch' <Predicate = true> <Delay = 1.30>
ST_23 : Operation 309 [1/1] (3.25ns)   --->   "store i31 %tmp_17, i31* %output_3_addr, align 4" [conv_relu3.c:33]   --->   Operation 309 'store' <Predicate = (arrayNo_mid2 == 3)> <Delay = 3.25> <Core = "RAM">   --->   Core 37 'RAM' <Latency = 1> <II = 1> <Delay = 3.25> <Storage> <Opcode : 'load' 'store'> <Ports = 2> <Width = 31> <Depth = 768> <RAM>
ST_23 : Operation 310 [1/1] (0.00ns)   --->   "br label %4" [conv_relu3.c:33]   --->   Operation 310 'br' <Predicate = (arrayNo_mid2 == 3)> <Delay = 0.00>
ST_23 : Operation 311 [1/1] (3.25ns)   --->   "store i31 %tmp_17, i31* %output_2_addr, align 4" [conv_relu3.c:33]   --->   Operation 311 'store' <Predicate = (arrayNo_mid2 == 2)> <Delay = 3.25> <Core = "RAM">   --->   Core 37 'RAM' <Latency = 1> <II = 1> <Delay = 3.25> <Storage> <Opcode : 'load' 'store'> <Ports = 2> <Width = 31> <Depth = 768> <RAM>
ST_23 : Operation 312 [1/1] (0.00ns)   --->   "br label %4" [conv_relu3.c:33]   --->   Operation 312 'br' <Predicate = (arrayNo_mid2 == 2)> <Delay = 0.00>
ST_23 : Operation 313 [1/1] (3.25ns)   --->   "store i31 %tmp_17, i31* %output_1_addr, align 4" [conv_relu3.c:33]   --->   Operation 313 'store' <Predicate = (arrayNo_mid2 == 1)> <Delay = 3.25> <Core = "RAM">   --->   Core 37 'RAM' <Latency = 1> <II = 1> <Delay = 3.25> <Storage> <Opcode : 'load' 'store'> <Ports = 2> <Width = 31> <Depth = 768> <RAM>
ST_23 : Operation 314 [1/1] (0.00ns)   --->   "br label %4" [conv_relu3.c:33]   --->   Operation 314 'br' <Predicate = (arrayNo_mid2 == 1)> <Delay = 0.00>
ST_23 : Operation 315 [1/1] (3.25ns)   --->   "store i31 %tmp_17, i31* %output_0_addr, align 4" [conv_relu3.c:33]   --->   Operation 315 'store' <Predicate = (arrayNo_mid2 == 0)> <Delay = 3.25> <Core = "RAM">   --->   Core 37 'RAM' <Latency = 1> <II = 1> <Delay = 3.25> <Storage> <Opcode : 'load' 'store'> <Ports = 2> <Width = 31> <Depth = 768> <RAM>
ST_23 : Operation 316 [1/1] (0.00ns)   --->   "br label %4" [conv_relu3.c:33]   --->   Operation 316 'br' <Predicate = (arrayNo_mid2 == 0)> <Delay = 0.00>
ST_23 : Operation 317 [1/1] (3.25ns)   --->   "store i31 %tmp_17, i31* %output_4_addr, align 4" [conv_relu3.c:33]   --->   Operation 317 'store' <Predicate = (arrayNo_mid2 != 0 & arrayNo_mid2 != 1 & arrayNo_mid2 != 2 & arrayNo_mid2 != 3)> <Delay = 3.25> <Core = "RAM">   --->   Core 37 'RAM' <Latency = 1> <II = 1> <Delay = 3.25> <Storage> <Opcode : 'load' 'store'> <Ports = 2> <Width = 31> <Depth = 768> <RAM>
ST_23 : Operation 318 [1/1] (0.00ns)   --->   "br label %4" [conv_relu3.c:33]   --->   Operation 318 'br' <Predicate = (arrayNo_mid2 != 0 & arrayNo_mid2 != 1 & arrayNo_mid2 != 2 & arrayNo_mid2 != 3)> <Delay = 0.00>
ST_23 : Operation 319 [1/1] (0.00ns)   --->   "%empty_22 = call i32 (...)* @_ssdm_op_SpecRegionEnd([8 x i8]* @p_str420, i32 %tmp_15)" [conv_relu3.c:34]   --->   Operation 319 'specregionend' 'empty_22' <Predicate = true> <Delay = 0.00>
ST_23 : Operation 320 [1/1] (1.82ns)   --->   "%oc_2 = add i6 %oc_mid2, 1" [conv_relu3.c:20]   --->   Operation 320 'add' 'oc_2' <Predicate = true> <Delay = 1.82> <Core = "AddSub">   --->   Core 14 'AddSub' <Latency = 0> <II = 1> <Delay = 1.73> <FuncUnit> <Opcode : 'add' 'sub'> <InPorts = 2> <OutPorts = 1>
ST_23 : Operation 321 [1/1] (1.73ns)   --->   "%indvar_flatten7_op = add i10 %indvar_flatten7, 1"   --->   Operation 321 'add' 'indvar_flatten7_op' <Predicate = (!exitcond_flatten2)> <Delay = 1.73> <Core = "AddSub">   --->   Core 14 'AddSub' <Latency = 0> <II = 1> <Delay = 1.73> <FuncUnit> <Opcode : 'add' 'sub'> <InPorts = 2> <OutPorts = 1>
ST_23 : Operation 322 [1/1] (0.68ns)   --->   "%indvar_flatten_next8 = select i1 %exitcond_flatten2, i10 1, i10 %indvar_flatten7_op"   --->   Operation 322 'select' 'indvar_flatten_next8' <Predicate = true> <Delay = 0.68> <Core = "Sel">   --->   Core 26 'Sel' <Latency = 0> <II = 1> <Delay = 0.68> <FuncUnit> <Opcode : 'select'> <InPorts = 3> <OutPorts = 1>
ST_23 : Operation 323 [1/1] (0.00ns)   --->   "br label %1" [conv_relu3.c:20]   --->   Operation 323 'br' <Predicate = true> <Delay = 0.00>


============================================================
+ Verbose Summary: Timing violations
============================================================
Target clock period: 10ns, clock uncertainty: 1.25ns.

 <State 1>: 1.77ns
The critical path consists of the following:
	multiplexor before 'phi' operation ('indvar_flatten4') with incoming values : ('indvar_flatten_next4') [40]  (1.77 ns)

 <State 2>: 2.94ns
The critical path consists of the following:
	'phi' operation ('col', conv_relu3.c:20) with incoming values : ('col_mid2', conv_relu3.c:20) [43]  (0 ns)
	'urem' operation ('arrayNo', conv_relu3.c:33) [45]  (2.94 ns)

 <State 3>: 2.94ns
The critical path consists of the following:
	'urem' operation ('arrayNo', conv_relu3.c:33) [45]  (2.94 ns)

 <State 4>: 2.94ns
The critical path consists of the following:
	'urem' operation ('arrayNo', conv_relu3.c:33) [45]  (2.94 ns)

 <State 5>: 2.94ns
The critical path consists of the following:
	'urem' operation ('arrayNo', conv_relu3.c:33) [45]  (2.94 ns)

 <State 6>: 2.94ns
The critical path consists of the following:
	'urem' operation ('arrayNo', conv_relu3.c:33) [45]  (2.94 ns)

 <State 7>: 2.94ns
The critical path consists of the following:
	'urem' operation ('arrayNo', conv_relu3.c:33) [45]  (2.94 ns)

 <State 8>: 2.94ns
The critical path consists of the following:
	'urem' operation ('arrayNo', conv_relu3.c:33) [45]  (2.94 ns)

 <State 9>: 7.47ns
The critical path consists of the following:
	'phi' operation ('indvar_flatten7') with incoming values : ('indvar_flatten_next8') [42]  (0 ns)
	'icmp' operation ('exitcond_flatten2') [58]  (1.77 ns)
	'select' operation ('col_mid', conv_relu3.c:20) [59]  (1.02 ns)
	'add' operation ('col_1', conv_relu3.c:18) [72]  (1.74 ns)
	'urem' operation ('arrayNo_mid1', conv_relu3.c:33) [76]  (2.94 ns)

 <State 10>: 4.76ns
The critical path consists of the following:
	'mul' operation ('mul2', conv_relu3.c:33) [80]  (3.78 ns)
	'select' operation ('newIndex1_mid2', conv_relu3.c:33) [83]  (0.98 ns)

 <State 11>: 2.94ns
The critical path consists of the following:
	'urem' operation ('arrayNo_mid1', conv_relu3.c:33) [76]  (2.94 ns)

 <State 12>: 2.94ns
The critical path consists of the following:
	'urem' operation ('arrayNo_mid1', conv_relu3.c:33) [76]  (2.94 ns)

 <State 13>: 2.94ns
The critical path consists of the following:
	'urem' operation ('arrayNo_mid1', conv_relu3.c:33) [76]  (2.94 ns)

 <State 14>: 2.94ns
The critical path consists of the following:
	'urem' operation ('arrayNo_mid1', conv_relu3.c:33) [76]  (2.94 ns)

 <State 15>: 2.94ns
The critical path consists of the following:
	'urem' operation ('arrayNo_mid1', conv_relu3.c:33) [76]  (2.94 ns)

 <State 16>: 7.89ns
The critical path consists of the following:
	'add' operation ('row', conv_relu3.c:16) [56]  (1.74 ns)
	'select' operation ('tmp_mid2_v', conv_relu3.c:33) [60]  (1.02 ns)
	'sub' operation ('tmp_s', conv_relu3.c:33) [64]  (0 ns)
	'add' operation ('tmp_98', conv_relu3.c:33) [86]  (3.58 ns)
	'add' operation ('tmp_100', conv_relu3.c:33) [96]  (1.55 ns)

 <State 17>: 3.52ns
The critical path consists of the following:
	'phi' operation ('kc') with incoming values : ('kc', conv_relu3.c:25) [109]  (0 ns)
	'icmp' operation ('exitcond2', conv_relu3.c:25) [118]  (0.959 ns)
	'select' operation ('kc_mid2', conv_relu3.c:25) [119]  (0.993 ns)
	'add' operation ('kc', conv_relu3.c:25) [274]  (1.56 ns)

 <State 18>: 8.69ns
The critical path consists of the following:
	'add' operation ('tmp_33_mid2_v', conv_relu3.c:28) [122]  (1.74 ns)
	'sub' operation ('tmp_104', conv_relu3.c:28) [127]  (0 ns)
	'add' operation ('tmp_107', conv_relu3.c:28) [138]  (3.7 ns)
	'getelementptr' operation ('buf_pool2_0_addr', conv_relu3.c:28) [140]  (0 ns)
	'load' operation ('buf_pool2_0_load', conv_relu3.c:28) on array 'buf_pool2_0' [177]  (3.25 ns)

 <State 19>: 3.25ns
The critical path consists of the following:
	'load' operation ('buf_pool2_0_load', conv_relu3.c:28) on array 'buf_pool2_0' [177]  (3.25 ns)

 <State 20>: 8.24ns
The critical path consists of the following:
	'mul' operation ('tmp_22', conv_relu3.c:28) [181]  (8.24 ns)

 <State 21>: 6.92ns
The critical path consists of the following:
	'add' operation ('tmp3', conv_relu3.c:28) [257]  (2.55 ns)
	'add' operation ('tmp2', conv_relu3.c:28) [259]  (4.37 ns)

 <State 22>: 8.74ns
The critical path consists of the following:
	'add' operation ('tmp5', conv_relu3.c:28) [262]  (0 ns)
	'add' operation ('tmp1', conv_relu3.c:28) [263]  (4.37 ns)
	'add' operation ('tmp_23', conv_relu3.c:28) [271]  (0 ns)
	'add' operation ('sum_4_s', conv_relu3.c:28) [272]  (4.37 ns)

 <State 23>: 6.46ns
The critical path consists of the following:
	'icmp' operation ('tmp_16', conv_relu3.c:33) [278]  (2.47 ns)
	'select' operation ('tmp_17', conv_relu3.c:33) [279]  (0.733 ns)
	'store' operation (conv_relu3.c:33) of variable 'tmp_17', conv_relu3.c:33 on array 'output_4' [294]  (3.25 ns)


============================================================
+ Verbose Summary: Binding
============================================================
N/A
* FSMD analyzer results:
  - Output states:
 - Input state : 
  - Chain level:
	State 1
	State 2
	State 3
	State 4
	State 5
	State 6
	State 7
	State 8
	State 9
	State 10
	State 11
	State 12
	State 13
	State 14
	State 15
	State 16
	State 17
	State 18
	State 19
	State 20
	State 21
	State 22
	State 23


============================================================
+ Verbose Summary: Datapath Resource usage 
============================================================
N/A
