

================================================================
== Vivado HLS Report for 'tinyyolo_lite'
================================================================
* Date:           Sun Jun 21 08:38:14 2026

* Version:        2018.3 (Build 2405991 on Thu Dec 06 23:56:15 MST 2018)
* Project:        tinyyolo_lite
* Solution:       optimization_solution
* Product family: zynq
* Target device:  xc7z020clg484-1


================================================================
== Performance Estimates
================================================================
+ Timing (ns): 
    * Summary: 
    +--------+-------+----------+------------+
    |  Clock | Target| Estimated| Uncertainty|
    +--------+-------+----------+------------+
    |ap_clk  |  10.00|     8.743|        1.25|
    +--------+-------+----------+------------+

+ Latency (clock cycles): 
    * Summary: 
    +---------+---------+---------+---------+---------+
    |      Latency      |      Interval     | Pipeline|
    |   min   |   max   |   min   |   max   |   Type  |
    +---------+---------+---------+---------+---------+
    |  1048587|  1048587|  1048587|  1048587|   none  |
    +---------+---------+---------+---------+---------+

    + Detail: 
        * Instance: 
        +---------------------------+----------------+--------+--------+--------+--------+---------+
        |                           |                |     Latency     |     Interval    | Pipeline|
        |          Instance         |     Module     |   min  |   max  |   min  |   max  |   Type  |
        +---------------------------+----------------+--------+--------+--------+--------+---------+
        |grp_conv_layer3_fu_162     |conv_layer3     |  138248|  138248|  138248|  138248|   none  |
        |grp_detection_head_fu_240  |detection_head  |  177153|  177153|  177153|  177153|   none  |
        |grp_conv_layer2_fu_266     |conv_layer2     |  228753|  228753|  228753|  228753|   none  |
        |grp_conv_layer1_fu_306     |conv_layer1     |  492033|  492033|  492033|  492033|   none  |
        |grp_maxpool_layer2_fu_326  |maxpool_layer2  |    3141|    3141|    3141|    3141|   none  |
        |grp_maxpool_layer1_fu_366  |maxpool_layer1  |    7693|    7693|    7693|    7693|   none  |
        |grp_decode_fu_390          |decode          |    1553|    1553|    1553|    1553|   none  |
        +---------------------------+----------------+--------+--------+--------+--------+---------+

        * Loop: 
        N/A



================================================================
== Utilization Estimates
================================================================
* Summary: 
+-----------------+---------+-------+--------+-------+
|       Name      | BRAM_18K| DSP48E|   FF   |  LUT  |
+-----------------+---------+-------+--------+-------+
|DSP              |        -|      -|       -|      -|
|Expression       |        -|      -|       -|      -|
|FIFO             |        -|      -|       -|      -|
|Instance         |       26|     29|    5098|   7792|
|Memory           |      142|      -|       0|      0|
|Multiplexer      |        -|      -|       -|   1433|
|Register         |        -|      -|      21|      -|
+-----------------+---------+-------+--------+-------+
|Total            |      168|     29|    5119|   9225|
+-----------------+---------+-------+--------+-------+
|Available        |      280|    220|  106400|  53200|
+-----------------+---------+-------+--------+-------+
|Utilization (%)  |       60|     13|       4|     17|
+-----------------+---------+-------+--------+-------+

+ Detail: 
    * Instance: 
    +---------------------------+----------------+---------+-------+------+------+
    |          Instance         |     Module     | BRAM_18K| DSP48E|  FF  |  LUT |
    +---------------------------+----------------+---------+-------+------+------+
    |grp_conv_layer1_fu_306     |conv_layer1     |        0|      0|   446|   819|
    |grp_conv_layer2_fu_266     |conv_layer2     |        0|      8|   970|  1340|
    |grp_conv_layer3_fu_162     |conv_layer3     |       16|     16|  1675|  1787|
    |grp_decode_fu_390          |decode          |        0|      0|   188|   575|
    |grp_detection_head_fu_240  |detection_head  |       10|      5|   970|  1535|
    |grp_maxpool_layer1_fu_366  |maxpool_layer1  |        0|      0|   419|   797|
    |grp_maxpool_layer2_fu_326  |maxpool_layer2  |        0|      0|   430|   939|
    +---------------------------+----------------+---------+-------+------+------+
    |Total                      |                |       26|     29|  5098|  7792|
    +---------------------------+----------------+---------+-------+------+------+

    * DSP48: 
    N/A

    * Memory: 
    +----------------+----------------------+---------+---+----+-------+-----+------+-------------+
    |     Memory     |        Module        | BRAM_18K| FF| LUT| Words | Bits| Banks| W*Bits*Banks|
    +----------------+----------------------+---------+---+----+-------+-----+------+-------------+
    |buf_conv1_0_U   |tinyyolo_lite_bufJfO  |       31|  0|   0|  15376|   31|     1|       476656|
    |buf_conv1_1_U   |tinyyolo_lite_bufJfO  |       31|  0|   0|  15376|   31|     1|       476656|
    |buf_pool1_0_U   |tinyyolo_lite_bufLf8  |        2|  0|   0|    961|   31|     1|        29791|
    |buf_pool1_1_U   |tinyyolo_lite_bufLf8  |        2|  0|   0|    961|   31|     1|        29791|
    |buf_pool1_2_U   |tinyyolo_lite_bufLf8  |        2|  0|   0|    961|   31|     1|        29791|
    |buf_pool1_3_U   |tinyyolo_lite_bufLf8  |        2|  0|   0|    961|   31|     1|        29791|
    |buf_pool1_4_U   |tinyyolo_lite_bufLf8  |        2|  0|   0|    961|   31|     1|        29791|
    |buf_pool1_5_U   |tinyyolo_lite_bufLf8  |        2|  0|   0|    961|   31|     1|        29791|
    |buf_pool1_6_U   |tinyyolo_lite_bufLf8  |        2|  0|   0|    961|   31|     1|        29791|
    |buf_pool1_7_U   |tinyyolo_lite_bufLf8  |        2|  0|   0|    961|   31|     1|        29791|
    |buf_conv2_0_U   |tinyyolo_lite_bufThq  |       16|  0|   0|   6960|   31|     1|       215760|
    |buf_conv2_1_U   |tinyyolo_lite_bufUhA  |       16|  0|   0|   6496|   31|     1|       201376|
    |buf_pool2_0_U   |tinyyolo_lite_bufVhK  |        1|  0|   0|    196|   31|     1|         6076|
    |buf_pool2_1_U   |tinyyolo_lite_bufVhK  |        1|  0|   0|    196|   31|     1|         6076|
    |buf_pool2_2_U   |tinyyolo_lite_bufVhK  |        1|  0|   0|    196|   31|     1|         6076|
    |buf_pool2_3_U   |tinyyolo_lite_bufVhK  |        1|  0|   0|    196|   31|     1|         6076|
    |buf_pool2_4_U   |tinyyolo_lite_bufVhK  |        1|  0|   0|    196|   31|     1|         6076|
    |buf_pool2_5_U   |tinyyolo_lite_bufVhK  |        1|  0|   0|    196|   31|     1|         6076|
    |buf_pool2_6_U   |tinyyolo_lite_bufVhK  |        1|  0|   0|    196|   31|     1|         6076|
    |buf_pool2_7_U   |tinyyolo_lite_bufVhK  |        1|  0|   0|    196|   31|     1|         6076|
    |buf_pool2_8_U   |tinyyolo_lite_bufVhK  |        1|  0|   0|    196|   31|     1|         6076|
    |buf_pool2_9_U   |tinyyolo_lite_bufVhK  |        1|  0|   0|    196|   31|     1|         6076|
    |buf_pool2_10_U  |tinyyolo_lite_bufVhK  |        1|  0|   0|    196|   31|     1|         6076|
    |buf_pool2_11_U  |tinyyolo_lite_bufVhK  |        1|  0|   0|    196|   31|     1|         6076|
    |buf_pool2_12_U  |tinyyolo_lite_bufVhK  |        1|  0|   0|    196|   31|     1|         6076|
    |buf_pool2_13_U  |tinyyolo_lite_bufVhK  |        1|  0|   0|    196|   31|     1|         6076|
    |buf_pool2_14_U  |tinyyolo_lite_bufVhK  |        1|  0|   0|    196|   31|     1|         6076|
    |buf_pool2_15_U  |tinyyolo_lite_bufVhK  |        1|  0|   0|    196|   31|     1|         6076|
    |buf_conv3_0_U   |tinyyolo_lite_bufbbk  |        4|  0|   0|   1152|   31|     1|        35712|
    |buf_conv3_1_U   |tinyyolo_lite_bufbbk  |        4|  0|   0|   1152|   31|     1|        35712|
    |buf_conv3_2_U   |tinyyolo_lite_bufbdk  |        2|  0|   0|    768|   31|     1|        23808|
    |buf_conv3_3_U   |tinyyolo_lite_bufbdk  |        2|  0|   0|    768|   31|     1|        23808|
    |buf_conv3_4_U   |tinyyolo_lite_bufbdk  |        2|  0|   0|    768|   31|     1|        23808|
    |buf_det_U       |tinyyolo_lite_bufbgk  |        2|  0|   0|   1024|   32|     1|        32768|
    +----------------+----------------------+---------+---+----+-------+-----+------+-------------+
    |Total           |                      |      142|  0|   0|  60664| 1055|    34|      1881608|
    +----------------+----------------------+---------+---+----+-------+-----+------+-------------+

    * FIFO: 
    N/A

    * Expression: 
    N/A

    * Multiplexer: 
    +-----------------------+----+-----------+-----+-----------+
    |          Name         | LUT| Input Size| Bits| Total Bits|
    +-----------------------+----+-----------+-----+-----------+
    |ap_NS_fsm              |  62|         15|    1|         15|
    |buf_conv1_0_address0   |  15|          3|   14|         42|
    |buf_conv1_0_ce0        |  15|          3|    1|          3|
    |buf_conv1_0_ce1        |   9|          2|    1|          2|
    |buf_conv1_0_we0        |   9|          2|    1|          2|
    |buf_conv1_1_address0   |  15|          3|   14|         42|
    |buf_conv1_1_ce0        |  15|          3|    1|          3|
    |buf_conv1_1_ce1        |   9|          2|    1|          2|
    |buf_conv1_1_we0        |   9|          2|    1|          2|
    |buf_conv2_0_address0   |  15|          3|   13|         39|
    |buf_conv2_0_ce0        |  15|          3|    1|          3|
    |buf_conv2_0_ce1        |   9|          2|    1|          2|
    |buf_conv2_0_we0        |   9|          2|    1|          2|
    |buf_conv2_1_address0   |  15|          3|   13|         39|
    |buf_conv2_1_ce0        |  15|          3|    1|          3|
    |buf_conv2_1_ce1        |   9|          2|    1|          2|
    |buf_conv2_1_we0        |   9|          2|    1|          2|
    |buf_conv3_0_address0   |  15|          3|   11|         33|
    |buf_conv3_0_ce0        |  15|          3|    1|          3|
    |buf_conv3_0_we0        |   9|          2|    1|          2|
    |buf_conv3_1_address0   |  15|          3|   11|         33|
    |buf_conv3_1_ce0        |  15|          3|    1|          3|
    |buf_conv3_1_we0        |   9|          2|    1|          2|
    |buf_conv3_2_address0   |  15|          3|   10|         30|
    |buf_conv3_2_ce0        |  15|          3|    1|          3|
    |buf_conv3_2_we0        |   9|          2|    1|          2|
    |buf_conv3_3_address0   |  15|          3|   10|         30|
    |buf_conv3_3_ce0        |  15|          3|    1|          3|
    |buf_conv3_3_we0        |   9|          2|    1|          2|
    |buf_conv3_4_address0   |  15|          3|   10|         30|
    |buf_conv3_4_ce0        |  15|          3|    1|          3|
    |buf_conv3_4_we0        |   9|          2|    1|          2|
    |buf_det_address0       |  15|          3|   10|         30|
    |buf_det_ce0            |  15|          3|    1|          3|
    |buf_det_ce1            |   9|          2|    1|          2|
    |buf_det_we0            |   9|          2|    1|          2|
    |buf_pool1_0_address0   |  15|          3|   10|         30|
    |buf_pool1_0_ce0        |  15|          3|    1|          3|
    |buf_pool1_0_we0        |   9|          2|    1|          2|
    |buf_pool1_1_address0   |  15|          3|   10|         30|
    |buf_pool1_1_ce0        |  15|          3|    1|          3|
    |buf_pool1_1_we0        |   9|          2|    1|          2|
    |buf_pool1_2_address0   |  15|          3|   10|         30|
    |buf_pool1_2_ce0        |  15|          3|    1|          3|
    |buf_pool1_2_we0        |   9|          2|    1|          2|
    |buf_pool1_3_address0   |  15|          3|   10|         30|
    |buf_pool1_3_ce0        |  15|          3|    1|          3|
    |buf_pool1_3_we0        |   9|          2|    1|          2|
    |buf_pool1_4_address0   |  15|          3|   10|         30|
    |buf_pool1_4_ce0        |  15|          3|    1|          3|
    |buf_pool1_4_we0        |   9|          2|    1|          2|
    |buf_pool1_5_address0   |  15|          3|   10|         30|
    |buf_pool1_5_ce0        |  15|          3|    1|          3|
    |buf_pool1_5_we0        |   9|          2|    1|          2|
    |buf_pool1_6_address0   |  15|          3|   10|         30|
    |buf_pool1_6_ce0        |  15|          3|    1|          3|
    |buf_pool1_6_we0        |   9|          2|    1|          2|
    |buf_pool1_7_address0   |  15|          3|   10|         30|
    |buf_pool1_7_ce0        |  15|          3|    1|          3|
    |buf_pool1_7_we0        |   9|          2|    1|          2|
    |buf_pool2_0_address0   |  15|          3|    8|         24|
    |buf_pool2_0_ce0        |  15|          3|    1|          3|
    |buf_pool2_0_we0        |   9|          2|    1|          2|
    |buf_pool2_10_address0  |  15|          3|    8|         24|
    |buf_pool2_10_ce0       |  15|          3|    1|          3|
    |buf_pool2_10_we0       |   9|          2|    1|          2|
    |buf_pool2_11_address0  |  15|          3|    8|         24|
    |buf_pool2_11_ce0       |  15|          3|    1|          3|
    |buf_pool2_11_we0       |   9|          2|    1|          2|
    |buf_pool2_12_address0  |  15|          3|    8|         24|
    |buf_pool2_12_ce0       |  15|          3|    1|          3|
    |buf_pool2_12_we0       |   9|          2|    1|          2|
    |buf_pool2_13_address0  |  15|          3|    8|         24|
    |buf_pool2_13_ce0       |  15|          3|    1|          3|
    |buf_pool2_13_we0       |   9|          2|    1|          2|
    |buf_pool2_14_address0  |  15|          3|    8|         24|
    |buf_pool2_14_ce0       |  15|          3|    1|          3|
    |buf_pool2_14_we0       |   9|          2|    1|          2|
    |buf_pool2_15_address0  |  15|          3|    8|         24|
    |buf_pool2_15_ce0       |  15|          3|    1|          3|
    |buf_pool2_15_we0       |   9|          2|    1|          2|
    |buf_pool2_1_address0   |  15|          3|    8|         24|
    |buf_pool2_1_ce0        |  15|          3|    1|          3|
    |buf_pool2_1_we0        |   9|          2|    1|          2|
    |buf_pool2_2_address0   |  15|          3|    8|         24|
    |buf_pool2_2_ce0        |  15|          3|    1|          3|
    |buf_pool2_2_we0        |   9|          2|    1|          2|
    |buf_pool2_3_address0   |  15|          3|    8|         24|
    |buf_pool2_3_ce0        |  15|          3|    1|          3|
    |buf_pool2_3_we0        |   9|          2|    1|          2|
    |buf_pool2_4_address0   |  15|          3|    8|         24|
    |buf_pool2_4_ce0        |  15|          3|    1|          3|
    |buf_pool2_4_we0        |   9|          2|    1|          2|
    |buf_pool2_5_address0   |  15|          3|    8|         24|
    |buf_pool2_5_ce0        |  15|          3|    1|          3|
    |buf_pool2_5_we0        |   9|          2|    1|          2|
    |buf_pool2_6_address0   |  15|          3|    8|         24|
    |buf_pool2_6_ce0        |  15|          3|    1|          3|
    |buf_pool2_6_we0        |   9|          2|    1|          2|
    |buf_pool2_7_address0   |  15|          3|    8|         24|
    |buf_pool2_7_ce0        |  15|          3|    1|          3|
    |buf_pool2_7_we0        |   9|          2|    1|          2|
    |buf_pool2_8_address0   |  15|          3|    8|         24|
    |buf_pool2_8_ce0        |  15|          3|    1|          3|
    |buf_pool2_8_we0        |   9|          2|    1|          2|
    |buf_pool2_9_address0   |  15|          3|    8|         24|
    |buf_pool2_9_ce0        |  15|          3|    1|          3|
    |buf_pool2_9_we0        |   9|          2|    1|          2|
    +-----------------------+----+-----------+-----+-----------+
    |Total                  |1433|        297|  398|       1167|
    +-----------------------+----+-----------+-----+-----------+

    * Register: 
    +----------------------------------------+----+----+-----+-----------+
    |                  Name                  | FF | LUT| Bits| Const Bits|
    +----------------------------------------+----+----+-----+-----------+
    |ap_CS_fsm                               |  14|   0|   14|          0|
    |grp_conv_layer1_fu_306_ap_start_reg     |   1|   0|    1|          0|
    |grp_conv_layer2_fu_266_ap_start_reg     |   1|   0|    1|          0|
    |grp_conv_layer3_fu_162_ap_start_reg     |   1|   0|    1|          0|
    |grp_decode_fu_390_ap_start_reg          |   1|   0|    1|          0|
    |grp_detection_head_fu_240_ap_start_reg  |   1|   0|    1|          0|
    |grp_maxpool_layer1_fu_366_ap_start_reg  |   1|   0|    1|          0|
    |grp_maxpool_layer2_fu_326_ap_start_reg  |   1|   0|    1|          0|
    +----------------------------------------+----+----+-----+-----------+
    |Total                                   |  21|   0|   21|          0|
    +----------------------------------------+----+----+-----+-----------+



================================================================
== Interface
================================================================
* Summary: 
+-------------------+-----+-----+------------+---------------+--------------+
|     RTL Ports     | Dir | Bits|  Protocol  | Source Object |    C Type    |
+-------------------+-----+-----+------------+---------------+--------------+
|ap_clk             |  in |    1| ap_ctrl_hs | tinyyolo_lite | return value |
|ap_rst             |  in |    1| ap_ctrl_hs | tinyyolo_lite | return value |
|ap_start           |  in |    1| ap_ctrl_hs | tinyyolo_lite | return value |
|ap_done            | out |    1| ap_ctrl_hs | tinyyolo_lite | return value |
|ap_idle            | out |    1| ap_ctrl_hs | tinyyolo_lite | return value |
|ap_ready           | out |    1| ap_ctrl_hs | tinyyolo_lite | return value |
|image_0_address0   | out |   12|  ap_memory |    image_0    |     array    |
|image_0_ce0        | out |    1|  ap_memory |    image_0    |     array    |
|image_0_q0         |  in |   32|  ap_memory |    image_0    |     array    |
|image_1_address0   | out |   12|  ap_memory |    image_1    |     array    |
|image_1_ce0        | out |    1|  ap_memory |    image_1    |     array    |
|image_1_q0         |  in |   32|  ap_memory |    image_1    |     array    |
|image_2_address0   | out |   12|  ap_memory |    image_2    |     array    |
|image_2_ce0        | out |    1|  ap_memory |    image_2    |     array    |
|image_2_q0         |  in |   32|  ap_memory |    image_2    |     array    |
|output_r_address0  | out |   10|  ap_memory |    output_r   |     array    |
|output_r_ce0       | out |    1|  ap_memory |    output_r   |     array    |
|output_r_we0       | out |    1|  ap_memory |    output_r   |     array    |
|output_r_d0        | out |   32|  ap_memory |    output_r   |     array    |
|output_r_address1  | out |   10|  ap_memory |    output_r   |     array    |
|output_r_ce1       | out |    1|  ap_memory |    output_r   |     array    |
|output_r_we1       | out |    1|  ap_memory |    output_r   |     array    |
|output_r_d1        | out |   32|  ap_memory |    output_r   |     array    |
+-------------------+-----+-----+------------+---------------+--------------+

============================================================
+ Verbose Summary: Synthesis Manager
============================================================
InlineROM: 1
ExposeGlobal: 0
============================================================
+ Verbose Summary: CDFG Model
============================================================
IsTopModel: 1
ResetActiveHigh: 1
IsCombinational: 2
IsDatapathOnly: 2
HasWiredReturn: 1
HasMFsm: 0
HasVarLatency: 1
IsPipeline: 0
IsRtlPipelined: 0
IsInstanceOverlapped: 0
IsDontTouch: 0
HasImplIP: 0
IsGatedGlobalClock: 0


============================================================
+ Verbose Summary: Schedule
============================================================
* Number of FSM states : 14
* Pipeline : 0
* Dataflow Pipeline: 0

* FSM state transitions: 
1 --> 
	2  / true
2 --> 
	3  / true
3 --> 
	4  / true
4 --> 
	5  / true
5 --> 
	6  / true
6 --> 
	7  / true
7 --> 
	8  / true
8 --> 
	9  / true
9 --> 
	10  / true
10 --> 
	11  / true
11 --> 
	12  / true
12 --> 
	13  / true
13 --> 
	14  / true
14 --> 

* FSM state operations: 

State 1 <SV = 0> <Delay = 0.00>
ST_1 : Operation 15 [2/2] (0.00ns)   --->   "call fastcc void @conv_layer1([4096 x i32]* %image_0, [4096 x i32]* %image_1, [4096 x i32]* %image_2, [15376 x i31]* @buf_conv1_0, [15376 x i31]* @buf_conv1_1)" [tinyyolo_lite.c:47]   --->   Operation 15 'call' <Predicate = true> <Delay = 0.00> <CoreType = "Generic">   --->   Core 0 '' <Latency = 0> <II = 1> <Delay = 1.00> <Generic> <Opcode : >

State 2 <SV = 1> <Delay = 0.00>
ST_2 : Operation 16 [1/2] (0.00ns)   --->   "call fastcc void @conv_layer1([4096 x i32]* %image_0, [4096 x i32]* %image_1, [4096 x i32]* %image_2, [15376 x i31]* @buf_conv1_0, [15376 x i31]* @buf_conv1_1)" [tinyyolo_lite.c:47]   --->   Operation 16 'call' <Predicate = true> <Delay = 0.00> <CoreType = "Generic">   --->   Core 0 '' <Latency = 0> <II = 1> <Delay = 1.00> <Generic> <Opcode : >

State 3 <SV = 2> <Delay = 0.00>
ST_3 : Operation 17 [2/2] (0.00ns)   --->   "call fastcc void @maxpool_layer1([961 x i31]* @buf_pool1_0, [961 x i31]* @buf_pool1_1, [961 x i31]* @buf_pool1_2, [961 x i31]* @buf_pool1_3, [961 x i31]* @buf_pool1_4, [961 x i31]* @buf_pool1_5, [961 x i31]* @buf_pool1_6, [961 x i31]* @buf_pool1_7)" [tinyyolo_lite.c:52]   --->   Operation 17 'call' <Predicate = true> <Delay = 0.00> <CoreType = "Generic">   --->   Core 0 '' <Latency = 0> <II = 1> <Delay = 1.00> <Generic> <Opcode : >

State 4 <SV = 3> <Delay = 0.00>
ST_4 : Operation 18 [1/2] (0.00ns)   --->   "call fastcc void @maxpool_layer1([961 x i31]* @buf_pool1_0, [961 x i31]* @buf_pool1_1, [961 x i31]* @buf_pool1_2, [961 x i31]* @buf_pool1_3, [961 x i31]* @buf_pool1_4, [961 x i31]* @buf_pool1_5, [961 x i31]* @buf_pool1_6, [961 x i31]* @buf_pool1_7)" [tinyyolo_lite.c:52]   --->   Operation 18 'call' <Predicate = true> <Delay = 0.00> <CoreType = "Generic">   --->   Core 0 '' <Latency = 0> <II = 1> <Delay = 1.00> <Generic> <Opcode : >

State 5 <SV = 4> <Delay = 0.00>
ST_5 : Operation 19 [2/2] (0.00ns)   --->   "call fastcc void @conv_layer2([6960 x i31]* @buf_conv2_0, [6496 x i31]* @buf_conv2_1)" [tinyyolo_lite.c:57]   --->   Operation 19 'call' <Predicate = true> <Delay = 0.00> <CoreType = "Generic">   --->   Core 0 '' <Latency = 0> <II = 1> <Delay = 1.00> <Generic> <Opcode : >

State 6 <SV = 5> <Delay = 0.00>
ST_6 : Operation 20 [1/2] (0.00ns)   --->   "call fastcc void @conv_layer2([6960 x i31]* @buf_conv2_0, [6496 x i31]* @buf_conv2_1)" [tinyyolo_lite.c:57]   --->   Operation 20 'call' <Predicate = true> <Delay = 0.00> <CoreType = "Generic">   --->   Core 0 '' <Latency = 0> <II = 1> <Delay = 1.00> <Generic> <Opcode : >

State 7 <SV = 6> <Delay = 0.00>
ST_7 : Operation 21 [2/2] (0.00ns)   --->   "call fastcc void @maxpool_layer2([196 x i31]* @buf_pool2_0, [196 x i31]* @buf_pool2_1, [196 x i31]* @buf_pool2_2, [196 x i31]* @buf_pool2_3, [196 x i31]* @buf_pool2_4, [196 x i31]* @buf_pool2_5, [196 x i31]* @buf_pool2_6, [196 x i31]* @buf_pool2_7, [196 x i31]* @buf_pool2_8, [196 x i31]* @buf_pool2_9, [196 x i31]* @buf_pool2_10, [196 x i31]* @buf_pool2_11, [196 x i31]* @buf_pool2_12, [196 x i31]* @buf_pool2_13, [196 x i31]* @buf_pool2_14, [196 x i31]* @buf_pool2_15)" [tinyyolo_lite.c:62]   --->   Operation 21 'call' <Predicate = true> <Delay = 0.00> <CoreType = "Generic">   --->   Core 0 '' <Latency = 0> <II = 1> <Delay = 1.00> <Generic> <Opcode : >

State 8 <SV = 7> <Delay = 0.00>
ST_8 : Operation 22 [1/2] (0.00ns)   --->   "call fastcc void @maxpool_layer2([196 x i31]* @buf_pool2_0, [196 x i31]* @buf_pool2_1, [196 x i31]* @buf_pool2_2, [196 x i31]* @buf_pool2_3, [196 x i31]* @buf_pool2_4, [196 x i31]* @buf_pool2_5, [196 x i31]* @buf_pool2_6, [196 x i31]* @buf_pool2_7, [196 x i31]* @buf_pool2_8, [196 x i31]* @buf_pool2_9, [196 x i31]* @buf_pool2_10, [196 x i31]* @buf_pool2_11, [196 x i31]* @buf_pool2_12, [196 x i31]* @buf_pool2_13, [196 x i31]* @buf_pool2_14, [196 x i31]* @buf_pool2_15)" [tinyyolo_lite.c:62]   --->   Operation 22 'call' <Predicate = true> <Delay = 0.00> <CoreType = "Generic">   --->   Core 0 '' <Latency = 0> <II = 1> <Delay = 1.00> <Generic> <Opcode : >

State 9 <SV = 8> <Delay = 0.00>
ST_9 : Operation 23 [2/2] (0.00ns)   --->   "call fastcc void @conv_layer3([1152 x i31]* @buf_conv3_0, [1152 x i31]* @buf_conv3_1, [768 x i31]* @buf_conv3_2, [768 x i31]* @buf_conv3_3, [768 x i31]* @buf_conv3_4)" [tinyyolo_lite.c:67]   --->   Operation 23 'call' <Predicate = true> <Delay = 0.00> <CoreType = "Generic">   --->   Core 0 '' <Latency = 0> <II = 1> <Delay = 1.00> <Generic> <Opcode : >

State 10 <SV = 9> <Delay = 0.00>
ST_10 : Operation 24 [1/2] (0.00ns)   --->   "call fastcc void @conv_layer3([1152 x i31]* @buf_conv3_0, [1152 x i31]* @buf_conv3_1, [768 x i31]* @buf_conv3_2, [768 x i31]* @buf_conv3_3, [768 x i31]* @buf_conv3_4)" [tinyyolo_lite.c:67]   --->   Operation 24 'call' <Predicate = true> <Delay = 0.00> <CoreType = "Generic">   --->   Core 0 '' <Latency = 0> <II = 1> <Delay = 1.00> <Generic> <Opcode : >

State 11 <SV = 10> <Delay = 0.00>
ST_11 : Operation 25 [2/2] (0.00ns)   --->   "call fastcc void @detection_head([1024 x i32]* @buf_det)" [tinyyolo_lite.c:72]   --->   Operation 25 'call' <Predicate = true> <Delay = 0.00> <CoreType = "Generic">   --->   Core 0 '' <Latency = 0> <II = 1> <Delay = 1.00> <Generic> <Opcode : >

State 12 <SV = 11> <Delay = 0.00>
ST_12 : Operation 26 [1/2] (0.00ns)   --->   "call fastcc void @detection_head([1024 x i32]* @buf_det)" [tinyyolo_lite.c:72]   --->   Operation 26 'call' <Predicate = true> <Delay = 0.00> <CoreType = "Generic">   --->   Core 0 '' <Latency = 0> <II = 1> <Delay = 1.00> <Generic> <Opcode : >

State 13 <SV = 12> <Delay = 0.00>
ST_13 : Operation 27 [2/2] (0.00ns)   --->   "call fastcc void @decode([1024 x i32]* %output_r)" [tinyyolo_lite.c:77]   --->   Operation 27 'call' <Predicate = true> <Delay = 0.00> <CoreType = "Generic">   --->   Core 0 '' <Latency = 0> <II = 1> <Delay = 1.00> <Generic> <Opcode : >

State 14 <SV = 13> <Delay = 0.00>
ST_14 : Operation 28 [1/1] (0.00ns)   --->   "call void (...)* @_ssdm_op_SpecBitsMap([4096 x i32]* %image_2), !map !28"   --->   Operation 28 'specbitsmap' <Predicate = true> <Delay = 0.00>
ST_14 : Operation 29 [1/1] (0.00ns)   --->   "call void (...)* @_ssdm_op_SpecBitsMap([4096 x i32]* %image_1), !map !35"   --->   Operation 29 'specbitsmap' <Predicate = true> <Delay = 0.00>
ST_14 : Operation 30 [1/1] (0.00ns)   --->   "call void (...)* @_ssdm_op_SpecBitsMap([4096 x i32]* %image_0), !map !41"   --->   Operation 30 'specbitsmap' <Predicate = true> <Delay = 0.00>
ST_14 : Operation 31 [1/1] (0.00ns)   --->   "call void (...)* @_ssdm_op_SpecBitsMap([1024 x i32]* %output_r), !map !47"   --->   Operation 31 'specbitsmap' <Predicate = true> <Delay = 0.00>
ST_14 : Operation 32 [1/1] (0.00ns)   --->   "call void (...)* @_ssdm_op_SpecTopModule([14 x i8]* @tinyyolo_lite_str) nounwind"   --->   Operation 32 'spectopmodule' <Predicate = true> <Delay = 0.00>
ST_14 : Operation 33 [1/2] (0.00ns)   --->   "call fastcc void @decode([1024 x i32]* %output_r)" [tinyyolo_lite.c:77]   --->   Operation 33 'call' <Predicate = true> <Delay = 0.00> <CoreType = "Generic">   --->   Core 0 '' <Latency = 0> <II = 1> <Delay = 1.00> <Generic> <Opcode : >
ST_14 : Operation 34 [1/1] (0.00ns)   --->   "ret void" [tinyyolo_lite.c:78]   --->   Operation 34 'ret' <Predicate = true> <Delay = 0.00>


============================================================
+ Verbose Summary: Binding
============================================================
STG Binding: 
---------------- STG Properties BEGIN ----------------
- Is combinational: 0
- Is one-state seq: 0
- Is datapath-only: 0
- Is pipelined: 0
- Is top level: 1
Port [ Return ] is wired: 1; IO mode=ap_ctrl_hs:ce=0
Port [ image_0]:  wired=1; compound=1; hidden=0; nouse=0; global=0; static=0; extern=0; dir=0; type=1; pingpong=0; private_global=0; MemPort=[13]; IO mode=ap_memory:ce=0
Port [ image_1]:  wired=1; compound=1; hidden=0; nouse=0; global=0; static=0; extern=0; dir=0; type=1; pingpong=0; private_global=0; MemPort=[13]; IO mode=ap_memory:ce=0
Port [ image_2]:  wired=1; compound=1; hidden=0; nouse=0; global=0; static=0; extern=0; dir=0; type=1; pingpong=0; private_global=0; MemPort=[13]; IO mode=ap_memory:ce=0
Port [ output_r]:  wired=1; compound=1; hidden=0; nouse=0; global=0; static=0; extern=0; dir=1; type=1; pingpong=0; private_global=0; MemPort=[00]; IO mode=ap_memory:ce=0
Port [ w_conv1_0]:  wired=0; compound=1; hidden=1; nouse=1; global=1; static=1; extern=0; dir=0; type=1; pingpong=0; private_global=0; linkage=7; visibility=0; MemPort=[1]; IO mode=ap_memory:ce=0
Port [ w_conv1_1]:  wired=0; compound=1; hidden=1; nouse=1; global=1; static=1; extern=0; dir=0; type=1; pingpong=0; private_global=0; linkage=7; visibility=0; MemPort=[1]; IO mode=ap_memory:ce=0
Port [ w_conv1_2]:  wired=0; compound=1; hidden=1; nouse=1; global=1; static=1; extern=0; dir=0; type=1; pingpong=0; private_global=0; linkage=7; visibility=0; MemPort=[1]; IO mode=ap_memory:ce=0
Port [ buf_conv1_0]:  wired=0; compound=1; hidden=1; nouse=0; global=1; static=1; extern=0; dir=2; type=1; pingpong=0; private_global=1; linkage=7; visibility=0; MemPort=[21]; IO mode=ap_memory:ce=0
Port [ buf_conv1_1]:  wired=0; compound=1; hidden=1; nouse=0; global=1; static=1; extern=0; dir=2; type=1; pingpong=0; private_global=1; linkage=7; visibility=0; MemPort=[21]; IO mode=ap_memory:ce=0
Port [ buf_pool1_0]:  wired=0; compound=1; hidden=1; nouse=0; global=1; static=1; extern=0; dir=2; type=1; pingpong=0; private_global=1; linkage=7; visibility=0; MemPort=[23]; IO mode=ap_memory:ce=0
Port [ buf_pool1_1]:  wired=0; compound=1; hidden=1; nouse=0; global=1; static=1; extern=0; dir=2; type=1; pingpong=0; private_global=1; linkage=7; visibility=0; MemPort=[23]; IO mode=ap_memory:ce=0
Port [ buf_pool1_2]:  wired=0; compound=1; hidden=1; nouse=0; global=1; static=1; extern=0; dir=2; type=1; pingpong=0; private_global=1; linkage=7; visibility=0; MemPort=[23]; IO mode=ap_memory:ce=0
Port [ buf_pool1_3]:  wired=0; compound=1; hidden=1; nouse=0; global=1; static=1; extern=0; dir=2; type=1; pingpong=0; private_global=1; linkage=7; visibility=0; MemPort=[23]; IO mode=ap_memory:ce=0
Port [ buf_pool1_4]:  wired=0; compound=1; hidden=1; nouse=0; global=1; static=1; extern=0; dir=2; type=1; pingpong=0; private_global=1; linkage=7; visibility=0; MemPort=[23]; IO mode=ap_memory:ce=0
Port [ buf_pool1_5]:  wired=0; compound=1; hidden=1; nouse=0; global=1; static=1; extern=0; dir=2; type=1; pingpong=0; private_global=1; linkage=7; visibility=0; MemPort=[23]; IO mode=ap_memory:ce=0
Port [ buf_pool1_6]:  wired=0; compound=1; hidden=1; nouse=0; global=1; static=1; extern=0; dir=2; type=1; pingpong=0; private_global=1; linkage=7; visibility=0; MemPort=[23]; IO mode=ap_memory:ce=0
Port [ buf_pool1_7]:  wired=0; compound=1; hidden=1; nouse=0; global=1; static=1; extern=0; dir=2; type=1; pingpong=0; private_global=1; linkage=7; visibility=0; MemPort=[23]; IO mode=ap_memory:ce=0
Port [ w_conv2_0]:  wired=0; compound=1; hidden=1; nouse=1; global=1; static=1; extern=0; dir=0; type=1; pingpong=0; private_global=0; linkage=7; visibility=0; MemPort=[1]; IO mode=ap_memory:ce=0
Port [ w_conv2_1]:  wired=0; compound=1; hidden=1; nouse=1; global=1; static=1; extern=0; dir=0; type=1; pingpong=0; private_global=0; linkage=7; visibility=0; MemPort=[1]; IO mode=ap_memory:ce=0
Port [ w_conv2_2]:  wired=0; compound=1; hidden=1; nouse=1; global=1; static=1; extern=0; dir=0; type=1; pingpong=0; private_global=0; linkage=7; visibility=0; MemPort=[1]; IO mode=ap_memory:ce=0
Port [ w_conv2_3]:  wired=0; compound=1; hidden=1; nouse=1; global=1; static=1; extern=0; dir=0; type=1; pingpong=0; private_global=0; linkage=7; visibility=0; MemPort=[1]; IO mode=ap_memory:ce=0
Port [ w_conv2_4]:  wired=0; compound=1; hidden=1; nouse=1; global=1; static=1; extern=0; dir=0; type=1; pingpong=0; private_global=0; linkage=7; visibility=0; MemPort=[1]; IO mode=ap_memory:ce=0
Port [ w_conv2_5]:  wired=0; compound=1; hidden=1; nouse=1; global=1; static=1; extern=0; dir=0; type=1; pingpong=0; private_global=0; linkage=7; visibility=0; MemPort=[1]; IO mode=ap_memory:ce=0
Port [ w_conv2_6]:  wired=0; compound=1; hidden=1; nouse=1; global=1; static=1; extern=0; dir=0; type=1; pingpong=0; private_global=0; linkage=7; visibility=0; MemPort=[1]; IO mode=ap_memory:ce=0
Port [ w_conv2_7]:  wired=0; compound=1; hidden=1; nouse=1; global=1; static=1; extern=0; dir=0; type=1; pingpong=0; private_global=0; linkage=7; visibility=0; MemPort=[1]; IO mode=ap_memory:ce=0
Port [ buf_conv2_0]:  wired=0; compound=1; hidden=1; nouse=0; global=1; static=1; extern=0; dir=2; type=1; pingpong=0; private_global=1; linkage=7; visibility=0; MemPort=[21]; IO mode=ap_memory:ce=0
Port [ buf_conv2_1]:  wired=0; compound=1; hidden=1; nouse=0; global=1; static=1; extern=0; dir=2; type=1; pingpong=0; private_global=1; linkage=7; visibility=0; MemPort=[21]; IO mode=ap_memory:ce=0
Port [ buf_pool2_0]:  wired=0; compound=1; hidden=1; nouse=0; global=1; static=1; extern=0; dir=2; type=1; pingpong=0; private_global=1; linkage=7; visibility=0; MemPort=[23]; IO mode=ap_memory:ce=0
Port [ buf_pool2_1]:  wired=0; compound=1; hidden=1; nouse=0; global=1; static=1; extern=0; dir=2; type=1; pingpong=0; private_global=1; linkage=7; visibility=0; MemPort=[23]; IO mode=ap_memory:ce=0
Port [ buf_pool2_2]:  wired=0; compound=1; hidden=1; nouse=0; global=1; static=1; extern=0; dir=2; type=1; pingpong=0; private_global=1; linkage=7; visibility=0; MemPort=[23]; IO mode=ap_memory:ce=0
Port [ buf_pool2_3]:  wired=0; compound=1; hidden=1; nouse=0; global=1; static=1; extern=0; dir=2; type=1; pingpong=0; private_global=1; linkage=7; visibility=0; MemPort=[23]; IO mode=ap_memory:ce=0
Port [ buf_pool2_4]:  wired=0; compound=1; hidden=1; nouse=0; global=1; static=1; extern=0; dir=2; type=1; pingpong=0; private_global=1; linkage=7; visibility=0; MemPort=[23]; IO mode=ap_memory:ce=0
Port [ buf_pool2_5]:  wired=0; compound=1; hidden=1; nouse=0; global=1; static=1; extern=0; dir=2; type=1; pingpong=0; private_global=1; linkage=7; visibility=0; MemPort=[23]; IO mode=ap_memory:ce=0
Port [ buf_pool2_6]:  wired=0; compound=1; hidden=1; nouse=0; global=1; static=1; extern=0; dir=2; type=1; pingpong=0; private_global=1; linkage=7; visibility=0; MemPort=[23]; IO mode=ap_memory:ce=0
Port [ buf_pool2_7]:  wired=0; compound=1; hidden=1; nouse=0; global=1; static=1; extern=0; dir=2; type=1; pingpong=0; private_global=1; linkage=7; visibility=0; MemPort=[23]; IO mode=ap_memory:ce=0
Port [ buf_pool2_8]:  wired=0; compound=1; hidden=1; nouse=0; global=1; static=1; extern=0; dir=2; type=1; pingpong=0; private_global=1; linkage=7; visibility=0; MemPort=[23]; IO mode=ap_memory:ce=0
Port [ buf_pool2_9]:  wired=0; compound=1; hidden=1; nouse=0; global=1; static=1; extern=0; dir=2; type=1; pingpong=0; private_global=1; linkage=7; visibility=0; MemPort=[23]; IO mode=ap_memory:ce=0
Port [ buf_pool2_10]:  wired=0; compound=1; hidden=1; nouse=0; global=1; static=1; extern=0; dir=2; type=1; pingpong=0; private_global=1; linkage=7; visibility=0; MemPort=[23]; IO mode=ap_memory:ce=0
Port [ buf_pool2_11]:  wired=0; compound=1; hidden=1; nouse=0; global=1; static=1; extern=0; dir=2; type=1; pingpong=0; private_global=1; linkage=7; visibility=0; MemPort=[23]; IO mode=ap_memory:ce=0
Port [ buf_pool2_12]:  wired=0; compound=1; hidden=1; nouse=0; global=1; static=1; extern=0; dir=2; type=1; pingpong=0; private_global=1; linkage=7; visibility=0; MemPort=[23]; IO mode=ap_memory:ce=0
Port [ buf_pool2_13]:  wired=0; compound=1; hidden=1; nouse=0; global=1; static=1; extern=0; dir=2; type=1; pingpong=0; private_global=1; linkage=7; visibility=0; MemPort=[23]; IO mode=ap_memory:ce=0
Port [ buf_pool2_14]:  wired=0; compound=1; hidden=1; nouse=0; global=1; static=1; extern=0; dir=2; type=1; pingpong=0; private_global=1; linkage=7; visibility=0; MemPort=[23]; IO mode=ap_memory:ce=0
Port [ buf_pool2_15]:  wired=0; compound=1; hidden=1; nouse=0; global=1; static=1; extern=0; dir=2; type=1; pingpong=0; private_global=1; linkage=7; visibility=0; MemPort=[23]; IO mode=ap_memory:ce=0
Port [ w_conv3_0]:  wired=0; compound=1; hidden=1; nouse=1; global=1; static=1; extern=0; dir=0; type=1; pingpong=0; private_global=0; linkage=7; visibility=0; MemPort=[1]; IO mode=ap_memory:ce=0
Port [ w_conv3_1]:  wired=0; compound=1; hidden=1; nouse=1; global=1; static=1; extern=0; dir=0; type=1; pingpong=0; private_global=0; linkage=7; visibility=0; MemPort=[1]; IO mode=ap_memory:ce=0
Port [ w_conv3_2]:  wired=0; compound=1; hidden=1; nouse=1; global=1; static=1; extern=0; dir=0; type=1; pingpong=0; private_global=0; linkage=7; visibility=0; MemPort=[1]; IO mode=ap_memory:ce=0
Port [ w_conv3_3]:  wired=0; compound=1; hidden=1; nouse=1; global=1; static=1; extern=0; dir=0; type=1; pingpong=0; private_global=0; linkage=7; visibility=0; MemPort=[1]; IO mode=ap_memory:ce=0
Port [ w_conv3_4]:  wired=0; compound=1; hidden=1; nouse=1; global=1; static=1; extern=0; dir=0; type=1; pingpong=0; private_global=0; linkage=7; visibility=0; MemPort=[1]; IO mode=ap_memory:ce=0
Port [ w_conv3_5]:  wired=0; compound=1; hidden=1; nouse=1; global=1; static=1; extern=0; dir=0; type=1; pingpong=0; private_global=0; linkage=7; visibility=0; MemPort=[1]; IO mode=ap_memory:ce=0
Port [ w_conv3_6]:  wired=0; compound=1; hidden=1; nouse=1; global=1; static=1; extern=0; dir=0; type=1; pingpong=0; private_global=0; linkage=7; visibility=0; MemPort=[1]; IO mode=ap_memory:ce=0
Port [ w_conv3_7]:  wired=0; compound=1; hidden=1; nouse=1; global=1; static=1; extern=0; dir=0; type=1; pingpong=0; private_global=0; linkage=7; visibility=0; MemPort=[1]; IO mode=ap_memory:ce=0
Port [ w_conv3_8]:  wired=0; compound=1; hidden=1; nouse=1; global=1; static=1; extern=0; dir=0; type=1; pingpong=0; private_global=0; linkage=7; visibility=0; MemPort=[1]; IO mode=ap_memory:ce=0
Port [ w_conv3_9]:  wired=0; compound=1; hidden=1; nouse=1; global=1; static=1; extern=0; dir=0; type=1; pingpong=0; private_global=0; linkage=7; visibility=0; MemPort=[1]; IO mode=ap_memory:ce=0
Port [ w_conv3_10]:  wired=0; compound=1; hidden=1; nouse=1; global=1; static=1; extern=0; dir=0; type=1; pingpong=0; private_global=0; linkage=7; visibility=0; MemPort=[1]; IO mode=ap_memory:ce=0
Port [ w_conv3_11]:  wired=0; compound=1; hidden=1; nouse=1; global=1; static=1; extern=0; dir=0; type=1; pingpong=0; private_global=0; linkage=7; visibility=0; MemPort=[1]; IO mode=ap_memory:ce=0
Port [ w_conv3_12]:  wired=0; compound=1; hidden=1; nouse=1; global=1; static=1; extern=0; dir=0; type=1; pingpong=0; private_global=0; linkage=7; visibility=0; MemPort=[1]; IO mode=ap_memory:ce=0
Port [ w_conv3_13]:  wired=0; compound=1; hidden=1; nouse=1; global=1; static=1; extern=0; dir=0; type=1; pingpong=0; private_global=0; linkage=7; visibility=0; MemPort=[1]; IO mode=ap_memory:ce=0
Port [ w_conv3_14]:  wired=0; compound=1; hidden=1; nouse=1; global=1; static=1; extern=0; dir=0; type=1; pingpong=0; private_global=0; linkage=7; visibility=0; MemPort=[1]; IO mode=ap_memory:ce=0
Port [ w_conv3_15]:  wired=0; compound=1; hidden=1; nouse=1; global=1; static=1; extern=0; dir=0; type=1; pingpong=0; private_global=0; linkage=7; visibility=0; MemPort=[1]; IO mode=ap_memory:ce=0
Port [ buf_conv3_0]:  wired=0; compound=1; hidden=1; nouse=0; global=1; static=1; extern=0; dir=2; type=1; pingpong=0; private_global=1; linkage=7; visibility=0; MemPort=[23]; IO mode=ap_memory:ce=0
Port [ buf_conv3_1]:  wired=0; compound=1; hidden=1; nouse=0; global=1; static=1; extern=0; dir=2; type=1; pingpong=0; private_global=1; linkage=7; visibility=0; MemPort=[23]; IO mode=ap_memory:ce=0
Port [ buf_conv3_2]:  wired=0; compound=1; hidden=1; nouse=0; global=1; static=1; extern=0; dir=2; type=1; pingpong=0; private_global=1; linkage=7; visibility=0; MemPort=[23]; IO mode=ap_memory:ce=0
Port [ buf_conv3_3]:  wired=0; compound=1; hidden=1; nouse=0; global=1; static=1; extern=0; dir=2; type=1; pingpong=0; private_global=1; linkage=7; visibility=0; MemPort=[23]; IO mode=ap_memory:ce=0
Port [ buf_conv3_4]:  wired=0; compound=1; hidden=1; nouse=0; global=1; static=1; extern=0; dir=2; type=1; pingpong=0; private_global=1; linkage=7; visibility=0; MemPort=[23]; IO mode=ap_memory:ce=0
Port [ w_det_0]:  wired=0; compound=1; hidden=1; nouse=1; global=1; static=1; extern=0; dir=0; type=1; pingpong=0; private_global=0; linkage=7; visibility=0; MemPort=[1]; IO mode=ap_memory:ce=0
Port [ w_det_1]:  wired=0; compound=1; hidden=1; nouse=1; global=1; static=1; extern=0; dir=0; type=1; pingpong=0; private_global=0; linkage=7; visibility=0; MemPort=[1]; IO mode=ap_memory:ce=0
Port [ w_det_2]:  wired=0; compound=1; hidden=1; nouse=1; global=1; static=1; extern=0; dir=0; type=1; pingpong=0; private_global=0; linkage=7; visibility=0; MemPort=[1]; IO mode=ap_memory:ce=0
Port [ w_det_3]:  wired=0; compound=1; hidden=1; nouse=1; global=1; static=1; extern=0; dir=0; type=1; pingpong=0; private_global=0; linkage=7; visibility=0; MemPort=[1]; IO mode=ap_memory:ce=0
Port [ w_det_4]:  wired=0; compound=1; hidden=1; nouse=1; global=1; static=1; extern=0; dir=0; type=1; pingpong=0; private_global=0; linkage=7; visibility=0; MemPort=[1]; IO mode=ap_memory:ce=0
Port [ buf_det]:  wired=0; compound=1; hidden=1; nouse=0; global=1; static=1; extern=0; dir=2; type=1; pingpong=0; private_global=1; linkage=7; visibility=0; MemPort=[21]; IO mode=ap_memory:ce=0
Port [ sigmoid_lut]:  wired=0; compound=1; hidden=1; nouse=1; global=1; static=1; extern=0; dir=0; type=1; pingpong=0; private_global=0; linkage=7; visibility=0; MemPort=[1]; IO mode=ap_memory:ce=0
---------------- STG Properties END ------------------

---------------- Datapath Model BEGIN ----------------

<LifeTime>
<method=bitvector/>
StgValue_16 (call         ) [ 000000000000000]
StgValue_18 (call         ) [ 000000000000000]
StgValue_20 (call         ) [ 000000000000000]
StgValue_22 (call         ) [ 000000000000000]
StgValue_24 (call         ) [ 000000000000000]
StgValue_26 (call         ) [ 000000000000000]
StgValue_28 (specbitsmap  ) [ 000000000000000]
StgValue_29 (specbitsmap  ) [ 000000000000000]
StgValue_30 (specbitsmap  ) [ 000000000000000]
StgValue_31 (specbitsmap  ) [ 000000000000000]
StgValue_32 (spectopmodule) [ 000000000000000]
StgValue_33 (call         ) [ 000000000000000]
StgValue_34 (ret          ) [ 000000000000000]
</LifeTime>

<model>

<comp_list>
<comp id="0" class="1000" name="image_0">
<pin_list>
<pin id="1" dir="1" index="0" bw="1" slack="0"/>
</pin_list>
<bind>
<StgValue><ssdm name="image_0"/><MemPortTyVec>1 3 </MemPortTyVec>
</StgValue>
</bind>
</comp>

<comp id="2" class="1000" name="image_1">
<pin_list>
<pin id="3" dir="1" index="0" bw="1" slack="0"/>
</pin_list>
<bind>
<StgValue><ssdm name="image_1"/><MemPortTyVec>1 3 </MemPortTyVec>
</StgValue>
</bind>
</comp>

<comp id="4" class="1000" name="image_2">
<pin_list>
<pin id="5" dir="1" index="0" bw="1" slack="0"/>
</pin_list>
<bind>
<StgValue><ssdm name="image_2"/><MemPortTyVec>1 3 </MemPortTyVec>
</StgValue>
</bind>
</comp>

<comp id="6" class="1000" name="output_r">
<pin_list>
<pin id="7" dir="1" index="0" bw="1" slack="0"/>
</pin_list>
<bind>
<StgValue><ssdm name="output_r"/><MemPortTyVec>0 0 </MemPortTyVec>
</StgValue>
</bind>
</comp>

<comp id="8" class="1000" name="w_conv1_0">
<pin_list>
<pin id="9" dir="1" index="0" bw="1" slack="0"/>
</pin_list>
<bind>
<StgValue><ssdm name="w_conv1_0"/><MemPortTyVec>1 </MemPortTyVec>
</StgValue>
</bind>
</comp>

<comp id="10" class="1000" name="w_conv1_1">
<pin_list>
<pin id="11" dir="1" index="0" bw="1" slack="0"/>
</pin_list>
<bind>
<StgValue><ssdm name="w_conv1_1"/><MemPortTyVec>1 </MemPortTyVec>
</StgValue>
</bind>
</comp>

<comp id="12" class="1000" name="w_conv1_2">
<pin_list>
<pin id="13" dir="1" index="0" bw="1" slack="0"/>
</pin_list>
<bind>
<StgValue><ssdm name="w_conv1_2"/><MemPortTyVec>1 </MemPortTyVec>
</StgValue>
</bind>
</comp>

<comp id="14" class="1000" name="buf_conv1_0">
<pin_list>
<pin id="15" dir="1" index="0" bw="1" slack="0"/>
</pin_list>
<bind>
<StgValue><ssdm name="buf_conv1_0"/><MemPortTyVec>2 1 </MemPortTyVec>
</StgValue>
</bind>
</comp>

<comp id="16" class="1000" name="buf_conv1_1">
<pin_list>
<pin id="17" dir="1" index="0" bw="1" slack="0"/>
</pin_list>
<bind>
<StgValue><ssdm name="buf_conv1_1"/><MemPortTyVec>2 1 </MemPortTyVec>
</StgValue>
</bind>
</comp>

<comp id="18" class="1000" name="buf_pool1_0">
<pin_list>
<pin id="19" dir="1" index="0" bw="1" slack="0"/>
</pin_list>
<bind>
<StgValue><ssdm name="buf_pool1_0"/><MemPortTyVec>2 3 </MemPortTyVec>
</StgValue>
</bind>
</comp>

<comp id="20" class="1000" name="buf_pool1_1">
<pin_list>
<pin id="21" dir="1" index="0" bw="1" slack="0"/>
</pin_list>
<bind>
<StgValue><ssdm name="buf_pool1_1"/><MemPortTyVec>2 3 </MemPortTyVec>
</StgValue>
</bind>
</comp>

<comp id="22" class="1000" name="buf_pool1_2">
<pin_list>
<pin id="23" dir="1" index="0" bw="1" slack="0"/>
</pin_list>
<bind>
<StgValue><ssdm name="buf_pool1_2"/><MemPortTyVec>2 3 </MemPortTyVec>
</StgValue>
</bind>
</comp>

<comp id="24" class="1000" name="buf_pool1_3">
<pin_list>
<pin id="25" dir="1" index="0" bw="1" slack="0"/>
</pin_list>
<bind>
<StgValue><ssdm name="buf_pool1_3"/><MemPortTyVec>2 3 </MemPortTyVec>
</StgValue>
</bind>
</comp>

<comp id="26" class="1000" name="buf_pool1_4">
<pin_list>
<pin id="27" dir="1" index="0" bw="1" slack="0"/>
</pin_list>
<bind>
<StgValue><ssdm name="buf_pool1_4"/><MemPortTyVec>2 3 </MemPortTyVec>
</StgValue>
</bind>
</comp>

<comp id="28" class="1000" name="buf_pool1_5">
<pin_list>
<pin id="29" dir="1" index="0" bw="1" slack="0"/>
</pin_list>
<bind>
<StgValue><ssdm name="buf_pool1_5"/><MemPortTyVec>2 3 </MemPortTyVec>
</StgValue>
</bind>
</comp>

<comp id="30" class="1000" name="buf_pool1_6">
<pin_list>
<pin id="31" dir="1" index="0" bw="1" slack="0"/>
</pin_list>
<bind>
<StgValue><ssdm name="buf_pool1_6"/><MemPortTyVec>2 3 </MemPortTyVec>
</StgValue>
</bind>
</comp>

<comp id="32" class="1000" name="buf_pool1_7">
<pin_list>
<pin id="33" dir="1" index="0" bw="1" slack="0"/>
</pin_list>
<bind>
<StgValue><ssdm name="buf_pool1_7"/><MemPortTyVec>2 3 </MemPortTyVec>
</StgValue>
</bind>
</comp>

<comp id="34" class="1000" name="w_conv2_0">
<pin_list>
<pin id="35" dir="1" index="0" bw="1" slack="0"/>
</pin_list>
<bind>
<StgValue><ssdm name="w_conv2_0"/><MemPortTyVec>1 </MemPortTyVec>
</StgValue>
</bind>
</comp>

<comp id="36" class="1000" name="w_conv2_1">
<pin_list>
<pin id="37" dir="1" index="0" bw="1" slack="0"/>
</pin_list>
<bind>
<StgValue><ssdm name="w_conv2_1"/><MemPortTyVec>1 </MemPortTyVec>
</StgValue>
</bind>
</comp>

<comp id="38" class="1000" name="w_conv2_2">
<pin_list>
<pin id="39" dir="1" index="0" bw="1" slack="0"/>
</pin_list>
<bind>
<StgValue><ssdm name="w_conv2_2"/><MemPortTyVec>1 </MemPortTyVec>
</StgValue>
</bind>
</comp>

<comp id="40" class="1000" name="w_conv2_3">
<pin_list>
<pin id="41" dir="1" index="0" bw="1" slack="0"/>
</pin_list>
<bind>
<StgValue><ssdm name="w_conv2_3"/><MemPortTyVec>1 </MemPortTyVec>
</StgValue>
</bind>
</comp>

<comp id="42" class="1000" name="w_conv2_4">
<pin_list>
<pin id="43" dir="1" index="0" bw="1" slack="0"/>
</pin_list>
<bind>
<StgValue><ssdm name="w_conv2_4"/><MemPortTyVec>1 </MemPortTyVec>
</StgValue>
</bind>
</comp>

<comp id="44" class="1000" name="w_conv2_5">
<pin_list>
<pin id="45" dir="1" index="0" bw="1" slack="0"/>
</pin_list>
<bind>
<StgValue><ssdm name="w_conv2_5"/><MemPortTyVec>1 </MemPortTyVec>
</StgValue>
</bind>
</comp>

<comp id="46" class="1000" name="w_conv2_6">
<pin_list>
<pin id="47" dir="1" index="0" bw="1" slack="0"/>
</pin_list>
<bind>
<StgValue><ssdm name="w_conv2_6"/><MemPortTyVec>1 </MemPortTyVec>
</StgValue>
</bind>
</comp>

<comp id="48" class="1000" name="w_conv2_7">
<pin_list>
<pin id="49" dir="1" index="0" bw="1" slack="0"/>
</pin_list>
<bind>
<StgValue><ssdm name="w_conv2_7"/><MemPortTyVec>1 </MemPortTyVec>
</StgValue>
</bind>
</comp>

<comp id="50" class="1000" name="buf_conv2_0">
<pin_list>
<pin id="51" dir="1" index="0" bw="1" slack="0"/>
</pin_list>
<bind>
<StgValue><ssdm name="buf_conv2_0"/><MemPortTyVec>2 1 </MemPortTyVec>
</StgValue>
</bind>
</comp>

<comp id="52" class="1000" name="buf_conv2_1">
<pin_list>
<pin id="53" dir="1" index="0" bw="1" slack="0"/>
</pin_list>
<bind>
<StgValue><ssdm name="buf_conv2_1"/><MemPortTyVec>2 1 </MemPortTyVec>
</StgValue>
</bind>
</comp>

<comp id="54" class="1000" name="buf_pool2_0">
<pin_list>
<pin id="55" dir="1" index="0" bw="1" slack="0"/>
</pin_list>
<bind>
<StgValue><ssdm name="buf_pool2_0"/><MemPortTyVec>2 3 </MemPortTyVec>
</StgValue>
</bind>
</comp>

<comp id="56" class="1000" name="buf_pool2_1">
<pin_list>
<pin id="57" dir="1" index="0" bw="1" slack="0"/>
</pin_list>
<bind>
<StgValue><ssdm name="buf_pool2_1"/><MemPortTyVec>2 3 </MemPortTyVec>
</StgValue>
</bind>
</comp>

<comp id="58" class="1000" name="buf_pool2_2">
<pin_list>
<pin id="59" dir="1" index="0" bw="1" slack="0"/>
</pin_list>
<bind>
<StgValue><ssdm name="buf_pool2_2"/><MemPortTyVec>2 3 </MemPortTyVec>
</StgValue>
</bind>
</comp>

<comp id="60" class="1000" name="buf_pool2_3">
<pin_list>
<pin id="61" dir="1" index="0" bw="1" slack="0"/>
</pin_list>
<bind>
<StgValue><ssdm name="buf_pool2_3"/><MemPortTyVec>2 3 </MemPortTyVec>
</StgValue>
</bind>
</comp>

<comp id="62" class="1000" name="buf_pool2_4">
<pin_list>
<pin id="63" dir="1" index="0" bw="1" slack="0"/>
</pin_list>
<bind>
<StgValue><ssdm name="buf_pool2_4"/><MemPortTyVec>2 3 </MemPortTyVec>
</StgValue>
</bind>
</comp>

<comp id="64" class="1000" name="buf_pool2_5">
<pin_list>
<pin id="65" dir="1" index="0" bw="1" slack="0"/>
</pin_list>
<bind>
<StgValue><ssdm name="buf_pool2_5"/><MemPortTyVec>2 3 </MemPortTyVec>
</StgValue>
</bind>
</comp>

<comp id="66" class="1000" name="buf_pool2_6">
<pin_list>
<pin id="67" dir="1" index="0" bw="1" slack="0"/>
</pin_list>
<bind>
<StgValue><ssdm name="buf_pool2_6"/><MemPortTyVec>2 3 </MemPortTyVec>
</StgValue>
</bind>
</comp>

<comp id="68" class="1000" name="buf_pool2_7">
<pin_list>
<pin id="69" dir="1" index="0" bw="1" slack="0"/>
</pin_list>
<bind>
<StgValue><ssdm name="buf_pool2_7"/><MemPortTyVec>2 3 </MemPortTyVec>
</StgValue>
</bind>
</comp>

<comp id="70" class="1000" name="buf_pool2_8">
<pin_list>
<pin id="71" dir="1" index="0" bw="1" slack="0"/>
</pin_list>
<bind>
<StgValue><ssdm name="buf_pool2_8"/><MemPortTyVec>2 3 </MemPortTyVec>
</StgValue>
</bind>
</comp>

<comp id="72" class="1000" name="buf_pool2_9">
<pin_list>
<pin id="73" dir="1" index="0" bw="1" slack="0"/>
</pin_list>
<bind>
<StgValue><ssdm name="buf_pool2_9"/><MemPortTyVec>2 3 </MemPortTyVec>
</StgValue>
</bind>
</comp>

<comp id="74" class="1000" name="buf_pool2_10">
<pin_list>
<pin id="75" dir="1" index="0" bw="1" slack="0"/>
</pin_list>
<bind>
<StgValue><ssdm name="buf_pool2_10"/><MemPortTyVec>2 3 </MemPortTyVec>
</StgValue>
</bind>
</comp>

<comp id="76" class="1000" name="buf_pool2_11">
<pin_list>
<pin id="77" dir="1" index="0" bw="1" slack="0"/>
</pin_list>
<bind>
<StgValue><ssdm name="buf_pool2_11"/><MemPortTyVec>2 3 </MemPortTyVec>
</StgValue>
</bind>
</comp>

<comp id="78" class="1000" name="buf_pool2_12">
<pin_list>
<pin id="79" dir="1" index="0" bw="1" slack="0"/>
</pin_list>
<bind>
<StgValue><ssdm name="buf_pool2_12"/><MemPortTyVec>2 3 </MemPortTyVec>
</StgValue>
</bind>
</comp>

<comp id="80" class="1000" name="buf_pool2_13">
<pin_list>
<pin id="81" dir="1" index="0" bw="1" slack="0"/>
</pin_list>
<bind>
<StgValue><ssdm name="buf_pool2_13"/><MemPortTyVec>2 3 </MemPortTyVec>
</StgValue>
</bind>
</comp>

<comp id="82" class="1000" name="buf_pool2_14">
<pin_list>
<pin id="83" dir="1" index="0" bw="1" slack="0"/>
</pin_list>
<bind>
<StgValue><ssdm name="buf_pool2_14"/><MemPortTyVec>2 3 </MemPortTyVec>
</StgValue>
</bind>
</comp>

<comp id="84" class="1000" name="buf_pool2_15">
<pin_list>
<pin id="85" dir="1" index="0" bw="1" slack="0"/>
</pin_list>
<bind>
<StgValue><ssdm name="buf_pool2_15"/><MemPortTyVec>2 3 </MemPortTyVec>
</StgValue>
</bind>
</comp>

<comp id="86" class="1000" name="w_conv3_0">
<pin_list>
<pin id="87" dir="1" index="0" bw="1" slack="0"/>
</pin_list>
<bind>
<StgValue><ssdm name="w_conv3_0"/><MemPortTyVec>1 </MemPortTyVec>
</StgValue>
</bind>
</comp>

<comp id="88" class="1000" name="w_conv3_1">
<pin_list>
<pin id="89" dir="1" index="0" bw="1" slack="0"/>
</pin_list>
<bind>
<StgValue><ssdm name="w_conv3_1"/><MemPortTyVec>1 </MemPortTyVec>
</StgValue>
</bind>
</comp>

<comp id="90" class="1000" name="w_conv3_2">
<pin_list>
<pin id="91" dir="1" index="0" bw="1" slack="0"/>
</pin_list>
<bind>
<StgValue><ssdm name="w_conv3_2"/><MemPortTyVec>1 </MemPortTyVec>
</StgValue>
</bind>
</comp>

<comp id="92" class="1000" name="w_conv3_3">
<pin_list>
<pin id="93" dir="1" index="0" bw="1" slack="0"/>
</pin_list>
<bind>
<StgValue><ssdm name="w_conv3_3"/><MemPortTyVec>1 </MemPortTyVec>
</StgValue>
</bind>
</comp>

<comp id="94" class="1000" name="w_conv3_4">
<pin_list>
<pin id="95" dir="1" index="0" bw="1" slack="0"/>
</pin_list>
<bind>
<StgValue><ssdm name="w_conv3_4"/><MemPortTyVec>1 </MemPortTyVec>
</StgValue>
</bind>
</comp>

<comp id="96" class="1000" name="w_conv3_5">
<pin_list>
<pin id="97" dir="1" index="0" bw="1" slack="0"/>
</pin_list>
<bind>
<StgValue><ssdm name="w_conv3_5"/><MemPortTyVec>1 </MemPortTyVec>
</StgValue>
</bind>
</comp>

<comp id="98" class="1000" name="w_conv3_6">
<pin_list>
<pin id="99" dir="1" index="0" bw="1" slack="0"/>
</pin_list>
<bind>
<StgValue><ssdm name="w_conv3_6"/><MemPortTyVec>1 </MemPortTyVec>
</StgValue>
</bind>
</comp>

<comp id="100" class="1000" name="w_conv3_7">
<pin_list>
<pin id="101" dir="1" index="0" bw="1" slack="0"/>
</pin_list>
<bind>
<StgValue><ssdm name="w_conv3_7"/><MemPortTyVec>1 </MemPortTyVec>
</StgValue>
</bind>
</comp>

<comp id="102" class="1000" name="w_conv3_8">
<pin_list>
<pin id="103" dir="1" index="0" bw="1" slack="0"/>
</pin_list>
<bind>
<StgValue><ssdm name="w_conv3_8"/><MemPortTyVec>1 </MemPortTyVec>
</StgValue>
</bind>
</comp>

<comp id="104" class="1000" name="w_conv3_9">
<pin_list>
<pin id="105" dir="1" index="0" bw="1" slack="0"/>
</pin_list>
<bind>
<StgValue><ssdm name="w_conv3_9"/><MemPortTyVec>1 </MemPortTyVec>
</StgValue>
</bind>
</comp>

<comp id="106" class="1000" name="w_conv3_10">
<pin_list>
<pin id="107" dir="1" index="0" bw="1" slack="0"/>
</pin_list>
<bind>
<StgValue><ssdm name="w_conv3_10"/><MemPortTyVec>1 </MemPortTyVec>
</StgValue>
</bind>
</comp>

<comp id="108" class="1000" name="w_conv3_11">
<pin_list>
<pin id="109" dir="1" index="0" bw="1" slack="0"/>
</pin_list>
<bind>
<StgValue><ssdm name="w_conv3_11"/><MemPortTyVec>1 </MemPortTyVec>
</StgValue>
</bind>
</comp>

<comp id="110" class="1000" name="w_conv3_12">
<pin_list>
<pin id="111" dir="1" index="0" bw="1" slack="0"/>
</pin_list>
<bind>
<StgValue><ssdm name="w_conv3_12"/><MemPortTyVec>1 </MemPortTyVec>
</StgValue>
</bind>
</comp>

<comp id="112" class="1000" name="w_conv3_13">
<pin_list>
<pin id="113" dir="1" index="0" bw="1" slack="0"/>
</pin_list>
<bind>
<StgValue><ssdm name="w_conv3_13"/><MemPortTyVec>1 </MemPortTyVec>
</StgValue>
</bind>
</comp>

<comp id="114" class="1000" name="w_conv3_14">
<pin_list>
<pin id="115" dir="1" index="0" bw="1" slack="0"/>
</pin_list>
<bind>
<StgValue><ssdm name="w_conv3_14"/><MemPortTyVec>1 </MemPortTyVec>
</StgValue>
</bind>
</comp>

<comp id="116" class="1000" name="w_conv3_15">
<pin_list>
<pin id="117" dir="1" index="0" bw="1" slack="0"/>
</pin_list>
<bind>
<StgValue><ssdm name="w_conv3_15"/><MemPortTyVec>1 </MemPortTyVec>
</StgValue>
</bind>
</comp>

<comp id="118" class="1000" name="buf_conv3_0">
<pin_list>
<pin id="119" dir="1" index="0" bw="1" slack="0"/>
</pin_list>
<bind>
<StgValue><ssdm name="buf_conv3_0"/><MemPortTyVec>2 3 </MemPortTyVec>
</StgValue>
</bind>
</comp>

<comp id="120" class="1000" name="buf_conv3_1">
<pin_list>
<pin id="121" dir="1" index="0" bw="1" slack="0"/>
</pin_list>
<bind>
<StgValue><ssdm name="buf_conv3_1"/><MemPortTyVec>2 3 </MemPortTyVec>
</StgValue>
</bind>
</comp>

<comp id="122" class="1000" name="buf_conv3_2">
<pin_list>
<pin id="123" dir="1" index="0" bw="1" slack="0"/>
</pin_list>
<bind>
<StgValue><ssdm name="buf_conv3_2"/><MemPortTyVec>2 3 </MemPortTyVec>
</StgValue>
</bind>
</comp>

<comp id="124" class="1000" name="buf_conv3_3">
<pin_list>
<pin id="125" dir="1" index="0" bw="1" slack="0"/>
</pin_list>
<bind>
<StgValue><ssdm name="buf_conv3_3"/><MemPortTyVec>2 3 </MemPortTyVec>
</StgValue>
</bind>
</comp>

<comp id="126" class="1000" name="buf_conv3_4">
<pin_list>
<pin id="127" dir="1" index="0" bw="1" slack="0"/>
</pin_list>
<bind>
<StgValue><ssdm name="buf_conv3_4"/><MemPortTyVec>2 3 </MemPortTyVec>
</StgValue>
</bind>
</comp>

<comp id="128" class="1000" name="w_det_0">
<pin_list>
<pin id="129" dir="1" index="0" bw="1" slack="0"/>
</pin_list>
<bind>
<StgValue><ssdm name="w_det_0"/><MemPortTyVec>1 </MemPortTyVec>
</StgValue>
</bind>
</comp>

<comp id="130" class="1000" name="w_det_1">
<pin_list>
<pin id="131" dir="1" index="0" bw="1" slack="0"/>
</pin_list>
<bind>
<StgValue><ssdm name="w_det_1"/><MemPortTyVec>1 </MemPortTyVec>
</StgValue>
</bind>
</comp>

<comp id="132" class="1000" name="w_det_2">
<pin_list>
<pin id="133" dir="1" index="0" bw="1" slack="0"/>
</pin_list>
<bind>
<StgValue><ssdm name="w_det_2"/><MemPortTyVec>1 </MemPortTyVec>
</StgValue>
</bind>
</comp>

<comp id="134" class="1000" name="w_det_3">
<pin_list>
<pin id="135" dir="1" index="0" bw="1" slack="0"/>
</pin_list>
<bind>
<StgValue><ssdm name="w_det_3"/><MemPortTyVec>1 </MemPortTyVec>
</StgValue>
</bind>
</comp>

<comp id="136" class="1000" name="w_det_4">
<pin_list>
<pin id="137" dir="1" index="0" bw="1" slack="0"/>
</pin_list>
<bind>
<StgValue><ssdm name="w_det_4"/><MemPortTyVec>1 </MemPortTyVec>
</StgValue>
</bind>
</comp>

<comp id="138" class="1000" name="buf_det">
<pin_list>
<pin id="139" dir="1" index="0" bw="1" slack="0"/>
</pin_list>
<bind>
<StgValue><ssdm name="buf_det"/><MemPortTyVec>2 1 </MemPortTyVec>
</StgValue>
</bind>
</comp>

<comp id="140" class="1000" name="sigmoid_lut">
<pin_list>
<pin id="141" dir="1" index="0" bw="1" slack="0"/>
</pin_list>
<bind>
<StgValue><ssdm name="sigmoid_lut"/><MemPortTyVec>1 </MemPortTyVec>
</StgValue>
</bind>
</comp>

<comp id="142" class="1001" name="const_142">
<pin_list>
<pin id="143" dir="1" index="0" bw="1" slack="0"/>
</pin_list>
<bind>
<StgValue><ssdm name="conv_layer1"/></StgValue>
</bind>
</comp>

<comp id="144" class="1001" name="const_144">
<pin_list>
<pin id="145" dir="1" index="0" bw="1" slack="0"/>
</pin_list>
<bind>
<StgValue><ssdm name="maxpool_layer1"/></StgValue>
</bind>
</comp>

<comp id="146" class="1001" name="const_146">
<pin_list>
<pin id="147" dir="1" index="0" bw="1" slack="0"/>
</pin_list>
<bind>
<StgValue><ssdm name="conv_layer2"/></StgValue>
</bind>
</comp>

<comp id="148" class="1001" name="const_148">
<pin_list>
<pin id="149" dir="1" index="0" bw="1" slack="0"/>
</pin_list>
<bind>
<StgValue><ssdm name="maxpool_layer2"/></StgValue>
</bind>
</comp>

<comp id="150" class="1001" name="const_150">
<pin_list>
<pin id="151" dir="1" index="0" bw="1" slack="0"/>
</pin_list>
<bind>
<StgValue><ssdm name="conv_layer3"/></StgValue>
</bind>
</comp>

<comp id="152" class="1001" name="const_152">
<pin_list>
<pin id="153" dir="1" index="0" bw="1" slack="0"/>
</pin_list>
<bind>
<StgValue><ssdm name="detection_head"/></StgValue>
</bind>
</comp>

<comp id="154" class="1001" name="const_154">
<pin_list>
<pin id="155" dir="1" index="0" bw="1" slack="0"/>
</pin_list>
<bind>
<StgValue><ssdm name="decode"/></StgValue>
</bind>
</comp>

<comp id="156" class="1001" name="const_156">
<pin_list>
<pin id="157" dir="1" index="0" bw="1" slack="2147483647"/>
</pin_list>
<bind>
<StgValue><ssdm name="_ssdm_op_SpecBitsMap"/></StgValue>
</bind>
</comp>

<comp id="158" class="1001" name="const_158">
<pin_list>
<pin id="159" dir="1" index="0" bw="1" slack="2147483647"/>
</pin_list>
<bind>
<StgValue><ssdm name="_ssdm_op_SpecTopModule"/></StgValue>
</bind>
</comp>

<comp id="160" class="1001" name="const_160">
<pin_list>
<pin id="161" dir="1" index="0" bw="1" slack="2147483647"/>
</pin_list>
<bind>
<StgValue><ssdm name="tinyyolo_lite_str"/></StgValue>
</bind>
</comp>

<comp id="162" class="1004" name="grp_conv_layer3_fu_162">
<pin_list>
<pin id="163" dir="0" index="0" bw="0" slack="0"/>
<pin id="164" dir="0" index="1" bw="31" slack="0"/>
<pin id="165" dir="0" index="2" bw="31" slack="0"/>
<pin id="166" dir="0" index="3" bw="31" slack="0"/>
<pin id="167" dir="0" index="4" bw="31" slack="0"/>
<pin id="168" dir="0" index="5" bw="31" slack="0"/>
<pin id="169" dir="0" index="6" bw="31" slack="0"/>
<pin id="170" dir="0" index="7" bw="5" slack="0"/>
<pin id="171" dir="0" index="8" bw="31" slack="0"/>
<pin id="172" dir="0" index="9" bw="5" slack="0"/>
<pin id="173" dir="0" index="10" bw="31" slack="0"/>
<pin id="174" dir="0" index="11" bw="5" slack="0"/>
<pin id="175" dir="0" index="12" bw="31" slack="0"/>
<pin id="176" dir="0" index="13" bw="5" slack="0"/>
<pin id="177" dir="0" index="14" bw="31" slack="0"/>
<pin id="178" dir="0" index="15" bw="5" slack="0"/>
<pin id="179" dir="0" index="16" bw="31" slack="0"/>
<pin id="180" dir="0" index="17" bw="5" slack="0"/>
<pin id="181" dir="0" index="18" bw="31" slack="0"/>
<pin id="182" dir="0" index="19" bw="5" slack="0"/>
<pin id="183" dir="0" index="20" bw="31" slack="0"/>
<pin id="184" dir="0" index="21" bw="5" slack="0"/>
<pin id="185" dir="0" index="22" bw="31" slack="0"/>
<pin id="186" dir="0" index="23" bw="5" slack="0"/>
<pin id="187" dir="0" index="24" bw="31" slack="0"/>
<pin id="188" dir="0" index="25" bw="5" slack="0"/>
<pin id="189" dir="0" index="26" bw="31" slack="0"/>
<pin id="190" dir="0" index="27" bw="5" slack="0"/>
<pin id="191" dir="0" index="28" bw="31" slack="0"/>
<pin id="192" dir="0" index="29" bw="5" slack="0"/>
<pin id="193" dir="0" index="30" bw="31" slack="0"/>
<pin id="194" dir="0" index="31" bw="5" slack="0"/>
<pin id="195" dir="0" index="32" bw="31" slack="0"/>
<pin id="196" dir="0" index="33" bw="5" slack="0"/>
<pin id="197" dir="0" index="34" bw="31" slack="0"/>
<pin id="198" dir="0" index="35" bw="5" slack="0"/>
<pin id="199" dir="0" index="36" bw="31" slack="0"/>
<pin id="200" dir="0" index="37" bw="5" slack="0"/>
<pin id="201" dir="1" index="38" bw="0" slack="2147483647"/>
</pin_list>
<bind>
<opcode="call(48) " fcode="call"/>
<opset="StgValue_23/9 "/>
</bind>
</comp>

<comp id="240" class="1004" name="grp_detection_head_fu_240">
<pin_list>
<pin id="241" dir="0" index="0" bw="0" slack="0"/>
<pin id="242" dir="0" index="1" bw="32" slack="0"/>
<pin id="243" dir="0" index="2" bw="5" slack="0"/>
<pin id="244" dir="0" index="3" bw="5" slack="0"/>
<pin id="245" dir="0" index="4" bw="5" slack="0"/>
<pin id="246" dir="0" index="5" bw="5" slack="0"/>
<pin id="247" dir="0" index="6" bw="5" slack="0"/>
<pin id="248" dir="0" index="7" bw="31" slack="0"/>
<pin id="249" dir="0" index="8" bw="31" slack="0"/>
<pin id="250" dir="0" index="9" bw="31" slack="0"/>
<pin id="251" dir="0" index="10" bw="31" slack="0"/>
<pin id="252" dir="0" index="11" bw="31" slack="0"/>
<pin id="253" dir="1" index="12" bw="0" slack="2147483647"/>
</pin_list>
<bind>
<opcode="call(48) " fcode="call"/>
<opset="StgValue_25/11 "/>
</bind>
</comp>

<comp id="266" class="1004" name="grp_conv_layer2_fu_266">
<pin_list>
<pin id="267" dir="0" index="0" bw="0" slack="0"/>
<pin id="268" dir="0" index="1" bw="31" slack="0"/>
<pin id="269" dir="0" index="2" bw="31" slack="0"/>
<pin id="270" dir="0" index="3" bw="31" slack="0"/>
<pin id="271" dir="0" index="4" bw="5" slack="0"/>
<pin id="272" dir="0" index="5" bw="31" slack="0"/>
<pin id="273" dir="0" index="6" bw="5" slack="0"/>
<pin id="274" dir="0" index="7" bw="31" slack="0"/>
<pin id="275" dir="0" index="8" bw="5" slack="0"/>
<pin id="276" dir="0" index="9" bw="31" slack="0"/>
<pin id="277" dir="0" index="10" bw="5" slack="0"/>
<pin id="278" dir="0" index="11" bw="31" slack="0"/>
<pin id="279" dir="0" index="12" bw="5" slack="0"/>
<pin id="280" dir="0" index="13" bw="31" slack="0"/>
<pin id="281" dir="0" index="14" bw="5" slack="0"/>
<pin id="282" dir="0" index="15" bw="31" slack="0"/>
<pin id="283" dir="0" index="16" bw="5" slack="0"/>
<pin id="284" dir="0" index="17" bw="31" slack="0"/>
<pin id="285" dir="0" index="18" bw="5" slack="0"/>
<pin id="286" dir="1" index="19" bw="0" slack="2147483647"/>
</pin_list>
<bind>
<opcode="call(48) " fcode="call"/>
<opset="StgValue_19/5 "/>
</bind>
</comp>

<comp id="306" class="1004" name="grp_conv_layer1_fu_306">
<pin_list>
<pin id="307" dir="0" index="0" bw="0" slack="0"/>
<pin id="308" dir="0" index="1" bw="32" slack="0"/>
<pin id="309" dir="0" index="2" bw="32" slack="0"/>
<pin id="310" dir="0" index="3" bw="32" slack="0"/>
<pin id="311" dir="0" index="4" bw="31" slack="0"/>
<pin id="312" dir="0" index="5" bw="31" slack="0"/>
<pin id="313" dir="0" index="6" bw="4" slack="0"/>
<pin id="314" dir="0" index="7" bw="4" slack="0"/>
<pin id="315" dir="0" index="8" bw="4" slack="0"/>
<pin id="316" dir="1" index="9" bw="0" slack="2147483647"/>
</pin_list>
<bind>
<opcode="call(48) " fcode="call"/>
<opset="StgValue_15/1 "/>
</bind>
</comp>

<comp id="326" class="1004" name="grp_maxpool_layer2_fu_326">
<pin_list>
<pin id="327" dir="0" index="0" bw="0" slack="0"/>
<pin id="328" dir="0" index="1" bw="31" slack="0"/>
<pin id="329" dir="0" index="2" bw="31" slack="0"/>
<pin id="330" dir="0" index="3" bw="31" slack="0"/>
<pin id="331" dir="0" index="4" bw="31" slack="0"/>
<pin id="332" dir="0" index="5" bw="31" slack="0"/>
<pin id="333" dir="0" index="6" bw="31" slack="0"/>
<pin id="334" dir="0" index="7" bw="31" slack="0"/>
<pin id="335" dir="0" index="8" bw="31" slack="0"/>
<pin id="336" dir="0" index="9" bw="31" slack="0"/>
<pin id="337" dir="0" index="10" bw="31" slack="0"/>
<pin id="338" dir="0" index="11" bw="31" slack="0"/>
<pin id="339" dir="0" index="12" bw="31" slack="0"/>
<pin id="340" dir="0" index="13" bw="31" slack="0"/>
<pin id="341" dir="0" index="14" bw="31" slack="0"/>
<pin id="342" dir="0" index="15" bw="31" slack="0"/>
<pin id="343" dir="0" index="16" bw="31" slack="0"/>
<pin id="344" dir="0" index="17" bw="31" slack="0"/>
<pin id="345" dir="0" index="18" bw="31" slack="0"/>
<pin id="346" dir="1" index="19" bw="0" slack="2147483647"/>
</pin_list>
<bind>
<opcode="call(48) " fcode="call"/>
<opset="StgValue_21/7 "/>
</bind>
</comp>

<comp id="366" class="1004" name="grp_maxpool_layer1_fu_366">
<pin_list>
<pin id="367" dir="0" index="0" bw="0" slack="0"/>
<pin id="368" dir="0" index="1" bw="31" slack="0"/>
<pin id="369" dir="0" index="2" bw="31" slack="0"/>
<pin id="370" dir="0" index="3" bw="31" slack="0"/>
<pin id="371" dir="0" index="4" bw="31" slack="0"/>
<pin id="372" dir="0" index="5" bw="31" slack="0"/>
<pin id="373" dir="0" index="6" bw="31" slack="0"/>
<pin id="374" dir="0" index="7" bw="31" slack="0"/>
<pin id="375" dir="0" index="8" bw="31" slack="0"/>
<pin id="376" dir="0" index="9" bw="31" slack="0"/>
<pin id="377" dir="0" index="10" bw="31" slack="0"/>
<pin id="378" dir="1" index="11" bw="0" slack="2147483647"/>
</pin_list>
<bind>
<opcode="call(48) " fcode="call"/>
<opset="StgValue_17/3 "/>
</bind>
</comp>

<comp id="390" class="1004" name="grp_decode_fu_390">
<pin_list>
<pin id="391" dir="0" index="0" bw="0" slack="0"/>
<pin id="392" dir="0" index="1" bw="32" slack="0"/>
<pin id="393" dir="0" index="2" bw="32" slack="0"/>
<pin id="394" dir="0" index="3" bw="10" slack="0"/>
<pin id="395" dir="1" index="4" bw="0" slack="2147483647"/>
</pin_list>
<bind>
<opcode="call(48) " fcode="call"/>
<opset="StgValue_27/13 "/>
</bind>
</comp>

</comp_list>

<net_list>
<net id="202"><net_src comp="150" pin="0"/><net_sink comp="162" pin=0"/></net>

<net id="203"><net_src comp="118" pin="0"/><net_sink comp="162" pin=1"/></net>

<net id="204"><net_src comp="120" pin="0"/><net_sink comp="162" pin=2"/></net>

<net id="205"><net_src comp="122" pin="0"/><net_sink comp="162" pin=3"/></net>

<net id="206"><net_src comp="124" pin="0"/><net_sink comp="162" pin=4"/></net>

<net id="207"><net_src comp="126" pin="0"/><net_sink comp="162" pin=5"/></net>

<net id="208"><net_src comp="54" pin="0"/><net_sink comp="162" pin=6"/></net>

<net id="209"><net_src comp="86" pin="0"/><net_sink comp="162" pin=7"/></net>

<net id="210"><net_src comp="56" pin="0"/><net_sink comp="162" pin=8"/></net>

<net id="211"><net_src comp="88" pin="0"/><net_sink comp="162" pin=9"/></net>

<net id="212"><net_src comp="58" pin="0"/><net_sink comp="162" pin=10"/></net>

<net id="213"><net_src comp="90" pin="0"/><net_sink comp="162" pin=11"/></net>

<net id="214"><net_src comp="60" pin="0"/><net_sink comp="162" pin=12"/></net>

<net id="215"><net_src comp="92" pin="0"/><net_sink comp="162" pin=13"/></net>

<net id="216"><net_src comp="62" pin="0"/><net_sink comp="162" pin=14"/></net>

<net id="217"><net_src comp="94" pin="0"/><net_sink comp="162" pin=15"/></net>

<net id="218"><net_src comp="64" pin="0"/><net_sink comp="162" pin=16"/></net>

<net id="219"><net_src comp="96" pin="0"/><net_sink comp="162" pin=17"/></net>

<net id="220"><net_src comp="66" pin="0"/><net_sink comp="162" pin=18"/></net>

<net id="221"><net_src comp="98" pin="0"/><net_sink comp="162" pin=19"/></net>

<net id="222"><net_src comp="68" pin="0"/><net_sink comp="162" pin=20"/></net>

<net id="223"><net_src comp="100" pin="0"/><net_sink comp="162" pin=21"/></net>

<net id="224"><net_src comp="70" pin="0"/><net_sink comp="162" pin=22"/></net>

<net id="225"><net_src comp="102" pin="0"/><net_sink comp="162" pin=23"/></net>

<net id="226"><net_src comp="72" pin="0"/><net_sink comp="162" pin=24"/></net>

<net id="227"><net_src comp="104" pin="0"/><net_sink comp="162" pin=25"/></net>

<net id="228"><net_src comp="74" pin="0"/><net_sink comp="162" pin=26"/></net>

<net id="229"><net_src comp="106" pin="0"/><net_sink comp="162" pin=27"/></net>

<net id="230"><net_src comp="76" pin="0"/><net_sink comp="162" pin=28"/></net>

<net id="231"><net_src comp="108" pin="0"/><net_sink comp="162" pin=29"/></net>

<net id="232"><net_src comp="78" pin="0"/><net_sink comp="162" pin=30"/></net>

<net id="233"><net_src comp="110" pin="0"/><net_sink comp="162" pin=31"/></net>

<net id="234"><net_src comp="80" pin="0"/><net_sink comp="162" pin=32"/></net>

<net id="235"><net_src comp="112" pin="0"/><net_sink comp="162" pin=33"/></net>

<net id="236"><net_src comp="82" pin="0"/><net_sink comp="162" pin=34"/></net>

<net id="237"><net_src comp="114" pin="0"/><net_sink comp="162" pin=35"/></net>

<net id="238"><net_src comp="84" pin="0"/><net_sink comp="162" pin=36"/></net>

<net id="239"><net_src comp="116" pin="0"/><net_sink comp="162" pin=37"/></net>

<net id="254"><net_src comp="152" pin="0"/><net_sink comp="240" pin=0"/></net>

<net id="255"><net_src comp="138" pin="0"/><net_sink comp="240" pin=1"/></net>

<net id="256"><net_src comp="128" pin="0"/><net_sink comp="240" pin=2"/></net>

<net id="257"><net_src comp="130" pin="0"/><net_sink comp="240" pin=3"/></net>

<net id="258"><net_src comp="132" pin="0"/><net_sink comp="240" pin=4"/></net>

<net id="259"><net_src comp="134" pin="0"/><net_sink comp="240" pin=5"/></net>

<net id="260"><net_src comp="136" pin="0"/><net_sink comp="240" pin=6"/></net>

<net id="261"><net_src comp="126" pin="0"/><net_sink comp="240" pin=7"/></net>

<net id="262"><net_src comp="118" pin="0"/><net_sink comp="240" pin=8"/></net>

<net id="263"><net_src comp="120" pin="0"/><net_sink comp="240" pin=9"/></net>

<net id="264"><net_src comp="122" pin="0"/><net_sink comp="240" pin=10"/></net>

<net id="265"><net_src comp="124" pin="0"/><net_sink comp="240" pin=11"/></net>

<net id="287"><net_src comp="146" pin="0"/><net_sink comp="266" pin=0"/></net>

<net id="288"><net_src comp="50" pin="0"/><net_sink comp="266" pin=1"/></net>

<net id="289"><net_src comp="52" pin="0"/><net_sink comp="266" pin=2"/></net>

<net id="290"><net_src comp="18" pin="0"/><net_sink comp="266" pin=3"/></net>

<net id="291"><net_src comp="34" pin="0"/><net_sink comp="266" pin=4"/></net>

<net id="292"><net_src comp="20" pin="0"/><net_sink comp="266" pin=5"/></net>

<net id="293"><net_src comp="36" pin="0"/><net_sink comp="266" pin=6"/></net>

<net id="294"><net_src comp="22" pin="0"/><net_sink comp="266" pin=7"/></net>

<net id="295"><net_src comp="38" pin="0"/><net_sink comp="266" pin=8"/></net>

<net id="296"><net_src comp="24" pin="0"/><net_sink comp="266" pin=9"/></net>

<net id="297"><net_src comp="40" pin="0"/><net_sink comp="266" pin=10"/></net>

<net id="298"><net_src comp="26" pin="0"/><net_sink comp="266" pin=11"/></net>

<net id="299"><net_src comp="42" pin="0"/><net_sink comp="266" pin=12"/></net>

<net id="300"><net_src comp="28" pin="0"/><net_sink comp="266" pin=13"/></net>

<net id="301"><net_src comp="44" pin="0"/><net_sink comp="266" pin=14"/></net>

<net id="302"><net_src comp="30" pin="0"/><net_sink comp="266" pin=15"/></net>

<net id="303"><net_src comp="46" pin="0"/><net_sink comp="266" pin=16"/></net>

<net id="304"><net_src comp="32" pin="0"/><net_sink comp="266" pin=17"/></net>

<net id="305"><net_src comp="48" pin="0"/><net_sink comp="266" pin=18"/></net>

<net id="317"><net_src comp="142" pin="0"/><net_sink comp="306" pin=0"/></net>

<net id="318"><net_src comp="0" pin="0"/><net_sink comp="306" pin=1"/></net>

<net id="319"><net_src comp="2" pin="0"/><net_sink comp="306" pin=2"/></net>

<net id="320"><net_src comp="4" pin="0"/><net_sink comp="306" pin=3"/></net>

<net id="321"><net_src comp="14" pin="0"/><net_sink comp="306" pin=4"/></net>

<net id="322"><net_src comp="16" pin="0"/><net_sink comp="306" pin=5"/></net>

<net id="323"><net_src comp="8" pin="0"/><net_sink comp="306" pin=6"/></net>

<net id="324"><net_src comp="10" pin="0"/><net_sink comp="306" pin=7"/></net>

<net id="325"><net_src comp="12" pin="0"/><net_sink comp="306" pin=8"/></net>

<net id="347"><net_src comp="148" pin="0"/><net_sink comp="326" pin=0"/></net>

<net id="348"><net_src comp="54" pin="0"/><net_sink comp="326" pin=1"/></net>

<net id="349"><net_src comp="56" pin="0"/><net_sink comp="326" pin=2"/></net>

<net id="350"><net_src comp="58" pin="0"/><net_sink comp="326" pin=3"/></net>

<net id="351"><net_src comp="60" pin="0"/><net_sink comp="326" pin=4"/></net>

<net id="352"><net_src comp="62" pin="0"/><net_sink comp="326" pin=5"/></net>

<net id="353"><net_src comp="64" pin="0"/><net_sink comp="326" pin=6"/></net>

<net id="354"><net_src comp="66" pin="0"/><net_sink comp="326" pin=7"/></net>

<net id="355"><net_src comp="68" pin="0"/><net_sink comp="326" pin=8"/></net>

<net id="356"><net_src comp="70" pin="0"/><net_sink comp="326" pin=9"/></net>

<net id="357"><net_src comp="72" pin="0"/><net_sink comp="326" pin=10"/></net>

<net id="358"><net_src comp="74" pin="0"/><net_sink comp="326" pin=11"/></net>

<net id="359"><net_src comp="76" pin="0"/><net_sink comp="326" pin=12"/></net>

<net id="360"><net_src comp="78" pin="0"/><net_sink comp="326" pin=13"/></net>

<net id="361"><net_src comp="80" pin="0"/><net_sink comp="326" pin=14"/></net>

<net id="362"><net_src comp="82" pin="0"/><net_sink comp="326" pin=15"/></net>

<net id="363"><net_src comp="84" pin="0"/><net_sink comp="326" pin=16"/></net>

<net id="364"><net_src comp="50" pin="0"/><net_sink comp="326" pin=17"/></net>

<net id="365"><net_src comp="52" pin="0"/><net_sink comp="326" pin=18"/></net>

<net id="379"><net_src comp="144" pin="0"/><net_sink comp="366" pin=0"/></net>

<net id="380"><net_src comp="18" pin="0"/><net_sink comp="366" pin=1"/></net>

<net id="381"><net_src comp="20" pin="0"/><net_sink comp="366" pin=2"/></net>

<net id="382"><net_src comp="22" pin="0"/><net_sink comp="366" pin=3"/></net>

<net id="383"><net_src comp="24" pin="0"/><net_sink comp="366" pin=4"/></net>

<net id="384"><net_src comp="26" pin="0"/><net_sink comp="366" pin=5"/></net>

<net id="385"><net_src comp="28" pin="0"/><net_sink comp="366" pin=6"/></net>

<net id="386"><net_src comp="30" pin="0"/><net_sink comp="366" pin=7"/></net>

<net id="387"><net_src comp="32" pin="0"/><net_sink comp="366" pin=8"/></net>

<net id="388"><net_src comp="14" pin="0"/><net_sink comp="366" pin=9"/></net>

<net id="389"><net_src comp="16" pin="0"/><net_sink comp="366" pin=10"/></net>

<net id="396"><net_src comp="154" pin="0"/><net_sink comp="390" pin=0"/></net>

<net id="397"><net_src comp="6" pin="0"/><net_sink comp="390" pin=1"/></net>

<net id="398"><net_src comp="138" pin="0"/><net_sink comp="390" pin=2"/></net>

<net id="399"><net_src comp="140" pin="0"/><net_sink comp="390" pin=3"/></net>

</net_list>

</model> 
---------------- Datapath Model END ------------------

* FSMD analyzer results:
  - Output states:
	Port: output_r | {13 14 }
	Port: buf_conv1_0 | {1 2 }
	Port: buf_conv1_1 | {1 2 }
	Port: buf_pool1_0 | {3 4 }
	Port: buf_pool1_1 | {3 4 }
	Port: buf_pool1_2 | {3 4 }
	Port: buf_pool1_3 | {3 4 }
	Port: buf_pool1_4 | {3 4 }
	Port: buf_pool1_5 | {3 4 }
	Port: buf_pool1_6 | {3 4 }
	Port: buf_pool1_7 | {3 4 }
	Port: buf_conv2_0 | {5 6 }
	Port: buf_conv2_1 | {5 6 }
	Port: buf_pool2_0 | {7 8 }
	Port: buf_pool2_1 | {7 8 }
	Port: buf_pool2_2 | {7 8 }
	Port: buf_pool2_3 | {7 8 }
	Port: buf_pool2_4 | {7 8 }
	Port: buf_pool2_5 | {7 8 }
	Port: buf_pool2_6 | {7 8 }
	Port: buf_pool2_7 | {7 8 }
	Port: buf_pool2_8 | {7 8 }
	Port: buf_pool2_9 | {7 8 }
	Port: buf_pool2_10 | {7 8 }
	Port: buf_pool2_11 | {7 8 }
	Port: buf_pool2_12 | {7 8 }
	Port: buf_pool2_13 | {7 8 }
	Port: buf_pool2_14 | {7 8 }
	Port: buf_pool2_15 | {7 8 }
	Port: buf_conv3_0 | {9 10 }
	Port: buf_conv3_1 | {9 10 }
	Port: buf_conv3_2 | {9 10 }
	Port: buf_conv3_3 | {9 10 }
	Port: buf_conv3_4 | {9 10 }
	Port: buf_det | {11 12 }
 - Input state : 
	Port: tinyyolo_lite : image_0 | {1 2 }
	Port: tinyyolo_lite : image_1 | {1 2 }
	Port: tinyyolo_lite : image_2 | {1 2 }
	Port: tinyyolo_lite : w_conv1_0 | {1 2 }
	Port: tinyyolo_lite : w_conv1_1 | {1 2 }
	Port: tinyyolo_lite : w_conv1_2 | {1 2 }
	Port: tinyyolo_lite : buf_conv1_0 | {3 4 }
	Port: tinyyolo_lite : buf_conv1_1 | {3 4 }
	Port: tinyyolo_lite : buf_pool1_0 | {5 6 }
	Port: tinyyolo_lite : buf_pool1_1 | {5 6 }
	Port: tinyyolo_lite : buf_pool1_2 | {5 6 }
	Port: tinyyolo_lite : buf_pool1_3 | {5 6 }
	Port: tinyyolo_lite : buf_pool1_4 | {5 6 }
	Port: tinyyolo_lite : buf_pool1_5 | {5 6 }
	Port: tinyyolo_lite : buf_pool1_6 | {5 6 }
	Port: tinyyolo_lite : buf_pool1_7 | {5 6 }
	Port: tinyyolo_lite : w_conv2_0 | {5 6 }
	Port: tinyyolo_lite : w_conv2_1 | {5 6 }
	Port: tinyyolo_lite : w_conv2_2 | {5 6 }
	Port: tinyyolo_lite : w_conv2_3 | {5 6 }
	Port: tinyyolo_lite : w_conv2_4 | {5 6 }
	Port: tinyyolo_lite : w_conv2_5 | {5 6 }
	Port: tinyyolo_lite : w_conv2_6 | {5 6 }
	Port: tinyyolo_lite : w_conv2_7 | {5 6 }
	Port: tinyyolo_lite : buf_conv2_0 | {7 8 }
	Port: tinyyolo_lite : buf_conv2_1 | {7 8 }
	Port: tinyyolo_lite : buf_pool2_0 | {9 10 }
	Port: tinyyolo_lite : buf_pool2_1 | {9 10 }
	Port: tinyyolo_lite : buf_pool2_2 | {9 10 }
	Port: tinyyolo_lite : buf_pool2_3 | {9 10 }
	Port: tinyyolo_lite : buf_pool2_4 | {9 10 }
	Port: tinyyolo_lite : buf_pool2_5 | {9 10 }
	Port: tinyyolo_lite : buf_pool2_6 | {9 10 }
	Port: tinyyolo_lite : buf_pool2_7 | {9 10 }
	Port: tinyyolo_lite : buf_pool2_8 | {9 10 }
	Port: tinyyolo_lite : buf_pool2_9 | {9 10 }
	Port: tinyyolo_lite : buf_pool2_10 | {9 10 }
	Port: tinyyolo_lite : buf_pool2_11 | {9 10 }
	Port: tinyyolo_lite : buf_pool2_12 | {9 10 }
	Port: tinyyolo_lite : buf_pool2_13 | {9 10 }
	Port: tinyyolo_lite : buf_pool2_14 | {9 10 }
	Port: tinyyolo_lite : buf_pool2_15 | {9 10 }
	Port: tinyyolo_lite : w_conv3_0 | {9 10 }
	Port: tinyyolo_lite : w_conv3_1 | {9 10 }
	Port: tinyyolo_lite : w_conv3_2 | {9 10 }
	Port: tinyyolo_lite : w_conv3_3 | {9 10 }
	Port: tinyyolo_lite : w_conv3_4 | {9 10 }
	Port: tinyyolo_lite : w_conv3_5 | {9 10 }
	Port: tinyyolo_lite : w_conv3_6 | {9 10 }
	Port: tinyyolo_lite : w_conv3_7 | {9 10 }
	Port: tinyyolo_lite : w_conv3_8 | {9 10 }
	Port: tinyyolo_lite : w_conv3_9 | {9 10 }
	Port: tinyyolo_lite : w_conv3_10 | {9 10 }
	Port: tinyyolo_lite : w_conv3_11 | {9 10 }
	Port: tinyyolo_lite : w_conv3_12 | {9 10 }
	Port: tinyyolo_lite : w_conv3_13 | {9 10 }
	Port: tinyyolo_lite : w_conv3_14 | {9 10 }
	Port: tinyyolo_lite : w_conv3_15 | {9 10 }
	Port: tinyyolo_lite : buf_conv3_0 | {11 12 }
	Port: tinyyolo_lite : buf_conv3_1 | {11 12 }
	Port: tinyyolo_lite : buf_conv3_2 | {11 12 }
	Port: tinyyolo_lite : buf_conv3_3 | {11 12 }
	Port: tinyyolo_lite : buf_conv3_4 | {11 12 }
	Port: tinyyolo_lite : w_det_0 | {11 12 }
	Port: tinyyolo_lite : w_det_1 | {11 12 }
	Port: tinyyolo_lite : w_det_2 | {11 12 }
	Port: tinyyolo_lite : w_det_3 | {11 12 }
	Port: tinyyolo_lite : w_det_4 | {11 12 }
	Port: tinyyolo_lite : buf_det | {13 14 }
	Port: tinyyolo_lite : sigmoid_lut | {13 14 }
  - Chain level:
	State 1
	State 2
	State 3
	State 4
	State 5
	State 6
	State 7
	State 8
	State 9
	State 10
	State 11
	State 12
	State 13
	State 14


============================================================
+ Verbose Summary: Datapath Resource usage 
============================================================

* Functional unit list:
|----------|---------------------------|---------|---------|---------|---------|
| Operation|      Functional Unit      |  DSP48E |  Delay  |    FF   |   LUT   |
|----------|---------------------------|---------|---------|---------|---------|
|          |   grp_conv_layer3_fu_162  |    16   |  67.222 |   1917  |   1910  |
|          | grp_detection_head_fu_240 |    5    |  26.175 |   1150  |   1361  |
|          |   grp_conv_layer2_fu_266  |    8    |  33.611 |   1036  |   1238  |
|   call   |   grp_conv_layer1_fu_306  |    0    |  15.921 |   473   |   706   |
|          | grp_maxpool_layer2_fu_326 |    0    |  7.076  |   239   |   731   |
|          | grp_maxpool_layer1_fu_366 |    0    |  7.076  |   237   |   587   |
|          |     grp_decode_fu_390     |    0    | 14.6095 |   309   |   380   |
|----------|---------------------------|---------|---------|---------|---------|
|   Total  |                           |    29   |  171.69 |   5361  |   6913  |
|----------|---------------------------|---------|---------|---------|---------|

Memories:
+------------+--------+--------+--------+
|            |  BRAM  |   FF   |   LUT  |
+------------+--------+--------+--------+
| buf_conv1_0|   31   |    0   |    0   |
| buf_conv1_1|   31   |    0   |    0   |
| buf_conv2_0|   16   |    0   |    0   |
| buf_conv2_1|   16   |    0   |    0   |
| buf_conv3_0|    4   |    0   |    0   |
| buf_conv3_1|    4   |    0   |    0   |
| buf_conv3_2|    2   |    0   |    0   |
| buf_conv3_3|    2   |    0   |    0   |
| buf_conv3_4|    2   |    0   |    0   |
|   buf_det  |    2   |    0   |    0   |
| buf_pool1_0|    2   |    0   |    0   |
| buf_pool1_1|    2   |    0   |    0   |
| buf_pool1_2|    2   |    0   |    0   |
| buf_pool1_3|    2   |    0   |    0   |
| buf_pool1_4|    2   |    0   |    0   |
| buf_pool1_5|    2   |    0   |    0   |
| buf_pool1_6|    2   |    0   |    0   |
| buf_pool1_7|    2   |    0   |    0   |
| buf_pool2_0|    1   |    0   |    0   |
| buf_pool2_1|    1   |    0   |    0   |
|buf_pool2_10|    1   |    0   |    0   |
|buf_pool2_11|    1   |    0   |    0   |
|buf_pool2_12|    1   |    0   |    0   |
|buf_pool2_13|    1   |    0   |    0   |
|buf_pool2_14|    1   |    0   |    0   |
|buf_pool2_15|    1   |    0   |    0   |
| buf_pool2_2|    1   |    0   |    0   |
| buf_pool2_3|    1   |    0   |    0   |
| buf_pool2_4|    1   |    0   |    0   |
| buf_pool2_5|    1   |    0   |    0   |
| buf_pool2_6|    1   |    0   |    0   |
| buf_pool2_7|    1   |    0   |    0   |
| buf_pool2_8|    1   |    0   |    0   |
| buf_pool2_9|    1   |    0   |    0   |
| sigmoid_lut|    0   |   10   |    3   |
|  w_conv1_0 |    0   |    4   |    5   |
|  w_conv1_1 |    0   |    4   |    5   |
|  w_conv1_2 |    0   |    4   |    5   |
|  w_conv2_0 |    0   |    5   |   12   |
|  w_conv2_1 |    0   |    5   |   12   |
|  w_conv2_2 |    0   |    5   |   12   |
|  w_conv2_3 |    0   |    5   |   12   |
|  w_conv2_4 |    0   |    5   |   12   |
|  w_conv2_5 |    0   |    5   |   12   |
|  w_conv2_6 |    0   |    5   |   12   |
|  w_conv2_7 |    0   |    5   |   12   |
|  w_conv3_0 |    1   |    0   |    0   |
|  w_conv3_1 |    1   |    0   |    0   |
| w_conv3_10 |    1   |    0   |    0   |
| w_conv3_11 |    1   |    0   |    0   |
| w_conv3_12 |    1   |    0   |    0   |
| w_conv3_13 |    1   |    0   |    0   |
| w_conv3_14 |    1   |    0   |    0   |
| w_conv3_15 |    1   |    0   |    0   |
|  w_conv3_2 |    1   |    0   |    0   |
|  w_conv3_3 |    1   |    0   |    0   |
|  w_conv3_4 |    1   |    0   |    0   |
|  w_conv3_5 |    1   |    0   |    0   |
|  w_conv3_6 |    1   |    0   |    0   |
|  w_conv3_7 |    1   |    0   |    0   |
|  w_conv3_8 |    1   |    0   |    0   |
|  w_conv3_9 |    1   |    0   |    0   |
|   w_det_0  |    2   |    0   |    0   |
|   w_det_1  |    2   |    0   |    0   |
|   w_det_2  |    2   |    0   |    0   |
|   w_det_3  |    2   |    0   |    0   |
|   w_det_4  |    2   |    0   |    0   |
+------------+--------+--------+--------+
|    Total   |   168  |   62   |   114  |
+------------+--------+--------+--------+

* Register list:
N/A

* Multiplexer (MUX) list: 
|--------|------|------|------|--------|
|  Comp  |  Pin | Size |  BW  | S x BW |
|--------|------|------|------|--------|
|  Total |      |      |      |    0   |
|--------|------|------|------|--------|



* Summary:
+-----------+--------+--------+--------+--------+--------+
|           |  BRAM  | DSP48E |  Delay |   FF   |   LUT  |
+-----------+--------+--------+--------+--------+--------+
|  Function |    -   |   29   |   171  |  5361  |  6913  |
|   Memory  |   168  |    -   |    -   |   62   |   114  |
|Multiplexer|    -   |    -   |    -   |    -   |    -   |
|  Register |    -   |    -   |    -   |    -   |    -   |
+-----------+--------+--------+--------+--------+--------+
|   Total   |   168  |   29   |   171  |  5423  |  7027  |
+-----------+--------+--------+--------+--------+--------+
