

================================================================
== Vivado HLS Report for 'conv_layer3'
================================================================
* Date:           Sat Jun 20 22:52:16 2026

* Version:        2018.3 (Build 2405991 on Thu Dec 06 23:56:15 MST 2018)
* Project:        tinyyolo_lite
* Solution:       solution1_naive
* Product family: zynq
* Target device:  xc7z020clg484-1


================================================================
== Performance Estimates
================================================================
+ Timing (ns): 
    * Summary: 
    +--------+-------+----------+------------+
    |  Clock | Target| Estimated| Uncertainty|
    +--------+-------+----------+------------+
    |ap_clk  |  10.00|     8.510|        1.25|
    +--------+-------+----------+------------+

+ Latency (clock cycles): 
    * Summary: 
    +---------+---------+---------+---------+---------+
    |      Latency      |      Interval     | Pipeline|
    |   min   |   max   |   min   |   max   |   Type  |
    +---------+---------+---------+---------+---------+
    |  2774329|  2774329|  2774329|  2774329|   none  |
    +---------+---------+---------+---------+---------+

    + Detail: 
        * Instance: 
        N/A

        * Loop: 
        +--------------------+---------+---------+----------+-----------+-----------+------+----------+
        |                    |      Latency      | Iteration|  Initiation Interval  | Trip |          |
        |      Loop Name     |   min   |   max   |  Latency |  achieved |   target  | Count| Pipelined|
        +--------------------+---------+---------+----------+-----------+-----------+------+----------+
        |- LOOP_ROW          |  2774328|  2774328|    231194|          -|          -|    12|    no    |
        | + LOOP_COL         |   231192|   231192|     19266|          -|          -|    12|    no    |
        |  ++ LOOP_OC        |    19264|    19264|       602|          -|          -|    32|    no    |
        |   +++ LOOP_KR      |      600|      600|       200|          -|          -|     3|    no    |
        |    ++++ LOOP_KC    |      198|      198|        66|          -|          -|     3|    no    |
        |     +++++ LOOP_IC  |       64|       64|         4|          -|          -|    16|    no    |
        +--------------------+---------+---------+----------+-----------+-----------+------+----------+

============================================================
+ Verbose Summary: Synthesis Manager
============================================================
InlineROM: 1
ExposeGlobal: 0
============================================================
+ Verbose Summary: CDFG Model
============================================================
IsTopModel: 0
ResetActiveHigh: 1
IsCombinational: 0
IsDatapathOnly: 0
HasWiredReturn: 1
HasMFsm: 0
HasVarLatency: 1
IsPipeline: 0
IsRtlPipelined: 0
IsInstanceOverlapped: 0
IsDontTouch: 0
HasImplIP: 0
IsGatedGlobalClock: 0


============================================================
+ Verbose Summary: Schedule
============================================================
* Number of FSM states : 10
* Pipeline : 0
* Dataflow Pipeline: 0

* FSM state transitions: 
1 --> 
	2  / true
2 --> 
	3  / (!exitcond5)
3 --> 
	4  / (!exitcond4)
	2  / (exitcond4)
4 --> 
	5  / (!exitcond3)
	3  / (exitcond3)
5 --> 
	6  / (!exitcond2)
	4  / (exitcond2)
6 --> 
	7  / (!exitcond1)
	5  / (exitcond1)
7 --> 
	8  / (!exitcond)
	6  / (exitcond)
8 --> 
	9  / true
9 --> 
	10  / true
10 --> 
	7  / true

* FSM state operations: 

State 1 <SV = 0> <Delay = 1.76>
ST_1 : Operation 11 [1/1] (1.76ns)   --->   "br label %1" [conv_relu3.c:16]   --->   Operation 11 'br' <Predicate = true> <Delay = 1.76>

State 2 <SV = 1> <Delay = 1.91>
ST_2 : Operation 12 [1/1] (0.00ns)   --->   "%row = phi i4 [ 0, %0 ], [ %row_1, %17 ]"   --->   Operation 12 'phi' 'row' <Predicate = true> <Delay = 0.00>
ST_2 : Operation 13 [1/1] (1.30ns)   --->   "%exitcond5 = icmp eq i4 %row, -4" [conv_relu3.c:16]   --->   Operation 13 'icmp' 'exitcond5' <Predicate = true> <Delay = 1.30> <Core = "Cmp">   --->   Core 25 'Cmp' <Latency = 0> <II = 1> <Delay = 1.36> <FuncUnit> <Opcode : 'icmp'> <InPorts = 2> <OutPorts = 1>
ST_2 : Operation 14 [1/1] (0.00ns)   --->   "%empty = call i32 (...)* @_ssdm_op_SpecLoopTripCount(i64 12, i64 12, i64 12)"   --->   Operation 14 'speclooptripcount' 'empty' <Predicate = true> <Delay = 0.00>
ST_2 : Operation 15 [1/1] (1.73ns)   --->   "%row_1 = add i4 %row, 1" [conv_relu3.c:16]   --->   Operation 15 'add' 'row_1' <Predicate = true> <Delay = 1.73> <Core = "AddSub">   --->   Core 14 'AddSub' <Latency = 0> <II = 1> <Delay = 2.55> <FuncUnit> <Opcode : 'add' 'sub'> <InPorts = 2> <OutPorts = 1>
ST_2 : Operation 16 [1/1] (0.00ns)   --->   "br i1 %exitcond5, label %18, label %2" [conv_relu3.c:16]   --->   Operation 16 'br' <Predicate = true> <Delay = 0.00>
ST_2 : Operation 17 [1/1] (0.00ns)   --->   "call void (...)* @_ssdm_op_SpecLoopName([9 x i8]* @p_str12) nounwind" [conv_relu3.c:16]   --->   Operation 17 'specloopname' <Predicate = (!exitcond5)> <Delay = 0.00>
ST_2 : Operation 18 [1/1] (0.00ns)   --->   "%tmp_28 = call i32 (...)* @_ssdm_op_SpecRegionBegin([9 x i8]* @p_str12)" [conv_relu3.c:16]   --->   Operation 18 'specregionbegin' 'tmp_28' <Predicate = (!exitcond5)> <Delay = 0.00>
ST_2 : Operation 19 [1/1] (0.00ns)   --->   "%tmp = call i8 @_ssdm_op_BitConcatenate.i8.i4.i4(i4 %row, i4 0)" [conv_relu3.c:16]   --->   Operation 19 'bitconcatenate' 'tmp' <Predicate = (!exitcond5)> <Delay = 0.00>
ST_2 : Operation 20 [1/1] (0.00ns)   --->   "%p_shl_cast = zext i8 %tmp to i9" [conv_relu3.c:16]   --->   Operation 20 'zext' 'p_shl_cast' <Predicate = (!exitcond5)> <Delay = 0.00>
ST_2 : Operation 21 [1/1] (0.00ns)   --->   "%tmp_s = call i6 @_ssdm_op_BitConcatenate.i6.i4.i2(i4 %row, i2 0)" [conv_relu3.c:16]   --->   Operation 21 'bitconcatenate' 'tmp_s' <Predicate = (!exitcond5)> <Delay = 0.00>
ST_2 : Operation 22 [1/1] (0.00ns)   --->   "%p_shl1_cast = zext i6 %tmp_s to i9" [conv_relu3.c:33]   --->   Operation 22 'zext' 'p_shl1_cast' <Predicate = (!exitcond5)> <Delay = 0.00>
ST_2 : Operation 23 [1/1] (1.91ns)   --->   "%tmp_65 = sub i9 %p_shl_cast, %p_shl1_cast" [conv_relu3.c:33]   --->   Operation 23 'sub' 'tmp_65' <Predicate = (!exitcond5)> <Delay = 1.91> <Core = "AddSub">   --->   Core 14 'AddSub' <Latency = 0> <II = 1> <Delay = 2.55> <FuncUnit> <Opcode : 'add' 'sub'> <InPorts = 2> <OutPorts = 1>
ST_2 : Operation 24 [1/1] (1.76ns)   --->   "br label %3" [conv_relu3.c:18]   --->   Operation 24 'br' <Predicate = (!exitcond5)> <Delay = 1.76>
ST_2 : Operation 25 [1/1] (0.00ns)   --->   "ret void" [conv_relu3.c:37]   --->   Operation 25 'ret' <Predicate = (exitcond5)> <Delay = 0.00>

State 3 <SV = 2> <Delay = 1.82>
ST_3 : Operation 26 [1/1] (0.00ns)   --->   "%col = phi i4 [ 0, %2 ], [ %col_1, %16 ]"   --->   Operation 26 'phi' 'col' <Predicate = true> <Delay = 0.00>
ST_3 : Operation 27 [1/1] (1.30ns)   --->   "%exitcond4 = icmp eq i4 %col, -4" [conv_relu3.c:18]   --->   Operation 27 'icmp' 'exitcond4' <Predicate = true> <Delay = 1.30> <Core = "Cmp">   --->   Core 25 'Cmp' <Latency = 0> <II = 1> <Delay = 1.36> <FuncUnit> <Opcode : 'icmp'> <InPorts = 2> <OutPorts = 1>
ST_3 : Operation 28 [1/1] (0.00ns)   --->   "%empty_38 = call i32 (...)* @_ssdm_op_SpecLoopTripCount(i64 12, i64 12, i64 12)"   --->   Operation 28 'speclooptripcount' 'empty_38' <Predicate = true> <Delay = 0.00>
ST_3 : Operation 29 [1/1] (1.73ns)   --->   "%col_1 = add i4 %col, 1" [conv_relu3.c:18]   --->   Operation 29 'add' 'col_1' <Predicate = true> <Delay = 1.73> <Core = "AddSub">   --->   Core 14 'AddSub' <Latency = 0> <II = 1> <Delay = 2.55> <FuncUnit> <Opcode : 'add' 'sub'> <InPorts = 2> <OutPorts = 1>
ST_3 : Operation 30 [1/1] (0.00ns)   --->   "br i1 %exitcond4, label %17, label %4" [conv_relu3.c:18]   --->   Operation 30 'br' <Predicate = true> <Delay = 0.00>
ST_3 : Operation 31 [1/1] (0.00ns)   --->   "call void (...)* @_ssdm_op_SpecLoopName([9 x i8]* @p_str113) nounwind" [conv_relu3.c:18]   --->   Operation 31 'specloopname' <Predicate = (!exitcond4)> <Delay = 0.00>
ST_3 : Operation 32 [1/1] (0.00ns)   --->   "%tmp_33 = call i32 (...)* @_ssdm_op_SpecRegionBegin([9 x i8]* @p_str113)" [conv_relu3.c:18]   --->   Operation 32 'specregionbegin' 'tmp_33' <Predicate = (!exitcond4)> <Delay = 0.00>
ST_3 : Operation 33 [1/1] (0.00ns)   --->   "%tmp_cast = zext i4 %col to i9" [conv_relu3.c:18]   --->   Operation 33 'zext' 'tmp_cast' <Predicate = (!exitcond4)> <Delay = 0.00>
ST_3 : Operation 34 [1/1] (1.82ns)   --->   "%tmp_66 = add i9 %tmp_cast, %tmp_65" [conv_relu3.c:18]   --->   Operation 34 'add' 'tmp_66' <Predicate = (!exitcond4)> <Delay = 1.82> <Core = "AddSub">   --->   Core 14 'AddSub' <Latency = 0> <II = 1> <Delay = 2.55> <FuncUnit> <Opcode : 'add' 'sub'> <InPorts = 2> <OutPorts = 1>
ST_3 : Operation 35 [1/1] (0.00ns)   --->   "%tmp_100_cast = call i14 @_ssdm_op_BitConcatenate.i14.i9.i5(i9 %tmp_66, i5 0)" [conv_relu3.c:20]   --->   Operation 35 'bitconcatenate' 'tmp_100_cast' <Predicate = (!exitcond4)> <Delay = 0.00>
ST_3 : Operation 36 [1/1] (1.76ns)   --->   "br label %5" [conv_relu3.c:20]   --->   Operation 36 'br' <Predicate = (!exitcond4)> <Delay = 1.76>
ST_3 : Operation 37 [1/1] (0.00ns)   --->   "%empty_47 = call i32 (...)* @_ssdm_op_SpecRegionEnd([9 x i8]* @p_str12, i32 %tmp_28)" [conv_relu3.c:36]   --->   Operation 37 'specregionend' 'empty_47' <Predicate = (exitcond4)> <Delay = 0.00>
ST_3 : Operation 38 [1/1] (0.00ns)   --->   "br label %1" [conv_relu3.c:16]   --->   Operation 38 'br' <Predicate = (exitcond4)> <Delay = 0.00>

State 4 <SV = 3> <Delay = 1.82>
ST_4 : Operation 39 [1/1] (0.00ns)   --->   "%oc = phi i6 [ 0, %4 ], [ %oc_2, %15 ]"   --->   Operation 39 'phi' 'oc' <Predicate = true> <Delay = 0.00>
ST_4 : Operation 40 [1/1] (1.42ns)   --->   "%exitcond3 = icmp eq i6 %oc, -32" [conv_relu3.c:20]   --->   Operation 40 'icmp' 'exitcond3' <Predicate = true> <Delay = 1.42> <Core = "Cmp">   --->   Core 25 'Cmp' <Latency = 0> <II = 1> <Delay = 1.36> <FuncUnit> <Opcode : 'icmp'> <InPorts = 2> <OutPorts = 1>
ST_4 : Operation 41 [1/1] (0.00ns)   --->   "%empty_39 = call i32 (...)* @_ssdm_op_SpecLoopTripCount(i64 32, i64 32, i64 32)"   --->   Operation 41 'speclooptripcount' 'empty_39' <Predicate = true> <Delay = 0.00>
ST_4 : Operation 42 [1/1] (1.82ns)   --->   "%oc_2 = add i6 %oc, 1" [conv_relu3.c:20]   --->   Operation 42 'add' 'oc_2' <Predicate = true> <Delay = 1.82> <Core = "AddSub">   --->   Core 14 'AddSub' <Latency = 0> <II = 1> <Delay = 2.55> <FuncUnit> <Opcode : 'add' 'sub'> <InPorts = 2> <OutPorts = 1>
ST_4 : Operation 43 [1/1] (0.00ns)   --->   "br i1 %exitcond3, label %16, label %6" [conv_relu3.c:20]   --->   Operation 43 'br' <Predicate = true> <Delay = 0.00>
ST_4 : Operation 44 [1/1] (0.00ns)   --->   "call void (...)* @_ssdm_op_SpecLoopName([8 x i8]* @p_str214) nounwind" [conv_relu3.c:20]   --->   Operation 44 'specloopname' <Predicate = (!exitcond3)> <Delay = 0.00>
ST_4 : Operation 45 [1/1] (0.00ns)   --->   "%tmp_40 = call i32 (...)* @_ssdm_op_SpecRegionBegin([8 x i8]* @p_str214)" [conv_relu3.c:20]   --->   Operation 45 'specregionbegin' 'tmp_40' <Predicate = (!exitcond3)> <Delay = 0.00>
ST_4 : Operation 46 [1/1] (0.00ns)   --->   "%tmp_29_cast = zext i6 %oc to i14" [conv_relu3.c:33]   --->   Operation 46 'zext' 'tmp_29_cast' <Predicate = (!exitcond3)> <Delay = 0.00>
ST_4 : Operation 47 [1/1] (1.81ns)   --->   "%tmp_67 = add i14 %tmp_100_cast, %tmp_29_cast" [conv_relu3.c:33]   --->   Operation 47 'add' 'tmp_67' <Predicate = (!exitcond3)> <Delay = 1.81> <Core = "AddSub">   --->   Core 14 'AddSub' <Latency = 0> <II = 1> <Delay = 2.55> <FuncUnit> <Opcode : 'add' 'sub'> <InPorts = 2> <OutPorts = 1>
ST_4 : Operation 48 [1/1] (0.00ns)   --->   "%tmp_101_cast = zext i14 %tmp_67 to i64" [conv_relu3.c:33]   --->   Operation 48 'zext' 'tmp_101_cast' <Predicate = (!exitcond3)> <Delay = 0.00>
ST_4 : Operation 49 [1/1] (0.00ns)   --->   "%output_addr = getelementptr [4608 x i31]* %output_r, i64 0, i64 %tmp_101_cast" [conv_relu3.c:33]   --->   Operation 49 'getelementptr' 'output_addr' <Predicate = (!exitcond3)> <Delay = 0.00>
ST_4 : Operation 50 [1/1] (1.76ns)   --->   "br label %7" [conv_relu3.c:23]   --->   Operation 50 'br' <Predicate = (!exitcond3)> <Delay = 1.76>
ST_4 : Operation 51 [1/1] (0.00ns)   --->   "%empty_46 = call i32 (...)* @_ssdm_op_SpecRegionEnd([9 x i8]* @p_str113, i32 %tmp_33)" [conv_relu3.c:35]   --->   Operation 51 'specregionend' 'empty_46' <Predicate = (exitcond3)> <Delay = 0.00>
ST_4 : Operation 52 [1/1] (0.00ns)   --->   "br label %3" [conv_relu3.c:18]   --->   Operation 52 'br' <Predicate = (exitcond3)> <Delay = 0.00>

State 5 <SV = 4> <Delay = 6.46>
ST_5 : Operation 53 [1/1] (0.00ns)   --->   "%kr = phi i2 [ 0, %6 ], [ %kr_1, %14 ]"   --->   Operation 53 'phi' 'kr' <Predicate = true> <Delay = 0.00>
ST_5 : Operation 54 [1/1] (0.00ns)   --->   "%sum = phi i32 [ 0, %6 ], [ %sum_1, %14 ]" [conv_relu3.c:28]   --->   Operation 54 'phi' 'sum' <Predicate = true> <Delay = 0.00>
ST_5 : Operation 55 [1/1] (0.00ns)   --->   "%kr_cast5 = zext i2 %kr to i4" [conv_relu3.c:23]   --->   Operation 55 'zext' 'kr_cast5' <Predicate = true> <Delay = 0.00>
ST_5 : Operation 56 [1/1] (0.95ns)   --->   "%exitcond2 = icmp eq i2 %kr, -1" [conv_relu3.c:23]   --->   Operation 56 'icmp' 'exitcond2' <Predicate = true> <Delay = 0.95> <Core = "Cmp">   --->   Core 25 'Cmp' <Latency = 0> <II = 1> <Delay = 1.36> <FuncUnit> <Opcode : 'icmp'> <InPorts = 2> <OutPorts = 1>
ST_5 : Operation 57 [1/1] (0.00ns)   --->   "%empty_40 = call i32 (...)* @_ssdm_op_SpecLoopTripCount(i64 3, i64 3, i64 3)"   --->   Operation 57 'speclooptripcount' 'empty_40' <Predicate = true> <Delay = 0.00>
ST_5 : Operation 58 [1/1] (1.56ns)   --->   "%kr_1 = add i2 %kr, 1" [conv_relu3.c:23]   --->   Operation 58 'add' 'kr_1' <Predicate = true> <Delay = 1.56> <Core = "AddSub">   --->   Core 14 'AddSub' <Latency = 0> <II = 1> <Delay = 2.55> <FuncUnit> <Opcode : 'add' 'sub'> <InPorts = 2> <OutPorts = 1>
ST_5 : Operation 59 [1/1] (0.00ns)   --->   "br i1 %exitcond2, label %15, label %8" [conv_relu3.c:23]   --->   Operation 59 'br' <Predicate = true> <Delay = 0.00>
ST_5 : Operation 60 [1/1] (0.00ns)   --->   "call void (...)* @_ssdm_op_SpecLoopName([8 x i8]* @p_str315) nounwind" [conv_relu3.c:23]   --->   Operation 60 'specloopname' <Predicate = (!exitcond2)> <Delay = 0.00>
ST_5 : Operation 61 [1/1] (0.00ns)   --->   "%tmp_41 = call i32 (...)* @_ssdm_op_SpecRegionBegin([8 x i8]* @p_str315)" [conv_relu3.c:23]   --->   Operation 61 'specregionbegin' 'tmp_41' <Predicate = (!exitcond2)> <Delay = 0.00>
ST_5 : Operation 62 [1/1] (1.73ns)   --->   "%tmp_32 = add i4 %kr_cast5, %row" [conv_relu3.c:28]   --->   Operation 62 'add' 'tmp_32' <Predicate = (!exitcond2)> <Delay = 1.73> <Core = "AddSub">   --->   Core 14 'AddSub' <Latency = 0> <II = 1> <Delay = 2.55> <FuncUnit> <Opcode : 'add' 'sub'> <InPorts = 2> <OutPorts = 1>
ST_5 : Operation 63 [1/1] (0.00ns)   --->   "%tmp_68 = call i8 @_ssdm_op_BitConcatenate.i8.i4.i4(i4 %tmp_32, i4 0)" [conv_relu3.c:28]   --->   Operation 63 'bitconcatenate' 'tmp_68' <Predicate = (!exitcond2)> <Delay = 0.00>
ST_5 : Operation 64 [1/1] (0.00ns)   --->   "%p_shl3_cast = zext i8 %tmp_68 to i9" [conv_relu3.c:28]   --->   Operation 64 'zext' 'p_shl3_cast' <Predicate = (!exitcond2)> <Delay = 0.00>
ST_5 : Operation 65 [1/1] (0.00ns)   --->   "%tmp_69 = call i5 @_ssdm_op_BitConcatenate.i5.i4.i1(i4 %tmp_32, i1 false)" [conv_relu3.c:28]   --->   Operation 65 'bitconcatenate' 'tmp_69' <Predicate = (!exitcond2)> <Delay = 0.00>
ST_5 : Operation 66 [1/1] (0.00ns)   --->   "%p_shl4_cast = zext i5 %tmp_69 to i9" [conv_relu3.c:28]   --->   Operation 66 'zext' 'p_shl4_cast' <Predicate = (!exitcond2)> <Delay = 0.00>
ST_5 : Operation 67 [1/1] (1.91ns)   --->   "%tmp_70 = sub i9 %p_shl3_cast, %p_shl4_cast" [conv_relu3.c:28]   --->   Operation 67 'sub' 'tmp_70' <Predicate = (!exitcond2)> <Delay = 1.91> <Core = "AddSub">   --->   Core 14 'AddSub' <Latency = 0> <II = 1> <Delay = 2.55> <FuncUnit> <Opcode : 'add' 'sub'> <InPorts = 2> <OutPorts = 1>
ST_5 : Operation 68 [1/1] (0.00ns)   --->   "%tmp_34_cast = zext i2 %kr to i5" [conv_relu3.c:23]   --->   Operation 68 'zext' 'tmp_34_cast' <Predicate = (!exitcond2)> <Delay = 0.00>
ST_5 : Operation 69 [1/1] (0.00ns)   --->   "%tmp_71 = call i4 @_ssdm_op_BitConcatenate.i4.i2.i2(i2 %kr, i2 0)" [conv_relu3.c:23]   --->   Operation 69 'bitconcatenate' 'tmp_71' <Predicate = (!exitcond2)> <Delay = 0.00>
ST_5 : Operation 70 [1/1] (0.00ns)   --->   "%p_shl2_cast = zext i4 %tmp_71 to i5" [conv_relu3.c:28]   --->   Operation 70 'zext' 'p_shl2_cast' <Predicate = (!exitcond2)> <Delay = 0.00>
ST_5 : Operation 71 [1/1] (1.73ns)   --->   "%tmp_72 = sub i5 %p_shl2_cast, %tmp_34_cast" [conv_relu3.c:28]   --->   Operation 71 'sub' 'tmp_72' <Predicate = (!exitcond2)> <Delay = 1.73> <Core = "AddSub">   --->   Core 14 'AddSub' <Latency = 0> <II = 1> <Delay = 2.55> <FuncUnit> <Opcode : 'add' 'sub'> <InPorts = 2> <OutPorts = 1>
ST_5 : Operation 72 [1/1] (0.00ns)   --->   "%tmp_106_cast = sext i5 %tmp_72 to i6" [conv_relu3.c:28]   --->   Operation 72 'sext' 'tmp_106_cast' <Predicate = (!exitcond2)> <Delay = 0.00>
ST_5 : Operation 73 [1/1] (1.76ns)   --->   "br label %9" [conv_relu3.c:25]   --->   Operation 73 'br' <Predicate = (!exitcond2)> <Delay = 1.76>
ST_5 : Operation 74 [1/1] (0.00ns)   --->   "%tmp_43 = trunc i32 %sum to i31" [conv_relu3.c:23]   --->   Operation 74 'trunc' 'tmp_43' <Predicate = (exitcond2)> <Delay = 0.00>
ST_5 : Operation 75 [1/1] (2.47ns)   --->   "%tmp_30 = icmp sgt i32 %sum, 0" [conv_relu3.c:33]   --->   Operation 75 'icmp' 'tmp_30' <Predicate = (exitcond2)> <Delay = 2.47> <Core = "Cmp">   --->   Core 25 'Cmp' <Latency = 0> <II = 1> <Delay = 1.36> <FuncUnit> <Opcode : 'icmp'> <InPorts = 2> <OutPorts = 1>
ST_5 : Operation 76 [1/1] (0.73ns)   --->   "%tmp_31 = select i1 %tmp_30, i31 %tmp_43, i31 0" [conv_relu3.c:33]   --->   Operation 76 'select' 'tmp_31' <Predicate = (exitcond2)> <Delay = 0.73> <Core = "Sel">   --->   Core 26 'Sel' <Latency = 0> <II = 1> <Delay = 0.73> <FuncUnit> <Opcode : 'select'> <InPorts = 3> <OutPorts = 1>
ST_5 : Operation 77 [1/1] (3.25ns)   --->   "store i31 %tmp_31, i31* %output_addr, align 4" [conv_relu3.c:33]   --->   Operation 77 'store' <Predicate = (exitcond2)> <Delay = 3.25> <Core = "RAM">   --->   Core 37 'RAM' <Latency = 1> <II = 1> <Delay = 3.25> <Storage> <Opcode : 'load' 'store'> <Ports = 2> <Width = 31> <Depth = 4608> <RAM>
ST_5 : Operation 78 [1/1] (0.00ns)   --->   "%empty_45 = call i32 (...)* @_ssdm_op_SpecRegionEnd([8 x i8]* @p_str214, i32 %tmp_40)" [conv_relu3.c:34]   --->   Operation 78 'specregionend' 'empty_45' <Predicate = (exitcond2)> <Delay = 0.00>
ST_5 : Operation 79 [1/1] (0.00ns)   --->   "br label %5" [conv_relu3.c:20]   --->   Operation 79 'br' <Predicate = (exitcond2)> <Delay = 0.00>

State 6 <SV = 5> <Delay = 3.55>
ST_6 : Operation 80 [1/1] (0.00ns)   --->   "%kc = phi i2 [ 0, %8 ], [ %kc_1, %13 ]"   --->   Operation 80 'phi' 'kc' <Predicate = true> <Delay = 0.00>
ST_6 : Operation 81 [1/1] (0.00ns)   --->   "%sum_1 = phi i32 [ %sum, %8 ], [ %sum_2, %13 ]" [conv_relu3.c:28]   --->   Operation 81 'phi' 'sum_1' <Predicate = true> <Delay = 0.00>
ST_6 : Operation 82 [1/1] (0.00ns)   --->   "%kc_cast3 = zext i2 %kc to i4" [conv_relu3.c:25]   --->   Operation 82 'zext' 'kc_cast3' <Predicate = true> <Delay = 0.00>
ST_6 : Operation 83 [1/1] (0.95ns)   --->   "%exitcond1 = icmp eq i2 %kc, -1" [conv_relu3.c:25]   --->   Operation 83 'icmp' 'exitcond1' <Predicate = true> <Delay = 0.95> <Core = "Cmp">   --->   Core 25 'Cmp' <Latency = 0> <II = 1> <Delay = 1.36> <FuncUnit> <Opcode : 'icmp'> <InPorts = 2> <OutPorts = 1>
ST_6 : Operation 84 [1/1] (0.00ns)   --->   "%empty_41 = call i32 (...)* @_ssdm_op_SpecLoopTripCount(i64 3, i64 3, i64 3)"   --->   Operation 84 'speclooptripcount' 'empty_41' <Predicate = true> <Delay = 0.00>
ST_6 : Operation 85 [1/1] (1.56ns)   --->   "%kc_1 = add i2 %kc, 1" [conv_relu3.c:25]   --->   Operation 85 'add' 'kc_1' <Predicate = true> <Delay = 1.56> <Core = "AddSub">   --->   Core 14 'AddSub' <Latency = 0> <II = 1> <Delay = 2.55> <FuncUnit> <Opcode : 'add' 'sub'> <InPorts = 2> <OutPorts = 1>
ST_6 : Operation 86 [1/1] (0.00ns)   --->   "br i1 %exitcond1, label %14, label %10" [conv_relu3.c:25]   --->   Operation 86 'br' <Predicate = true> <Delay = 0.00>
ST_6 : Operation 87 [1/1] (0.00ns)   --->   "call void (...)* @_ssdm_op_SpecLoopName([8 x i8]* @p_str416) nounwind" [conv_relu3.c:25]   --->   Operation 87 'specloopname' <Predicate = (!exitcond1)> <Delay = 0.00>
ST_6 : Operation 88 [1/1] (0.00ns)   --->   "%tmp_42 = call i32 (...)* @_ssdm_op_SpecRegionBegin([8 x i8]* @p_str416)" [conv_relu3.c:25]   --->   Operation 88 'specregionbegin' 'tmp_42' <Predicate = (!exitcond1)> <Delay = 0.00>
ST_6 : Operation 89 [1/1] (1.73ns)   --->   "%tmp_35 = add i4 %col, %kc_cast3" [conv_relu3.c:28]   --->   Operation 89 'add' 'tmp_35' <Predicate = (!exitcond1)> <Delay = 1.73> <Core = "AddSub">   --->   Core 14 'AddSub' <Latency = 0> <II = 1> <Delay = 2.55> <FuncUnit> <Opcode : 'add' 'sub'> <InPorts = 2> <OutPorts = 1>
ST_6 : Operation 90 [1/1] (0.00ns)   --->   "%tmp_36_cast = zext i4 %tmp_35 to i9" [conv_relu3.c:28]   --->   Operation 90 'zext' 'tmp_36_cast' <Predicate = (!exitcond1)> <Delay = 0.00>
ST_6 : Operation 91 [1/1] (1.82ns)   --->   "%tmp_73 = add i9 %tmp_36_cast, %tmp_70" [conv_relu3.c:28]   --->   Operation 91 'add' 'tmp_73' <Predicate = (!exitcond1)> <Delay = 1.82> <Core = "AddSub">   --->   Core 14 'AddSub' <Latency = 0> <II = 1> <Delay = 2.55> <FuncUnit> <Opcode : 'add' 'sub'> <InPorts = 2> <OutPorts = 1>
ST_6 : Operation 92 [1/1] (0.00ns)   --->   "%tmp_109_cast = call i13 @_ssdm_op_BitConcatenate.i13.i9.i4(i9 %tmp_73, i4 0)" [conv_relu3.c:28]   --->   Operation 92 'bitconcatenate' 'tmp_109_cast' <Predicate = (!exitcond1)> <Delay = 0.00>
ST_6 : Operation 93 [1/1] (0.00ns)   --->   "%tmp_37_cast = zext i2 %kc to i6" [conv_relu3.c:28]   --->   Operation 93 'zext' 'tmp_37_cast' <Predicate = (!exitcond1)> <Delay = 0.00>
ST_6 : Operation 94 [1/1] (1.78ns)   --->   "%tmp_74 = add i6 %tmp_37_cast, %tmp_106_cast" [conv_relu3.c:28]   --->   Operation 94 'add' 'tmp_74' <Predicate = (!exitcond1)> <Delay = 1.78> <Core = "AddSub">   --->   Core 14 'AddSub' <Latency = 0> <II = 1> <Delay = 2.55> <FuncUnit> <Opcode : 'add' 'sub'> <InPorts = 2> <OutPorts = 1>
ST_6 : Operation 95 [1/1] (0.00ns)   --->   "%tmp_44 = trunc i6 %tmp_74 to i5" [conv_relu3.c:28]   --->   Operation 95 'trunc' 'tmp_44' <Predicate = (!exitcond1)> <Delay = 0.00>
ST_6 : Operation 96 [1/1] (0.00ns)   --->   "%tmp_75 = call i9 @_ssdm_op_BitConcatenate.i9.i5.i4(i5 %tmp_44, i4 0)" [conv_relu3.c:28]   --->   Operation 96 'bitconcatenate' 'tmp_75' <Predicate = (!exitcond1)> <Delay = 0.00>
ST_6 : Operation 97 [1/1] (1.76ns)   --->   "br label %11" [conv_relu3.c:27]   --->   Operation 97 'br' <Predicate = (!exitcond1)> <Delay = 1.76>
ST_6 : Operation 98 [1/1] (0.00ns)   --->   "%empty_44 = call i32 (...)* @_ssdm_op_SpecRegionEnd([8 x i8]* @p_str315, i32 %tmp_41)" [conv_relu3.c:32]   --->   Operation 98 'specregionend' 'empty_44' <Predicate = (exitcond1)> <Delay = 0.00>
ST_6 : Operation 99 [1/1] (0.00ns)   --->   "br label %7" [conv_relu3.c:23]   --->   Operation 99 'br' <Predicate = (exitcond1)> <Delay = 0.00>

State 7 <SV = 6> <Delay = 6.88>
ST_7 : Operation 100 [1/1] (0.00ns)   --->   "%ic = phi i5 [ 0, %10 ], [ %ic_2, %12 ]"   --->   Operation 100 'phi' 'ic' <Predicate = true> <Delay = 0.00>
ST_7 : Operation 101 [1/1] (0.00ns)   --->   "%sum_2 = phi i32 [ %sum_1, %10 ], [ %sum_4, %12 ]"   --->   Operation 101 'phi' 'sum_2' <Predicate = true> <Delay = 0.00>
ST_7 : Operation 102 [1/1] (1.36ns)   --->   "%exitcond = icmp eq i5 %ic, -16" [conv_relu3.c:27]   --->   Operation 102 'icmp' 'exitcond' <Predicate = true> <Delay = 1.36> <Core = "Cmp">   --->   Core 25 'Cmp' <Latency = 0> <II = 1> <Delay = 1.36> <FuncUnit> <Opcode : 'icmp'> <InPorts = 2> <OutPorts = 1>
ST_7 : Operation 103 [1/1] (0.00ns)   --->   "%empty_42 = call i32 (...)* @_ssdm_op_SpecLoopTripCount(i64 16, i64 16, i64 16)"   --->   Operation 103 'speclooptripcount' 'empty_42' <Predicate = true> <Delay = 0.00>
ST_7 : Operation 104 [1/1] (1.78ns)   --->   "%ic_2 = add i5 %ic, 1" [conv_relu3.c:27]   --->   Operation 104 'add' 'ic_2' <Predicate = true> <Delay = 1.78> <Core = "AddSub">   --->   Core 14 'AddSub' <Latency = 0> <II = 1> <Delay = 2.55> <FuncUnit> <Opcode : 'add' 'sub'> <InPorts = 2> <OutPorts = 1>
ST_7 : Operation 105 [1/1] (0.00ns)   --->   "br i1 %exitcond, label %13, label %12" [conv_relu3.c:27]   --->   Operation 105 'br' <Predicate = true> <Delay = 0.00>
ST_7 : Operation 106 [1/1] (0.00ns)   --->   "%tmp_38 = zext i5 %ic to i9" [conv_relu3.c:27]   --->   Operation 106 'zext' 'tmp_38' <Predicate = (!exitcond)> <Delay = 0.00>
ST_7 : Operation 107 [1/1] (0.00ns)   --->   "%tmp_38_cast = zext i5 %ic to i13" [conv_relu3.c:28]   --->   Operation 107 'zext' 'tmp_38_cast' <Predicate = (!exitcond)> <Delay = 0.00>
ST_7 : Operation 108 [1/1] (1.67ns)   --->   "%tmp_76 = add i13 %tmp_38_cast, %tmp_109_cast" [conv_relu3.c:28]   --->   Operation 108 'add' 'tmp_76' <Predicate = (!exitcond)> <Delay = 1.67> <Core = "AddSub">   --->   Core 14 'AddSub' <Latency = 0> <II = 1> <Delay = 2.55> <FuncUnit> <Opcode : 'add' 'sub'> <InPorts = 2> <OutPorts = 1>
ST_7 : Operation 109 [1/1] (0.00ns)   --->   "%tmp_113_cast = zext i13 %tmp_76 to i64" [conv_relu3.c:28]   --->   Operation 109 'zext' 'tmp_113_cast' <Predicate = (!exitcond)> <Delay = 0.00>
ST_7 : Operation 110 [1/1] (0.00ns)   --->   "%buf_pool2_addr = getelementptr [3136 x i32]* @buf_pool2, i64 0, i64 %tmp_113_cast" [conv_relu3.c:28]   --->   Operation 110 'getelementptr' 'buf_pool2_addr' <Predicate = (!exitcond)> <Delay = 0.00>
ST_7 : Operation 111 [1/1] (1.82ns)   --->   "%tmp_77 = add i9 %tmp_38, %tmp_75" [conv_relu3.c:27]   --->   Operation 111 'add' 'tmp_77' <Predicate = (!exitcond)> <Delay = 1.82> <Core = "AddSub">   --->   Core 14 'AddSub' <Latency = 0> <II = 1> <Delay = 2.55> <FuncUnit> <Opcode : 'add' 'sub'> <InPorts = 2> <OutPorts = 1>
ST_7 : Operation 112 [1/1] (0.00ns)   --->   "%tmp_116_cast = call i14 @_ssdm_op_BitConcatenate.i14.i9.i5(i9 %tmp_77, i5 0)" [conv_relu3.c:28]   --->   Operation 112 'bitconcatenate' 'tmp_116_cast' <Predicate = (!exitcond)> <Delay = 0.00>
ST_7 : Operation 113 [1/1] (1.81ns)   --->   "%tmp_78 = add i14 %tmp_29_cast, %tmp_116_cast" [conv_relu3.c:28]   --->   Operation 113 'add' 'tmp_78' <Predicate = (!exitcond)> <Delay = 1.81> <Core = "AddSub">   --->   Core 14 'AddSub' <Latency = 0> <II = 1> <Delay = 2.55> <FuncUnit> <Opcode : 'add' 'sub'> <InPorts = 2> <OutPorts = 1>
ST_7 : Operation 114 [1/1] (0.00ns)   --->   "%tmp_117_cast = zext i14 %tmp_78 to i64" [conv_relu3.c:28]   --->   Operation 114 'zext' 'tmp_117_cast' <Predicate = (!exitcond)> <Delay = 0.00>
ST_7 : Operation 115 [1/1] (0.00ns)   --->   "%w_conv3_addr = getelementptr [4608 x i5]* @w_conv3, i64 0, i64 %tmp_117_cast" [conv_relu3.c:28]   --->   Operation 115 'getelementptr' 'w_conv3_addr' <Predicate = (!exitcond)> <Delay = 0.00>
ST_7 : Operation 116 [2/2] (3.25ns)   --->   "%buf_pool2_load = load i32* %buf_pool2_addr, align 4" [conv_relu3.c:28]   --->   Operation 116 'load' 'buf_pool2_load' <Predicate = (!exitcond)> <Delay = 3.25> <Core = "RAM">   --->   Core 37 'RAM' <Latency = 1> <II = 1> <Delay = 3.25> <Storage> <Opcode : 'load' 'store'> <Ports = 2> <Width = 31> <Depth = 4608> <RAM>
ST_7 : Operation 117 [2/2] (3.25ns)   --->   "%w_conv3_load = load i5* %w_conv3_addr, align 1" [conv_relu3.c:28]   --->   Operation 117 'load' 'w_conv3_load' <Predicate = (!exitcond)> <Delay = 3.25> <Core = "ROM_nP">   --->   Core 52 'ROM_nP' <Latency = 1> <II = 1> <Delay = 3.25> <Storage> <Opcode : 'load'> <Ports = 0> <Width = 5> <Depth = 4608> <ROM>
ST_7 : Operation 118 [1/1] (0.00ns)   --->   "%empty_43 = call i32 (...)* @_ssdm_op_SpecRegionEnd([8 x i8]* @p_str416, i32 %tmp_42)" [conv_relu3.c:31]   --->   Operation 118 'specregionend' 'empty_43' <Predicate = (exitcond)> <Delay = 0.00>
ST_7 : Operation 119 [1/1] (0.00ns)   --->   "br label %9" [conv_relu3.c:25]   --->   Operation 119 'br' <Predicate = (exitcond)> <Delay = 0.00>

State 8 <SV = 7> <Delay = 3.25>
ST_8 : Operation 120 [1/2] (3.25ns)   --->   "%buf_pool2_load = load i32* %buf_pool2_addr, align 4" [conv_relu3.c:28]   --->   Operation 120 'load' 'buf_pool2_load' <Predicate = true> <Delay = 3.25> <Core = "RAM">   --->   Core 37 'RAM' <Latency = 1> <II = 1> <Delay = 3.25> <Storage> <Opcode : 'load' 'store'> <Ports = 2> <Width = 31> <Depth = 4608> <RAM>
ST_8 : Operation 121 [1/2] (3.25ns)   --->   "%w_conv3_load = load i5* %w_conv3_addr, align 1" [conv_relu3.c:28]   --->   Operation 121 'load' 'w_conv3_load' <Predicate = true> <Delay = 3.25> <Core = "ROM_nP">   --->   Core 52 'ROM_nP' <Latency = 1> <II = 1> <Delay = 3.25> <Storage> <Opcode : 'load'> <Ports = 0> <Width = 5> <Depth = 4608> <ROM>

State 9 <SV = 8> <Delay = 8.51>
ST_9 : Operation 122 [1/1] (0.00ns)   --->   "%w_conv3_load_cast = sext i5 %w_conv3_load to i32" [conv_relu3.c:28]   --->   Operation 122 'sext' 'w_conv3_load_cast' <Predicate = true> <Delay = 0.00>
ST_9 : Operation 123 [1/1] (8.51ns)   --->   "%tmp_39 = mul nsw i32 %buf_pool2_load, %w_conv3_load_cast" [conv_relu3.c:28]   --->   Operation 123 'mul' 'tmp_39' <Predicate = true> <Delay = 8.51> <Core = "Mul">   --->   Core 16 'Mul' <Latency = 0> <II = 1> <Delay = 8.51> <FuncUnit> <Opcode : 'mul'> <InPorts = 2> <OutPorts = 1>

State 10 <SV = 9> <Delay = 2.55>
ST_10 : Operation 124 [1/1] (0.00ns)   --->   "call void (...)* @_ssdm_op_SpecLoopName([8 x i8]* @p_str517) nounwind" [conv_relu3.c:27]   --->   Operation 124 'specloopname' <Predicate = true> <Delay = 0.00>
ST_10 : Operation 125 [1/1] (2.55ns)   --->   "%sum_4 = add nsw i32 %tmp_39, %sum_2" [conv_relu3.c:28]   --->   Operation 125 'add' 'sum_4' <Predicate = true> <Delay = 2.55> <Core = "AddSub">   --->   Core 14 'AddSub' <Latency = 0> <II = 1> <Delay = 2.55> <FuncUnit> <Opcode : 'add' 'sub'> <InPorts = 2> <OutPorts = 1>
ST_10 : Operation 126 [1/1] (0.00ns)   --->   "br label %11" [conv_relu3.c:27]   --->   Operation 126 'br' <Predicate = true> <Delay = 0.00>


============================================================
+ Verbose Summary: Binding
============================================================
STG Binding: 
---------------- STG Properties BEGIN ----------------
- Is combinational: 0
- Is one-state seq: 0
- Is datapath-only: 0
- Is pipelined: 0
- Is top level: 0
Port [ Return ] is wired: 1; IO mode=ap_ctrl_hs:ce=0
Port [ output_r]:  wired=1; compound=1; hidden=0; nouse=0; global=0; static=0; extern=0; dir=1; type=1; pingpong=0; private_global=0; MemPort=[03]; IO mode=ap_memory:ce=0
Port [ buf_pool2]:  wired=1; compound=1; hidden=0; nouse=0; global=1; static=1; extern=0; dir=0; type=1; pingpong=0; private_global=0; linkage=7; visibility=0; MemPort=[13]; IO mode=ap_memory:ce=0
Port [ w_conv3]:  wired=0; compound=1; hidden=1; nouse=0; global=1; static=1; extern=0; dir=0; type=1; pingpong=0; private_global=1; linkage=7; visibility=0; MemPort=[1]; IO mode=ap_memory:ce=0
---------------- STG Properties END ------------------

---------------- Datapath Model BEGIN ----------------

<LifeTime>
<method=bitvector/>
StgValue_11       (br               ) [ 01111111111]
row               (phi              ) [ 00101111111]
exitcond5         (icmp             ) [ 00111111111]
empty             (speclooptripcount) [ 00000000000]
row_1             (add              ) [ 01111111111]
StgValue_16       (br               ) [ 00000000000]
StgValue_17       (specloopname     ) [ 00000000000]
tmp_28            (specregionbegin  ) [ 00011111111]
tmp               (bitconcatenate   ) [ 00000000000]
p_shl_cast        (zext             ) [ 00000000000]
tmp_s             (bitconcatenate   ) [ 00000000000]
p_shl1_cast       (zext             ) [ 00000000000]
tmp_65            (sub              ) [ 00011111111]
StgValue_24       (br               ) [ 00111111111]
StgValue_25       (ret              ) [ 00000000000]
col               (phi              ) [ 00010111111]
exitcond4         (icmp             ) [ 00111111111]
empty_38          (speclooptripcount) [ 00000000000]
col_1             (add              ) [ 00111111111]
StgValue_30       (br               ) [ 00000000000]
StgValue_31       (specloopname     ) [ 00000000000]
tmp_33            (specregionbegin  ) [ 00001111111]
tmp_cast          (zext             ) [ 00000000000]
tmp_66            (add              ) [ 00000000000]
tmp_100_cast      (bitconcatenate   ) [ 00001111111]
StgValue_36       (br               ) [ 00111111111]
empty_47          (specregionend    ) [ 00000000000]
StgValue_38       (br               ) [ 01111111111]
oc                (phi              ) [ 00001000000]
exitcond3         (icmp             ) [ 00111111111]
empty_39          (speclooptripcount) [ 00000000000]
oc_2              (add              ) [ 00111111111]
StgValue_43       (br               ) [ 00000000000]
StgValue_44       (specloopname     ) [ 00000000000]
tmp_40            (specregionbegin  ) [ 00000111111]
tmp_29_cast       (zext             ) [ 00000111111]
tmp_67            (add              ) [ 00000000000]
tmp_101_cast      (zext             ) [ 00000000000]
output_addr       (getelementptr    ) [ 00000111111]
StgValue_50       (br               ) [ 00111111111]
empty_46          (specregionend    ) [ 00000000000]
StgValue_52       (br               ) [ 00111111111]
kr                (phi              ) [ 00000100000]
sum               (phi              ) [ 00000111111]
kr_cast5          (zext             ) [ 00000000000]
exitcond2         (icmp             ) [ 00111111111]
empty_40          (speclooptripcount) [ 00000000000]
kr_1              (add              ) [ 00111111111]
StgValue_59       (br               ) [ 00000000000]
StgValue_60       (specloopname     ) [ 00000000000]
tmp_41            (specregionbegin  ) [ 00000011111]
tmp_32            (add              ) [ 00000000000]
tmp_68            (bitconcatenate   ) [ 00000000000]
p_shl3_cast       (zext             ) [ 00000000000]
tmp_69            (bitconcatenate   ) [ 00000000000]
p_shl4_cast       (zext             ) [ 00000000000]
tmp_70            (sub              ) [ 00000011111]
tmp_34_cast       (zext             ) [ 00000000000]
tmp_71            (bitconcatenate   ) [ 00000000000]
p_shl2_cast       (zext             ) [ 00000000000]
tmp_72            (sub              ) [ 00000000000]
tmp_106_cast      (sext             ) [ 00000011111]
StgValue_73       (br               ) [ 00111111111]
tmp_43            (trunc            ) [ 00000000000]
tmp_30            (icmp             ) [ 00000000000]
tmp_31            (select           ) [ 00000000000]
StgValue_77       (store            ) [ 00000000000]
empty_45          (specregionend    ) [ 00000000000]
StgValue_79       (br               ) [ 00111111111]
kc                (phi              ) [ 00000010000]
sum_1             (phi              ) [ 00111111111]
kc_cast3          (zext             ) [ 00000000000]
exitcond1         (icmp             ) [ 00111111111]
empty_41          (speclooptripcount) [ 00000000000]
kc_1              (add              ) [ 00111111111]
StgValue_86       (br               ) [ 00000000000]
StgValue_87       (specloopname     ) [ 00000000000]
tmp_42            (specregionbegin  ) [ 00000001111]
tmp_35            (add              ) [ 00000000000]
tmp_36_cast       (zext             ) [ 00000000000]
tmp_73            (add              ) [ 00000000000]
tmp_109_cast      (bitconcatenate   ) [ 00000001111]
tmp_37_cast       (zext             ) [ 00000000000]
tmp_74            (add              ) [ 00000000000]
tmp_44            (trunc            ) [ 00000000000]
tmp_75            (bitconcatenate   ) [ 00000001111]
StgValue_97       (br               ) [ 00111111111]
empty_44          (specregionend    ) [ 00000000000]
StgValue_99       (br               ) [ 00111111111]
ic                (phi              ) [ 00000001000]
sum_2             (phi              ) [ 00111111111]
exitcond          (icmp             ) [ 00111111111]
empty_42          (speclooptripcount) [ 00000000000]
ic_2              (add              ) [ 00111111111]
StgValue_105      (br               ) [ 00000000000]
tmp_38            (zext             ) [ 00000000000]
tmp_38_cast       (zext             ) [ 00000000000]
tmp_76            (add              ) [ 00000000000]
tmp_113_cast      (zext             ) [ 00000000000]
buf_pool2_addr    (getelementptr    ) [ 00000000100]
tmp_77            (add              ) [ 00000000000]
tmp_116_cast      (bitconcatenate   ) [ 00000000000]
tmp_78            (add              ) [ 00000000000]
tmp_117_cast      (zext             ) [ 00000000000]
w_conv3_addr      (getelementptr    ) [ 00000000100]
empty_43          (specregionend    ) [ 00000000000]
StgValue_119      (br               ) [ 00111111111]
buf_pool2_load    (load             ) [ 00000000010]
w_conv3_load      (load             ) [ 00000000010]
w_conv3_load_cast (sext             ) [ 00000000000]
tmp_39            (mul              ) [ 00000000001]
StgValue_124      (specloopname     ) [ 00000000000]
sum_4             (add              ) [ 00111111111]
StgValue_126      (br               ) [ 00111111111]
</LifeTime>

<model>

<comp_list>
<comp id="0" class="1000" name="output_r">
<pin_list>
<pin id="1" dir="1" index="0" bw="1" slack="0"/>
</pin_list>
<bind>
<StgValue><ssdm name="output_r"/><MemPortTyVec>0 3 </MemPortTyVec>
</StgValue>
</bind>
</comp>

<comp id="2" class="1000" name="buf_pool2">
<pin_list>
<pin id="3" dir="1" index="0" bw="1" slack="0"/>
</pin_list>
<bind>
<StgValue><ssdm name="buf_pool2"/><MemPortTyVec>1 3 </MemPortTyVec>
</StgValue>
</bind>
</comp>

<comp id="4" class="1000" name="w_conv3">
<pin_list>
<pin id="5" dir="1" index="0" bw="1" slack="0"/>
</pin_list>
<bind>
<StgValue><ssdm name="w_conv3"/><MemPortTyVec>1 </MemPortTyVec>
</StgValue>
</bind>
</comp>

<comp id="6" class="1001" name="const_6">
<pin_list>
<pin id="7" dir="1" index="0" bw="1" slack="0"/>
</pin_list>
<bind>
<StgValue><ssdm name=""/></StgValue>
</bind>
</comp>

<comp id="8" class="1001" name="const_8">
<pin_list>
<pin id="9" dir="1" index="0" bw="1" slack="0"/>
</pin_list>
<bind>
<StgValue><ssdm name=""/></StgValue>
</bind>
</comp>

<comp id="10" class="1001" name="const_10">
<pin_list>
<pin id="11" dir="1" index="0" bw="1" slack="2147483647"/>
</pin_list>
<bind>
<StgValue><ssdm name="_ssdm_op_SpecLoopTripCount"/></StgValue>
</bind>
</comp>

<comp id="12" class="1001" name="const_12">
<pin_list>
<pin id="13" dir="1" index="0" bw="1" slack="2147483647"/>
</pin_list>
<bind>
<StgValue><ssdm name=""/></StgValue>
</bind>
</comp>

<comp id="14" class="1001" name="const_14">
<pin_list>
<pin id="15" dir="1" index="0" bw="1" slack="0"/>
</pin_list>
<bind>
<StgValue><ssdm name=""/></StgValue>
</bind>
</comp>

<comp id="16" class="1001" name="const_16">
<pin_list>
<pin id="17" dir="1" index="0" bw="1" slack="2147483647"/>
</pin_list>
<bind>
<StgValue><ssdm name="_ssdm_op_SpecLoopName"/></StgValue>
</bind>
</comp>

<comp id="18" class="1001" name="const_18">
<pin_list>
<pin id="19" dir="1" index="0" bw="1" slack="2147483647"/>
</pin_list>
<bind>
<StgValue><ssdm name="p_str12"/></StgValue>
</bind>
</comp>

<comp id="20" class="1001" name="const_20">
<pin_list>
<pin id="21" dir="1" index="0" bw="1" slack="2147483647"/>
</pin_list>
<bind>
<StgValue><ssdm name="_ssdm_op_SpecRegionBegin"/></StgValue>
</bind>
</comp>

<comp id="22" class="1001" name="const_22">
<pin_list>
<pin id="23" dir="1" index="0" bw="1" slack="0"/>
</pin_list>
<bind>
<StgValue><ssdm name="_ssdm_op_BitConcatenate.i8.i4.i4"/></StgValue>
</bind>
</comp>

<comp id="24" class="1001" name="const_24">
<pin_list>
<pin id="25" dir="1" index="0" bw="1" slack="0"/>
</pin_list>
<bind>
<StgValue><ssdm name="_ssdm_op_BitConcatenate.i6.i4.i2"/></StgValue>
</bind>
</comp>

<comp id="26" class="1001" name="const_26">
<pin_list>
<pin id="27" dir="1" index="0" bw="1" slack="0"/>
</pin_list>
<bind>
<StgValue><ssdm name=""/></StgValue>
</bind>
</comp>

<comp id="28" class="1001" name="const_28">
<pin_list>
<pin id="29" dir="1" index="0" bw="1" slack="2147483647"/>
</pin_list>
<bind>
<StgValue><ssdm name="p_str113"/></StgValue>
</bind>
</comp>

<comp id="30" class="1001" name="const_30">
<pin_list>
<pin id="31" dir="1" index="0" bw="1" slack="0"/>
</pin_list>
<bind>
<StgValue><ssdm name="_ssdm_op_BitConcatenate.i14.i9.i5"/></StgValue>
</bind>
</comp>

<comp id="32" class="1001" name="const_32">
<pin_list>
<pin id="33" dir="1" index="0" bw="1" slack="0"/>
</pin_list>
<bind>
<StgValue><ssdm name=""/></StgValue>
</bind>
</comp>

<comp id="34" class="1001" name="const_34">
<pin_list>
<pin id="35" dir="1" index="0" bw="1" slack="2147483647"/>
</pin_list>
<bind>
<StgValue><ssdm name="_ssdm_op_SpecRegionEnd"/></StgValue>
</bind>
</comp>

<comp id="36" class="1001" name="const_36">
<pin_list>
<pin id="37" dir="1" index="0" bw="1" slack="1"/>
</pin_list>
<bind>
<StgValue><ssdm name=""/></StgValue>
</bind>
</comp>

<comp id="38" class="1001" name="const_38">
<pin_list>
<pin id="39" dir="1" index="0" bw="1" slack="0"/>
</pin_list>
<bind>
<StgValue><ssdm name=""/></StgValue>
</bind>
</comp>

<comp id="40" class="1001" name="const_40">
<pin_list>
<pin id="41" dir="1" index="0" bw="1" slack="2147483647"/>
</pin_list>
<bind>
<StgValue><ssdm name=""/></StgValue>
</bind>
</comp>

<comp id="42" class="1001" name="const_42">
<pin_list>
<pin id="43" dir="1" index="0" bw="1" slack="0"/>
</pin_list>
<bind>
<StgValue><ssdm name=""/></StgValue>
</bind>
</comp>

<comp id="44" class="1001" name="const_44">
<pin_list>
<pin id="45" dir="1" index="0" bw="1" slack="2147483647"/>
</pin_list>
<bind>
<StgValue><ssdm name="p_str214"/></StgValue>
</bind>
</comp>

<comp id="46" class="1001" name="const_46">
<pin_list>
<pin id="47" dir="1" index="0" bw="1" slack="0"/>
</pin_list>
<bind>
<StgValue><ssdm name=""/></StgValue>
</bind>
</comp>

<comp id="48" class="1001" name="const_48">
<pin_list>
<pin id="49" dir="1" index="0" bw="1" slack="0"/>
</pin_list>
<bind>
<StgValue><ssdm name=""/></StgValue>
</bind>
</comp>

<comp id="50" class="1001" name="const_50">
<pin_list>
<pin id="51" dir="1" index="0" bw="1" slack="0"/>
</pin_list>
<bind>
<StgValue><ssdm name=""/></StgValue>
</bind>
</comp>

<comp id="52" class="1001" name="const_52">
<pin_list>
<pin id="53" dir="1" index="0" bw="1" slack="2147483647"/>
</pin_list>
<bind>
<StgValue><ssdm name=""/></StgValue>
</bind>
</comp>

<comp id="54" class="1001" name="const_54">
<pin_list>
<pin id="55" dir="1" index="0" bw="1" slack="0"/>
</pin_list>
<bind>
<StgValue><ssdm name=""/></StgValue>
</bind>
</comp>

<comp id="56" class="1001" name="const_56">
<pin_list>
<pin id="57" dir="1" index="0" bw="1" slack="2147483647"/>
</pin_list>
<bind>
<StgValue><ssdm name="p_str315"/></StgValue>
</bind>
</comp>

<comp id="58" class="1001" name="const_58">
<pin_list>
<pin id="59" dir="1" index="0" bw="1" slack="0"/>
</pin_list>
<bind>
<StgValue><ssdm name="_ssdm_op_BitConcatenate.i5.i4.i1"/></StgValue>
</bind>
</comp>

<comp id="60" class="1001" name="const_60">
<pin_list>
<pin id="61" dir="1" index="0" bw="1" slack="0"/>
</pin_list>
<bind>
<StgValue><ssdm name=""/></StgValue>
</bind>
</comp>

<comp id="62" class="1001" name="const_62">
<pin_list>
<pin id="63" dir="1" index="0" bw="1" slack="0"/>
</pin_list>
<bind>
<StgValue><ssdm name="_ssdm_op_BitConcatenate.i4.i2.i2"/></StgValue>
</bind>
</comp>

<comp id="64" class="1001" name="const_64">
<pin_list>
<pin id="65" dir="1" index="0" bw="1" slack="0"/>
</pin_list>
<bind>
<StgValue><ssdm name=""/></StgValue>
</bind>
</comp>

<comp id="66" class="1001" name="const_66">
<pin_list>
<pin id="67" dir="1" index="0" bw="1" slack="2147483647"/>
</pin_list>
<bind>
<StgValue><ssdm name="p_str416"/></StgValue>
</bind>
</comp>

<comp id="68" class="1001" name="const_68">
<pin_list>
<pin id="69" dir="1" index="0" bw="1" slack="0"/>
</pin_list>
<bind>
<StgValue><ssdm name="_ssdm_op_BitConcatenate.i13.i9.i4"/></StgValue>
</bind>
</comp>

<comp id="70" class="1001" name="const_70">
<pin_list>
<pin id="71" dir="1" index="0" bw="1" slack="0"/>
</pin_list>
<bind>
<StgValue><ssdm name="_ssdm_op_BitConcatenate.i9.i5.i4"/></StgValue>
</bind>
</comp>

<comp id="72" class="1001" name="const_72">
<pin_list>
<pin id="73" dir="1" index="0" bw="1" slack="0"/>
</pin_list>
<bind>
<StgValue><ssdm name=""/></StgValue>
</bind>
</comp>

<comp id="74" class="1001" name="const_74">
<pin_list>
<pin id="75" dir="1" index="0" bw="1" slack="2147483647"/>
</pin_list>
<bind>
<StgValue><ssdm name=""/></StgValue>
</bind>
</comp>

<comp id="76" class="1001" name="const_76">
<pin_list>
<pin id="77" dir="1" index="0" bw="1" slack="0"/>
</pin_list>
<bind>
<StgValue><ssdm name=""/></StgValue>
</bind>
</comp>

<comp id="78" class="1001" name="const_78">
<pin_list>
<pin id="79" dir="1" index="0" bw="1" slack="2147483647"/>
</pin_list>
<bind>
<StgValue><ssdm name="p_str517"/></StgValue>
</bind>
</comp>

<comp id="80" class="1004" name="output_addr_gep_fu_80">
<pin_list>
<pin id="81" dir="0" index="0" bw="31" slack="0"/>
<pin id="82" dir="0" index="1" bw="1" slack="0"/>
<pin id="83" dir="0" index="2" bw="14" slack="0"/>
<pin id="84" dir="1" index="3" bw="13" slack="1"/>
</pin_list>
<bind>
<opcode="getelementptr(29) " fcode="getelementptr"/>
<opset="output_addr/4 "/>
</bind>
</comp>

<comp id="87" class="1004" name="StgValue_77_access_fu_87">
<pin_list>
<pin id="88" dir="0" index="0" bw="13" slack="1"/>
<pin id="89" dir="0" index="1" bw="31" slack="0"/>
<pin id="90" dir="0" index="2" bw="0" slack="2147483647"/>
<pin id="91" dir="1" index="3" bw="31" slack="2147483647"/>
</pin_list>
<bind>
<opcode="store(28) " fcode="store"/>
<opset="StgValue_77/5 "/>
</bind>
</comp>

<comp id="92" class="1004" name="buf_pool2_addr_gep_fu_92">
<pin_list>
<pin id="93" dir="0" index="0" bw="32" slack="0"/>
<pin id="94" dir="0" index="1" bw="1" slack="0"/>
<pin id="95" dir="0" index="2" bw="13" slack="0"/>
<pin id="96" dir="1" index="3" bw="12" slack="0"/>
</pin_list>
<bind>
<opcode="getelementptr(29) " fcode="getelementptr"/>
<opset="buf_pool2_addr/7 "/>
</bind>
</comp>

<comp id="99" class="1004" name="w_conv3_addr_gep_fu_99">
<pin_list>
<pin id="100" dir="0" index="0" bw="5" slack="0"/>
<pin id="101" dir="0" index="1" bw="1" slack="0"/>
<pin id="102" dir="0" index="2" bw="14" slack="0"/>
<pin id="103" dir="1" index="3" bw="13" slack="0"/>
</pin_list>
<bind>
<opcode="getelementptr(29) " fcode="getelementptr"/>
<opset="w_conv3_addr/7 "/>
</bind>
</comp>

<comp id="106" class="1004" name="grp_access_fu_106">
<pin_list>
<pin id="107" dir="0" index="0" bw="12" slack="0"/>
<pin id="108" dir="0" index="1" bw="32" slack="2147483647"/>
<pin id="109" dir="0" index="2" bw="0" slack="2147483647"/>
<pin id="110" dir="1" index="3" bw="32" slack="1"/>
</pin_list>
<bind>
<opcode="load(27) " fcode="load"/>
<opset="buf_pool2_load/7 "/>
</bind>
</comp>

<comp id="112" class="1004" name="grp_access_fu_112">
<pin_list>
<pin id="113" dir="0" index="0" bw="13" slack="0"/>
<pin id="114" dir="0" index="1" bw="5" slack="2147483647"/>
<pin id="115" dir="0" index="2" bw="0" slack="2147483647"/>
<pin id="116" dir="1" index="3" bw="5" slack="1"/>
</pin_list>
<bind>
<opcode="load(27) " fcode="load"/>
<opset="w_conv3_load/7 "/>
</bind>
</comp>

<comp id="118" class="1005" name="row_reg_118">
<pin_list>
<pin id="119" dir="0" index="0" bw="4" slack="1"/>
<pin id="120" dir="1" index="1" bw="4" slack="1"/>
</pin_list>
<bind>
<opset="row (phireg) "/>
</bind>
</comp>

<comp id="122" class="1004" name="row_phi_fu_122">
<pin_list>
<pin id="123" dir="0" index="0" bw="1" slack="1"/>
<pin id="124" dir="0" index="1" bw="0" slack="2147483647"/>
<pin id="125" dir="0" index="2" bw="4" slack="0"/>
<pin id="126" dir="0" index="3" bw="0" slack="2147483647"/>
<pin id="127" dir="1" index="4" bw="4" slack="0"/>
</pin_list>
<bind>
<opcode="phi(47) " fcode="phi"/>
<opset="row/2 "/>
</bind>
</comp>

<comp id="130" class="1005" name="col_reg_130">
<pin_list>
<pin id="131" dir="0" index="0" bw="4" slack="1"/>
<pin id="132" dir="1" index="1" bw="4" slack="1"/>
</pin_list>
<bind>
<opset="col (phireg) "/>
</bind>
</comp>

<comp id="134" class="1004" name="col_phi_fu_134">
<pin_list>
<pin id="135" dir="0" index="0" bw="1" slack="1"/>
<pin id="136" dir="0" index="1" bw="0" slack="2147483647"/>
<pin id="137" dir="0" index="2" bw="4" slack="0"/>
<pin id="138" dir="0" index="3" bw="0" slack="2147483647"/>
<pin id="139" dir="1" index="4" bw="4" slack="0"/>
</pin_list>
<bind>
<opcode="phi(47) " fcode="phi"/>
<opset="col/3 "/>
</bind>
</comp>

<comp id="142" class="1005" name="oc_reg_142">
<pin_list>
<pin id="143" dir="0" index="0" bw="6" slack="1"/>
<pin id="144" dir="1" index="1" bw="6" slack="1"/>
</pin_list>
<bind>
<opset="oc (phireg) "/>
</bind>
</comp>

<comp id="146" class="1004" name="oc_phi_fu_146">
<pin_list>
<pin id="147" dir="0" index="0" bw="1" slack="1"/>
<pin id="148" dir="0" index="1" bw="0" slack="2147483647"/>
<pin id="149" dir="0" index="2" bw="6" slack="0"/>
<pin id="150" dir="0" index="3" bw="0" slack="2147483647"/>
<pin id="151" dir="1" index="4" bw="6" slack="0"/>
</pin_list>
<bind>
<opcode="phi(47) " fcode="phi"/>
<opset="oc/4 "/>
</bind>
</comp>

<comp id="153" class="1005" name="kr_reg_153">
<pin_list>
<pin id="154" dir="0" index="0" bw="2" slack="1"/>
<pin id="155" dir="1" index="1" bw="2" slack="1"/>
</pin_list>
<bind>
<opset="kr (phireg) "/>
</bind>
</comp>

<comp id="157" class="1004" name="kr_phi_fu_157">
<pin_list>
<pin id="158" dir="0" index="0" bw="1" slack="1"/>
<pin id="159" dir="0" index="1" bw="0" slack="2147483647"/>
<pin id="160" dir="0" index="2" bw="2" slack="0"/>
<pin id="161" dir="0" index="3" bw="0" slack="2147483647"/>
<pin id="162" dir="1" index="4" bw="2" slack="0"/>
</pin_list>
<bind>
<opcode="phi(47) " fcode="phi"/>
<opset="kr/5 "/>
</bind>
</comp>

<comp id="164" class="1005" name="sum_reg_164">
<pin_list>
<pin id="165" dir="0" index="0" bw="32" slack="1"/>
<pin id="166" dir="1" index="1" bw="32" slack="1"/>
</pin_list>
<bind>
<opset="sum (phireg) "/>
</bind>
</comp>

<comp id="168" class="1004" name="sum_phi_fu_168">
<pin_list>
<pin id="169" dir="0" index="0" bw="1" slack="1"/>
<pin id="170" dir="0" index="1" bw="0" slack="2147483647"/>
<pin id="171" dir="0" index="2" bw="32" slack="1"/>
<pin id="172" dir="0" index="3" bw="0" slack="2147483647"/>
<pin id="173" dir="1" index="4" bw="32" slack="0"/>
</pin_list>
<bind>
<opcode="phi(47) " fcode="phi"/>
<opset="sum/5 "/>
</bind>
</comp>

<comp id="176" class="1005" name="kc_reg_176">
<pin_list>
<pin id="177" dir="0" index="0" bw="2" slack="1"/>
<pin id="178" dir="1" index="1" bw="2" slack="1"/>
</pin_list>
<bind>
<opset="kc (phireg) "/>
</bind>
</comp>

<comp id="180" class="1004" name="kc_phi_fu_180">
<pin_list>
<pin id="181" dir="0" index="0" bw="1" slack="1"/>
<pin id="182" dir="0" index="1" bw="0" slack="2147483647"/>
<pin id="183" dir="0" index="2" bw="2" slack="0"/>
<pin id="184" dir="0" index="3" bw="0" slack="2147483647"/>
<pin id="185" dir="1" index="4" bw="2" slack="0"/>
</pin_list>
<bind>
<opcode="phi(47) " fcode="phi"/>
<opset="kc/6 "/>
</bind>
</comp>

<comp id="187" class="1005" name="sum_1_reg_187">
<pin_list>
<pin id="188" dir="0" index="0" bw="32" slack="1"/>
<pin id="189" dir="1" index="1" bw="32" slack="1"/>
</pin_list>
<bind>
<opset="sum_1 (phireg) "/>
</bind>
</comp>

<comp id="191" class="1004" name="sum_1_phi_fu_191">
<pin_list>
<pin id="192" dir="0" index="0" bw="32" slack="1"/>
<pin id="193" dir="0" index="1" bw="0" slack="2147483647"/>
<pin id="194" dir="0" index="2" bw="32" slack="1"/>
<pin id="195" dir="0" index="3" bw="0" slack="2147483647"/>
<pin id="196" dir="1" index="4" bw="32" slack="1"/>
</pin_list>
<bind>
<opcode="phi(47) " fcode="phi"/>
<opset="sum_1/6 "/>
</bind>
</comp>

<comp id="199" class="1005" name="ic_reg_199">
<pin_list>
<pin id="200" dir="0" index="0" bw="5" slack="1"/>
<pin id="201" dir="1" index="1" bw="5" slack="1"/>
</pin_list>
<bind>
<opset="ic (phireg) "/>
</bind>
</comp>

<comp id="203" class="1004" name="ic_phi_fu_203">
<pin_list>
<pin id="204" dir="0" index="0" bw="1" slack="1"/>
<pin id="205" dir="0" index="1" bw="0" slack="2147483647"/>
<pin id="206" dir="0" index="2" bw="5" slack="0"/>
<pin id="207" dir="0" index="3" bw="0" slack="2147483647"/>
<pin id="208" dir="1" index="4" bw="5" slack="0"/>
</pin_list>
<bind>
<opcode="phi(47) " fcode="phi"/>
<opset="ic/7 "/>
</bind>
</comp>

<comp id="210" class="1005" name="sum_2_reg_210">
<pin_list>
<pin id="211" dir="0" index="0" bw="32" slack="1"/>
<pin id="212" dir="1" index="1" bw="32" slack="1"/>
</pin_list>
<bind>
<opset="sum_2 (phireg) "/>
</bind>
</comp>

<comp id="214" class="1004" name="sum_2_phi_fu_214">
<pin_list>
<pin id="215" dir="0" index="0" bw="32" slack="1"/>
<pin id="216" dir="0" index="1" bw="0" slack="2147483647"/>
<pin id="217" dir="0" index="2" bw="32" slack="1"/>
<pin id="218" dir="0" index="3" bw="0" slack="2147483647"/>
<pin id="219" dir="1" index="4" bw="32" slack="1"/>
</pin_list>
<bind>
<opcode="phi(47) " fcode="phi"/>
<opset="sum_2/7 "/>
</bind>
</comp>

<comp id="222" class="1004" name="exitcond5_fu_222">
<pin_list>
<pin id="223" dir="0" index="0" bw="4" slack="0"/>
<pin id="224" dir="0" index="1" bw="3" slack="0"/>
<pin id="225" dir="1" index="2" bw="1" slack="2147483647"/>
</pin_list>
<bind>
<opcode="icmp(45) " fcode="icmp"/>
<opset="exitcond5/2 "/>
</bind>
</comp>

<comp id="228" class="1004" name="row_1_fu_228">
<pin_list>
<pin id="229" dir="0" index="0" bw="4" slack="0"/>
<pin id="230" dir="0" index="1" bw="1" slack="0"/>
<pin id="231" dir="1" index="2" bw="4" slack="0"/>
</pin_list>
<bind>
<opcode="add(8) " fcode="add"/>
<opset="row_1/2 "/>
</bind>
</comp>

<comp id="234" class="1004" name="tmp_fu_234">
<pin_list>
<pin id="235" dir="0" index="0" bw="8" slack="0"/>
<pin id="236" dir="0" index="1" bw="4" slack="0"/>
<pin id="237" dir="0" index="2" bw="1" slack="0"/>
<pin id="238" dir="1" index="3" bw="8" slack="0"/>
</pin_list>
<bind>
<opcode="bitconcatenate(1004) " fcode="bitconcatenate"/>
<opset="tmp/2 "/>
</bind>
</comp>

<comp id="242" class="1004" name="p_shl_cast_fu_242">
<pin_list>
<pin id="243" dir="0" index="0" bw="8" slack="0"/>
<pin id="244" dir="1" index="1" bw="9" slack="0"/>
</pin_list>
<bind>
<opcode="zext(34) " fcode="zext"/>
<opset="p_shl_cast/2 "/>
</bind>
</comp>

<comp id="246" class="1004" name="tmp_s_fu_246">
<pin_list>
<pin id="247" dir="0" index="0" bw="6" slack="0"/>
<pin id="248" dir="0" index="1" bw="4" slack="0"/>
<pin id="249" dir="0" index="2" bw="1" slack="0"/>
<pin id="250" dir="1" index="3" bw="6" slack="0"/>
</pin_list>
<bind>
<opcode="bitconcatenate(1004) " fcode="bitconcatenate"/>
<opset="tmp_s/2 "/>
</bind>
</comp>

<comp id="254" class="1004" name="p_shl1_cast_fu_254">
<pin_list>
<pin id="255" dir="0" index="0" bw="6" slack="0"/>
<pin id="256" dir="1" index="1" bw="9" slack="0"/>
</pin_list>
<bind>
<opcode="zext(34) " fcode="zext"/>
<opset="p_shl1_cast/2 "/>
</bind>
</comp>

<comp id="258" class="1004" name="tmp_65_fu_258">
<pin_list>
<pin id="259" dir="0" index="0" bw="8" slack="0"/>
<pin id="260" dir="0" index="1" bw="6" slack="0"/>
<pin id="261" dir="1" index="2" bw="9" slack="1"/>
</pin_list>
<bind>
<opcode="sub(10) " fcode="sub"/>
<opset="tmp_65/2 "/>
</bind>
</comp>

<comp id="264" class="1004" name="exitcond4_fu_264">
<pin_list>
<pin id="265" dir="0" index="0" bw="4" slack="0"/>
<pin id="266" dir="0" index="1" bw="3" slack="0"/>
<pin id="267" dir="1" index="2" bw="1" slack="2147483647"/>
</pin_list>
<bind>
<opcode="icmp(45) " fcode="icmp"/>
<opset="exitcond4/3 "/>
</bind>
</comp>

<comp id="270" class="1004" name="col_1_fu_270">
<pin_list>
<pin id="271" dir="0" index="0" bw="4" slack="0"/>
<pin id="272" dir="0" index="1" bw="1" slack="0"/>
<pin id="273" dir="1" index="2" bw="4" slack="0"/>
</pin_list>
<bind>
<opcode="add(8) " fcode="add"/>
<opset="col_1/3 "/>
</bind>
</comp>

<comp id="276" class="1004" name="tmp_cast_fu_276">
<pin_list>
<pin id="277" dir="0" index="0" bw="4" slack="0"/>
<pin id="278" dir="1" index="1" bw="9" slack="0"/>
</pin_list>
<bind>
<opcode="zext(34) " fcode="zext"/>
<opset="tmp_cast/3 "/>
</bind>
</comp>

<comp id="280" class="1004" name="tmp_66_fu_280">
<pin_list>
<pin id="281" dir="0" index="0" bw="4" slack="0"/>
<pin id="282" dir="0" index="1" bw="9" slack="1"/>
<pin id="283" dir="1" index="2" bw="9" slack="0"/>
</pin_list>
<bind>
<opcode="add(8) " fcode="add"/>
<opset="tmp_66/3 "/>
</bind>
</comp>

<comp id="285" class="1004" name="tmp_100_cast_fu_285">
<pin_list>
<pin id="286" dir="0" index="0" bw="14" slack="0"/>
<pin id="287" dir="0" index="1" bw="9" slack="0"/>
<pin id="288" dir="0" index="2" bw="1" slack="0"/>
<pin id="289" dir="1" index="3" bw="14" slack="1"/>
</pin_list>
<bind>
<opcode="bitconcatenate(1004) " fcode="bitconcatenate"/>
<opset="tmp_100_cast/3 "/>
</bind>
</comp>

<comp id="293" class="1004" name="exitcond3_fu_293">
<pin_list>
<pin id="294" dir="0" index="0" bw="6" slack="0"/>
<pin id="295" dir="0" index="1" bw="6" slack="0"/>
<pin id="296" dir="1" index="2" bw="1" slack="2147483647"/>
</pin_list>
<bind>
<opcode="icmp(45) " fcode="icmp"/>
<opset="exitcond3/4 "/>
</bind>
</comp>

<comp id="299" class="1004" name="oc_2_fu_299">
<pin_list>
<pin id="300" dir="0" index="0" bw="6" slack="0"/>
<pin id="301" dir="0" index="1" bw="1" slack="0"/>
<pin id="302" dir="1" index="2" bw="6" slack="0"/>
</pin_list>
<bind>
<opcode="add(8) " fcode="add"/>
<opset="oc_2/4 "/>
</bind>
</comp>

<comp id="305" class="1004" name="tmp_29_cast_fu_305">
<pin_list>
<pin id="306" dir="0" index="0" bw="6" slack="0"/>
<pin id="307" dir="1" index="1" bw="14" slack="0"/>
</pin_list>
<bind>
<opcode="zext(34) " fcode="zext"/>
<opset="tmp_29_cast/4 "/>
</bind>
</comp>

<comp id="309" class="1004" name="tmp_67_fu_309">
<pin_list>
<pin id="310" dir="0" index="0" bw="14" slack="1"/>
<pin id="311" dir="0" index="1" bw="6" slack="0"/>
<pin id="312" dir="1" index="2" bw="14" slack="0"/>
</pin_list>
<bind>
<opcode="add(8) " fcode="add"/>
<opset="tmp_67/4 "/>
</bind>
</comp>

<comp id="314" class="1004" name="tmp_101_cast_fu_314">
<pin_list>
<pin id="315" dir="0" index="0" bw="14" slack="0"/>
<pin id="316" dir="1" index="1" bw="64" slack="0"/>
</pin_list>
<bind>
<opcode="zext(34) " fcode="zext"/>
<opset="tmp_101_cast/4 "/>
</bind>
</comp>

<comp id="319" class="1004" name="kr_cast5_fu_319">
<pin_list>
<pin id="320" dir="0" index="0" bw="2" slack="0"/>
<pin id="321" dir="1" index="1" bw="4" slack="0"/>
</pin_list>
<bind>
<opcode="zext(34) " fcode="zext"/>
<opset="kr_cast5/5 "/>
</bind>
</comp>

<comp id="323" class="1004" name="exitcond2_fu_323">
<pin_list>
<pin id="324" dir="0" index="0" bw="2" slack="0"/>
<pin id="325" dir="0" index="1" bw="1" slack="0"/>
<pin id="326" dir="1" index="2" bw="1" slack="2147483647"/>
</pin_list>
<bind>
<opcode="icmp(45) " fcode="icmp"/>
<opset="exitcond2/5 "/>
</bind>
</comp>

<comp id="329" class="1004" name="kr_1_fu_329">
<pin_list>
<pin id="330" dir="0" index="0" bw="2" slack="0"/>
<pin id="331" dir="0" index="1" bw="1" slack="0"/>
<pin id="332" dir="1" index="2" bw="2" slack="0"/>
</pin_list>
<bind>
<opcode="add(8) " fcode="add"/>
<opset="kr_1/5 "/>
</bind>
</comp>

<comp id="335" class="1004" name="tmp_32_fu_335">
<pin_list>
<pin id="336" dir="0" index="0" bw="2" slack="0"/>
<pin id="337" dir="0" index="1" bw="4" slack="3"/>
<pin id="338" dir="1" index="2" bw="4" slack="0"/>
</pin_list>
<bind>
<opcode="add(8) " fcode="add"/>
<opset="tmp_32/5 "/>
</bind>
</comp>

<comp id="341" class="1004" name="tmp_68_fu_341">
<pin_list>
<pin id="342" dir="0" index="0" bw="8" slack="0"/>
<pin id="343" dir="0" index="1" bw="4" slack="0"/>
<pin id="344" dir="0" index="2" bw="1" slack="0"/>
<pin id="345" dir="1" index="3" bw="8" slack="0"/>
</pin_list>
<bind>
<opcode="bitconcatenate(1004) " fcode="bitconcatenate"/>
<opset="tmp_68/5 "/>
</bind>
</comp>

<comp id="349" class="1004" name="p_shl3_cast_fu_349">
<pin_list>
<pin id="350" dir="0" index="0" bw="8" slack="0"/>
<pin id="351" dir="1" index="1" bw="9" slack="0"/>
</pin_list>
<bind>
<opcode="zext(34) " fcode="zext"/>
<opset="p_shl3_cast/5 "/>
</bind>
</comp>

<comp id="353" class="1004" name="tmp_69_fu_353">
<pin_list>
<pin id="354" dir="0" index="0" bw="5" slack="0"/>
<pin id="355" dir="0" index="1" bw="4" slack="0"/>
<pin id="356" dir="0" index="2" bw="1" slack="0"/>
<pin id="357" dir="1" index="3" bw="5" slack="0"/>
</pin_list>
<bind>
<opcode="bitconcatenate(1004) " fcode="bitconcatenate"/>
<opset="tmp_69/5 "/>
</bind>
</comp>

<comp id="361" class="1004" name="p_shl4_cast_fu_361">
<pin_list>
<pin id="362" dir="0" index="0" bw="5" slack="0"/>
<pin id="363" dir="1" index="1" bw="9" slack="0"/>
</pin_list>
<bind>
<opcode="zext(34) " fcode="zext"/>
<opset="p_shl4_cast/5 "/>
</bind>
</comp>

<comp id="365" class="1004" name="tmp_70_fu_365">
<pin_list>
<pin id="366" dir="0" index="0" bw="8" slack="0"/>
<pin id="367" dir="0" index="1" bw="5" slack="0"/>
<pin id="368" dir="1" index="2" bw="9" slack="1"/>
</pin_list>
<bind>
<opcode="sub(10) " fcode="sub"/>
<opset="tmp_70/5 "/>
</bind>
</comp>

<comp id="371" class="1004" name="tmp_34_cast_fu_371">
<pin_list>
<pin id="372" dir="0" index="0" bw="2" slack="0"/>
<pin id="373" dir="1" index="1" bw="5" slack="0"/>
</pin_list>
<bind>
<opcode="zext(34) " fcode="zext"/>
<opset="tmp_34_cast/5 "/>
</bind>
</comp>

<comp id="375" class="1004" name="tmp_71_fu_375">
<pin_list>
<pin id="376" dir="0" index="0" bw="4" slack="0"/>
<pin id="377" dir="0" index="1" bw="2" slack="0"/>
<pin id="378" dir="0" index="2" bw="1" slack="0"/>
<pin id="379" dir="1" index="3" bw="4" slack="0"/>
</pin_list>
<bind>
<opcode="bitconcatenate(1004) " fcode="bitconcatenate"/>
<opset="tmp_71/5 "/>
</bind>
</comp>

<comp id="383" class="1004" name="p_shl2_cast_fu_383">
<pin_list>
<pin id="384" dir="0" index="0" bw="4" slack="0"/>
<pin id="385" dir="1" index="1" bw="5" slack="0"/>
</pin_list>
<bind>
<opcode="zext(34) " fcode="zext"/>
<opset="p_shl2_cast/5 "/>
</bind>
</comp>

<comp id="387" class="1004" name="tmp_72_fu_387">
<pin_list>
<pin id="388" dir="0" index="0" bw="4" slack="0"/>
<pin id="389" dir="0" index="1" bw="2" slack="0"/>
<pin id="390" dir="1" index="2" bw="5" slack="0"/>
</pin_list>
<bind>
<opcode="sub(10) " fcode="sub"/>
<opset="tmp_72/5 "/>
</bind>
</comp>

<comp id="393" class="1004" name="tmp_106_cast_fu_393">
<pin_list>
<pin id="394" dir="0" index="0" bw="5" slack="0"/>
<pin id="395" dir="1" index="1" bw="6" slack="1"/>
</pin_list>
<bind>
<opcode="sext(35) " fcode="sext"/>
<opset="tmp_106_cast/5 "/>
</bind>
</comp>

<comp id="397" class="1004" name="tmp_43_fu_397">
<pin_list>
<pin id="398" dir="0" index="0" bw="32" slack="0"/>
<pin id="399" dir="1" index="1" bw="31" slack="0"/>
</pin_list>
<bind>
<opcode="trunc(33) " fcode="trunc"/>
<opset="tmp_43/5 "/>
</bind>
</comp>

<comp id="401" class="1004" name="tmp_30_fu_401">
<pin_list>
<pin id="402" dir="0" index="0" bw="32" slack="0"/>
<pin id="403" dir="0" index="1" bw="1" slack="0"/>
<pin id="404" dir="1" index="2" bw="1" slack="0"/>
</pin_list>
<bind>
<opcode="icmp(45) " fcode="icmp"/>
<opset="tmp_30/5 "/>
</bind>
</comp>

<comp id="407" class="1004" name="tmp_31_fu_407">
<pin_list>
<pin id="408" dir="0" index="0" bw="1" slack="0"/>
<pin id="409" dir="0" index="1" bw="31" slack="0"/>
<pin id="410" dir="0" index="2" bw="1" slack="0"/>
<pin id="411" dir="1" index="3" bw="31" slack="0"/>
</pin_list>
<bind>
<opcode="select(49) " fcode="select"/>
<opset="tmp_31/5 "/>
</bind>
</comp>

<comp id="416" class="1004" name="kc_cast3_fu_416">
<pin_list>
<pin id="417" dir="0" index="0" bw="2" slack="0"/>
<pin id="418" dir="1" index="1" bw="4" slack="0"/>
</pin_list>
<bind>
<opcode="zext(34) " fcode="zext"/>
<opset="kc_cast3/6 "/>
</bind>
</comp>

<comp id="420" class="1004" name="exitcond1_fu_420">
<pin_list>
<pin id="421" dir="0" index="0" bw="2" slack="0"/>
<pin id="422" dir="0" index="1" bw="1" slack="0"/>
<pin id="423" dir="1" index="2" bw="1" slack="2147483647"/>
</pin_list>
<bind>
<opcode="icmp(45) " fcode="icmp"/>
<opset="exitcond1/6 "/>
</bind>
</comp>

<comp id="426" class="1004" name="kc_1_fu_426">
<pin_list>
<pin id="427" dir="0" index="0" bw="2" slack="0"/>
<pin id="428" dir="0" index="1" bw="1" slack="0"/>
<pin id="429" dir="1" index="2" bw="2" slack="0"/>
</pin_list>
<bind>
<opcode="add(8) " fcode="add"/>
<opset="kc_1/6 "/>
</bind>
</comp>

<comp id="432" class="1004" name="tmp_35_fu_432">
<pin_list>
<pin id="433" dir="0" index="0" bw="4" slack="3"/>
<pin id="434" dir="0" index="1" bw="2" slack="0"/>
<pin id="435" dir="1" index="2" bw="4" slack="0"/>
</pin_list>
<bind>
<opcode="add(8) " fcode="add"/>
<opset="tmp_35/6 "/>
</bind>
</comp>

<comp id="438" class="1004" name="tmp_36_cast_fu_438">
<pin_list>
<pin id="439" dir="0" index="0" bw="4" slack="0"/>
<pin id="440" dir="1" index="1" bw="9" slack="0"/>
</pin_list>
<bind>
<opcode="zext(34) " fcode="zext"/>
<opset="tmp_36_cast/6 "/>
</bind>
</comp>

<comp id="442" class="1004" name="tmp_73_fu_442">
<pin_list>
<pin id="443" dir="0" index="0" bw="4" slack="0"/>
<pin id="444" dir="0" index="1" bw="9" slack="1"/>
<pin id="445" dir="1" index="2" bw="9" slack="0"/>
</pin_list>
<bind>
<opcode="add(8) " fcode="add"/>
<opset="tmp_73/6 "/>
</bind>
</comp>

<comp id="447" class="1004" name="tmp_109_cast_fu_447">
<pin_list>
<pin id="448" dir="0" index="0" bw="13" slack="0"/>
<pin id="449" dir="0" index="1" bw="9" slack="0"/>
<pin id="450" dir="0" index="2" bw="1" slack="0"/>
<pin id="451" dir="1" index="3" bw="13" slack="1"/>
</pin_list>
<bind>
<opcode="bitconcatenate(1004) " fcode="bitconcatenate"/>
<opset="tmp_109_cast/6 "/>
</bind>
</comp>

<comp id="455" class="1004" name="tmp_37_cast_fu_455">
<pin_list>
<pin id="456" dir="0" index="0" bw="2" slack="0"/>
<pin id="457" dir="1" index="1" bw="6" slack="0"/>
</pin_list>
<bind>
<opcode="zext(34) " fcode="zext"/>
<opset="tmp_37_cast/6 "/>
</bind>
</comp>

<comp id="459" class="1004" name="tmp_74_fu_459">
<pin_list>
<pin id="460" dir="0" index="0" bw="2" slack="0"/>
<pin id="461" dir="0" index="1" bw="5" slack="1"/>
<pin id="462" dir="1" index="2" bw="6" slack="0"/>
</pin_list>
<bind>
<opcode="add(8) " fcode="add"/>
<opset="tmp_74/6 "/>
</bind>
</comp>

<comp id="464" class="1004" name="tmp_44_fu_464">
<pin_list>
<pin id="465" dir="0" index="0" bw="6" slack="0"/>
<pin id="466" dir="1" index="1" bw="5" slack="0"/>
</pin_list>
<bind>
<opcode="trunc(33) " fcode="trunc"/>
<opset="tmp_44/6 "/>
</bind>
</comp>

<comp id="468" class="1004" name="tmp_75_fu_468">
<pin_list>
<pin id="469" dir="0" index="0" bw="9" slack="0"/>
<pin id="470" dir="0" index="1" bw="5" slack="0"/>
<pin id="471" dir="0" index="2" bw="1" slack="0"/>
<pin id="472" dir="1" index="3" bw="9" slack="1"/>
</pin_list>
<bind>
<opcode="bitconcatenate(1004) " fcode="bitconcatenate"/>
<opset="tmp_75/6 "/>
</bind>
</comp>

<comp id="476" class="1004" name="exitcond_fu_476">
<pin_list>
<pin id="477" dir="0" index="0" bw="5" slack="0"/>
<pin id="478" dir="0" index="1" bw="5" slack="0"/>
<pin id="479" dir="1" index="2" bw="1" slack="2147483647"/>
</pin_list>
<bind>
<opcode="icmp(45) " fcode="icmp"/>
<opset="exitcond/7 "/>
</bind>
</comp>

<comp id="482" class="1004" name="ic_2_fu_482">
<pin_list>
<pin id="483" dir="0" index="0" bw="5" slack="0"/>
<pin id="484" dir="0" index="1" bw="1" slack="0"/>
<pin id="485" dir="1" index="2" bw="5" slack="0"/>
</pin_list>
<bind>
<opcode="add(8) " fcode="add"/>
<opset="ic_2/7 "/>
</bind>
</comp>

<comp id="488" class="1004" name="tmp_38_fu_488">
<pin_list>
<pin id="489" dir="0" index="0" bw="5" slack="0"/>
<pin id="490" dir="1" index="1" bw="9" slack="0"/>
</pin_list>
<bind>
<opcode="zext(34) " fcode="zext"/>
<opset="tmp_38/7 "/>
</bind>
</comp>

<comp id="492" class="1004" name="tmp_38_cast_fu_492">
<pin_list>
<pin id="493" dir="0" index="0" bw="5" slack="0"/>
<pin id="494" dir="1" index="1" bw="13" slack="0"/>
</pin_list>
<bind>
<opcode="zext(34) " fcode="zext"/>
<opset="tmp_38_cast/7 "/>
</bind>
</comp>

<comp id="496" class="1004" name="tmp_76_fu_496">
<pin_list>
<pin id="497" dir="0" index="0" bw="5" slack="0"/>
<pin id="498" dir="0" index="1" bw="13" slack="1"/>
<pin id="499" dir="1" index="2" bw="13" slack="0"/>
</pin_list>
<bind>
<opcode="add(8) " fcode="add"/>
<opset="tmp_76/7 "/>
</bind>
</comp>

<comp id="501" class="1004" name="tmp_113_cast_fu_501">
<pin_list>
<pin id="502" dir="0" index="0" bw="13" slack="0"/>
<pin id="503" dir="1" index="1" bw="64" slack="0"/>
</pin_list>
<bind>
<opcode="zext(34) " fcode="zext"/>
<opset="tmp_113_cast/7 "/>
</bind>
</comp>

<comp id="506" class="1004" name="tmp_77_fu_506">
<pin_list>
<pin id="507" dir="0" index="0" bw="5" slack="0"/>
<pin id="508" dir="0" index="1" bw="9" slack="1"/>
<pin id="509" dir="1" index="2" bw="9" slack="0"/>
</pin_list>
<bind>
<opcode="add(8) " fcode="add"/>
<opset="tmp_77/7 "/>
</bind>
</comp>

<comp id="511" class="1004" name="tmp_116_cast_fu_511">
<pin_list>
<pin id="512" dir="0" index="0" bw="14" slack="0"/>
<pin id="513" dir="0" index="1" bw="9" slack="0"/>
<pin id="514" dir="0" index="2" bw="1" slack="0"/>
<pin id="515" dir="1" index="3" bw="14" slack="0"/>
</pin_list>
<bind>
<opcode="bitconcatenate(1004) " fcode="bitconcatenate"/>
<opset="tmp_116_cast/7 "/>
</bind>
</comp>

<comp id="519" class="1004" name="tmp_78_fu_519">
<pin_list>
<pin id="520" dir="0" index="0" bw="6" slack="3"/>
<pin id="521" dir="0" index="1" bw="14" slack="0"/>
<pin id="522" dir="1" index="2" bw="14" slack="0"/>
</pin_list>
<bind>
<opcode="add(8) " fcode="add"/>
<opset="tmp_78/7 "/>
</bind>
</comp>

<comp id="524" class="1004" name="tmp_117_cast_fu_524">
<pin_list>
<pin id="525" dir="0" index="0" bw="14" slack="0"/>
<pin id="526" dir="1" index="1" bw="64" slack="0"/>
</pin_list>
<bind>
<opcode="zext(34) " fcode="zext"/>
<opset="tmp_117_cast/7 "/>
</bind>
</comp>

<comp id="529" class="1004" name="w_conv3_load_cast_fu_529">
<pin_list>
<pin id="530" dir="0" index="0" bw="5" slack="1"/>
<pin id="531" dir="1" index="1" bw="32" slack="0"/>
</pin_list>
<bind>
<opcode="sext(35) " fcode="sext"/>
<opset="w_conv3_load_cast/9 "/>
</bind>
</comp>

<comp id="532" class="1004" name="tmp_39_fu_532">
<pin_list>
<pin id="533" dir="0" index="0" bw="32" slack="1"/>
<pin id="534" dir="0" index="1" bw="5" slack="0"/>
<pin id="535" dir="1" index="2" bw="32" slack="1"/>
</pin_list>
<bind>
<opcode="mul(12) " fcode="mul"/>
<opset="tmp_39/9 "/>
</bind>
</comp>

<comp id="537" class="1004" name="sum_4_fu_537">
<pin_list>
<pin id="538" dir="0" index="0" bw="32" slack="1"/>
<pin id="539" dir="0" index="1" bw="32" slack="3"/>
<pin id="540" dir="1" index="2" bw="32" slack="1"/>
</pin_list>
<bind>
<opcode="add(8) " fcode="add"/>
<opset="sum_4/10 "/>
</bind>
</comp>

<comp id="545" class="1005" name="row_1_reg_545">
<pin_list>
<pin id="546" dir="0" index="0" bw="4" slack="0"/>
<pin id="547" dir="1" index="1" bw="4" slack="0"/>
</pin_list>
<bind>
<opset="row_1 "/>
</bind>
</comp>

<comp id="550" class="1005" name="tmp_65_reg_550">
<pin_list>
<pin id="551" dir="0" index="0" bw="9" slack="1"/>
<pin id="552" dir="1" index="1" bw="9" slack="1"/>
</pin_list>
<bind>
<opset="tmp_65 "/>
</bind>
</comp>

<comp id="558" class="1005" name="col_1_reg_558">
<pin_list>
<pin id="559" dir="0" index="0" bw="4" slack="0"/>
<pin id="560" dir="1" index="1" bw="4" slack="0"/>
</pin_list>
<bind>
<opset="col_1 "/>
</bind>
</comp>

<comp id="563" class="1005" name="tmp_100_cast_reg_563">
<pin_list>
<pin id="564" dir="0" index="0" bw="14" slack="1"/>
<pin id="565" dir="1" index="1" bw="14" slack="1"/>
</pin_list>
<bind>
<opset="tmp_100_cast "/>
</bind>
</comp>

<comp id="571" class="1005" name="oc_2_reg_571">
<pin_list>
<pin id="572" dir="0" index="0" bw="6" slack="0"/>
<pin id="573" dir="1" index="1" bw="6" slack="0"/>
</pin_list>
<bind>
<opset="oc_2 "/>
</bind>
</comp>

<comp id="576" class="1005" name="tmp_29_cast_reg_576">
<pin_list>
<pin id="577" dir="0" index="0" bw="14" slack="3"/>
<pin id="578" dir="1" index="1" bw="14" slack="3"/>
</pin_list>
<bind>
<opset="tmp_29_cast "/>
</bind>
</comp>

<comp id="581" class="1005" name="output_addr_reg_581">
<pin_list>
<pin id="582" dir="0" index="0" bw="13" slack="1"/>
<pin id="583" dir="1" index="1" bw="13" slack="1"/>
</pin_list>
<bind>
<opset="output_addr "/>
</bind>
</comp>

<comp id="589" class="1005" name="kr_1_reg_589">
<pin_list>
<pin id="590" dir="0" index="0" bw="2" slack="0"/>
<pin id="591" dir="1" index="1" bw="2" slack="0"/>
</pin_list>
<bind>
<opset="kr_1 "/>
</bind>
</comp>

<comp id="594" class="1005" name="tmp_70_reg_594">
<pin_list>
<pin id="595" dir="0" index="0" bw="9" slack="1"/>
<pin id="596" dir="1" index="1" bw="9" slack="1"/>
</pin_list>
<bind>
<opset="tmp_70 "/>
</bind>
</comp>

<comp id="599" class="1005" name="tmp_106_cast_reg_599">
<pin_list>
<pin id="600" dir="0" index="0" bw="6" slack="1"/>
<pin id="601" dir="1" index="1" bw="6" slack="1"/>
</pin_list>
<bind>
<opset="tmp_106_cast "/>
</bind>
</comp>

<comp id="607" class="1005" name="kc_1_reg_607">
<pin_list>
<pin id="608" dir="0" index="0" bw="2" slack="0"/>
<pin id="609" dir="1" index="1" bw="2" slack="0"/>
</pin_list>
<bind>
<opset="kc_1 "/>
</bind>
</comp>

<comp id="612" class="1005" name="tmp_109_cast_reg_612">
<pin_list>
<pin id="613" dir="0" index="0" bw="13" slack="1"/>
<pin id="614" dir="1" index="1" bw="13" slack="1"/>
</pin_list>
<bind>
<opset="tmp_109_cast "/>
</bind>
</comp>

<comp id="617" class="1005" name="tmp_75_reg_617">
<pin_list>
<pin id="618" dir="0" index="0" bw="9" slack="1"/>
<pin id="619" dir="1" index="1" bw="9" slack="1"/>
</pin_list>
<bind>
<opset="tmp_75 "/>
</bind>
</comp>

<comp id="625" class="1005" name="ic_2_reg_625">
<pin_list>
<pin id="626" dir="0" index="0" bw="5" slack="0"/>
<pin id="627" dir="1" index="1" bw="5" slack="0"/>
</pin_list>
<bind>
<opset="ic_2 "/>
</bind>
</comp>

<comp id="630" class="1005" name="buf_pool2_addr_reg_630">
<pin_list>
<pin id="631" dir="0" index="0" bw="12" slack="1"/>
<pin id="632" dir="1" index="1" bw="12" slack="1"/>
</pin_list>
<bind>
<opset="buf_pool2_addr "/>
</bind>
</comp>

<comp id="635" class="1005" name="w_conv3_addr_reg_635">
<pin_list>
<pin id="636" dir="0" index="0" bw="13" slack="1"/>
<pin id="637" dir="1" index="1" bw="13" slack="1"/>
</pin_list>
<bind>
<opset="w_conv3_addr "/>
</bind>
</comp>

<comp id="640" class="1005" name="buf_pool2_load_reg_640">
<pin_list>
<pin id="641" dir="0" index="0" bw="32" slack="1"/>
<pin id="642" dir="1" index="1" bw="32" slack="1"/>
</pin_list>
<bind>
<opset="buf_pool2_load "/>
</bind>
</comp>

<comp id="645" class="1005" name="w_conv3_load_reg_645">
<pin_list>
<pin id="646" dir="0" index="0" bw="5" slack="1"/>
<pin id="647" dir="1" index="1" bw="5" slack="1"/>
</pin_list>
<bind>
<opset="w_conv3_load "/>
</bind>
</comp>

<comp id="650" class="1005" name="tmp_39_reg_650">
<pin_list>
<pin id="651" dir="0" index="0" bw="32" slack="1"/>
<pin id="652" dir="1" index="1" bw="32" slack="1"/>
</pin_list>
<bind>
<opset="tmp_39 "/>
</bind>
</comp>

<comp id="655" class="1005" name="sum_4_reg_655">
<pin_list>
<pin id="656" dir="0" index="0" bw="32" slack="1"/>
<pin id="657" dir="1" index="1" bw="32" slack="1"/>
</pin_list>
<bind>
<opset="sum_4 "/>
</bind>
</comp>

</comp_list>

<net_list>
<net id="85"><net_src comp="0" pin="0"/><net_sink comp="80" pin=0"/></net>

<net id="86"><net_src comp="46" pin="0"/><net_sink comp="80" pin=1"/></net>

<net id="97"><net_src comp="2" pin="0"/><net_sink comp="92" pin=0"/></net>

<net id="98"><net_src comp="46" pin="0"/><net_sink comp="92" pin=1"/></net>

<net id="104"><net_src comp="4" pin="0"/><net_sink comp="99" pin=0"/></net>

<net id="105"><net_src comp="46" pin="0"/><net_sink comp="99" pin=1"/></net>

<net id="111"><net_src comp="92" pin="3"/><net_sink comp="106" pin=0"/></net>

<net id="117"><net_src comp="99" pin="3"/><net_sink comp="112" pin=0"/></net>

<net id="121"><net_src comp="6" pin="0"/><net_sink comp="118" pin=0"/></net>

<net id="128"><net_src comp="118" pin="1"/><net_sink comp="122" pin=0"/></net>

<net id="129"><net_src comp="122" pin="4"/><net_sink comp="118" pin=0"/></net>

<net id="133"><net_src comp="6" pin="0"/><net_sink comp="130" pin=0"/></net>

<net id="140"><net_src comp="130" pin="1"/><net_sink comp="134" pin=0"/></net>

<net id="141"><net_src comp="134" pin="4"/><net_sink comp="130" pin=0"/></net>

<net id="145"><net_src comp="36" pin="0"/><net_sink comp="142" pin=0"/></net>

<net id="152"><net_src comp="142" pin="1"/><net_sink comp="146" pin=0"/></net>

<net id="156"><net_src comp="26" pin="0"/><net_sink comp="153" pin=0"/></net>

<net id="163"><net_src comp="153" pin="1"/><net_sink comp="157" pin=0"/></net>

<net id="167"><net_src comp="48" pin="0"/><net_sink comp="164" pin=0"/></net>

<net id="174"><net_src comp="164" pin="1"/><net_sink comp="168" pin=0"/></net>

<net id="175"><net_src comp="168" pin="4"/><net_sink comp="164" pin=0"/></net>

<net id="179"><net_src comp="26" pin="0"/><net_sink comp="176" pin=0"/></net>

<net id="186"><net_src comp="176" pin="1"/><net_sink comp="180" pin=0"/></net>

<net id="190"><net_src comp="187" pin="1"/><net_sink comp="168" pin=2"/></net>

<net id="197"><net_src comp="164" pin="1"/><net_sink comp="191" pin=0"/></net>

<net id="198"><net_src comp="191" pin="4"/><net_sink comp="187" pin=0"/></net>

<net id="202"><net_src comp="32" pin="0"/><net_sink comp="199" pin=0"/></net>

<net id="209"><net_src comp="199" pin="1"/><net_sink comp="203" pin=0"/></net>

<net id="213"><net_src comp="210" pin="1"/><net_sink comp="191" pin=2"/></net>

<net id="220"><net_src comp="187" pin="1"/><net_sink comp="214" pin=0"/></net>

<net id="221"><net_src comp="214" pin="4"/><net_sink comp="210" pin=0"/></net>

<net id="226"><net_src comp="122" pin="4"/><net_sink comp="222" pin=0"/></net>

<net id="227"><net_src comp="8" pin="0"/><net_sink comp="222" pin=1"/></net>

<net id="232"><net_src comp="122" pin="4"/><net_sink comp="228" pin=0"/></net>

<net id="233"><net_src comp="14" pin="0"/><net_sink comp="228" pin=1"/></net>

<net id="239"><net_src comp="22" pin="0"/><net_sink comp="234" pin=0"/></net>

<net id="240"><net_src comp="122" pin="4"/><net_sink comp="234" pin=1"/></net>

<net id="241"><net_src comp="6" pin="0"/><net_sink comp="234" pin=2"/></net>

<net id="245"><net_src comp="234" pin="3"/><net_sink comp="242" pin=0"/></net>

<net id="251"><net_src comp="24" pin="0"/><net_sink comp="246" pin=0"/></net>

<net id="252"><net_src comp="122" pin="4"/><net_sink comp="246" pin=1"/></net>

<net id="253"><net_src comp="26" pin="0"/><net_sink comp="246" pin=2"/></net>

<net id="257"><net_src comp="246" pin="3"/><net_sink comp="254" pin=0"/></net>

<net id="262"><net_src comp="242" pin="1"/><net_sink comp="258" pin=0"/></net>

<net id="263"><net_src comp="254" pin="1"/><net_sink comp="258" pin=1"/></net>

<net id="268"><net_src comp="134" pin="4"/><net_sink comp="264" pin=0"/></net>

<net id="269"><net_src comp="8" pin="0"/><net_sink comp="264" pin=1"/></net>

<net id="274"><net_src comp="134" pin="4"/><net_sink comp="270" pin=0"/></net>

<net id="275"><net_src comp="14" pin="0"/><net_sink comp="270" pin=1"/></net>

<net id="279"><net_src comp="134" pin="4"/><net_sink comp="276" pin=0"/></net>

<net id="284"><net_src comp="276" pin="1"/><net_sink comp="280" pin=0"/></net>

<net id="290"><net_src comp="30" pin="0"/><net_sink comp="285" pin=0"/></net>

<net id="291"><net_src comp="280" pin="2"/><net_sink comp="285" pin=1"/></net>

<net id="292"><net_src comp="32" pin="0"/><net_sink comp="285" pin=2"/></net>

<net id="297"><net_src comp="146" pin="4"/><net_sink comp="293" pin=0"/></net>

<net id="298"><net_src comp="38" pin="0"/><net_sink comp="293" pin=1"/></net>

<net id="303"><net_src comp="146" pin="4"/><net_sink comp="299" pin=0"/></net>

<net id="304"><net_src comp="42" pin="0"/><net_sink comp="299" pin=1"/></net>

<net id="308"><net_src comp="146" pin="4"/><net_sink comp="305" pin=0"/></net>

<net id="313"><net_src comp="305" pin="1"/><net_sink comp="309" pin=1"/></net>

<net id="317"><net_src comp="309" pin="2"/><net_sink comp="314" pin=0"/></net>

<net id="318"><net_src comp="314" pin="1"/><net_sink comp="80" pin=2"/></net>

<net id="322"><net_src comp="157" pin="4"/><net_sink comp="319" pin=0"/></net>

<net id="327"><net_src comp="157" pin="4"/><net_sink comp="323" pin=0"/></net>

<net id="328"><net_src comp="50" pin="0"/><net_sink comp="323" pin=1"/></net>

<net id="333"><net_src comp="157" pin="4"/><net_sink comp="329" pin=0"/></net>

<net id="334"><net_src comp="54" pin="0"/><net_sink comp="329" pin=1"/></net>

<net id="339"><net_src comp="319" pin="1"/><net_sink comp="335" pin=0"/></net>

<net id="340"><net_src comp="118" pin="1"/><net_sink comp="335" pin=1"/></net>

<net id="346"><net_src comp="22" pin="0"/><net_sink comp="341" pin=0"/></net>

<net id="347"><net_src comp="335" pin="2"/><net_sink comp="341" pin=1"/></net>

<net id="348"><net_src comp="6" pin="0"/><net_sink comp="341" pin=2"/></net>

<net id="352"><net_src comp="341" pin="3"/><net_sink comp="349" pin=0"/></net>

<net id="358"><net_src comp="58" pin="0"/><net_sink comp="353" pin=0"/></net>

<net id="359"><net_src comp="335" pin="2"/><net_sink comp="353" pin=1"/></net>

<net id="360"><net_src comp="60" pin="0"/><net_sink comp="353" pin=2"/></net>

<net id="364"><net_src comp="353" pin="3"/><net_sink comp="361" pin=0"/></net>

<net id="369"><net_src comp="349" pin="1"/><net_sink comp="365" pin=0"/></net>

<net id="370"><net_src comp="361" pin="1"/><net_sink comp="365" pin=1"/></net>

<net id="374"><net_src comp="157" pin="4"/><net_sink comp="371" pin=0"/></net>

<net id="380"><net_src comp="62" pin="0"/><net_sink comp="375" pin=0"/></net>

<net id="381"><net_src comp="157" pin="4"/><net_sink comp="375" pin=1"/></net>

<net id="382"><net_src comp="26" pin="0"/><net_sink comp="375" pin=2"/></net>

<net id="386"><net_src comp="375" pin="3"/><net_sink comp="383" pin=0"/></net>

<net id="391"><net_src comp="383" pin="1"/><net_sink comp="387" pin=0"/></net>

<net id="392"><net_src comp="371" pin="1"/><net_sink comp="387" pin=1"/></net>

<net id="396"><net_src comp="387" pin="2"/><net_sink comp="393" pin=0"/></net>

<net id="400"><net_src comp="168" pin="4"/><net_sink comp="397" pin=0"/></net>

<net id="405"><net_src comp="168" pin="4"/><net_sink comp="401" pin=0"/></net>

<net id="406"><net_src comp="48" pin="0"/><net_sink comp="401" pin=1"/></net>

<net id="412"><net_src comp="401" pin="2"/><net_sink comp="407" pin=0"/></net>

<net id="413"><net_src comp="397" pin="1"/><net_sink comp="407" pin=1"/></net>

<net id="414"><net_src comp="64" pin="0"/><net_sink comp="407" pin=2"/></net>

<net id="415"><net_src comp="407" pin="3"/><net_sink comp="87" pin=1"/></net>

<net id="419"><net_src comp="180" pin="4"/><net_sink comp="416" pin=0"/></net>

<net id="424"><net_src comp="180" pin="4"/><net_sink comp="420" pin=0"/></net>

<net id="425"><net_src comp="50" pin="0"/><net_sink comp="420" pin=1"/></net>

<net id="430"><net_src comp="180" pin="4"/><net_sink comp="426" pin=0"/></net>

<net id="431"><net_src comp="54" pin="0"/><net_sink comp="426" pin=1"/></net>

<net id="436"><net_src comp="130" pin="1"/><net_sink comp="432" pin=0"/></net>

<net id="437"><net_src comp="416" pin="1"/><net_sink comp="432" pin=1"/></net>

<net id="441"><net_src comp="432" pin="2"/><net_sink comp="438" pin=0"/></net>

<net id="446"><net_src comp="438" pin="1"/><net_sink comp="442" pin=0"/></net>

<net id="452"><net_src comp="68" pin="0"/><net_sink comp="447" pin=0"/></net>

<net id="453"><net_src comp="442" pin="2"/><net_sink comp="447" pin=1"/></net>

<net id="454"><net_src comp="6" pin="0"/><net_sink comp="447" pin=2"/></net>

<net id="458"><net_src comp="180" pin="4"/><net_sink comp="455" pin=0"/></net>

<net id="463"><net_src comp="455" pin="1"/><net_sink comp="459" pin=0"/></net>

<net id="467"><net_src comp="459" pin="2"/><net_sink comp="464" pin=0"/></net>

<net id="473"><net_src comp="70" pin="0"/><net_sink comp="468" pin=0"/></net>

<net id="474"><net_src comp="464" pin="1"/><net_sink comp="468" pin=1"/></net>

<net id="475"><net_src comp="6" pin="0"/><net_sink comp="468" pin=2"/></net>

<net id="480"><net_src comp="203" pin="4"/><net_sink comp="476" pin=0"/></net>

<net id="481"><net_src comp="72" pin="0"/><net_sink comp="476" pin=1"/></net>

<net id="486"><net_src comp="203" pin="4"/><net_sink comp="482" pin=0"/></net>

<net id="487"><net_src comp="76" pin="0"/><net_sink comp="482" pin=1"/></net>

<net id="491"><net_src comp="203" pin="4"/><net_sink comp="488" pin=0"/></net>

<net id="495"><net_src comp="203" pin="4"/><net_sink comp="492" pin=0"/></net>

<net id="500"><net_src comp="492" pin="1"/><net_sink comp="496" pin=0"/></net>

<net id="504"><net_src comp="496" pin="2"/><net_sink comp="501" pin=0"/></net>

<net id="505"><net_src comp="501" pin="1"/><net_sink comp="92" pin=2"/></net>

<net id="510"><net_src comp="488" pin="1"/><net_sink comp="506" pin=0"/></net>

<net id="516"><net_src comp="30" pin="0"/><net_sink comp="511" pin=0"/></net>

<net id="517"><net_src comp="506" pin="2"/><net_sink comp="511" pin=1"/></net>

<net id="518"><net_src comp="32" pin="0"/><net_sink comp="511" pin=2"/></net>

<net id="523"><net_src comp="511" pin="3"/><net_sink comp="519" pin=1"/></net>

<net id="527"><net_src comp="519" pin="2"/><net_sink comp="524" pin=0"/></net>

<net id="528"><net_src comp="524" pin="1"/><net_sink comp="99" pin=2"/></net>

<net id="536"><net_src comp="529" pin="1"/><net_sink comp="532" pin=1"/></net>

<net id="541"><net_src comp="210" pin="1"/><net_sink comp="537" pin=1"/></net>

<net id="548"><net_src comp="228" pin="2"/><net_sink comp="545" pin=0"/></net>

<net id="549"><net_src comp="545" pin="1"/><net_sink comp="122" pin=2"/></net>

<net id="553"><net_src comp="258" pin="2"/><net_sink comp="550" pin=0"/></net>

<net id="554"><net_src comp="550" pin="1"/><net_sink comp="280" pin=1"/></net>

<net id="561"><net_src comp="270" pin="2"/><net_sink comp="558" pin=0"/></net>

<net id="562"><net_src comp="558" pin="1"/><net_sink comp="134" pin=2"/></net>

<net id="566"><net_src comp="285" pin="3"/><net_sink comp="563" pin=0"/></net>

<net id="567"><net_src comp="563" pin="1"/><net_sink comp="309" pin=0"/></net>

<net id="574"><net_src comp="299" pin="2"/><net_sink comp="571" pin=0"/></net>

<net id="575"><net_src comp="571" pin="1"/><net_sink comp="146" pin=2"/></net>

<net id="579"><net_src comp="305" pin="1"/><net_sink comp="576" pin=0"/></net>

<net id="580"><net_src comp="576" pin="1"/><net_sink comp="519" pin=0"/></net>

<net id="584"><net_src comp="80" pin="3"/><net_sink comp="581" pin=0"/></net>

<net id="585"><net_src comp="581" pin="1"/><net_sink comp="87" pin=0"/></net>

<net id="592"><net_src comp="329" pin="2"/><net_sink comp="589" pin=0"/></net>

<net id="593"><net_src comp="589" pin="1"/><net_sink comp="157" pin=2"/></net>

<net id="597"><net_src comp="365" pin="2"/><net_sink comp="594" pin=0"/></net>

<net id="598"><net_src comp="594" pin="1"/><net_sink comp="442" pin=1"/></net>

<net id="602"><net_src comp="393" pin="1"/><net_sink comp="599" pin=0"/></net>

<net id="603"><net_src comp="599" pin="1"/><net_sink comp="459" pin=1"/></net>

<net id="610"><net_src comp="426" pin="2"/><net_sink comp="607" pin=0"/></net>

<net id="611"><net_src comp="607" pin="1"/><net_sink comp="180" pin=2"/></net>

<net id="615"><net_src comp="447" pin="3"/><net_sink comp="612" pin=0"/></net>

<net id="616"><net_src comp="612" pin="1"/><net_sink comp="496" pin=1"/></net>

<net id="620"><net_src comp="468" pin="3"/><net_sink comp="617" pin=0"/></net>

<net id="621"><net_src comp="617" pin="1"/><net_sink comp="506" pin=1"/></net>

<net id="628"><net_src comp="482" pin="2"/><net_sink comp="625" pin=0"/></net>

<net id="629"><net_src comp="625" pin="1"/><net_sink comp="203" pin=2"/></net>

<net id="633"><net_src comp="92" pin="3"/><net_sink comp="630" pin=0"/></net>

<net id="634"><net_src comp="630" pin="1"/><net_sink comp="106" pin=0"/></net>

<net id="638"><net_src comp="99" pin="3"/><net_sink comp="635" pin=0"/></net>

<net id="639"><net_src comp="635" pin="1"/><net_sink comp="112" pin=0"/></net>

<net id="643"><net_src comp="106" pin="3"/><net_sink comp="640" pin=0"/></net>

<net id="644"><net_src comp="640" pin="1"/><net_sink comp="532" pin=0"/></net>

<net id="648"><net_src comp="112" pin="3"/><net_sink comp="645" pin=0"/></net>

<net id="649"><net_src comp="645" pin="1"/><net_sink comp="529" pin=0"/></net>

<net id="653"><net_src comp="532" pin="2"/><net_sink comp="650" pin=0"/></net>

<net id="654"><net_src comp="650" pin="1"/><net_sink comp="537" pin=0"/></net>

<net id="658"><net_src comp="537" pin="2"/><net_sink comp="655" pin=0"/></net>

<net id="659"><net_src comp="655" pin="1"/><net_sink comp="214" pin=2"/></net>

</net_list>

</model> 
---------------- Datapath Model END ------------------

* FSMD analyzer results:
  - Output states:
	Port: output_r | {5 }
 - Input state : 
	Port: conv_layer3 : buf_pool2 | {7 8 }
	Port: conv_layer3 : w_conv3 | {7 8 }
  - Chain level:
	State 1
	State 2
		exitcond5 : 1
		row_1 : 1
		StgValue_16 : 2
		tmp : 1
		p_shl_cast : 2
		tmp_s : 1
		p_shl1_cast : 2
		tmp_65 : 3
	State 3
		exitcond4 : 1
		col_1 : 1
		StgValue_30 : 2
		tmp_cast : 1
		tmp_66 : 2
		tmp_100_cast : 3
	State 4
		exitcond3 : 1
		oc_2 : 1
		StgValue_43 : 2
		tmp_29_cast : 1
		tmp_67 : 2
		tmp_101_cast : 3
		output_addr : 4
	State 5
		kr_cast5 : 1
		exitcond2 : 1
		kr_1 : 1
		StgValue_59 : 2
		tmp_32 : 2
		tmp_68 : 3
		p_shl3_cast : 4
		tmp_69 : 3
		p_shl4_cast : 4
		tmp_70 : 5
		tmp_34_cast : 1
		tmp_71 : 1
		p_shl2_cast : 2
		tmp_72 : 3
		tmp_106_cast : 4
		tmp_43 : 1
		tmp_30 : 1
		tmp_31 : 2
		StgValue_77 : 3
	State 6
		kc_cast3 : 1
		exitcond1 : 1
		kc_1 : 1
		StgValue_86 : 2
		tmp_35 : 2
		tmp_36_cast : 3
		tmp_73 : 4
		tmp_109_cast : 5
		tmp_37_cast : 1
		tmp_74 : 2
		tmp_44 : 3
		tmp_75 : 4
	State 7
		exitcond : 1
		ic_2 : 1
		StgValue_105 : 2
		tmp_38 : 1
		tmp_38_cast : 1
		tmp_76 : 2
		tmp_113_cast : 3
		buf_pool2_addr : 4
		tmp_77 : 2
		tmp_116_cast : 3
		tmp_78 : 4
		tmp_117_cast : 5
		w_conv3_addr : 6
		buf_pool2_load : 5
		w_conv3_load : 7
	State 8
	State 9
		tmp_39 : 1
	State 10


============================================================
+ Verbose Summary: Datapath Resource usage 
============================================================

* Functional unit list:
|----------|--------------------------|---------|---------|---------|
| Operation|      Functional Unit     |  DSP48E |    FF   |   LUT   |
|----------|--------------------------|---------|---------|---------|
|          |       row_1_fu_228       |    0    |    0    |    13   |
|          |       col_1_fu_270       |    0    |    0    |    13   |
|          |       tmp_66_fu_280      |    0    |    0    |    15   |
|          |        oc_2_fu_299       |    0    |    0    |    15   |
|          |       tmp_67_fu_309      |    0    |    0    |    19   |
|          |        kr_1_fu_329       |    0    |    0    |    10   |
|          |       tmp_32_fu_335      |    0    |    0    |    13   |
|    add   |        kc_1_fu_426       |    0    |    0    |    10   |
|          |       tmp_35_fu_432      |    0    |    0    |    13   |
|          |       tmp_73_fu_442      |    0    |    0    |    15   |
|          |       tmp_74_fu_459      |    0    |    0    |    15   |
|          |        ic_2_fu_482       |    0    |    0    |    15   |
|          |       tmp_76_fu_496      |    0    |    0    |    17   |
|          |       tmp_77_fu_506      |    0    |    0    |    15   |
|          |       tmp_78_fu_519      |    0    |    0    |    19   |
|          |       sum_4_fu_537       |    0    |    0    |    39   |
|----------|--------------------------|---------|---------|---------|
|          |     exitcond5_fu_222     |    0    |    0    |    9    |
|          |     exitcond4_fu_264     |    0    |    0    |    9    |
|          |     exitcond3_fu_293     |    0    |    0    |    11   |
|   icmp   |     exitcond2_fu_323     |    0    |    0    |    8    |
|          |       tmp_30_fu_401      |    0    |    0    |    18   |
|          |     exitcond1_fu_420     |    0    |    0    |    8    |
|          |      exitcond_fu_476     |    0    |    0    |    11   |
|----------|--------------------------|---------|---------|---------|
|          |       tmp_65_fu_258      |    0    |    0    |    15   |
|    sub   |       tmp_70_fu_365      |    0    |    0    |    15   |
|          |       tmp_72_fu_387      |    0    |    0    |    13   |
|----------|--------------------------|---------|---------|---------|
|  select  |       tmp_31_fu_407      |    0    |    0    |    31   |
|----------|--------------------------|---------|---------|---------|
|    mul   |       tmp_39_fu_532      |    2    |    0    |    20   |
|----------|--------------------------|---------|---------|---------|
|          |        tmp_fu_234        |    0    |    0    |    0    |
|          |       tmp_s_fu_246       |    0    |    0    |    0    |
|          |    tmp_100_cast_fu_285   |    0    |    0    |    0    |
|          |       tmp_68_fu_341      |    0    |    0    |    0    |
|bitconcatenate|       tmp_69_fu_353      |    0    |    0    |    0    |
|          |       tmp_71_fu_375      |    0    |    0    |    0    |
|          |    tmp_109_cast_fu_447   |    0    |    0    |    0    |
|          |       tmp_75_fu_468      |    0    |    0    |    0    |
|          |    tmp_116_cast_fu_511   |    0    |    0    |    0    |
|----------|--------------------------|---------|---------|---------|
|          |     p_shl_cast_fu_242    |    0    |    0    |    0    |
|          |    p_shl1_cast_fu_254    |    0    |    0    |    0    |
|          |      tmp_cast_fu_276     |    0    |    0    |    0    |
|          |    tmp_29_cast_fu_305    |    0    |    0    |    0    |
|          |    tmp_101_cast_fu_314   |    0    |    0    |    0    |
|          |      kr_cast5_fu_319     |    0    |    0    |    0    |
|          |    p_shl3_cast_fu_349    |    0    |    0    |    0    |
|          |    p_shl4_cast_fu_361    |    0    |    0    |    0    |
|   zext   |    tmp_34_cast_fu_371    |    0    |    0    |    0    |
|          |    p_shl2_cast_fu_383    |    0    |    0    |    0    |
|          |      kc_cast3_fu_416     |    0    |    0    |    0    |
|          |    tmp_36_cast_fu_438    |    0    |    0    |    0    |
|          |    tmp_37_cast_fu_455    |    0    |    0    |    0    |
|          |       tmp_38_fu_488      |    0    |    0    |    0    |
|          |    tmp_38_cast_fu_492    |    0    |    0    |    0    |
|          |    tmp_113_cast_fu_501   |    0    |    0    |    0    |
|          |    tmp_117_cast_fu_524   |    0    |    0    |    0    |
|----------|--------------------------|---------|---------|---------|
|   sext   |    tmp_106_cast_fu_393   |    0    |    0    |    0    |
|          | w_conv3_load_cast_fu_529 |    0    |    0    |    0    |
|----------|--------------------------|---------|---------|---------|
|   trunc  |       tmp_43_fu_397      |    0    |    0    |    0    |
|          |       tmp_44_fu_464      |    0    |    0    |    0    |
|----------|--------------------------|---------|---------|---------|
|   Total  |                          |    2    |    0    |   424   |
|----------|--------------------------|---------|---------|---------|

Memories:
N/A

* Register list:
+----------------------+--------+
|                      |   FF   |
+----------------------+--------+
|buf_pool2_addr_reg_630|   12   |
|buf_pool2_load_reg_640|   32   |
|     col_1_reg_558    |    4   |
|      col_reg_130     |    4   |
|     ic_2_reg_625     |    5   |
|      ic_reg_199      |    5   |
|     kc_1_reg_607     |    2   |
|      kc_reg_176      |    2   |
|     kr_1_reg_589     |    2   |
|      kr_reg_153      |    2   |
|     oc_2_reg_571     |    6   |
|      oc_reg_142      |    6   |
|  output_addr_reg_581 |   13   |
|     row_1_reg_545    |    4   |
|      row_reg_118     |    4   |
|     sum_1_reg_187    |   32   |
|     sum_2_reg_210    |   32   |
|     sum_4_reg_655    |   32   |
|      sum_reg_164     |   32   |
| tmp_100_cast_reg_563 |   14   |
| tmp_106_cast_reg_599 |    6   |
| tmp_109_cast_reg_612 |   13   |
|  tmp_29_cast_reg_576 |   14   |
|    tmp_39_reg_650    |   32   |
|    tmp_65_reg_550    |    9   |
|    tmp_70_reg_594    |    9   |
|    tmp_75_reg_617    |    9   |
| w_conv3_addr_reg_635 |   13   |
| w_conv3_load_reg_645 |    5   |
+----------------------+--------+
|         Total        |   355  |
+----------------------+--------+

* Multiplexer (MUX) list: 
|-------------------|------|------|------|--------||---------||---------|
|        Comp       |  Pin | Size |  BW  | S x BW ||  Delay  ||   LUT   |
|-------------------|------|------|------|--------||---------||---------|
| grp_access_fu_106 |  p0  |   2  |  12  |   24   ||    9    |
| grp_access_fu_112 |  p0  |   2  |  13  |   26   ||    9    |
|    row_reg_118    |  p0  |   2  |   4  |    8   ||    9    |
|    col_reg_130    |  p0  |   2  |   4  |    8   ||    9    |
|    sum_reg_164    |  p0  |   2  |  32  |   64   ||    9    |
|-------------------|------|------|------|--------||---------||---------|
|       Total       |      |      |      |   130  ||  8.845  ||    45   |
|-------------------|------|------|------|--------||---------||---------|



* Summary:
+-----------+--------+--------+--------+--------+
|           | DSP48E |  Delay |   FF   |   LUT  |
+-----------+--------+--------+--------+--------+
|  Function |    2   |    -   |    0   |   424  |
|   Memory  |    -   |    -   |    -   |    -   |
|Multiplexer|    -   |    8   |    -   |   45   |
|  Register |    -   |    -   |   355  |    -   |
+-----------+--------+--------+--------+--------+
|   Total   |    2   |    8   |   355  |   469  |
+-----------+--------+--------+--------+--------+
