

================================================================
== Vivado HLS Report for 'conv_layer1'
================================================================
* Date:           Sat Jun 20 22:52:13 2026

* Version:        2018.3 (Build 2405991 on Thu Dec 06 23:56:15 MST 2018)
* Project:        tinyyolo_lite
* Solution:       solution1_naive
* Product family: zynq
* Target device:  xc7z020clg484-1


================================================================
== Performance Estimates
================================================================
+ Timing (ns): 
    * Summary: 
    +--------+-------+----------+------------+
    |  Clock | Target| Estimated| Uncertainty|
    +--------+-------+----------+------------+
    |ap_clk  |  10.00|     8.510|        1.25|
    +--------+-------+----------+------------+

+ Latency (clock cycles): 
    * Summary: 
    +---------+---------+---------+---------+---------+
    |      Latency      |      Interval     | Pipeline|
    |   min   |   max   |   min   |   max   |   Type  |
    +---------+---------+---------+---------+---------+
    |  4128581|  4128581|  4128581|  4128581|   none  |
    +---------+---------+---------+---------+---------+

    + Detail: 
        * Instance: 
        N/A

        * Loop: 
        +--------------------+---------+---------+----------+-----------+-----------+------+----------+
        |                    |      Latency      | Iteration|  Initiation Interval  | Trip |          |
        |      Loop Name     |   min   |   max   |  Latency |  achieved |   target  | Count| Pipelined|
        +--------------------+---------+---------+----------+-----------+-----------+------+----------+
        |- LOOP_ROW          |  4128580|  4128580|     66590|          -|          -|    62|    no    |
        | + LOOP_COL         |    66588|    66588|      1074|          -|          -|    62|    no    |
        |  ++ LOOP_OC        |     1072|     1072|       134|          -|          -|     8|    no    |
        |   +++ LOOP_KR      |      132|      132|        44|          -|          -|     3|    no    |
        |    ++++ LOOP_KC    |       42|       42|        14|          -|          -|     3|    no    |
        |     +++++ LOOP_IC  |       12|       12|         4|          -|          -|     3|    no    |
        +--------------------+---------+---------+----------+-----------+-----------+------+----------+

============================================================
+ Verbose Summary: Synthesis Manager
============================================================
InlineROM: 1
ExposeGlobal: 0
============================================================
+ Verbose Summary: CDFG Model
============================================================
IsTopModel: 0
ResetActiveHigh: 1
IsCombinational: 0
IsDatapathOnly: 0
HasWiredReturn: 1
HasMFsm: 0
HasVarLatency: 1
IsPipeline: 0
IsRtlPipelined: 0
IsInstanceOverlapped: 0
IsDontTouch: 0
HasImplIP: 0
IsGatedGlobalClock: 0


============================================================
+ Verbose Summary: Schedule
============================================================
* Number of FSM states : 10
* Pipeline : 0
* Dataflow Pipeline: 0

* FSM state transitions: 
1 --> 
	2  / true
2 --> 
	3  / (!exitcond5)
3 --> 
	4  / (!exitcond4)
	2  / (exitcond4)
4 --> 
	5  / (!exitcond3)
	3  / (exitcond3)
5 --> 
	6  / (!exitcond2)
	4  / (exitcond2)
6 --> 
	7  / (!exitcond1)
	5  / (exitcond1)
7 --> 
	8  / (!exitcond)
	6  / (exitcond)
8 --> 
	9  / true
9 --> 
	10  / true
10 --> 
	7  / true

* FSM state operations: 

State 1 <SV = 0> <Delay = 1.76>
ST_1 : Operation 11 [1/1] (1.76ns)   --->   "br label %1" [conv_relu1.c:16]   --->   Operation 11 'br' <Predicate = true> <Delay = 1.76>

State 2 <SV = 1> <Delay = 1.82>
ST_2 : Operation 12 [1/1] (0.00ns)   --->   "%row = phi i6 [ 0, %0 ], [ %row_3, %17 ]"   --->   Operation 12 'phi' 'row' <Predicate = true> <Delay = 0.00>
ST_2 : Operation 13 [1/1] (1.42ns)   --->   "%exitcond5 = icmp eq i6 %row, -2" [conv_relu1.c:16]   --->   Operation 13 'icmp' 'exitcond5' <Predicate = true> <Delay = 1.42> <Core = "Cmp">   --->   Core 25 'Cmp' <Latency = 0> <II = 1> <Delay = 0.95> <FuncUnit> <Opcode : 'icmp'> <InPorts = 2> <OutPorts = 1>
ST_2 : Operation 14 [1/1] (0.00ns)   --->   "%empty = call i32 (...)* @_ssdm_op_SpecLoopTripCount(i64 62, i64 62, i64 62)"   --->   Operation 14 'speclooptripcount' 'empty' <Predicate = true> <Delay = 0.00>
ST_2 : Operation 15 [1/1] (1.82ns)   --->   "%row_3 = add i6 %row, 1" [conv_relu1.c:16]   --->   Operation 15 'add' 'row_3' <Predicate = true> <Delay = 1.82> <Core = "AddSub">   --->   Core 14 'AddSub' <Latency = 0> <II = 1> <Delay = 2.55> <FuncUnit> <Opcode : 'add' 'sub'> <InPorts = 2> <OutPorts = 1>
ST_2 : Operation 16 [1/1] (0.00ns)   --->   "br i1 %exitcond5, label %18, label %2" [conv_relu1.c:16]   --->   Operation 16 'br' <Predicate = true> <Delay = 0.00>
ST_2 : Operation 17 [1/1] (0.00ns)   --->   "call void (...)* @_ssdm_op_SpecLoopName([9 x i8]* @p_str) nounwind" [conv_relu1.c:16]   --->   Operation 17 'specloopname' <Predicate = (!exitcond5)> <Delay = 0.00>
ST_2 : Operation 18 [1/1] (0.00ns)   --->   "%tmp_58 = call i32 (...)* @_ssdm_op_SpecRegionBegin([9 x i8]* @p_str)" [conv_relu1.c:16]   --->   Operation 18 'specregionbegin' 'tmp_58' <Predicate = (!exitcond5)> <Delay = 0.00>
ST_2 : Operation 19 [1/1] (0.00ns)   --->   "%tmp = call i12 @_ssdm_op_BitConcatenate.i12.i6.i6(i6 %row, i6 0)" [conv_relu1.c:16]   --->   Operation 19 'bitconcatenate' 'tmp' <Predicate = (!exitcond5)> <Delay = 0.00>
ST_2 : Operation 20 [1/1] (0.00ns)   --->   "%p_shl_cast = zext i12 %tmp to i13" [conv_relu1.c:16]   --->   Operation 20 'zext' 'p_shl_cast' <Predicate = (!exitcond5)> <Delay = 0.00>
ST_2 : Operation 21 [1/1] (0.00ns)   --->   "%tmp_s = call i7 @_ssdm_op_BitConcatenate.i7.i6.i1(i6 %row, i1 false)" [conv_relu1.c:16]   --->   Operation 21 'bitconcatenate' 'tmp_s' <Predicate = (!exitcond5)> <Delay = 0.00>
ST_2 : Operation 22 [1/1] (0.00ns)   --->   "%p_shl1_cast = zext i7 %tmp_s to i13" [conv_relu1.c:29]   --->   Operation 22 'zext' 'p_shl1_cast' <Predicate = (!exitcond5)> <Delay = 0.00>
ST_2 : Operation 23 [1/1] (1.54ns)   --->   "%tmp_90 = sub i13 %p_shl_cast, %p_shl1_cast" [conv_relu1.c:29]   --->   Operation 23 'sub' 'tmp_90' <Predicate = (!exitcond5)> <Delay = 1.54> <Core = "AddSub">   --->   Core 14 'AddSub' <Latency = 0> <II = 1> <Delay = 2.55> <FuncUnit> <Opcode : 'add' 'sub'> <InPorts = 2> <OutPorts = 1>
ST_2 : Operation 24 [1/1] (1.76ns)   --->   "br label %3" [conv_relu1.c:17]   --->   Operation 24 'br' <Predicate = (!exitcond5)> <Delay = 1.76>
ST_2 : Operation 25 [1/1] (0.00ns)   --->   "ret void" [conv_relu1.c:33]   --->   Operation 25 'ret' <Predicate = (exitcond5)> <Delay = 0.00>

State 3 <SV = 2> <Delay = 1.82>
ST_3 : Operation 26 [1/1] (0.00ns)   --->   "%col = phi i6 [ 0, %2 ], [ %col_3, %16 ]"   --->   Operation 26 'phi' 'col' <Predicate = true> <Delay = 0.00>
ST_3 : Operation 27 [1/1] (1.42ns)   --->   "%exitcond4 = icmp eq i6 %col, -2" [conv_relu1.c:17]   --->   Operation 27 'icmp' 'exitcond4' <Predicate = true> <Delay = 1.42> <Core = "Cmp">   --->   Core 25 'Cmp' <Latency = 0> <II = 1> <Delay = 0.95> <FuncUnit> <Opcode : 'icmp'> <InPorts = 2> <OutPorts = 1>
ST_3 : Operation 28 [1/1] (0.00ns)   --->   "%empty_58 = call i32 (...)* @_ssdm_op_SpecLoopTripCount(i64 62, i64 62, i64 62)"   --->   Operation 28 'speclooptripcount' 'empty_58' <Predicate = true> <Delay = 0.00>
ST_3 : Operation 29 [1/1] (1.82ns)   --->   "%col_3 = add i6 %col, 1" [conv_relu1.c:17]   --->   Operation 29 'add' 'col_3' <Predicate = true> <Delay = 1.82> <Core = "AddSub">   --->   Core 14 'AddSub' <Latency = 0> <II = 1> <Delay = 2.55> <FuncUnit> <Opcode : 'add' 'sub'> <InPorts = 2> <OutPorts = 1>
ST_3 : Operation 30 [1/1] (0.00ns)   --->   "br i1 %exitcond4, label %17, label %4" [conv_relu1.c:17]   --->   Operation 30 'br' <Predicate = true> <Delay = 0.00>
ST_3 : Operation 31 [1/1] (0.00ns)   --->   "call void (...)* @_ssdm_op_SpecLoopName([9 x i8]* @p_str1) nounwind" [conv_relu1.c:17]   --->   Operation 31 'specloopname' <Predicate = (!exitcond4)> <Delay = 0.00>
ST_3 : Operation 32 [1/1] (0.00ns)   --->   "%tmp_62 = call i32 (...)* @_ssdm_op_SpecRegionBegin([9 x i8]* @p_str1)" [conv_relu1.c:17]   --->   Operation 32 'specregionbegin' 'tmp_62' <Predicate = (!exitcond4)> <Delay = 0.00>
ST_3 : Operation 33 [1/1] (0.00ns)   --->   "%tmp_cast = zext i6 %col to i13" [conv_relu1.c:17]   --->   Operation 33 'zext' 'tmp_cast' <Predicate = (!exitcond4)> <Delay = 0.00>
ST_3 : Operation 34 [1/1] (1.67ns)   --->   "%tmp_91 = add i13 %tmp_cast, %tmp_90" [conv_relu1.c:17]   --->   Operation 34 'add' 'tmp_91' <Predicate = (!exitcond4)> <Delay = 1.67> <Core = "AddSub">   --->   Core 14 'AddSub' <Latency = 0> <II = 1> <Delay = 2.55> <FuncUnit> <Opcode : 'add' 'sub'> <InPorts = 2> <OutPorts = 1>
ST_3 : Operation 35 [1/1] (0.00ns)   --->   "%tmp_142_cast = call i16 @_ssdm_op_BitConcatenate.i16.i13.i3(i13 %tmp_91, i3 0)" [conv_relu1.c:18]   --->   Operation 35 'bitconcatenate' 'tmp_142_cast' <Predicate = (!exitcond4)> <Delay = 0.00>
ST_3 : Operation 36 [1/1] (1.76ns)   --->   "br label %5" [conv_relu1.c:18]   --->   Operation 36 'br' <Predicate = (!exitcond4)> <Delay = 1.76>
ST_3 : Operation 37 [1/1] (0.00ns)   --->   "%empty_67 = call i32 (...)* @_ssdm_op_SpecRegionEnd([9 x i8]* @p_str, i32 %tmp_58)" [conv_relu1.c:32]   --->   Operation 37 'specregionend' 'empty_67' <Predicate = (exitcond4)> <Delay = 0.00>
ST_3 : Operation 38 [1/1] (0.00ns)   --->   "br label %1" [conv_relu1.c:16]   --->   Operation 38 'br' <Predicate = (exitcond4)> <Delay = 0.00>

State 4 <SV = 3> <Delay = 2.07>
ST_4 : Operation 39 [1/1] (0.00ns)   --->   "%oc = phi i4 [ 0, %4 ], [ %oc_4, %15 ]"   --->   Operation 39 'phi' 'oc' <Predicate = true> <Delay = 0.00>
ST_4 : Operation 40 [1/1] (1.30ns)   --->   "%exitcond3 = icmp eq i4 %oc, -8" [conv_relu1.c:18]   --->   Operation 40 'icmp' 'exitcond3' <Predicate = true> <Delay = 1.30> <Core = "Cmp">   --->   Core 25 'Cmp' <Latency = 0> <II = 1> <Delay = 0.95> <FuncUnit> <Opcode : 'icmp'> <InPorts = 2> <OutPorts = 1>
ST_4 : Operation 41 [1/1] (0.00ns)   --->   "%empty_59 = call i32 (...)* @_ssdm_op_SpecLoopTripCount(i64 8, i64 8, i64 8)"   --->   Operation 41 'speclooptripcount' 'empty_59' <Predicate = true> <Delay = 0.00>
ST_4 : Operation 42 [1/1] (1.73ns)   --->   "%oc_4 = add i4 %oc, 1" [conv_relu1.c:18]   --->   Operation 42 'add' 'oc_4' <Predicate = true> <Delay = 1.73> <Core = "AddSub">   --->   Core 14 'AddSub' <Latency = 0> <II = 1> <Delay = 2.55> <FuncUnit> <Opcode : 'add' 'sub'> <InPorts = 2> <OutPorts = 1>
ST_4 : Operation 43 [1/1] (0.00ns)   --->   "br i1 %exitcond3, label %16, label %6" [conv_relu1.c:18]   --->   Operation 43 'br' <Predicate = true> <Delay = 0.00>
ST_4 : Operation 44 [1/1] (0.00ns)   --->   "call void (...)* @_ssdm_op_SpecLoopName([8 x i8]* @p_str2) nounwind" [conv_relu1.c:18]   --->   Operation 44 'specloopname' <Predicate = (!exitcond3)> <Delay = 0.00>
ST_4 : Operation 45 [1/1] (0.00ns)   --->   "%tmp_63 = call i32 (...)* @_ssdm_op_SpecRegionBegin([8 x i8]* @p_str2)" [conv_relu1.c:18]   --->   Operation 45 'specregionbegin' 'tmp_63' <Predicate = (!exitcond3)> <Delay = 0.00>
ST_4 : Operation 46 [1/1] (0.00ns)   --->   "%tmp_51_cast5 = zext i4 %oc to i9" [conv_relu1.c:29]   --->   Operation 46 'zext' 'tmp_51_cast5' <Predicate = (!exitcond3)> <Delay = 0.00>
ST_4 : Operation 47 [1/1] (0.00ns)   --->   "%tmp_51_cast = zext i4 %oc to i16" [conv_relu1.c:29]   --->   Operation 47 'zext' 'tmp_51_cast' <Predicate = (!exitcond3)> <Delay = 0.00>
ST_4 : Operation 48 [1/1] (2.07ns)   --->   "%tmp_92 = add i16 %tmp_142_cast, %tmp_51_cast" [conv_relu1.c:29]   --->   Operation 48 'add' 'tmp_92' <Predicate = (!exitcond3)> <Delay = 2.07> <Core = "AddSub">   --->   Core 14 'AddSub' <Latency = 0> <II = 1> <Delay = 2.55> <FuncUnit> <Opcode : 'add' 'sub'> <InPorts = 2> <OutPorts = 1>
ST_4 : Operation 49 [1/1] (0.00ns)   --->   "%tmp_143_cast = zext i16 %tmp_92 to i64" [conv_relu1.c:29]   --->   Operation 49 'zext' 'tmp_143_cast' <Predicate = (!exitcond3)> <Delay = 0.00>
ST_4 : Operation 50 [1/1] (0.00ns)   --->   "%output_addr = getelementptr [30752 x i31]* %output_r, i64 0, i64 %tmp_143_cast" [conv_relu1.c:29]   --->   Operation 50 'getelementptr' 'output_addr' <Predicate = (!exitcond3)> <Delay = 0.00>
ST_4 : Operation 51 [1/1] (1.76ns)   --->   "br label %7" [conv_relu1.c:21]   --->   Operation 51 'br' <Predicate = (!exitcond3)> <Delay = 1.76>
ST_4 : Operation 52 [1/1] (0.00ns)   --->   "%empty_66 = call i32 (...)* @_ssdm_op_SpecRegionEnd([9 x i8]* @p_str1, i32 %tmp_62)" [conv_relu1.c:31]   --->   Operation 52 'specregionend' 'empty_66' <Predicate = (exitcond3)> <Delay = 0.00>
ST_4 : Operation 53 [1/1] (0.00ns)   --->   "br label %3" [conv_relu1.c:17]   --->   Operation 53 'br' <Predicate = (exitcond3)> <Delay = 0.00>

State 5 <SV = 4> <Delay = 6.46>
ST_5 : Operation 54 [1/1] (0.00ns)   --->   "%kr = phi i2 [ 0, %6 ], [ %kr_3, %14 ]"   --->   Operation 54 'phi' 'kr' <Predicate = true> <Delay = 0.00>
ST_5 : Operation 55 [1/1] (0.00ns)   --->   "%sum = phi i32 [ 0, %6 ], [ %sum_1, %14 ]" [conv_relu1.c:24]   --->   Operation 55 'phi' 'sum' <Predicate = true> <Delay = 0.00>
ST_5 : Operation 56 [1/1] (0.00ns)   --->   "%kr_cast5 = zext i2 %kr to i6" [conv_relu1.c:21]   --->   Operation 56 'zext' 'kr_cast5' <Predicate = true> <Delay = 0.00>
ST_5 : Operation 57 [1/1] (0.95ns)   --->   "%exitcond2 = icmp eq i2 %kr, -1" [conv_relu1.c:21]   --->   Operation 57 'icmp' 'exitcond2' <Predicate = true> <Delay = 0.95> <Core = "Cmp">   --->   Core 25 'Cmp' <Latency = 0> <II = 1> <Delay = 0.95> <FuncUnit> <Opcode : 'icmp'> <InPorts = 2> <OutPorts = 1>
ST_5 : Operation 58 [1/1] (0.00ns)   --->   "%empty_60 = call i32 (...)* @_ssdm_op_SpecLoopTripCount(i64 3, i64 3, i64 3)"   --->   Operation 58 'speclooptripcount' 'empty_60' <Predicate = true> <Delay = 0.00>
ST_5 : Operation 59 [1/1] (1.56ns)   --->   "%kr_3 = add i2 %kr, 1" [conv_relu1.c:21]   --->   Operation 59 'add' 'kr_3' <Predicate = true> <Delay = 1.56> <Core = "AddSub">   --->   Core 14 'AddSub' <Latency = 0> <II = 1> <Delay = 2.55> <FuncUnit> <Opcode : 'add' 'sub'> <InPorts = 2> <OutPorts = 1>
ST_5 : Operation 60 [1/1] (0.00ns)   --->   "br i1 %exitcond2, label %15, label %8" [conv_relu1.c:21]   --->   Operation 60 'br' <Predicate = true> <Delay = 0.00>
ST_5 : Operation 61 [1/1] (0.00ns)   --->   "call void (...)* @_ssdm_op_SpecLoopName([8 x i8]* @p_str3) nounwind" [conv_relu1.c:21]   --->   Operation 61 'specloopname' <Predicate = (!exitcond2)> <Delay = 0.00>
ST_5 : Operation 62 [1/1] (0.00ns)   --->   "%tmp_64 = call i32 (...)* @_ssdm_op_SpecRegionBegin([8 x i8]* @p_str3)" [conv_relu1.c:21]   --->   Operation 62 'specregionbegin' 'tmp_64' <Predicate = (!exitcond2)> <Delay = 0.00>
ST_5 : Operation 63 [1/1] (1.82ns)   --->   "%tmp_54 = add i6 %kr_cast5, %row" [conv_relu1.c:24]   --->   Operation 63 'add' 'tmp_54' <Predicate = (!exitcond2)> <Delay = 1.82> <Core = "AddSub">   --->   Core 14 'AddSub' <Latency = 0> <II = 1> <Delay = 2.55> <FuncUnit> <Opcode : 'add' 'sub'> <InPorts = 2> <OutPorts = 1>
ST_5 : Operation 64 [1/1] (0.00ns)   --->   "%tmp_56_cast = zext i2 %kr to i5" [conv_relu1.c:21]   --->   Operation 64 'zext' 'tmp_56_cast' <Predicate = (!exitcond2)> <Delay = 0.00>
ST_5 : Operation 65 [1/1] (0.00ns)   --->   "%tmp_93 = call i4 @_ssdm_op_BitConcatenate.i4.i2.i2(i2 %kr, i2 0)" [conv_relu1.c:21]   --->   Operation 65 'bitconcatenate' 'tmp_93' <Predicate = (!exitcond2)> <Delay = 0.00>
ST_5 : Operation 66 [1/1] (0.00ns)   --->   "%p_shl2_cast = zext i4 %tmp_93 to i5" [conv_relu1.c:24]   --->   Operation 66 'zext' 'p_shl2_cast' <Predicate = (!exitcond2)> <Delay = 0.00>
ST_5 : Operation 67 [1/1] (1.73ns)   --->   "%tmp_94 = sub i5 %p_shl2_cast, %tmp_56_cast" [conv_relu1.c:24]   --->   Operation 67 'sub' 'tmp_94' <Predicate = (!exitcond2)> <Delay = 1.73> <Core = "AddSub">   --->   Core 14 'AddSub' <Latency = 0> <II = 1> <Delay = 2.55> <FuncUnit> <Opcode : 'add' 'sub'> <InPorts = 2> <OutPorts = 1>
ST_5 : Operation 68 [1/1] (0.00ns)   --->   "%tmp_145_cast = sext i5 %tmp_94 to i6" [conv_relu1.c:24]   --->   Operation 68 'sext' 'tmp_145_cast' <Predicate = (!exitcond2)> <Delay = 0.00>
ST_5 : Operation 69 [1/1] (1.76ns)   --->   "br label %9" [conv_relu1.c:22]   --->   Operation 69 'br' <Predicate = (!exitcond2)> <Delay = 1.76>
ST_5 : Operation 70 [1/1] (0.00ns)   --->   "%tmp_48 = trunc i32 %sum to i31" [conv_relu1.c:21]   --->   Operation 70 'trunc' 'tmp_48' <Predicate = (exitcond2)> <Delay = 0.00>
ST_5 : Operation 71 [1/1] (2.47ns)   --->   "%tmp_52 = icmp sgt i32 %sum, 0" [conv_relu1.c:29]   --->   Operation 71 'icmp' 'tmp_52' <Predicate = (exitcond2)> <Delay = 2.47> <Core = "Cmp">   --->   Core 25 'Cmp' <Latency = 0> <II = 1> <Delay = 0.95> <FuncUnit> <Opcode : 'icmp'> <InPorts = 2> <OutPorts = 1>
ST_5 : Operation 72 [1/1] (0.73ns)   --->   "%tmp_53 = select i1 %tmp_52, i31 %tmp_48, i31 0" [conv_relu1.c:29]   --->   Operation 72 'select' 'tmp_53' <Predicate = (exitcond2)> <Delay = 0.73> <Core = "Sel">   --->   Core 26 'Sel' <Latency = 0> <II = 1> <Delay = 0.73> <FuncUnit> <Opcode : 'select'> <InPorts = 3> <OutPorts = 1>
ST_5 : Operation 73 [1/1] (3.25ns)   --->   "store i31 %tmp_53, i31* %output_addr, align 4" [conv_relu1.c:29]   --->   Operation 73 'store' <Predicate = (exitcond2)> <Delay = 3.25> <Core = "RAM">   --->   Core 37 'RAM' <Latency = 1> <II = 1> <Delay = 3.25> <Storage> <Opcode : 'load' 'store'> <Ports = 2> <Width = 31> <Depth = 30752> <RAM>
ST_5 : Operation 74 [1/1] (0.00ns)   --->   "%empty_65 = call i32 (...)* @_ssdm_op_SpecRegionEnd([8 x i8]* @p_str2, i32 %tmp_63)" [conv_relu1.c:30]   --->   Operation 74 'specregionend' 'empty_65' <Predicate = (exitcond2)> <Delay = 0.00>
ST_5 : Operation 75 [1/1] (0.00ns)   --->   "br label %5" [conv_relu1.c:18]   --->   Operation 75 'br' <Predicate = (exitcond2)> <Delay = 0.00>

State 6 <SV = 5> <Delay = 3.63>
ST_6 : Operation 76 [1/1] (0.00ns)   --->   "%kc = phi i2 [ 0, %8 ], [ %kc_3, %13 ]"   --->   Operation 76 'phi' 'kc' <Predicate = true> <Delay = 0.00>
ST_6 : Operation 77 [1/1] (0.00ns)   --->   "%sum_1 = phi i32 [ %sum, %8 ], [ %sum_2, %13 ]" [conv_relu1.c:24]   --->   Operation 77 'phi' 'sum_1' <Predicate = true> <Delay = 0.00>
ST_6 : Operation 78 [1/1] (0.00ns)   --->   "%kc_cast3 = zext i2 %kc to i6" [conv_relu1.c:22]   --->   Operation 78 'zext' 'kc_cast3' <Predicate = true> <Delay = 0.00>
ST_6 : Operation 79 [1/1] (0.95ns)   --->   "%exitcond1 = icmp eq i2 %kc, -1" [conv_relu1.c:22]   --->   Operation 79 'icmp' 'exitcond1' <Predicate = true> <Delay = 0.95> <Core = "Cmp">   --->   Core 25 'Cmp' <Latency = 0> <II = 1> <Delay = 0.95> <FuncUnit> <Opcode : 'icmp'> <InPorts = 2> <OutPorts = 1>
ST_6 : Operation 80 [1/1] (0.00ns)   --->   "%empty_61 = call i32 (...)* @_ssdm_op_SpecLoopTripCount(i64 3, i64 3, i64 3)"   --->   Operation 80 'speclooptripcount' 'empty_61' <Predicate = true> <Delay = 0.00>
ST_6 : Operation 81 [1/1] (1.56ns)   --->   "%kc_3 = add i2 %kc, 1" [conv_relu1.c:22]   --->   Operation 81 'add' 'kc_3' <Predicate = true> <Delay = 1.56> <Core = "AddSub">   --->   Core 14 'AddSub' <Latency = 0> <II = 1> <Delay = 2.55> <FuncUnit> <Opcode : 'add' 'sub'> <InPorts = 2> <OutPorts = 1>
ST_6 : Operation 82 [1/1] (0.00ns)   --->   "br i1 %exitcond1, label %14, label %10" [conv_relu1.c:22]   --->   Operation 82 'br' <Predicate = true> <Delay = 0.00>
ST_6 : Operation 83 [1/1] (0.00ns)   --->   "call void (...)* @_ssdm_op_SpecLoopName([8 x i8]* @p_str4) nounwind" [conv_relu1.c:22]   --->   Operation 83 'specloopname' <Predicate = (!exitcond1)> <Delay = 0.00>
ST_6 : Operation 84 [1/1] (0.00ns)   --->   "%tmp_65 = call i32 (...)* @_ssdm_op_SpecRegionBegin([8 x i8]* @p_str4)" [conv_relu1.c:22]   --->   Operation 84 'specregionbegin' 'tmp_65' <Predicate = (!exitcond1)> <Delay = 0.00>
ST_6 : Operation 85 [1/1] (1.82ns)   --->   "%tmp_57 = add i6 %col, %kc_cast3" [conv_relu1.c:24]   --->   Operation 85 'add' 'tmp_57' <Predicate = (!exitcond1)> <Delay = 1.82> <Core = "AddSub">   --->   Core 14 'AddSub' <Latency = 0> <II = 1> <Delay = 2.55> <FuncUnit> <Opcode : 'add' 'sub'> <InPorts = 2> <OutPorts = 1>
ST_6 : Operation 86 [1/1] (0.00ns)   --->   "%tmp_95 = call i12 @_ssdm_op_BitConcatenate.i12.i6.i6(i6 %tmp_54, i6 %tmp_57)" [conv_relu1.c:24]   --->   Operation 86 'bitconcatenate' 'tmp_95' <Predicate = (!exitcond1)> <Delay = 0.00>
ST_6 : Operation 87 [1/1] (0.00ns)   --->   "%tmp_147_cast = zext i12 %tmp_95 to i15" [conv_relu1.c:24]   --->   Operation 87 'zext' 'tmp_147_cast' <Predicate = (!exitcond1)> <Delay = 0.00>
ST_6 : Operation 88 [1/1] (0.00ns)   --->   "%tmp_96 = call i14 @_ssdm_op_BitConcatenate.i14.i6.i6.i2(i6 %tmp_54, i6 %tmp_57, i2 0)" [conv_relu1.c:24]   --->   Operation 88 'bitconcatenate' 'tmp_96' <Predicate = (!exitcond1)> <Delay = 0.00>
ST_6 : Operation 89 [1/1] (0.00ns)   --->   "%p_shl4_cast = zext i14 %tmp_96 to i15" [conv_relu1.c:24]   --->   Operation 89 'zext' 'p_shl4_cast' <Predicate = (!exitcond1)> <Delay = 0.00>
ST_6 : Operation 90 [1/1] (1.81ns)   --->   "%tmp_97 = sub i15 %p_shl4_cast, %tmp_147_cast" [conv_relu1.c:24]   --->   Operation 90 'sub' 'tmp_97' <Predicate = (!exitcond1)> <Delay = 1.81> <Core = "AddSub">   --->   Core 14 'AddSub' <Latency = 0> <II = 1> <Delay = 2.55> <FuncUnit> <Opcode : 'add' 'sub'> <InPorts = 2> <OutPorts = 1>
ST_6 : Operation 91 [1/1] (1.78ns)   --->   "%tmp_98 = add i6 %kc_cast3, %tmp_145_cast" [conv_relu1.c:24]   --->   Operation 91 'add' 'tmp_98' <Predicate = (!exitcond1)> <Delay = 1.78> <Core = "AddSub">   --->   Core 14 'AddSub' <Latency = 0> <II = 1> <Delay = 2.55> <FuncUnit> <Opcode : 'add' 'sub'> <InPorts = 2> <OutPorts = 1>
ST_6 : Operation 92 [1/1] (0.00ns) (grouped into LUT with out node tmp_99)   --->   "%tmp_49 = shl i6 %tmp_98, 2" [conv_relu1.c:24]   --->   Operation 92 'shl' 'tmp_49' <Predicate = (!exitcond1)> <Delay = 0.00>
ST_6 : Operation 93 [1/1] (1.82ns) (out node of the LUT)   --->   "%tmp_99 = sub i6 %tmp_49, %tmp_98" [conv_relu1.c:24]   --->   Operation 93 'sub' 'tmp_99' <Predicate = (!exitcond1)> <Delay = 1.82> <Core = "AddSub">   --->   Core 14 'AddSub' <Latency = 0> <II = 1> <Delay = 2.55> <FuncUnit> <Opcode : 'add' 'sub'> <InPorts = 2> <OutPorts = 1>
ST_6 : Operation 94 [1/1] (1.76ns)   --->   "br label %11" [conv_relu1.c:23]   --->   Operation 94 'br' <Predicate = (!exitcond1)> <Delay = 1.76>
ST_6 : Operation 95 [1/1] (0.00ns)   --->   "%empty_64 = call i32 (...)* @_ssdm_op_SpecRegionEnd([8 x i8]* @p_str3, i32 %tmp_64)" [conv_relu1.c:28]   --->   Operation 95 'specregionend' 'empty_64' <Predicate = (exitcond1)> <Delay = 0.00>
ST_6 : Operation 96 [1/1] (0.00ns)   --->   "br label %7" [conv_relu1.c:21]   --->   Operation 96 'br' <Predicate = (exitcond1)> <Delay = 0.00>

State 7 <SV = 6> <Delay = 6.90>
ST_7 : Operation 97 [1/1] (0.00ns)   --->   "%ic = phi i2 [ 0, %10 ], [ %ic_4, %12 ]"   --->   Operation 97 'phi' 'ic' <Predicate = true> <Delay = 0.00>
ST_7 : Operation 98 [1/1] (0.00ns)   --->   "%sum_2 = phi i32 [ %sum_1, %10 ], [ %sum_6, %12 ]"   --->   Operation 98 'phi' 'sum_2' <Predicate = true> <Delay = 0.00>
ST_7 : Operation 99 [1/1] (0.95ns)   --->   "%exitcond = icmp eq i2 %ic, -1" [conv_relu1.c:23]   --->   Operation 99 'icmp' 'exitcond' <Predicate = true> <Delay = 0.95> <Core = "Cmp">   --->   Core 25 'Cmp' <Latency = 0> <II = 1> <Delay = 0.95> <FuncUnit> <Opcode : 'icmp'> <InPorts = 2> <OutPorts = 1>
ST_7 : Operation 100 [1/1] (0.00ns)   --->   "%empty_62 = call i32 (...)* @_ssdm_op_SpecLoopTripCount(i64 3, i64 3, i64 3)"   --->   Operation 100 'speclooptripcount' 'empty_62' <Predicate = true> <Delay = 0.00>
ST_7 : Operation 101 [1/1] (1.56ns)   --->   "%ic_4 = add i2 %ic, 1" [conv_relu1.c:23]   --->   Operation 101 'add' 'ic_4' <Predicate = true> <Delay = 1.56> <Core = "AddSub">   --->   Core 14 'AddSub' <Latency = 0> <II = 1> <Delay = 2.55> <FuncUnit> <Opcode : 'add' 'sub'> <InPorts = 2> <OutPorts = 1>
ST_7 : Operation 102 [1/1] (0.00ns)   --->   "br i1 %exitcond, label %13, label %12" [conv_relu1.c:23]   --->   Operation 102 'br' <Predicate = true> <Delay = 0.00>
ST_7 : Operation 103 [1/1] (0.00ns)   --->   "%tmp_60 = zext i2 %ic to i6" [conv_relu1.c:23]   --->   Operation 103 'zext' 'tmp_60' <Predicate = (!exitcond)> <Delay = 0.00>
ST_7 : Operation 104 [1/1] (0.00ns)   --->   "%tmp_60_cast = zext i2 %ic to i15" [conv_relu1.c:24]   --->   Operation 104 'zext' 'tmp_60_cast' <Predicate = (!exitcond)> <Delay = 0.00>
ST_7 : Operation 105 [1/1] (1.82ns)   --->   "%tmp_100 = add i6 %tmp_60, %tmp_99" [conv_relu1.c:23]   --->   Operation 105 'add' 'tmp_100' <Predicate = (!exitcond)> <Delay = 1.82> <Core = "AddSub">   --->   Core 14 'AddSub' <Latency = 0> <II = 1> <Delay = 2.55> <FuncUnit> <Opcode : 'add' 'sub'> <InPorts = 2> <OutPorts = 1>
ST_7 : Operation 106 [1/1] (0.00ns)   --->   "%tmp_155_cast = call i9 @_ssdm_op_BitConcatenate.i9.i6.i3(i6 %tmp_100, i3 0)" [conv_relu1.c:24]   --->   Operation 106 'bitconcatenate' 'tmp_155_cast' <Predicate = (!exitcond)> <Delay = 0.00>
ST_7 : Operation 107 [1/1] (1.82ns)   --->   "%tmp_101 = add i9 %tmp_51_cast5, %tmp_155_cast" [conv_relu1.c:24]   --->   Operation 107 'add' 'tmp_101' <Predicate = (!exitcond)> <Delay = 1.82> <Core = "AddSub">   --->   Core 14 'AddSub' <Latency = 0> <II = 1> <Delay = 2.55> <FuncUnit> <Opcode : 'add' 'sub'> <InPorts = 2> <OutPorts = 1>
ST_7 : Operation 108 [1/1] (0.00ns)   --->   "%tmp_156_cast = zext i9 %tmp_101 to i64" [conv_relu1.c:24]   --->   Operation 108 'zext' 'tmp_156_cast' <Predicate = (!exitcond)> <Delay = 0.00>
ST_7 : Operation 109 [1/1] (0.00ns)   --->   "%w_conv1_addr = getelementptr [216 x i4]* @w_conv1, i64 0, i64 %tmp_156_cast" [conv_relu1.c:24]   --->   Operation 109 'getelementptr' 'w_conv1_addr' <Predicate = (!exitcond)> <Delay = 0.00>
ST_7 : Operation 110 [1/1] (1.94ns)   --->   "%tmp_102 = add i15 %tmp_60_cast, %tmp_97" [conv_relu1.c:24]   --->   Operation 110 'add' 'tmp_102' <Predicate = (!exitcond)> <Delay = 1.94> <Core = "AddSub">   --->   Core 14 'AddSub' <Latency = 0> <II = 1> <Delay = 2.55> <FuncUnit> <Opcode : 'add' 'sub'> <InPorts = 2> <OutPorts = 1>
ST_7 : Operation 111 [1/1] (0.00ns)   --->   "%tmp_157_cast = sext i15 %tmp_102 to i64" [conv_relu1.c:24]   --->   Operation 111 'sext' 'tmp_157_cast' <Predicate = (!exitcond)> <Delay = 0.00>
ST_7 : Operation 112 [1/1] (0.00ns)   --->   "%input_addr = getelementptr [12288 x i32]* %input_r, i64 0, i64 %tmp_157_cast" [conv_relu1.c:24]   --->   Operation 112 'getelementptr' 'input_addr' <Predicate = (!exitcond)> <Delay = 0.00>
ST_7 : Operation 113 [2/2] (3.25ns)   --->   "%input_load = load i32* %input_addr, align 4" [conv_relu1.c:24]   --->   Operation 113 'load' 'input_load' <Predicate = (!exitcond)> <Delay = 3.25> <Core = "RAM">   --->   Core 37 'RAM' <Latency = 1> <II = 1> <Delay = 3.25> <Storage> <Opcode : 'load' 'store'> <Ports = 2> <Width = 31> <Depth = 30752> <RAM>
ST_7 : Operation 114 [2/2] (3.25ns)   --->   "%w_conv1_load = load i4* %w_conv1_addr, align 1" [conv_relu1.c:24]   --->   Operation 114 'load' 'w_conv1_load' <Predicate = (!exitcond)> <Delay = 3.25> <Core = "ROM_nP">   --->   Core 52 'ROM_nP' <Latency = 1> <II = 1> <Delay = 3.25> <Storage> <Opcode : 'load'> <Ports = 0> <Width = 4> <Depth = 216> <ROM>
ST_7 : Operation 115 [1/1] (0.00ns)   --->   "%empty_63 = call i32 (...)* @_ssdm_op_SpecRegionEnd([8 x i8]* @p_str4, i32 %tmp_65)" [conv_relu1.c:27]   --->   Operation 115 'specregionend' 'empty_63' <Predicate = (exitcond)> <Delay = 0.00>
ST_7 : Operation 116 [1/1] (0.00ns)   --->   "br label %9" [conv_relu1.c:22]   --->   Operation 116 'br' <Predicate = (exitcond)> <Delay = 0.00>

State 8 <SV = 7> <Delay = 3.25>
ST_8 : Operation 117 [1/2] (3.25ns)   --->   "%input_load = load i32* %input_addr, align 4" [conv_relu1.c:24]   --->   Operation 117 'load' 'input_load' <Predicate = true> <Delay = 3.25> <Core = "RAM">   --->   Core 37 'RAM' <Latency = 1> <II = 1> <Delay = 3.25> <Storage> <Opcode : 'load' 'store'> <Ports = 2> <Width = 31> <Depth = 30752> <RAM>
ST_8 : Operation 118 [1/2] (3.25ns)   --->   "%w_conv1_load = load i4* %w_conv1_addr, align 1" [conv_relu1.c:24]   --->   Operation 118 'load' 'w_conv1_load' <Predicate = true> <Delay = 3.25> <Core = "ROM_nP">   --->   Core 52 'ROM_nP' <Latency = 1> <II = 1> <Delay = 3.25> <Storage> <Opcode : 'load'> <Ports = 0> <Width = 4> <Depth = 216> <ROM>

State 9 <SV = 8> <Delay = 8.51>
ST_9 : Operation 119 [1/1] (0.00ns)   --->   "%w_conv1_load_cast = sext i4 %w_conv1_load to i32" [conv_relu1.c:24]   --->   Operation 119 'sext' 'w_conv1_load_cast' <Predicate = true> <Delay = 0.00>
ST_9 : Operation 120 [1/1] (8.51ns)   --->   "%tmp_61 = mul nsw i32 %input_load, %w_conv1_load_cast" [conv_relu1.c:24]   --->   Operation 120 'mul' 'tmp_61' <Predicate = true> <Delay = 8.51> <Core = "Mul">   --->   Core 16 'Mul' <Latency = 0> <II = 1> <Delay = 8.51> <FuncUnit> <Opcode : 'mul'> <InPorts = 2> <OutPorts = 1>

State 10 <SV = 9> <Delay = 2.55>
ST_10 : Operation 121 [1/1] (0.00ns)   --->   "call void (...)* @_ssdm_op_SpecLoopName([8 x i8]* @p_str5) nounwind" [conv_relu1.c:23]   --->   Operation 121 'specloopname' <Predicate = true> <Delay = 0.00>
ST_10 : Operation 122 [1/1] (2.55ns)   --->   "%sum_6 = add nsw i32 %tmp_61, %sum_2" [conv_relu1.c:24]   --->   Operation 122 'add' 'sum_6' <Predicate = true> <Delay = 2.55> <Core = "AddSub">   --->   Core 14 'AddSub' <Latency = 0> <II = 1> <Delay = 2.55> <FuncUnit> <Opcode : 'add' 'sub'> <InPorts = 2> <OutPorts = 1>
ST_10 : Operation 123 [1/1] (0.00ns)   --->   "br label %11" [conv_relu1.c:23]   --->   Operation 123 'br' <Predicate = true> <Delay = 0.00>


============================================================
+ Verbose Summary: Binding
============================================================
STG Binding: 
---------------- STG Properties BEGIN ----------------
- Is combinational: 0
- Is one-state seq: 0
- Is datapath-only: 0
- Is pipelined: 0
- Is top level: 0
Port [ Return ] is wired: 1; IO mode=ap_ctrl_hs:ce=0
Port [ input_r]:  wired=1; compound=1; hidden=0; nouse=0; global=0; static=0; extern=0; dir=0; type=1; pingpong=0; private_global=0; MemPort=[13]; IO mode=ap_memory:ce=0
Port [ output_r]:  wired=1; compound=1; hidden=0; nouse=0; global=0; static=0; extern=0; dir=1; type=1; pingpong=0; private_global=0; MemPort=[03]; IO mode=ap_memory:ce=0
Port [ w_conv1]:  wired=0; compound=1; hidden=1; nouse=0; global=1; static=1; extern=0; dir=0; type=1; pingpong=0; private_global=1; linkage=7; visibility=0; MemPort=[1]; IO mode=ap_memory:ce=0
---------------- STG Properties END ------------------

---------------- Datapath Model BEGIN ----------------

<LifeTime>
<method=bitvector/>
StgValue_11       (br               ) [ 01111111111]
row               (phi              ) [ 00101111111]
exitcond5         (icmp             ) [ 00111111111]
empty             (speclooptripcount) [ 00000000000]
row_3             (add              ) [ 01111111111]
StgValue_16       (br               ) [ 00000000000]
StgValue_17       (specloopname     ) [ 00000000000]
tmp_58            (specregionbegin  ) [ 00011111111]
tmp               (bitconcatenate   ) [ 00000000000]
p_shl_cast        (zext             ) [ 00000000000]
tmp_s             (bitconcatenate   ) [ 00000000000]
p_shl1_cast       (zext             ) [ 00000000000]
tmp_90            (sub              ) [ 00011111111]
StgValue_24       (br               ) [ 00111111111]
StgValue_25       (ret              ) [ 00000000000]
col               (phi              ) [ 00010111111]
exitcond4         (icmp             ) [ 00111111111]
empty_58          (speclooptripcount) [ 00000000000]
col_3             (add              ) [ 00111111111]
StgValue_30       (br               ) [ 00000000000]
StgValue_31       (specloopname     ) [ 00000000000]
tmp_62            (specregionbegin  ) [ 00001111111]
tmp_cast          (zext             ) [ 00000000000]
tmp_91            (add              ) [ 00000000000]
tmp_142_cast      (bitconcatenate   ) [ 00001111111]
StgValue_36       (br               ) [ 00111111111]
empty_67          (specregionend    ) [ 00000000000]
StgValue_38       (br               ) [ 01111111111]
oc                (phi              ) [ 00001000000]
exitcond3         (icmp             ) [ 00111111111]
empty_59          (speclooptripcount) [ 00000000000]
oc_4              (add              ) [ 00111111111]
StgValue_43       (br               ) [ 00000000000]
StgValue_44       (specloopname     ) [ 00000000000]
tmp_63            (specregionbegin  ) [ 00000111111]
tmp_51_cast5      (zext             ) [ 00000111111]
tmp_51_cast       (zext             ) [ 00000000000]
tmp_92            (add              ) [ 00000000000]
tmp_143_cast      (zext             ) [ 00000000000]
output_addr       (getelementptr    ) [ 00000111111]
StgValue_51       (br               ) [ 00111111111]
empty_66          (specregionend    ) [ 00000000000]
StgValue_53       (br               ) [ 00111111111]
kr                (phi              ) [ 00000100000]
sum               (phi              ) [ 00000111111]
kr_cast5          (zext             ) [ 00000000000]
exitcond2         (icmp             ) [ 00111111111]
empty_60          (speclooptripcount) [ 00000000000]
kr_3              (add              ) [ 00111111111]
StgValue_60       (br               ) [ 00000000000]
StgValue_61       (specloopname     ) [ 00000000000]
tmp_64            (specregionbegin  ) [ 00000011111]
tmp_54            (add              ) [ 00000011111]
tmp_56_cast       (zext             ) [ 00000000000]
tmp_93            (bitconcatenate   ) [ 00000000000]
p_shl2_cast       (zext             ) [ 00000000000]
tmp_94            (sub              ) [ 00000000000]
tmp_145_cast      (sext             ) [ 00000011111]
StgValue_69       (br               ) [ 00111111111]
tmp_48            (trunc            ) [ 00000000000]
tmp_52            (icmp             ) [ 00000000000]
tmp_53            (select           ) [ 00000000000]
StgValue_73       (store            ) [ 00000000000]
empty_65          (specregionend    ) [ 00000000000]
StgValue_75       (br               ) [ 00111111111]
kc                (phi              ) [ 00000010000]
sum_1             (phi              ) [ 00111111111]
kc_cast3          (zext             ) [ 00000000000]
exitcond1         (icmp             ) [ 00111111111]
empty_61          (speclooptripcount) [ 00000000000]
kc_3              (add              ) [ 00111111111]
StgValue_82       (br               ) [ 00000000000]
StgValue_83       (specloopname     ) [ 00000000000]
tmp_65            (specregionbegin  ) [ 00000001111]
tmp_57            (add              ) [ 00000000000]
tmp_95            (bitconcatenate   ) [ 00000000000]
tmp_147_cast      (zext             ) [ 00000000000]
tmp_96            (bitconcatenate   ) [ 00000000000]
p_shl4_cast       (zext             ) [ 00000000000]
tmp_97            (sub              ) [ 00000001111]
tmp_98            (add              ) [ 00000000000]
tmp_49            (shl              ) [ 00000000000]
tmp_99            (sub              ) [ 00000001111]
StgValue_94       (br               ) [ 00111111111]
empty_64          (specregionend    ) [ 00000000000]
StgValue_96       (br               ) [ 00111111111]
ic                (phi              ) [ 00000001000]
sum_2             (phi              ) [ 00111111111]
exitcond          (icmp             ) [ 00111111111]
empty_62          (speclooptripcount) [ 00000000000]
ic_4              (add              ) [ 00111111111]
StgValue_102      (br               ) [ 00000000000]
tmp_60            (zext             ) [ 00000000000]
tmp_60_cast       (zext             ) [ 00000000000]
tmp_100           (add              ) [ 00000000000]
tmp_155_cast      (bitconcatenate   ) [ 00000000000]
tmp_101           (add              ) [ 00000000000]
tmp_156_cast      (zext             ) [ 00000000000]
w_conv1_addr      (getelementptr    ) [ 00000000100]
tmp_102           (add              ) [ 00000000000]
tmp_157_cast      (sext             ) [ 00000000000]
input_addr        (getelementptr    ) [ 00000000100]
empty_63          (specregionend    ) [ 00000000000]
StgValue_116      (br               ) [ 00111111111]
input_load        (load             ) [ 00000000010]
w_conv1_load      (load             ) [ 00000000010]
w_conv1_load_cast (sext             ) [ 00000000000]
tmp_61            (mul              ) [ 00000000001]
StgValue_121      (specloopname     ) [ 00000000000]
sum_6             (add              ) [ 00111111111]
StgValue_123      (br               ) [ 00111111111]
</LifeTime>

<model>

<comp_list>
<comp id="0" class="1000" name="input_r">
<pin_list>
<pin id="1" dir="1" index="0" bw="1" slack="0"/>
</pin_list>
<bind>
<StgValue><ssdm name="input_r"/><MemPortTyVec>1 3 </MemPortTyVec>
</StgValue>
</bind>
</comp>

<comp id="2" class="1000" name="output_r">
<pin_list>
<pin id="3" dir="1" index="0" bw="1" slack="0"/>
</pin_list>
<bind>
<StgValue><ssdm name="output_r"/><MemPortTyVec>0 3 </MemPortTyVec>
</StgValue>
</bind>
</comp>

<comp id="4" class="1000" name="w_conv1">
<pin_list>
<pin id="5" dir="1" index="0" bw="1" slack="0"/>
</pin_list>
<bind>
<StgValue><ssdm name="w_conv1"/><MemPortTyVec>1 </MemPortTyVec>
</StgValue>
</bind>
</comp>

<comp id="6" class="1001" name="const_6">
<pin_list>
<pin id="7" dir="1" index="0" bw="1" slack="0"/>
</pin_list>
<bind>
<StgValue><ssdm name=""/></StgValue>
</bind>
</comp>

<comp id="8" class="1001" name="const_8">
<pin_list>
<pin id="9" dir="1" index="0" bw="1" slack="0"/>
</pin_list>
<bind>
<StgValue><ssdm name=""/></StgValue>
</bind>
</comp>

<comp id="10" class="1001" name="const_10">
<pin_list>
<pin id="11" dir="1" index="0" bw="1" slack="2147483647"/>
</pin_list>
<bind>
<StgValue><ssdm name="_ssdm_op_SpecLoopTripCount"/></StgValue>
</bind>
</comp>

<comp id="12" class="1001" name="const_12">
<pin_list>
<pin id="13" dir="1" index="0" bw="1" slack="2147483647"/>
</pin_list>
<bind>
<StgValue><ssdm name=""/></StgValue>
</bind>
</comp>

<comp id="14" class="1001" name="const_14">
<pin_list>
<pin id="15" dir="1" index="0" bw="1" slack="0"/>
</pin_list>
<bind>
<StgValue><ssdm name=""/></StgValue>
</bind>
</comp>

<comp id="16" class="1001" name="const_16">
<pin_list>
<pin id="17" dir="1" index="0" bw="1" slack="2147483647"/>
</pin_list>
<bind>
<StgValue><ssdm name="_ssdm_op_SpecLoopName"/></StgValue>
</bind>
</comp>

<comp id="18" class="1001" name="const_18">
<pin_list>
<pin id="19" dir="1" index="0" bw="1" slack="2147483647"/>
</pin_list>
<bind>
<StgValue><ssdm name="p_str"/></StgValue>
</bind>
</comp>

<comp id="20" class="1001" name="const_20">
<pin_list>
<pin id="21" dir="1" index="0" bw="1" slack="2147483647"/>
</pin_list>
<bind>
<StgValue><ssdm name="_ssdm_op_SpecRegionBegin"/></StgValue>
</bind>
</comp>

<comp id="22" class="1001" name="const_22">
<pin_list>
<pin id="23" dir="1" index="0" bw="1" slack="0"/>
</pin_list>
<bind>
<StgValue><ssdm name="_ssdm_op_BitConcatenate.i12.i6.i6"/></StgValue>
</bind>
</comp>

<comp id="24" class="1001" name="const_24">
<pin_list>
<pin id="25" dir="1" index="0" bw="1" slack="0"/>
</pin_list>
<bind>
<StgValue><ssdm name="_ssdm_op_BitConcatenate.i7.i6.i1"/></StgValue>
</bind>
</comp>

<comp id="26" class="1001" name="const_26">
<pin_list>
<pin id="27" dir="1" index="0" bw="1" slack="0"/>
</pin_list>
<bind>
<StgValue><ssdm name=""/></StgValue>
</bind>
</comp>

<comp id="28" class="1001" name="const_28">
<pin_list>
<pin id="29" dir="1" index="0" bw="1" slack="2147483647"/>
</pin_list>
<bind>
<StgValue><ssdm name="p_str1"/></StgValue>
</bind>
</comp>

<comp id="30" class="1001" name="const_30">
<pin_list>
<pin id="31" dir="1" index="0" bw="1" slack="0"/>
</pin_list>
<bind>
<StgValue><ssdm name="_ssdm_op_BitConcatenate.i16.i13.i3"/></StgValue>
</bind>
</comp>

<comp id="32" class="1001" name="const_32">
<pin_list>
<pin id="33" dir="1" index="0" bw="1" slack="0"/>
</pin_list>
<bind>
<StgValue><ssdm name=""/></StgValue>
</bind>
</comp>

<comp id="34" class="1001" name="const_34">
<pin_list>
<pin id="35" dir="1" index="0" bw="1" slack="2147483647"/>
</pin_list>
<bind>
<StgValue><ssdm name="_ssdm_op_SpecRegionEnd"/></StgValue>
</bind>
</comp>

<comp id="36" class="1001" name="const_36">
<pin_list>
<pin id="37" dir="1" index="0" bw="1" slack="1"/>
</pin_list>
<bind>
<StgValue><ssdm name=""/></StgValue>
</bind>
</comp>

<comp id="38" class="1001" name="const_38">
<pin_list>
<pin id="39" dir="1" index="0" bw="1" slack="0"/>
</pin_list>
<bind>
<StgValue><ssdm name=""/></StgValue>
</bind>
</comp>

<comp id="40" class="1001" name="const_40">
<pin_list>
<pin id="41" dir="1" index="0" bw="1" slack="2147483647"/>
</pin_list>
<bind>
<StgValue><ssdm name=""/></StgValue>
</bind>
</comp>

<comp id="42" class="1001" name="const_42">
<pin_list>
<pin id="43" dir="1" index="0" bw="1" slack="0"/>
</pin_list>
<bind>
<StgValue><ssdm name=""/></StgValue>
</bind>
</comp>

<comp id="44" class="1001" name="const_44">
<pin_list>
<pin id="45" dir="1" index="0" bw="1" slack="2147483647"/>
</pin_list>
<bind>
<StgValue><ssdm name="p_str2"/></StgValue>
</bind>
</comp>

<comp id="46" class="1001" name="const_46">
<pin_list>
<pin id="47" dir="1" index="0" bw="1" slack="0"/>
</pin_list>
<bind>
<StgValue><ssdm name=""/></StgValue>
</bind>
</comp>

<comp id="48" class="1001" name="const_48">
<pin_list>
<pin id="49" dir="1" index="0" bw="1" slack="0"/>
</pin_list>
<bind>
<StgValue><ssdm name=""/></StgValue>
</bind>
</comp>

<comp id="50" class="1001" name="const_50">
<pin_list>
<pin id="51" dir="1" index="0" bw="1" slack="0"/>
</pin_list>
<bind>
<StgValue><ssdm name=""/></StgValue>
</bind>
</comp>

<comp id="52" class="1001" name="const_52">
<pin_list>
<pin id="53" dir="1" index="0" bw="1" slack="0"/>
</pin_list>
<bind>
<StgValue><ssdm name=""/></StgValue>
</bind>
</comp>

<comp id="54" class="1001" name="const_54">
<pin_list>
<pin id="55" dir="1" index="0" bw="1" slack="2147483647"/>
</pin_list>
<bind>
<StgValue><ssdm name=""/></StgValue>
</bind>
</comp>

<comp id="56" class="1001" name="const_56">
<pin_list>
<pin id="57" dir="1" index="0" bw="1" slack="0"/>
</pin_list>
<bind>
<StgValue><ssdm name=""/></StgValue>
</bind>
</comp>

<comp id="58" class="1001" name="const_58">
<pin_list>
<pin id="59" dir="1" index="0" bw="1" slack="2147483647"/>
</pin_list>
<bind>
<StgValue><ssdm name="p_str3"/></StgValue>
</bind>
</comp>

<comp id="60" class="1001" name="const_60">
<pin_list>
<pin id="61" dir="1" index="0" bw="1" slack="0"/>
</pin_list>
<bind>
<StgValue><ssdm name="_ssdm_op_BitConcatenate.i4.i2.i2"/></StgValue>
</bind>
</comp>

<comp id="62" class="1001" name="const_62">
<pin_list>
<pin id="63" dir="1" index="0" bw="1" slack="0"/>
</pin_list>
<bind>
<StgValue><ssdm name=""/></StgValue>
</bind>
</comp>

<comp id="64" class="1001" name="const_64">
<pin_list>
<pin id="65" dir="1" index="0" bw="1" slack="2147483647"/>
</pin_list>
<bind>
<StgValue><ssdm name="p_str4"/></StgValue>
</bind>
</comp>

<comp id="66" class="1001" name="const_66">
<pin_list>
<pin id="67" dir="1" index="0" bw="1" slack="0"/>
</pin_list>
<bind>
<StgValue><ssdm name="_ssdm_op_BitConcatenate.i14.i6.i6.i2"/></StgValue>
</bind>
</comp>

<comp id="68" class="1001" name="const_68">
<pin_list>
<pin id="69" dir="1" index="0" bw="1" slack="0"/>
</pin_list>
<bind>
<StgValue><ssdm name=""/></StgValue>
</bind>
</comp>

<comp id="70" class="1001" name="const_70">
<pin_list>
<pin id="71" dir="1" index="0" bw="1" slack="0"/>
</pin_list>
<bind>
<StgValue><ssdm name="_ssdm_op_BitConcatenate.i9.i6.i3"/></StgValue>
</bind>
</comp>

<comp id="72" class="1001" name="const_72">
<pin_list>
<pin id="73" dir="1" index="0" bw="1" slack="2147483647"/>
</pin_list>
<bind>
<StgValue><ssdm name="p_str5"/></StgValue>
</bind>
</comp>

<comp id="74" class="1004" name="output_addr_gep_fu_74">
<pin_list>
<pin id="75" dir="0" index="0" bw="31" slack="0"/>
<pin id="76" dir="0" index="1" bw="1" slack="0"/>
<pin id="77" dir="0" index="2" bw="16" slack="0"/>
<pin id="78" dir="1" index="3" bw="15" slack="1"/>
</pin_list>
<bind>
<opcode="getelementptr(29) " fcode="getelementptr"/>
<opset="output_addr/4 "/>
</bind>
</comp>

<comp id="81" class="1004" name="StgValue_73_access_fu_81">
<pin_list>
<pin id="82" dir="0" index="0" bw="15" slack="1"/>
<pin id="83" dir="0" index="1" bw="31" slack="0"/>
<pin id="84" dir="0" index="2" bw="0" slack="2147483647"/>
<pin id="85" dir="1" index="3" bw="31" slack="2147483647"/>
</pin_list>
<bind>
<opcode="store(28) " fcode="store"/>
<opset="StgValue_73/5 "/>
</bind>
</comp>

<comp id="86" class="1004" name="w_conv1_addr_gep_fu_86">
<pin_list>
<pin id="87" dir="0" index="0" bw="4" slack="0"/>
<pin id="88" dir="0" index="1" bw="1" slack="0"/>
<pin id="89" dir="0" index="2" bw="9" slack="0"/>
<pin id="90" dir="1" index="3" bw="8" slack="0"/>
</pin_list>
<bind>
<opcode="getelementptr(29) " fcode="getelementptr"/>
<opset="w_conv1_addr/7 "/>
</bind>
</comp>

<comp id="93" class="1004" name="input_addr_gep_fu_93">
<pin_list>
<pin id="94" dir="0" index="0" bw="32" slack="0"/>
<pin id="95" dir="0" index="1" bw="1" slack="0"/>
<pin id="96" dir="0" index="2" bw="15" slack="0"/>
<pin id="97" dir="1" index="3" bw="14" slack="0"/>
</pin_list>
<bind>
<opcode="getelementptr(29) " fcode="getelementptr"/>
<opset="input_addr/7 "/>
</bind>
</comp>

<comp id="100" class="1004" name="grp_access_fu_100">
<pin_list>
<pin id="101" dir="0" index="0" bw="14" slack="0"/>
<pin id="102" dir="0" index="1" bw="32" slack="2147483647"/>
<pin id="103" dir="0" index="2" bw="0" slack="2147483647"/>
<pin id="104" dir="1" index="3" bw="32" slack="1"/>
</pin_list>
<bind>
<opcode="load(27) " fcode="load"/>
<opset="input_load/7 "/>
</bind>
</comp>

<comp id="106" class="1004" name="grp_access_fu_106">
<pin_list>
<pin id="107" dir="0" index="0" bw="8" slack="0"/>
<pin id="108" dir="0" index="1" bw="4" slack="2147483647"/>
<pin id="109" dir="0" index="2" bw="0" slack="2147483647"/>
<pin id="110" dir="1" index="3" bw="4" slack="1"/>
</pin_list>
<bind>
<opcode="load(27) " fcode="load"/>
<opset="w_conv1_load/7 "/>
</bind>
</comp>

<comp id="112" class="1005" name="row_reg_112">
<pin_list>
<pin id="113" dir="0" index="0" bw="6" slack="1"/>
<pin id="114" dir="1" index="1" bw="6" slack="1"/>
</pin_list>
<bind>
<opset="row (phireg) "/>
</bind>
</comp>

<comp id="116" class="1004" name="row_phi_fu_116">
<pin_list>
<pin id="117" dir="0" index="0" bw="1" slack="1"/>
<pin id="118" dir="0" index="1" bw="0" slack="2147483647"/>
<pin id="119" dir="0" index="2" bw="6" slack="0"/>
<pin id="120" dir="0" index="3" bw="0" slack="2147483647"/>
<pin id="121" dir="1" index="4" bw="6" slack="0"/>
</pin_list>
<bind>
<opcode="phi(47) " fcode="phi"/>
<opset="row/2 "/>
</bind>
</comp>

<comp id="124" class="1005" name="col_reg_124">
<pin_list>
<pin id="125" dir="0" index="0" bw="6" slack="1"/>
<pin id="126" dir="1" index="1" bw="6" slack="1"/>
</pin_list>
<bind>
<opset="col (phireg) "/>
</bind>
</comp>

<comp id="128" class="1004" name="col_phi_fu_128">
<pin_list>
<pin id="129" dir="0" index="0" bw="1" slack="1"/>
<pin id="130" dir="0" index="1" bw="0" slack="2147483647"/>
<pin id="131" dir="0" index="2" bw="6" slack="0"/>
<pin id="132" dir="0" index="3" bw="0" slack="2147483647"/>
<pin id="133" dir="1" index="4" bw="6" slack="0"/>
</pin_list>
<bind>
<opcode="phi(47) " fcode="phi"/>
<opset="col/3 "/>
</bind>
</comp>

<comp id="136" class="1005" name="oc_reg_136">
<pin_list>
<pin id="137" dir="0" index="0" bw="4" slack="1"/>
<pin id="138" dir="1" index="1" bw="4" slack="1"/>
</pin_list>
<bind>
<opset="oc (phireg) "/>
</bind>
</comp>

<comp id="140" class="1004" name="oc_phi_fu_140">
<pin_list>
<pin id="141" dir="0" index="0" bw="1" slack="1"/>
<pin id="142" dir="0" index="1" bw="0" slack="2147483647"/>
<pin id="143" dir="0" index="2" bw="4" slack="0"/>
<pin id="144" dir="0" index="3" bw="0" slack="2147483647"/>
<pin id="145" dir="1" index="4" bw="4" slack="0"/>
</pin_list>
<bind>
<opcode="phi(47) " fcode="phi"/>
<opset="oc/4 "/>
</bind>
</comp>

<comp id="147" class="1005" name="kr_reg_147">
<pin_list>
<pin id="148" dir="0" index="0" bw="2" slack="1"/>
<pin id="149" dir="1" index="1" bw="2" slack="1"/>
</pin_list>
<bind>
<opset="kr (phireg) "/>
</bind>
</comp>

<comp id="151" class="1004" name="kr_phi_fu_151">
<pin_list>
<pin id="152" dir="0" index="0" bw="1" slack="1"/>
<pin id="153" dir="0" index="1" bw="0" slack="2147483647"/>
<pin id="154" dir="0" index="2" bw="2" slack="0"/>
<pin id="155" dir="0" index="3" bw="0" slack="2147483647"/>
<pin id="156" dir="1" index="4" bw="2" slack="0"/>
</pin_list>
<bind>
<opcode="phi(47) " fcode="phi"/>
<opset="kr/5 "/>
</bind>
</comp>

<comp id="158" class="1005" name="sum_reg_158">
<pin_list>
<pin id="159" dir="0" index="0" bw="32" slack="1"/>
<pin id="160" dir="1" index="1" bw="32" slack="1"/>
</pin_list>
<bind>
<opset="sum (phireg) "/>
</bind>
</comp>

<comp id="162" class="1004" name="sum_phi_fu_162">
<pin_list>
<pin id="163" dir="0" index="0" bw="1" slack="1"/>
<pin id="164" dir="0" index="1" bw="0" slack="2147483647"/>
<pin id="165" dir="0" index="2" bw="32" slack="1"/>
<pin id="166" dir="0" index="3" bw="0" slack="2147483647"/>
<pin id="167" dir="1" index="4" bw="32" slack="0"/>
</pin_list>
<bind>
<opcode="phi(47) " fcode="phi"/>
<opset="sum/5 "/>
</bind>
</comp>

<comp id="170" class="1005" name="kc_reg_170">
<pin_list>
<pin id="171" dir="0" index="0" bw="2" slack="1"/>
<pin id="172" dir="1" index="1" bw="2" slack="1"/>
</pin_list>
<bind>
<opset="kc (phireg) "/>
</bind>
</comp>

<comp id="174" class="1004" name="kc_phi_fu_174">
<pin_list>
<pin id="175" dir="0" index="0" bw="1" slack="1"/>
<pin id="176" dir="0" index="1" bw="0" slack="2147483647"/>
<pin id="177" dir="0" index="2" bw="2" slack="0"/>
<pin id="178" dir="0" index="3" bw="0" slack="2147483647"/>
<pin id="179" dir="1" index="4" bw="2" slack="0"/>
</pin_list>
<bind>
<opcode="phi(47) " fcode="phi"/>
<opset="kc/6 "/>
</bind>
</comp>

<comp id="181" class="1005" name="sum_1_reg_181">
<pin_list>
<pin id="182" dir="0" index="0" bw="32" slack="1"/>
<pin id="183" dir="1" index="1" bw="32" slack="1"/>
</pin_list>
<bind>
<opset="sum_1 (phireg) "/>
</bind>
</comp>

<comp id="185" class="1004" name="sum_1_phi_fu_185">
<pin_list>
<pin id="186" dir="0" index="0" bw="32" slack="1"/>
<pin id="187" dir="0" index="1" bw="0" slack="2147483647"/>
<pin id="188" dir="0" index="2" bw="32" slack="1"/>
<pin id="189" dir="0" index="3" bw="0" slack="2147483647"/>
<pin id="190" dir="1" index="4" bw="32" slack="1"/>
</pin_list>
<bind>
<opcode="phi(47) " fcode="phi"/>
<opset="sum_1/6 "/>
</bind>
</comp>

<comp id="193" class="1005" name="ic_reg_193">
<pin_list>
<pin id="194" dir="0" index="0" bw="2" slack="1"/>
<pin id="195" dir="1" index="1" bw="2" slack="1"/>
</pin_list>
<bind>
<opset="ic (phireg) "/>
</bind>
</comp>

<comp id="197" class="1004" name="ic_phi_fu_197">
<pin_list>
<pin id="198" dir="0" index="0" bw="1" slack="1"/>
<pin id="199" dir="0" index="1" bw="0" slack="2147483647"/>
<pin id="200" dir="0" index="2" bw="2" slack="0"/>
<pin id="201" dir="0" index="3" bw="0" slack="2147483647"/>
<pin id="202" dir="1" index="4" bw="2" slack="0"/>
</pin_list>
<bind>
<opcode="phi(47) " fcode="phi"/>
<opset="ic/7 "/>
</bind>
</comp>

<comp id="204" class="1005" name="sum_2_reg_204">
<pin_list>
<pin id="205" dir="0" index="0" bw="32" slack="1"/>
<pin id="206" dir="1" index="1" bw="32" slack="1"/>
</pin_list>
<bind>
<opset="sum_2 (phireg) "/>
</bind>
</comp>

<comp id="208" class="1004" name="sum_2_phi_fu_208">
<pin_list>
<pin id="209" dir="0" index="0" bw="32" slack="1"/>
<pin id="210" dir="0" index="1" bw="0" slack="2147483647"/>
<pin id="211" dir="0" index="2" bw="32" slack="1"/>
<pin id="212" dir="0" index="3" bw="0" slack="2147483647"/>
<pin id="213" dir="1" index="4" bw="32" slack="1"/>
</pin_list>
<bind>
<opcode="phi(47) " fcode="phi"/>
<opset="sum_2/7 "/>
</bind>
</comp>

<comp id="216" class="1004" name="exitcond5_fu_216">
<pin_list>
<pin id="217" dir="0" index="0" bw="6" slack="0"/>
<pin id="218" dir="0" index="1" bw="2" slack="0"/>
<pin id="219" dir="1" index="2" bw="1" slack="2147483647"/>
</pin_list>
<bind>
<opcode="icmp(45) " fcode="icmp"/>
<opset="exitcond5/2 "/>
</bind>
</comp>

<comp id="222" class="1004" name="row_3_fu_222">
<pin_list>
<pin id="223" dir="0" index="0" bw="6" slack="0"/>
<pin id="224" dir="0" index="1" bw="1" slack="0"/>
<pin id="225" dir="1" index="2" bw="6" slack="0"/>
</pin_list>
<bind>
<opcode="add(8) " fcode="add"/>
<opset="row_3/2 "/>
</bind>
</comp>

<comp id="228" class="1004" name="tmp_fu_228">
<pin_list>
<pin id="229" dir="0" index="0" bw="12" slack="0"/>
<pin id="230" dir="0" index="1" bw="6" slack="0"/>
<pin id="231" dir="0" index="2" bw="1" slack="0"/>
<pin id="232" dir="1" index="3" bw="12" slack="0"/>
</pin_list>
<bind>
<opcode="bitconcatenate(1004) " fcode="bitconcatenate"/>
<opset="tmp/2 "/>
</bind>
</comp>

<comp id="236" class="1004" name="p_shl_cast_fu_236">
<pin_list>
<pin id="237" dir="0" index="0" bw="12" slack="0"/>
<pin id="238" dir="1" index="1" bw="13" slack="0"/>
</pin_list>
<bind>
<opcode="zext(34) " fcode="zext"/>
<opset="p_shl_cast/2 "/>
</bind>
</comp>

<comp id="240" class="1004" name="tmp_s_fu_240">
<pin_list>
<pin id="241" dir="0" index="0" bw="7" slack="0"/>
<pin id="242" dir="0" index="1" bw="6" slack="0"/>
<pin id="243" dir="0" index="2" bw="1" slack="0"/>
<pin id="244" dir="1" index="3" bw="7" slack="0"/>
</pin_list>
<bind>
<opcode="bitconcatenate(1004) " fcode="bitconcatenate"/>
<opset="tmp_s/2 "/>
</bind>
</comp>

<comp id="248" class="1004" name="p_shl1_cast_fu_248">
<pin_list>
<pin id="249" dir="0" index="0" bw="7" slack="0"/>
<pin id="250" dir="1" index="1" bw="13" slack="0"/>
</pin_list>
<bind>
<opcode="zext(34) " fcode="zext"/>
<opset="p_shl1_cast/2 "/>
</bind>
</comp>

<comp id="252" class="1004" name="tmp_90_fu_252">
<pin_list>
<pin id="253" dir="0" index="0" bw="12" slack="0"/>
<pin id="254" dir="0" index="1" bw="7" slack="0"/>
<pin id="255" dir="1" index="2" bw="13" slack="1"/>
</pin_list>
<bind>
<opcode="sub(10) " fcode="sub"/>
<opset="tmp_90/2 "/>
</bind>
</comp>

<comp id="258" class="1004" name="exitcond4_fu_258">
<pin_list>
<pin id="259" dir="0" index="0" bw="6" slack="0"/>
<pin id="260" dir="0" index="1" bw="2" slack="0"/>
<pin id="261" dir="1" index="2" bw="1" slack="2147483647"/>
</pin_list>
<bind>
<opcode="icmp(45) " fcode="icmp"/>
<opset="exitcond4/3 "/>
</bind>
</comp>

<comp id="264" class="1004" name="col_3_fu_264">
<pin_list>
<pin id="265" dir="0" index="0" bw="6" slack="0"/>
<pin id="266" dir="0" index="1" bw="1" slack="0"/>
<pin id="267" dir="1" index="2" bw="6" slack="0"/>
</pin_list>
<bind>
<opcode="add(8) " fcode="add"/>
<opset="col_3/3 "/>
</bind>
</comp>

<comp id="270" class="1004" name="tmp_cast_fu_270">
<pin_list>
<pin id="271" dir="0" index="0" bw="6" slack="0"/>
<pin id="272" dir="1" index="1" bw="13" slack="0"/>
</pin_list>
<bind>
<opcode="zext(34) " fcode="zext"/>
<opset="tmp_cast/3 "/>
</bind>
</comp>

<comp id="274" class="1004" name="tmp_91_fu_274">
<pin_list>
<pin id="275" dir="0" index="0" bw="6" slack="0"/>
<pin id="276" dir="0" index="1" bw="13" slack="1"/>
<pin id="277" dir="1" index="2" bw="13" slack="0"/>
</pin_list>
<bind>
<opcode="add(8) " fcode="add"/>
<opset="tmp_91/3 "/>
</bind>
</comp>

<comp id="279" class="1004" name="tmp_142_cast_fu_279">
<pin_list>
<pin id="280" dir="0" index="0" bw="16" slack="0"/>
<pin id="281" dir="0" index="1" bw="13" slack="0"/>
<pin id="282" dir="0" index="2" bw="1" slack="0"/>
<pin id="283" dir="1" index="3" bw="16" slack="1"/>
</pin_list>
<bind>
<opcode="bitconcatenate(1004) " fcode="bitconcatenate"/>
<opset="tmp_142_cast/3 "/>
</bind>
</comp>

<comp id="287" class="1004" name="exitcond3_fu_287">
<pin_list>
<pin id="288" dir="0" index="0" bw="4" slack="0"/>
<pin id="289" dir="0" index="1" bw="4" slack="0"/>
<pin id="290" dir="1" index="2" bw="1" slack="2147483647"/>
</pin_list>
<bind>
<opcode="icmp(45) " fcode="icmp"/>
<opset="exitcond3/4 "/>
</bind>
</comp>

<comp id="293" class="1004" name="oc_4_fu_293">
<pin_list>
<pin id="294" dir="0" index="0" bw="4" slack="0"/>
<pin id="295" dir="0" index="1" bw="1" slack="0"/>
<pin id="296" dir="1" index="2" bw="4" slack="0"/>
</pin_list>
<bind>
<opcode="add(8) " fcode="add"/>
<opset="oc_4/4 "/>
</bind>
</comp>

<comp id="299" class="1004" name="tmp_51_cast5_fu_299">
<pin_list>
<pin id="300" dir="0" index="0" bw="4" slack="0"/>
<pin id="301" dir="1" index="1" bw="9" slack="3"/>
</pin_list>
<bind>
<opcode="zext(34) " fcode="zext"/>
<opset="tmp_51_cast5/4 "/>
</bind>
</comp>

<comp id="303" class="1004" name="tmp_51_cast_fu_303">
<pin_list>
<pin id="304" dir="0" index="0" bw="4" slack="0"/>
<pin id="305" dir="1" index="1" bw="16" slack="0"/>
</pin_list>
<bind>
<opcode="zext(34) " fcode="zext"/>
<opset="tmp_51_cast/4 "/>
</bind>
</comp>

<comp id="307" class="1004" name="tmp_92_fu_307">
<pin_list>
<pin id="308" dir="0" index="0" bw="16" slack="1"/>
<pin id="309" dir="0" index="1" bw="4" slack="0"/>
<pin id="310" dir="1" index="2" bw="16" slack="0"/>
</pin_list>
<bind>
<opcode="add(8) " fcode="add"/>
<opset="tmp_92/4 "/>
</bind>
</comp>

<comp id="312" class="1004" name="tmp_143_cast_fu_312">
<pin_list>
<pin id="313" dir="0" index="0" bw="16" slack="0"/>
<pin id="314" dir="1" index="1" bw="64" slack="0"/>
</pin_list>
<bind>
<opcode="zext(34) " fcode="zext"/>
<opset="tmp_143_cast/4 "/>
</bind>
</comp>

<comp id="317" class="1004" name="kr_cast5_fu_317">
<pin_list>
<pin id="318" dir="0" index="0" bw="2" slack="0"/>
<pin id="319" dir="1" index="1" bw="6" slack="0"/>
</pin_list>
<bind>
<opcode="zext(34) " fcode="zext"/>
<opset="kr_cast5/5 "/>
</bind>
</comp>

<comp id="321" class="1004" name="exitcond2_fu_321">
<pin_list>
<pin id="322" dir="0" index="0" bw="2" slack="0"/>
<pin id="323" dir="0" index="1" bw="1" slack="0"/>
<pin id="324" dir="1" index="2" bw="1" slack="2147483647"/>
</pin_list>
<bind>
<opcode="icmp(45) " fcode="icmp"/>
<opset="exitcond2/5 "/>
</bind>
</comp>

<comp id="327" class="1004" name="kr_3_fu_327">
<pin_list>
<pin id="328" dir="0" index="0" bw="2" slack="0"/>
<pin id="329" dir="0" index="1" bw="1" slack="0"/>
<pin id="330" dir="1" index="2" bw="2" slack="0"/>
</pin_list>
<bind>
<opcode="add(8) " fcode="add"/>
<opset="kr_3/5 "/>
</bind>
</comp>

<comp id="333" class="1004" name="tmp_54_fu_333">
<pin_list>
<pin id="334" dir="0" index="0" bw="2" slack="0"/>
<pin id="335" dir="0" index="1" bw="6" slack="3"/>
<pin id="336" dir="1" index="2" bw="6" slack="1"/>
</pin_list>
<bind>
<opcode="add(8) " fcode="add"/>
<opset="tmp_54/5 "/>
</bind>
</comp>

<comp id="339" class="1004" name="tmp_56_cast_fu_339">
<pin_list>
<pin id="340" dir="0" index="0" bw="2" slack="0"/>
<pin id="341" dir="1" index="1" bw="5" slack="0"/>
</pin_list>
<bind>
<opcode="zext(34) " fcode="zext"/>
<opset="tmp_56_cast/5 "/>
</bind>
</comp>

<comp id="343" class="1004" name="tmp_93_fu_343">
<pin_list>
<pin id="344" dir="0" index="0" bw="4" slack="0"/>
<pin id="345" dir="0" index="1" bw="2" slack="0"/>
<pin id="346" dir="0" index="2" bw="1" slack="0"/>
<pin id="347" dir="1" index="3" bw="4" slack="0"/>
</pin_list>
<bind>
<opcode="bitconcatenate(1004) " fcode="bitconcatenate"/>
<opset="tmp_93/5 "/>
</bind>
</comp>

<comp id="351" class="1004" name="p_shl2_cast_fu_351">
<pin_list>
<pin id="352" dir="0" index="0" bw="4" slack="0"/>
<pin id="353" dir="1" index="1" bw="5" slack="0"/>
</pin_list>
<bind>
<opcode="zext(34) " fcode="zext"/>
<opset="p_shl2_cast/5 "/>
</bind>
</comp>

<comp id="355" class="1004" name="tmp_94_fu_355">
<pin_list>
<pin id="356" dir="0" index="0" bw="4" slack="0"/>
<pin id="357" dir="0" index="1" bw="2" slack="0"/>
<pin id="358" dir="1" index="2" bw="5" slack="0"/>
</pin_list>
<bind>
<opcode="sub(10) " fcode="sub"/>
<opset="tmp_94/5 "/>
</bind>
</comp>

<comp id="361" class="1004" name="tmp_145_cast_fu_361">
<pin_list>
<pin id="362" dir="0" index="0" bw="5" slack="0"/>
<pin id="363" dir="1" index="1" bw="6" slack="1"/>
</pin_list>
<bind>
<opcode="sext(35) " fcode="sext"/>
<opset="tmp_145_cast/5 "/>
</bind>
</comp>

<comp id="365" class="1004" name="tmp_48_fu_365">
<pin_list>
<pin id="366" dir="0" index="0" bw="32" slack="0"/>
<pin id="367" dir="1" index="1" bw="31" slack="0"/>
</pin_list>
<bind>
<opcode="trunc(33) " fcode="trunc"/>
<opset="tmp_48/5 "/>
</bind>
</comp>

<comp id="369" class="1004" name="tmp_52_fu_369">
<pin_list>
<pin id="370" dir="0" index="0" bw="32" slack="0"/>
<pin id="371" dir="0" index="1" bw="1" slack="0"/>
<pin id="372" dir="1" index="2" bw="1" slack="0"/>
</pin_list>
<bind>
<opcode="icmp(45) " fcode="icmp"/>
<opset="tmp_52/5 "/>
</bind>
</comp>

<comp id="375" class="1004" name="tmp_53_fu_375">
<pin_list>
<pin id="376" dir="0" index="0" bw="1" slack="0"/>
<pin id="377" dir="0" index="1" bw="31" slack="0"/>
<pin id="378" dir="0" index="2" bw="1" slack="0"/>
<pin id="379" dir="1" index="3" bw="31" slack="0"/>
</pin_list>
<bind>
<opcode="select(49) " fcode="select"/>
<opset="tmp_53/5 "/>
</bind>
</comp>

<comp id="384" class="1004" name="kc_cast3_fu_384">
<pin_list>
<pin id="385" dir="0" index="0" bw="2" slack="0"/>
<pin id="386" dir="1" index="1" bw="6" slack="0"/>
</pin_list>
<bind>
<opcode="zext(34) " fcode="zext"/>
<opset="kc_cast3/6 "/>
</bind>
</comp>

<comp id="388" class="1004" name="exitcond1_fu_388">
<pin_list>
<pin id="389" dir="0" index="0" bw="2" slack="0"/>
<pin id="390" dir="0" index="1" bw="1" slack="0"/>
<pin id="391" dir="1" index="2" bw="1" slack="2147483647"/>
</pin_list>
<bind>
<opcode="icmp(45) " fcode="icmp"/>
<opset="exitcond1/6 "/>
</bind>
</comp>

<comp id="394" class="1004" name="kc_3_fu_394">
<pin_list>
<pin id="395" dir="0" index="0" bw="2" slack="0"/>
<pin id="396" dir="0" index="1" bw="1" slack="0"/>
<pin id="397" dir="1" index="2" bw="2" slack="0"/>
</pin_list>
<bind>
<opcode="add(8) " fcode="add"/>
<opset="kc_3/6 "/>
</bind>
</comp>

<comp id="400" class="1004" name="tmp_57_fu_400">
<pin_list>
<pin id="401" dir="0" index="0" bw="6" slack="3"/>
<pin id="402" dir="0" index="1" bw="2" slack="0"/>
<pin id="403" dir="1" index="2" bw="6" slack="0"/>
</pin_list>
<bind>
<opcode="add(8) " fcode="add"/>
<opset="tmp_57/6 "/>
</bind>
</comp>

<comp id="406" class="1004" name="tmp_95_fu_406">
<pin_list>
<pin id="407" dir="0" index="0" bw="12" slack="0"/>
<pin id="408" dir="0" index="1" bw="6" slack="1"/>
<pin id="409" dir="0" index="2" bw="6" slack="0"/>
<pin id="410" dir="1" index="3" bw="12" slack="0"/>
</pin_list>
<bind>
<opcode="bitconcatenate(1004) " fcode="bitconcatenate"/>
<opset="tmp_95/6 "/>
</bind>
</comp>

<comp id="413" class="1004" name="tmp_147_cast_fu_413">
<pin_list>
<pin id="414" dir="0" index="0" bw="12" slack="0"/>
<pin id="415" dir="1" index="1" bw="15" slack="0"/>
</pin_list>
<bind>
<opcode="zext(34) " fcode="zext"/>
<opset="tmp_147_cast/6 "/>
</bind>
</comp>

<comp id="417" class="1004" name="tmp_96_fu_417">
<pin_list>
<pin id="418" dir="0" index="0" bw="14" slack="0"/>
<pin id="419" dir="0" index="1" bw="6" slack="1"/>
<pin id="420" dir="0" index="2" bw="6" slack="0"/>
<pin id="421" dir="0" index="3" bw="1" slack="0"/>
<pin id="422" dir="1" index="4" bw="14" slack="0"/>
</pin_list>
<bind>
<opcode="bitconcatenate(1004) " fcode="bitconcatenate"/>
<opset="tmp_96/6 "/>
</bind>
</comp>

<comp id="426" class="1004" name="p_shl4_cast_fu_426">
<pin_list>
<pin id="427" dir="0" index="0" bw="14" slack="0"/>
<pin id="428" dir="1" index="1" bw="15" slack="0"/>
</pin_list>
<bind>
<opcode="zext(34) " fcode="zext"/>
<opset="p_shl4_cast/6 "/>
</bind>
</comp>

<comp id="430" class="1004" name="tmp_97_fu_430">
<pin_list>
<pin id="431" dir="0" index="0" bw="14" slack="0"/>
<pin id="432" dir="0" index="1" bw="12" slack="0"/>
<pin id="433" dir="1" index="2" bw="15" slack="1"/>
</pin_list>
<bind>
<opcode="sub(10) " fcode="sub"/>
<opset="tmp_97/6 "/>
</bind>
</comp>

<comp id="436" class="1004" name="tmp_98_fu_436">
<pin_list>
<pin id="437" dir="0" index="0" bw="2" slack="0"/>
<pin id="438" dir="0" index="1" bw="5" slack="1"/>
<pin id="439" dir="1" index="2" bw="6" slack="0"/>
</pin_list>
<bind>
<opcode="add(8) " fcode="add"/>
<opset="tmp_98/6 "/>
</bind>
</comp>

<comp id="441" class="1004" name="tmp_49_fu_441">
<pin_list>
<pin id="442" dir="0" index="0" bw="6" slack="0"/>
<pin id="443" dir="0" index="1" bw="3" slack="0"/>
<pin id="444" dir="1" index="2" bw="6" slack="0"/>
</pin_list>
<bind>
<opcode="shl(20) " fcode="shl"/>
<opset="tmp_49/6 "/>
</bind>
</comp>

<comp id="447" class="1004" name="tmp_99_fu_447">
<pin_list>
<pin id="448" dir="0" index="0" bw="6" slack="0"/>
<pin id="449" dir="0" index="1" bw="6" slack="0"/>
<pin id="450" dir="1" index="2" bw="6" slack="1"/>
</pin_list>
<bind>
<opcode="sub(10) " fcode="sub"/>
<opset="tmp_99/6 "/>
</bind>
</comp>

<comp id="453" class="1004" name="exitcond_fu_453">
<pin_list>
<pin id="454" dir="0" index="0" bw="2" slack="0"/>
<pin id="455" dir="0" index="1" bw="1" slack="0"/>
<pin id="456" dir="1" index="2" bw="1" slack="2147483647"/>
</pin_list>
<bind>
<opcode="icmp(45) " fcode="icmp"/>
<opset="exitcond/7 "/>
</bind>
</comp>

<comp id="459" class="1004" name="ic_4_fu_459">
<pin_list>
<pin id="460" dir="0" index="0" bw="2" slack="0"/>
<pin id="461" dir="0" index="1" bw="1" slack="0"/>
<pin id="462" dir="1" index="2" bw="2" slack="0"/>
</pin_list>
<bind>
<opcode="add(8) " fcode="add"/>
<opset="ic_4/7 "/>
</bind>
</comp>

<comp id="465" class="1004" name="tmp_60_fu_465">
<pin_list>
<pin id="466" dir="0" index="0" bw="2" slack="0"/>
<pin id="467" dir="1" index="1" bw="6" slack="0"/>
</pin_list>
<bind>
<opcode="zext(34) " fcode="zext"/>
<opset="tmp_60/7 "/>
</bind>
</comp>

<comp id="469" class="1004" name="tmp_60_cast_fu_469">
<pin_list>
<pin id="470" dir="0" index="0" bw="2" slack="0"/>
<pin id="471" dir="1" index="1" bw="15" slack="0"/>
</pin_list>
<bind>
<opcode="zext(34) " fcode="zext"/>
<opset="tmp_60_cast/7 "/>
</bind>
</comp>

<comp id="473" class="1004" name="tmp_100_fu_473">
<pin_list>
<pin id="474" dir="0" index="0" bw="2" slack="0"/>
<pin id="475" dir="0" index="1" bw="6" slack="1"/>
<pin id="476" dir="1" index="2" bw="6" slack="0"/>
</pin_list>
<bind>
<opcode="add(8) " fcode="add"/>
<opset="tmp_100/7 "/>
</bind>
</comp>

<comp id="478" class="1004" name="tmp_155_cast_fu_478">
<pin_list>
<pin id="479" dir="0" index="0" bw="9" slack="0"/>
<pin id="480" dir="0" index="1" bw="6" slack="0"/>
<pin id="481" dir="0" index="2" bw="1" slack="0"/>
<pin id="482" dir="1" index="3" bw="9" slack="0"/>
</pin_list>
<bind>
<opcode="bitconcatenate(1004) " fcode="bitconcatenate"/>
<opset="tmp_155_cast/7 "/>
</bind>
</comp>

<comp id="486" class="1004" name="tmp_101_fu_486">
<pin_list>
<pin id="487" dir="0" index="0" bw="4" slack="3"/>
<pin id="488" dir="0" index="1" bw="9" slack="0"/>
<pin id="489" dir="1" index="2" bw="9" slack="0"/>
</pin_list>
<bind>
<opcode="add(8) " fcode="add"/>
<opset="tmp_101/7 "/>
</bind>
</comp>

<comp id="491" class="1004" name="tmp_156_cast_fu_491">
<pin_list>
<pin id="492" dir="0" index="0" bw="9" slack="0"/>
<pin id="493" dir="1" index="1" bw="64" slack="0"/>
</pin_list>
<bind>
<opcode="zext(34) " fcode="zext"/>
<opset="tmp_156_cast/7 "/>
</bind>
</comp>

<comp id="496" class="1004" name="tmp_102_fu_496">
<pin_list>
<pin id="497" dir="0" index="0" bw="2" slack="0"/>
<pin id="498" dir="0" index="1" bw="15" slack="1"/>
<pin id="499" dir="1" index="2" bw="15" slack="0"/>
</pin_list>
<bind>
<opcode="add(8) " fcode="add"/>
<opset="tmp_102/7 "/>
</bind>
</comp>

<comp id="501" class="1004" name="tmp_157_cast_fu_501">
<pin_list>
<pin id="502" dir="0" index="0" bw="15" slack="0"/>
<pin id="503" dir="1" index="1" bw="64" slack="0"/>
</pin_list>
<bind>
<opcode="sext(35) " fcode="sext"/>
<opset="tmp_157_cast/7 "/>
</bind>
</comp>

<comp id="506" class="1004" name="w_conv1_load_cast_fu_506">
<pin_list>
<pin id="507" dir="0" index="0" bw="4" slack="1"/>
<pin id="508" dir="1" index="1" bw="32" slack="0"/>
</pin_list>
<bind>
<opcode="sext(35) " fcode="sext"/>
<opset="w_conv1_load_cast/9 "/>
</bind>
</comp>

<comp id="509" class="1004" name="tmp_61_fu_509">
<pin_list>
<pin id="510" dir="0" index="0" bw="32" slack="1"/>
<pin id="511" dir="0" index="1" bw="4" slack="0"/>
<pin id="512" dir="1" index="2" bw="32" slack="1"/>
</pin_list>
<bind>
<opcode="mul(12) " fcode="mul"/>
<opset="tmp_61/9 "/>
</bind>
</comp>

<comp id="514" class="1004" name="sum_6_fu_514">
<pin_list>
<pin id="515" dir="0" index="0" bw="32" slack="1"/>
<pin id="516" dir="0" index="1" bw="32" slack="3"/>
<pin id="517" dir="1" index="2" bw="32" slack="1"/>
</pin_list>
<bind>
<opcode="add(8) " fcode="add"/>
<opset="sum_6/10 "/>
</bind>
</comp>

<comp id="522" class="1005" name="row_3_reg_522">
<pin_list>
<pin id="523" dir="0" index="0" bw="6" slack="0"/>
<pin id="524" dir="1" index="1" bw="6" slack="0"/>
</pin_list>
<bind>
<opset="row_3 "/>
</bind>
</comp>

<comp id="527" class="1005" name="tmp_90_reg_527">
<pin_list>
<pin id="528" dir="0" index="0" bw="13" slack="1"/>
<pin id="529" dir="1" index="1" bw="13" slack="1"/>
</pin_list>
<bind>
<opset="tmp_90 "/>
</bind>
</comp>

<comp id="535" class="1005" name="col_3_reg_535">
<pin_list>
<pin id="536" dir="0" index="0" bw="6" slack="0"/>
<pin id="537" dir="1" index="1" bw="6" slack="0"/>
</pin_list>
<bind>
<opset="col_3 "/>
</bind>
</comp>

<comp id="540" class="1005" name="tmp_142_cast_reg_540">
<pin_list>
<pin id="541" dir="0" index="0" bw="16" slack="1"/>
<pin id="542" dir="1" index="1" bw="16" slack="1"/>
</pin_list>
<bind>
<opset="tmp_142_cast "/>
</bind>
</comp>

<comp id="548" class="1005" name="oc_4_reg_548">
<pin_list>
<pin id="549" dir="0" index="0" bw="4" slack="0"/>
<pin id="550" dir="1" index="1" bw="4" slack="0"/>
</pin_list>
<bind>
<opset="oc_4 "/>
</bind>
</comp>

<comp id="553" class="1005" name="tmp_51_cast5_reg_553">
<pin_list>
<pin id="554" dir="0" index="0" bw="9" slack="3"/>
<pin id="555" dir="1" index="1" bw="9" slack="3"/>
</pin_list>
<bind>
<opset="tmp_51_cast5 "/>
</bind>
</comp>

<comp id="558" class="1005" name="output_addr_reg_558">
<pin_list>
<pin id="559" dir="0" index="0" bw="15" slack="1"/>
<pin id="560" dir="1" index="1" bw="15" slack="1"/>
</pin_list>
<bind>
<opset="output_addr "/>
</bind>
</comp>

<comp id="566" class="1005" name="kr_3_reg_566">
<pin_list>
<pin id="567" dir="0" index="0" bw="2" slack="0"/>
<pin id="568" dir="1" index="1" bw="2" slack="0"/>
</pin_list>
<bind>
<opset="kr_3 "/>
</bind>
</comp>

<comp id="571" class="1005" name="tmp_54_reg_571">
<pin_list>
<pin id="572" dir="0" index="0" bw="6" slack="1"/>
<pin id="573" dir="1" index="1" bw="6" slack="1"/>
</pin_list>
<bind>
<opset="tmp_54 "/>
</bind>
</comp>

<comp id="577" class="1005" name="tmp_145_cast_reg_577">
<pin_list>
<pin id="578" dir="0" index="0" bw="6" slack="1"/>
<pin id="579" dir="1" index="1" bw="6" slack="1"/>
</pin_list>
<bind>
<opset="tmp_145_cast "/>
</bind>
</comp>

<comp id="585" class="1005" name="kc_3_reg_585">
<pin_list>
<pin id="586" dir="0" index="0" bw="2" slack="0"/>
<pin id="587" dir="1" index="1" bw="2" slack="0"/>
</pin_list>
<bind>
<opset="kc_3 "/>
</bind>
</comp>

<comp id="590" class="1005" name="tmp_97_reg_590">
<pin_list>
<pin id="591" dir="0" index="0" bw="15" slack="1"/>
<pin id="592" dir="1" index="1" bw="15" slack="1"/>
</pin_list>
<bind>
<opset="tmp_97 "/>
</bind>
</comp>

<comp id="595" class="1005" name="tmp_99_reg_595">
<pin_list>
<pin id="596" dir="0" index="0" bw="6" slack="1"/>
<pin id="597" dir="1" index="1" bw="6" slack="1"/>
</pin_list>
<bind>
<opset="tmp_99 "/>
</bind>
</comp>

<comp id="603" class="1005" name="ic_4_reg_603">
<pin_list>
<pin id="604" dir="0" index="0" bw="2" slack="0"/>
<pin id="605" dir="1" index="1" bw="2" slack="0"/>
</pin_list>
<bind>
<opset="ic_4 "/>
</bind>
</comp>

<comp id="608" class="1005" name="w_conv1_addr_reg_608">
<pin_list>
<pin id="609" dir="0" index="0" bw="8" slack="1"/>
<pin id="610" dir="1" index="1" bw="8" slack="1"/>
</pin_list>
<bind>
<opset="w_conv1_addr "/>
</bind>
</comp>

<comp id="613" class="1005" name="input_addr_reg_613">
<pin_list>
<pin id="614" dir="0" index="0" bw="14" slack="1"/>
<pin id="615" dir="1" index="1" bw="14" slack="1"/>
</pin_list>
<bind>
<opset="input_addr "/>
</bind>
</comp>

<comp id="618" class="1005" name="input_load_reg_618">
<pin_list>
<pin id="619" dir="0" index="0" bw="32" slack="1"/>
<pin id="620" dir="1" index="1" bw="32" slack="1"/>
</pin_list>
<bind>
<opset="input_load "/>
</bind>
</comp>

<comp id="623" class="1005" name="w_conv1_load_reg_623">
<pin_list>
<pin id="624" dir="0" index="0" bw="4" slack="1"/>
<pin id="625" dir="1" index="1" bw="4" slack="1"/>
</pin_list>
<bind>
<opset="w_conv1_load "/>
</bind>
</comp>

<comp id="628" class="1005" name="tmp_61_reg_628">
<pin_list>
<pin id="629" dir="0" index="0" bw="32" slack="1"/>
<pin id="630" dir="1" index="1" bw="32" slack="1"/>
</pin_list>
<bind>
<opset="tmp_61 "/>
</bind>
</comp>

<comp id="633" class="1005" name="sum_6_reg_633">
<pin_list>
<pin id="634" dir="0" index="0" bw="32" slack="1"/>
<pin id="635" dir="1" index="1" bw="32" slack="1"/>
</pin_list>
<bind>
<opset="sum_6 "/>
</bind>
</comp>

</comp_list>

<net_list>
<net id="79"><net_src comp="2" pin="0"/><net_sink comp="74" pin=0"/></net>

<net id="80"><net_src comp="46" pin="0"/><net_sink comp="74" pin=1"/></net>

<net id="91"><net_src comp="4" pin="0"/><net_sink comp="86" pin=0"/></net>

<net id="92"><net_src comp="46" pin="0"/><net_sink comp="86" pin=1"/></net>

<net id="98"><net_src comp="0" pin="0"/><net_sink comp="93" pin=0"/></net>

<net id="99"><net_src comp="46" pin="0"/><net_sink comp="93" pin=1"/></net>

<net id="105"><net_src comp="93" pin="3"/><net_sink comp="100" pin=0"/></net>

<net id="111"><net_src comp="86" pin="3"/><net_sink comp="106" pin=0"/></net>

<net id="115"><net_src comp="6" pin="0"/><net_sink comp="112" pin=0"/></net>

<net id="122"><net_src comp="112" pin="1"/><net_sink comp="116" pin=0"/></net>

<net id="123"><net_src comp="116" pin="4"/><net_sink comp="112" pin=0"/></net>

<net id="127"><net_src comp="6" pin="0"/><net_sink comp="124" pin=0"/></net>

<net id="134"><net_src comp="124" pin="1"/><net_sink comp="128" pin=0"/></net>

<net id="135"><net_src comp="128" pin="4"/><net_sink comp="124" pin=0"/></net>

<net id="139"><net_src comp="36" pin="0"/><net_sink comp="136" pin=0"/></net>

<net id="146"><net_src comp="136" pin="1"/><net_sink comp="140" pin=0"/></net>

<net id="150"><net_src comp="48" pin="0"/><net_sink comp="147" pin=0"/></net>

<net id="157"><net_src comp="147" pin="1"/><net_sink comp="151" pin=0"/></net>

<net id="161"><net_src comp="50" pin="0"/><net_sink comp="158" pin=0"/></net>

<net id="168"><net_src comp="158" pin="1"/><net_sink comp="162" pin=0"/></net>

<net id="169"><net_src comp="162" pin="4"/><net_sink comp="158" pin=0"/></net>

<net id="173"><net_src comp="48" pin="0"/><net_sink comp="170" pin=0"/></net>

<net id="180"><net_src comp="170" pin="1"/><net_sink comp="174" pin=0"/></net>

<net id="184"><net_src comp="181" pin="1"/><net_sink comp="162" pin=2"/></net>

<net id="191"><net_src comp="158" pin="1"/><net_sink comp="185" pin=0"/></net>

<net id="192"><net_src comp="185" pin="4"/><net_sink comp="181" pin=0"/></net>

<net id="196"><net_src comp="48" pin="0"/><net_sink comp="193" pin=0"/></net>

<net id="203"><net_src comp="193" pin="1"/><net_sink comp="197" pin=0"/></net>

<net id="207"><net_src comp="204" pin="1"/><net_sink comp="185" pin=2"/></net>

<net id="214"><net_src comp="181" pin="1"/><net_sink comp="208" pin=0"/></net>

<net id="215"><net_src comp="208" pin="4"/><net_sink comp="204" pin=0"/></net>

<net id="220"><net_src comp="116" pin="4"/><net_sink comp="216" pin=0"/></net>

<net id="221"><net_src comp="8" pin="0"/><net_sink comp="216" pin=1"/></net>

<net id="226"><net_src comp="116" pin="4"/><net_sink comp="222" pin=0"/></net>

<net id="227"><net_src comp="14" pin="0"/><net_sink comp="222" pin=1"/></net>

<net id="233"><net_src comp="22" pin="0"/><net_sink comp="228" pin=0"/></net>

<net id="234"><net_src comp="116" pin="4"/><net_sink comp="228" pin=1"/></net>

<net id="235"><net_src comp="6" pin="0"/><net_sink comp="228" pin=2"/></net>

<net id="239"><net_src comp="228" pin="3"/><net_sink comp="236" pin=0"/></net>

<net id="245"><net_src comp="24" pin="0"/><net_sink comp="240" pin=0"/></net>

<net id="246"><net_src comp="116" pin="4"/><net_sink comp="240" pin=1"/></net>

<net id="247"><net_src comp="26" pin="0"/><net_sink comp="240" pin=2"/></net>

<net id="251"><net_src comp="240" pin="3"/><net_sink comp="248" pin=0"/></net>

<net id="256"><net_src comp="236" pin="1"/><net_sink comp="252" pin=0"/></net>

<net id="257"><net_src comp="248" pin="1"/><net_sink comp="252" pin=1"/></net>

<net id="262"><net_src comp="128" pin="4"/><net_sink comp="258" pin=0"/></net>

<net id="263"><net_src comp="8" pin="0"/><net_sink comp="258" pin=1"/></net>

<net id="268"><net_src comp="128" pin="4"/><net_sink comp="264" pin=0"/></net>

<net id="269"><net_src comp="14" pin="0"/><net_sink comp="264" pin=1"/></net>

<net id="273"><net_src comp="128" pin="4"/><net_sink comp="270" pin=0"/></net>

<net id="278"><net_src comp="270" pin="1"/><net_sink comp="274" pin=0"/></net>

<net id="284"><net_src comp="30" pin="0"/><net_sink comp="279" pin=0"/></net>

<net id="285"><net_src comp="274" pin="2"/><net_sink comp="279" pin=1"/></net>

<net id="286"><net_src comp="32" pin="0"/><net_sink comp="279" pin=2"/></net>

<net id="291"><net_src comp="140" pin="4"/><net_sink comp="287" pin=0"/></net>

<net id="292"><net_src comp="38" pin="0"/><net_sink comp="287" pin=1"/></net>

<net id="297"><net_src comp="140" pin="4"/><net_sink comp="293" pin=0"/></net>

<net id="298"><net_src comp="42" pin="0"/><net_sink comp="293" pin=1"/></net>

<net id="302"><net_src comp="140" pin="4"/><net_sink comp="299" pin=0"/></net>

<net id="306"><net_src comp="140" pin="4"/><net_sink comp="303" pin=0"/></net>

<net id="311"><net_src comp="303" pin="1"/><net_sink comp="307" pin=1"/></net>

<net id="315"><net_src comp="307" pin="2"/><net_sink comp="312" pin=0"/></net>

<net id="316"><net_src comp="312" pin="1"/><net_sink comp="74" pin=2"/></net>

<net id="320"><net_src comp="151" pin="4"/><net_sink comp="317" pin=0"/></net>

<net id="325"><net_src comp="151" pin="4"/><net_sink comp="321" pin=0"/></net>

<net id="326"><net_src comp="52" pin="0"/><net_sink comp="321" pin=1"/></net>

<net id="331"><net_src comp="151" pin="4"/><net_sink comp="327" pin=0"/></net>

<net id="332"><net_src comp="56" pin="0"/><net_sink comp="327" pin=1"/></net>

<net id="337"><net_src comp="317" pin="1"/><net_sink comp="333" pin=0"/></net>

<net id="338"><net_src comp="112" pin="1"/><net_sink comp="333" pin=1"/></net>

<net id="342"><net_src comp="151" pin="4"/><net_sink comp="339" pin=0"/></net>

<net id="348"><net_src comp="60" pin="0"/><net_sink comp="343" pin=0"/></net>

<net id="349"><net_src comp="151" pin="4"/><net_sink comp="343" pin=1"/></net>

<net id="350"><net_src comp="48" pin="0"/><net_sink comp="343" pin=2"/></net>

<net id="354"><net_src comp="343" pin="3"/><net_sink comp="351" pin=0"/></net>

<net id="359"><net_src comp="351" pin="1"/><net_sink comp="355" pin=0"/></net>

<net id="360"><net_src comp="339" pin="1"/><net_sink comp="355" pin=1"/></net>

<net id="364"><net_src comp="355" pin="2"/><net_sink comp="361" pin=0"/></net>

<net id="368"><net_src comp="162" pin="4"/><net_sink comp="365" pin=0"/></net>

<net id="373"><net_src comp="162" pin="4"/><net_sink comp="369" pin=0"/></net>

<net id="374"><net_src comp="50" pin="0"/><net_sink comp="369" pin=1"/></net>

<net id="380"><net_src comp="369" pin="2"/><net_sink comp="375" pin=0"/></net>

<net id="381"><net_src comp="365" pin="1"/><net_sink comp="375" pin=1"/></net>

<net id="382"><net_src comp="62" pin="0"/><net_sink comp="375" pin=2"/></net>

<net id="383"><net_src comp="375" pin="3"/><net_sink comp="81" pin=1"/></net>

<net id="387"><net_src comp="174" pin="4"/><net_sink comp="384" pin=0"/></net>

<net id="392"><net_src comp="174" pin="4"/><net_sink comp="388" pin=0"/></net>

<net id="393"><net_src comp="52" pin="0"/><net_sink comp="388" pin=1"/></net>

<net id="398"><net_src comp="174" pin="4"/><net_sink comp="394" pin=0"/></net>

<net id="399"><net_src comp="56" pin="0"/><net_sink comp="394" pin=1"/></net>

<net id="404"><net_src comp="124" pin="1"/><net_sink comp="400" pin=0"/></net>

<net id="405"><net_src comp="384" pin="1"/><net_sink comp="400" pin=1"/></net>

<net id="411"><net_src comp="22" pin="0"/><net_sink comp="406" pin=0"/></net>

<net id="412"><net_src comp="400" pin="2"/><net_sink comp="406" pin=2"/></net>

<net id="416"><net_src comp="406" pin="3"/><net_sink comp="413" pin=0"/></net>

<net id="423"><net_src comp="66" pin="0"/><net_sink comp="417" pin=0"/></net>

<net id="424"><net_src comp="400" pin="2"/><net_sink comp="417" pin=2"/></net>

<net id="425"><net_src comp="48" pin="0"/><net_sink comp="417" pin=3"/></net>

<net id="429"><net_src comp="417" pin="4"/><net_sink comp="426" pin=0"/></net>

<net id="434"><net_src comp="426" pin="1"/><net_sink comp="430" pin=0"/></net>

<net id="435"><net_src comp="413" pin="1"/><net_sink comp="430" pin=1"/></net>

<net id="440"><net_src comp="384" pin="1"/><net_sink comp="436" pin=0"/></net>

<net id="445"><net_src comp="436" pin="2"/><net_sink comp="441" pin=0"/></net>

<net id="446"><net_src comp="68" pin="0"/><net_sink comp="441" pin=1"/></net>

<net id="451"><net_src comp="441" pin="2"/><net_sink comp="447" pin=0"/></net>

<net id="452"><net_src comp="436" pin="2"/><net_sink comp="447" pin=1"/></net>

<net id="457"><net_src comp="197" pin="4"/><net_sink comp="453" pin=0"/></net>

<net id="458"><net_src comp="52" pin="0"/><net_sink comp="453" pin=1"/></net>

<net id="463"><net_src comp="197" pin="4"/><net_sink comp="459" pin=0"/></net>

<net id="464"><net_src comp="56" pin="0"/><net_sink comp="459" pin=1"/></net>

<net id="468"><net_src comp="197" pin="4"/><net_sink comp="465" pin=0"/></net>

<net id="472"><net_src comp="197" pin="4"/><net_sink comp="469" pin=0"/></net>

<net id="477"><net_src comp="465" pin="1"/><net_sink comp="473" pin=0"/></net>

<net id="483"><net_src comp="70" pin="0"/><net_sink comp="478" pin=0"/></net>

<net id="484"><net_src comp="473" pin="2"/><net_sink comp="478" pin=1"/></net>

<net id="485"><net_src comp="32" pin="0"/><net_sink comp="478" pin=2"/></net>

<net id="490"><net_src comp="478" pin="3"/><net_sink comp="486" pin=1"/></net>

<net id="494"><net_src comp="486" pin="2"/><net_sink comp="491" pin=0"/></net>

<net id="495"><net_src comp="491" pin="1"/><net_sink comp="86" pin=2"/></net>

<net id="500"><net_src comp="469" pin="1"/><net_sink comp="496" pin=0"/></net>

<net id="504"><net_src comp="496" pin="2"/><net_sink comp="501" pin=0"/></net>

<net id="505"><net_src comp="501" pin="1"/><net_sink comp="93" pin=2"/></net>

<net id="513"><net_src comp="506" pin="1"/><net_sink comp="509" pin=1"/></net>

<net id="518"><net_src comp="204" pin="1"/><net_sink comp="514" pin=1"/></net>

<net id="525"><net_src comp="222" pin="2"/><net_sink comp="522" pin=0"/></net>

<net id="526"><net_src comp="522" pin="1"/><net_sink comp="116" pin=2"/></net>

<net id="530"><net_src comp="252" pin="2"/><net_sink comp="527" pin=0"/></net>

<net id="531"><net_src comp="527" pin="1"/><net_sink comp="274" pin=1"/></net>

<net id="538"><net_src comp="264" pin="2"/><net_sink comp="535" pin=0"/></net>

<net id="539"><net_src comp="535" pin="1"/><net_sink comp="128" pin=2"/></net>

<net id="543"><net_src comp="279" pin="3"/><net_sink comp="540" pin=0"/></net>

<net id="544"><net_src comp="540" pin="1"/><net_sink comp="307" pin=0"/></net>

<net id="551"><net_src comp="293" pin="2"/><net_sink comp="548" pin=0"/></net>

<net id="552"><net_src comp="548" pin="1"/><net_sink comp="140" pin=2"/></net>

<net id="556"><net_src comp="299" pin="1"/><net_sink comp="553" pin=0"/></net>

<net id="557"><net_src comp="553" pin="1"/><net_sink comp="486" pin=0"/></net>

<net id="561"><net_src comp="74" pin="3"/><net_sink comp="558" pin=0"/></net>

<net id="562"><net_src comp="558" pin="1"/><net_sink comp="81" pin=0"/></net>

<net id="569"><net_src comp="327" pin="2"/><net_sink comp="566" pin=0"/></net>

<net id="570"><net_src comp="566" pin="1"/><net_sink comp="151" pin=2"/></net>

<net id="574"><net_src comp="333" pin="2"/><net_sink comp="571" pin=0"/></net>

<net id="575"><net_src comp="571" pin="1"/><net_sink comp="406" pin=1"/></net>

<net id="576"><net_src comp="571" pin="1"/><net_sink comp="417" pin=1"/></net>

<net id="580"><net_src comp="361" pin="1"/><net_sink comp="577" pin=0"/></net>

<net id="581"><net_src comp="577" pin="1"/><net_sink comp="436" pin=1"/></net>

<net id="588"><net_src comp="394" pin="2"/><net_sink comp="585" pin=0"/></net>

<net id="589"><net_src comp="585" pin="1"/><net_sink comp="174" pin=2"/></net>

<net id="593"><net_src comp="430" pin="2"/><net_sink comp="590" pin=0"/></net>

<net id="594"><net_src comp="590" pin="1"/><net_sink comp="496" pin=1"/></net>

<net id="598"><net_src comp="447" pin="2"/><net_sink comp="595" pin=0"/></net>

<net id="599"><net_src comp="595" pin="1"/><net_sink comp="473" pin=1"/></net>

<net id="606"><net_src comp="459" pin="2"/><net_sink comp="603" pin=0"/></net>

<net id="607"><net_src comp="603" pin="1"/><net_sink comp="197" pin=2"/></net>

<net id="611"><net_src comp="86" pin="3"/><net_sink comp="608" pin=0"/></net>

<net id="612"><net_src comp="608" pin="1"/><net_sink comp="106" pin=0"/></net>

<net id="616"><net_src comp="93" pin="3"/><net_sink comp="613" pin=0"/></net>

<net id="617"><net_src comp="613" pin="1"/><net_sink comp="100" pin=0"/></net>

<net id="621"><net_src comp="100" pin="3"/><net_sink comp="618" pin=0"/></net>

<net id="622"><net_src comp="618" pin="1"/><net_sink comp="509" pin=0"/></net>

<net id="626"><net_src comp="106" pin="3"/><net_sink comp="623" pin=0"/></net>

<net id="627"><net_src comp="623" pin="1"/><net_sink comp="506" pin=0"/></net>

<net id="631"><net_src comp="509" pin="2"/><net_sink comp="628" pin=0"/></net>

<net id="632"><net_src comp="628" pin="1"/><net_sink comp="514" pin=0"/></net>

<net id="636"><net_src comp="514" pin="2"/><net_sink comp="633" pin=0"/></net>

<net id="637"><net_src comp="633" pin="1"/><net_sink comp="208" pin=2"/></net>

</net_list>

</model> 
---------------- Datapath Model END ------------------

* FSMD analyzer results:
  - Output states:
	Port: output_r | {5 }
 - Input state : 
	Port: conv_layer1 : input_r | {7 8 }
	Port: conv_layer1 : w_conv1 | {7 8 }
  - Chain level:
	State 1
	State 2
		exitcond5 : 1
		row_3 : 1
		StgValue_16 : 2
		tmp : 1
		p_shl_cast : 2
		tmp_s : 1
		p_shl1_cast : 2
		tmp_90 : 3
	State 3
		exitcond4 : 1
		col_3 : 1
		StgValue_30 : 2
		tmp_cast : 1
		tmp_91 : 2
		tmp_142_cast : 3
	State 4
		exitcond3 : 1
		oc_4 : 1
		StgValue_43 : 2
		tmp_51_cast5 : 1
		tmp_51_cast : 1
		tmp_92 : 2
		tmp_143_cast : 3
		output_addr : 4
	State 5
		kr_cast5 : 1
		exitcond2 : 1
		kr_3 : 1
		StgValue_60 : 2
		tmp_54 : 2
		tmp_56_cast : 1
		tmp_93 : 1
		p_shl2_cast : 2
		tmp_94 : 3
		tmp_145_cast : 4
		tmp_48 : 1
		tmp_52 : 1
		tmp_53 : 2
		StgValue_73 : 3
	State 6
		kc_cast3 : 1
		exitcond1 : 1
		kc_3 : 1
		StgValue_82 : 2
		tmp_57 : 2
		tmp_95 : 3
		tmp_147_cast : 4
		tmp_96 : 3
		p_shl4_cast : 4
		tmp_97 : 5
		tmp_98 : 2
		tmp_49 : 3
		tmp_99 : 3
	State 7
		exitcond : 1
		ic_4 : 1
		StgValue_102 : 2
		tmp_60 : 1
		tmp_60_cast : 1
		tmp_100 : 2
		tmp_155_cast : 3
		tmp_101 : 4
		tmp_156_cast : 5
		w_conv1_addr : 6
		tmp_102 : 2
		tmp_157_cast : 3
		input_addr : 4
		input_load : 5
		w_conv1_load : 7
	State 8
	State 9
		tmp_61 : 1
	State 10


============================================================
+ Verbose Summary: Datapath Resource usage 
============================================================

* Functional unit list:
|----------|--------------------------|---------|---------|---------|
| Operation|      Functional Unit     |  DSP48E |    FF   |   LUT   |
|----------|--------------------------|---------|---------|---------|
|          |       row_3_fu_222       |    0    |    0    |    15   |
|          |       col_3_fu_264       |    0    |    0    |    15   |
|          |       tmp_91_fu_274      |    0    |    0    |    17   |
|          |        oc_4_fu_293       |    0    |    0    |    13   |
|          |       tmp_92_fu_307      |    0    |    0    |    23   |
|          |        kr_3_fu_327       |    0    |    0    |    10   |
|          |       tmp_54_fu_333      |    0    |    0    |    15   |
|    add   |        kc_3_fu_394       |    0    |    0    |    10   |
|          |       tmp_57_fu_400      |    0    |    0    |    15   |
|          |       tmp_98_fu_436      |    0    |    0    |    15   |
|          |        ic_4_fu_459       |    0    |    0    |    10   |
|          |      tmp_100_fu_473      |    0    |    0    |    15   |
|          |      tmp_101_fu_486      |    0    |    0    |    15   |
|          |      tmp_102_fu_496      |    0    |    0    |    21   |
|          |       sum_6_fu_514       |    0    |    0    |    39   |
|----------|--------------------------|---------|---------|---------|
|          |     exitcond5_fu_216     |    0    |    0    |    11   |
|          |     exitcond4_fu_258     |    0    |    0    |    11   |
|          |     exitcond3_fu_287     |    0    |    0    |    9    |
|   icmp   |     exitcond2_fu_321     |    0    |    0    |    8    |
|          |       tmp_52_fu_369      |    0    |    0    |    18   |
|          |     exitcond1_fu_388     |    0    |    0    |    8    |
|          |      exitcond_fu_453     |    0    |    0    |    8    |
|----------|--------------------------|---------|---------|---------|
|          |       tmp_90_fu_252      |    0    |    0    |    12   |
|    sub   |       tmp_94_fu_355      |    0    |    0    |    13   |
|          |       tmp_97_fu_430      |    0    |    0    |    19   |
|          |       tmp_99_fu_447      |    0    |    0    |    15   |
|----------|--------------------------|---------|---------|---------|
|  select  |       tmp_53_fu_375      |    0    |    0    |    31   |
|----------|--------------------------|---------|---------|---------|
|    mul   |       tmp_61_fu_509      |    0    |    0    |    20   |
|----------|--------------------------|---------|---------|---------|
|          |        tmp_fu_228        |    0    |    0    |    0    |
|          |       tmp_s_fu_240       |    0    |    0    |    0    |
|          |    tmp_142_cast_fu_279   |    0    |    0    |    0    |
|bitconcatenate|       tmp_93_fu_343      |    0    |    0    |    0    |
|          |       tmp_95_fu_406      |    0    |    0    |    0    |
|          |       tmp_96_fu_417      |    0    |    0    |    0    |
|          |    tmp_155_cast_fu_478   |    0    |    0    |    0    |
|----------|--------------------------|---------|---------|---------|
|          |     p_shl_cast_fu_236    |    0    |    0    |    0    |
|          |    p_shl1_cast_fu_248    |    0    |    0    |    0    |
|          |      tmp_cast_fu_270     |    0    |    0    |    0    |
|          |    tmp_51_cast5_fu_299   |    0    |    0    |    0    |
|          |    tmp_51_cast_fu_303    |    0    |    0    |    0    |
|          |    tmp_143_cast_fu_312   |    0    |    0    |    0    |
|          |      kr_cast5_fu_317     |    0    |    0    |    0    |
|   zext   |    tmp_56_cast_fu_339    |    0    |    0    |    0    |
|          |    p_shl2_cast_fu_351    |    0    |    0    |    0    |
|          |      kc_cast3_fu_384     |    0    |    0    |    0    |
|          |    tmp_147_cast_fu_413   |    0    |    0    |    0    |
|          |    p_shl4_cast_fu_426    |    0    |    0    |    0    |
|          |       tmp_60_fu_465      |    0    |    0    |    0    |
|          |    tmp_60_cast_fu_469    |    0    |    0    |    0    |
|          |    tmp_156_cast_fu_491   |    0    |    0    |    0    |
|----------|--------------------------|---------|---------|---------|
|          |    tmp_145_cast_fu_361   |    0    |    0    |    0    |
|   sext   |    tmp_157_cast_fu_501   |    0    |    0    |    0    |
|          | w_conv1_load_cast_fu_506 |    0    |    0    |    0    |
|----------|--------------------------|---------|---------|---------|
|   trunc  |       tmp_48_fu_365      |    0    |    0    |    0    |
|----------|--------------------------|---------|---------|---------|
|    shl   |       tmp_49_fu_441      |    0    |    0    |    0    |
|----------|--------------------------|---------|---------|---------|
|   Total  |                          |    0    |    0    |   431   |
|----------|--------------------------|---------|---------|---------|

Memories:
N/A

* Register list:
+--------------------+--------+
|                    |   FF   |
+--------------------+--------+
|    col_3_reg_535   |    6   |
|     col_reg_124    |    6   |
|    ic_4_reg_603    |    2   |
|     ic_reg_193     |    2   |
| input_addr_reg_613 |   14   |
| input_load_reg_618 |   32   |
|    kc_3_reg_585    |    2   |
|     kc_reg_170     |    2   |
|    kr_3_reg_566    |    2   |
|     kr_reg_147     |    2   |
|    oc_4_reg_548    |    4   |
|     oc_reg_136     |    4   |
| output_addr_reg_558|   15   |
|    row_3_reg_522   |    6   |
|     row_reg_112    |    6   |
|    sum_1_reg_181   |   32   |
|    sum_2_reg_204   |   32   |
|    sum_6_reg_633   |   32   |
|     sum_reg_158    |   32   |
|tmp_142_cast_reg_540|   16   |
|tmp_145_cast_reg_577|    6   |
|tmp_51_cast5_reg_553|    9   |
|   tmp_54_reg_571   |    6   |
|   tmp_61_reg_628   |   32   |
|   tmp_90_reg_527   |   13   |
|   tmp_97_reg_590   |   15   |
|   tmp_99_reg_595   |    6   |
|w_conv1_addr_reg_608|    8   |
|w_conv1_load_reg_623|    4   |
+--------------------+--------+
|        Total       |   348  |
+--------------------+--------+

* Multiplexer (MUX) list: 
|-------------------|------|------|------|--------||---------||---------|
|        Comp       |  Pin | Size |  BW  | S x BW ||  Delay  ||   LUT   |
|-------------------|------|------|------|--------||---------||---------|
| grp_access_fu_100 |  p0  |   2  |  14  |   28   ||    9    |
| grp_access_fu_106 |  p0  |   2  |   8  |   16   ||    9    |
|    row_reg_112    |  p0  |   2  |   6  |   12   ||    9    |
|    col_reg_124    |  p0  |   2  |   6  |   12   ||    9    |
|    sum_reg_158    |  p0  |   2  |  32  |   64   ||    9    |
|-------------------|------|------|------|--------||---------||---------|
|       Total       |      |      |      |   132  ||  8.845  ||    45   |
|-------------------|------|------|------|--------||---------||---------|



* Summary:
+-----------+--------+--------+--------+--------+
|           | DSP48E |  Delay |   FF   |   LUT  |
+-----------+--------+--------+--------+--------+
|  Function |    0   |    -   |    0   |   431  |
|   Memory  |    -   |    -   |    -   |    -   |
|Multiplexer|    -   |    8   |    -   |   45   |
|  Register |    -   |    -   |   348  |    -   |
+-----------+--------+--------+--------+--------+
|   Total   |    0   |    8   |   348  |   476  |
+-----------+--------+--------+--------+--------+
