

================================================================
== Vivado HLS Report for 'maxpool_layer2'
================================================================
* Date:           Sat Jun 20 22:52:15 2026

* Version:        2018.3 (Build 2405991 on Thu Dec 06 23:56:15 MST 2018)
* Project:        tinyyolo_lite
* Solution:       solution1_naive
* Product family: zynq
* Target device:  xc7z020clg484-1


================================================================
== Performance Estimates
================================================================
+ Timing (ns): 
    * Summary: 
    +--------+-------+----------+------------+
    |  Clock | Target| Estimated| Uncertainty|
    +--------+-------+----------+------------+
    |ap_clk  |  10.00|     8.577|        1.25|
    +--------+-------+----------+------------+

+ Latency (clock cycles): 
    * Summary: 
    +-------+-------+-------+-------+---------+
    |    Latency    |    Interval   | Pipeline|
    |  min  |  max  |  min  |  max  |   Type  |
    +-------+-------+-------+-------+---------+
    |  47521|  47521|  47521|  47521|   none  |
    +-------+-------+-------+-------+---------+

    + Detail: 
        * Instance: 
        N/A

        * Loop: 
        +-------------------+-------+-------+----------+-----------+-----------+------+----------+
        |                   |    Latency    | Iteration|  Initiation Interval  | Trip |          |
        |     Loop Name     |  min  |  max  |  Latency |  achieved |   target  | Count| Pipelined|
        +-------------------+-------+-------+----------+-----------+-----------+------+----------+
        |- Channel          |  47520|  47520|      2970|          -|          -|    16|    no    |
        | + Row             |   2968|   2968|       212|          -|          -|    14|    no    |
        |  ++ Col           |    210|    210|        15|          -|          -|    14|    no    |
        |   +++ POOL_ROW    |     12|     12|         6|          -|          -|     2|    no    |
        |    ++++ POOL_COL  |      4|      4|         2|          -|          -|     2|    no    |
        +-------------------+-------+-------+----------+-----------+-----------+------+----------+

============================================================
+ Verbose Summary: Synthesis Manager
============================================================
InlineROM: 1
ExposeGlobal: 0
============================================================
+ Verbose Summary: CDFG Model
============================================================
IsTopModel: 0
ResetActiveHigh: 1
IsCombinational: 0
IsDatapathOnly: 0
HasWiredReturn: 1
HasMFsm: 0
HasVarLatency: 1
IsPipeline: 0
IsRtlPipelined: 0
IsInstanceOverlapped: 0
IsDontTouch: 0
HasImplIP: 0
IsGatedGlobalClock: 0


============================================================
+ Verbose Summary: Schedule
============================================================
* Number of FSM states : 8
* Pipeline : 0
* Dataflow Pipeline: 0

* FSM state transitions: 
1 --> 
	2  / true
2 --> 
	3  / (!exitcond4)
3 --> 
	4  / (!exitcond3)
	2  / (exitcond3)
4 --> 
	5  / (!exitcond2)
	3  / (exitcond2)
5 --> 
	6  / true
6 --> 
	7  / (!exitcond1)
	4  / (exitcond1)
7 --> 
	8  / (!exitcond)
	6  / (exitcond)
8 --> 
	7  / true

* FSM state operations: 

State 1 <SV = 0> <Delay = 1.76>
ST_1 : Operation 9 [1/1] (1.76ns)   --->   "br label %1" [maxpool_2.c:10]   --->   Operation 9 'br' <Predicate = true> <Delay = 1.76>

State 2 <SV = 1> <Delay = 1.78>
ST_2 : Operation 10 [1/1] (0.00ns)   --->   "%ch = phi i5 [ 0, %0 ], [ %ch_1, %14 ]"   --->   Operation 10 'phi' 'ch' <Predicate = true> <Delay = 0.00>
ST_2 : Operation 11 [1/1] (1.36ns)   --->   "%exitcond4 = icmp eq i5 %ch, -16" [maxpool_2.c:10]   --->   Operation 11 'icmp' 'exitcond4' <Predicate = true> <Delay = 1.36> <Core = "Cmp">   --->   Core 25 'Cmp' <Latency = 0> <II = 1> <Delay = 2.47> <FuncUnit> <Opcode : 'icmp'> <InPorts = 2> <OutPorts = 1>
ST_2 : Operation 12 [1/1] (0.00ns)   --->   "%empty = call i32 (...)* @_ssdm_op_SpecLoopTripCount(i64 16, i64 16, i64 16)"   --->   Operation 12 'speclooptripcount' 'empty' <Predicate = true> <Delay = 0.00>
ST_2 : Operation 13 [1/1] (1.78ns)   --->   "%ch_1 = add i5 %ch, 1" [maxpool_2.c:10]   --->   Operation 13 'add' 'ch_1' <Predicate = true> <Delay = 1.78> <Core = "AddSub">   --->   Core 14 'AddSub' <Latency = 0> <II = 1> <Delay = 1.81> <FuncUnit> <Opcode : 'add' 'sub'> <InPorts = 2> <OutPorts = 1>
ST_2 : Operation 14 [1/1] (0.00ns)   --->   "br i1 %exitcond4, label %15, label %2" [maxpool_2.c:10]   --->   Operation 14 'br' <Predicate = true> <Delay = 0.00>
ST_2 : Operation 15 [1/1] (0.00ns)   --->   "call void (...)* @_ssdm_op_SpecLoopName([8 x i8]* @p_str34) nounwind" [maxpool_2.c:10]   --->   Operation 15 'specloopname' <Predicate = (!exitcond4)> <Delay = 0.00>
ST_2 : Operation 16 [1/1] (0.00ns)   --->   "%tmp_7 = call i32 (...)* @_ssdm_op_SpecRegionBegin([8 x i8]* @p_str34)" [maxpool_2.c:10]   --->   Operation 16 'specregionbegin' 'tmp_7' <Predicate = (!exitcond4)> <Delay = 0.00>
ST_2 : Operation 17 [1/1] (0.00ns)   --->   "%tmp_cast3 = zext i5 %ch to i15" [maxpool_2.c:12]   --->   Operation 17 'zext' 'tmp_cast3' <Predicate = (!exitcond4)> <Delay = 0.00>
ST_2 : Operation 18 [1/1] (0.00ns)   --->   "%tmp_cast = zext i5 %ch to i13" [maxpool_2.c:12]   --->   Operation 18 'zext' 'tmp_cast' <Predicate = (!exitcond4)> <Delay = 0.00>
ST_2 : Operation 19 [1/1] (1.76ns)   --->   "br label %3" [maxpool_2.c:12]   --->   Operation 19 'br' <Predicate = (!exitcond4)> <Delay = 1.76>
ST_2 : Operation 20 [1/1] (0.00ns)   --->   "ret void" [maxpool_2.c:36]   --->   Operation 20 'ret' <Predicate = (exitcond4)> <Delay = 0.00>

State 3 <SV = 2> <Delay = 3.78>
ST_3 : Operation 21 [1/1] (0.00ns)   --->   "%out_row = phi i4 [ 0, %2 ], [ %out_row_1, %13 ]"   --->   Operation 21 'phi' 'out_row' <Predicate = true> <Delay = 0.00>
ST_3 : Operation 22 [1/1] (1.30ns)   --->   "%exitcond3 = icmp eq i4 %out_row, -2" [maxpool_2.c:12]   --->   Operation 22 'icmp' 'exitcond3' <Predicate = true> <Delay = 1.30> <Core = "Cmp">   --->   Core 25 'Cmp' <Latency = 0> <II = 1> <Delay = 2.47> <FuncUnit> <Opcode : 'icmp'> <InPorts = 2> <OutPorts = 1>
ST_3 : Operation 23 [1/1] (0.00ns)   --->   "%empty_6 = call i32 (...)* @_ssdm_op_SpecLoopTripCount(i64 14, i64 14, i64 14)"   --->   Operation 23 'speclooptripcount' 'empty_6' <Predicate = true> <Delay = 0.00>
ST_3 : Operation 24 [1/1] (1.73ns)   --->   "%out_row_1 = add i4 %out_row, 1" [maxpool_2.c:12]   --->   Operation 24 'add' 'out_row_1' <Predicate = true> <Delay = 1.73> <Core = "AddSub">   --->   Core 14 'AddSub' <Latency = 0> <II = 1> <Delay = 1.81> <FuncUnit> <Opcode : 'add' 'sub'> <InPorts = 2> <OutPorts = 1>
ST_3 : Operation 25 [1/1] (0.00ns)   --->   "br i1 %exitcond3, label %14, label %4" [maxpool_2.c:12]   --->   Operation 25 'br' <Predicate = true> <Delay = 0.00>
ST_3 : Operation 26 [1/1] (0.00ns)   --->   "call void (...)* @_ssdm_op_SpecLoopName([4 x i8]* @p_str135) nounwind" [maxpool_2.c:12]   --->   Operation 26 'specloopname' <Predicate = (!exitcond3)> <Delay = 0.00>
ST_3 : Operation 27 [1/1] (0.00ns)   --->   "%tmp_6 = call i32 (...)* @_ssdm_op_SpecRegionBegin([4 x i8]* @p_str135)" [maxpool_2.c:12]   --->   Operation 27 'specregionbegin' 'tmp_6' <Predicate = (!exitcond3)> <Delay = 0.00>
ST_3 : Operation 28 [1/1] (0.00ns)   --->   "%in_row = call i5 @_ssdm_op_BitConcatenate.i5.i4.i1(i4 %out_row, i1 false)" [maxpool_2.c:16]   --->   Operation 28 'bitconcatenate' 'in_row' <Predicate = (!exitcond3)> <Delay = 0.00>
ST_3 : Operation 29 [1/1] (0.00ns)   --->   "%tmp_5_cast2 = zext i5 %in_row to i10" [maxpool_2.c:18]   --->   Operation 29 'zext' 'tmp_5_cast2' <Predicate = (!exitcond3)> <Delay = 0.00>
ST_3 : Operation 30 [1/1] (0.00ns)   --->   "%tmp_5_cast = zext i5 %in_row to i9" [maxpool_2.c:18]   --->   Operation 30 'zext' 'tmp_5_cast' <Predicate = (!exitcond3)> <Delay = 0.00>
ST_3 : Operation 31 [1/1] (3.78ns)   --->   "%tmp_1 = mul i10 %tmp_5_cast2, 29" [maxpool_2.c:18]   --->   Operation 31 'mul' 'tmp_1' <Predicate = (!exitcond3)> <Delay = 3.78> <Core = "Mul">   --->   Core 16 'Mul' <Latency = 0> <II = 1> <Delay = 3.78> <FuncUnit> <Opcode : 'mul'> <InPorts = 2> <OutPorts = 1>
ST_3 : Operation 32 [1/1] (0.00ns)   --->   "%tmp_3 = call i8 @_ssdm_op_BitConcatenate.i8.i4.i4(i4 %out_row, i4 0)" [maxpool_2.c:12]   --->   Operation 32 'bitconcatenate' 'tmp_3' <Predicate = (!exitcond3)> <Delay = 0.00>
ST_3 : Operation 33 [1/1] (0.00ns)   --->   "%p_shl_cast = zext i8 %tmp_3 to i9" [maxpool_2.c:32]   --->   Operation 33 'zext' 'p_shl_cast' <Predicate = (!exitcond3)> <Delay = 0.00>
ST_3 : Operation 34 [1/1] (1.91ns)   --->   "%tmp_5 = sub i9 %p_shl_cast, %tmp_5_cast" [maxpool_2.c:32]   --->   Operation 34 'sub' 'tmp_5' <Predicate = (!exitcond3)> <Delay = 1.91> <Core = "AddSub">   --->   Core 14 'AddSub' <Latency = 0> <II = 1> <Delay = 1.81> <FuncUnit> <Opcode : 'add' 'sub'> <InPorts = 2> <OutPorts = 1>
ST_3 : Operation 35 [1/1] (1.76ns)   --->   "br label %5" [maxpool_2.c:14]   --->   Operation 35 'br' <Predicate = (!exitcond3)> <Delay = 1.76>
ST_3 : Operation 36 [1/1] (0.00ns)   --->   "%empty_13 = call i32 (...)* @_ssdm_op_SpecRegionEnd([8 x i8]* @p_str34, i32 %tmp_7)" [maxpool_2.c:35]   --->   Operation 36 'specregionend' 'empty_13' <Predicate = (exitcond3)> <Delay = 0.00>
ST_3 : Operation 37 [1/1] (0.00ns)   --->   "br label %1" [maxpool_2.c:10]   --->   Operation 37 'br' <Predicate = (exitcond3)> <Delay = 0.00>

State 4 <SV = 3> <Delay = 5.76>
ST_4 : Operation 38 [1/1] (0.00ns)   --->   "%out_col = phi i4 [ 0, %4 ], [ %out_col_1, %12 ]"   --->   Operation 38 'phi' 'out_col' <Predicate = true> <Delay = 0.00>
ST_4 : Operation 39 [1/1] (1.30ns)   --->   "%exitcond2 = icmp eq i4 %out_col, -2" [maxpool_2.c:14]   --->   Operation 39 'icmp' 'exitcond2' <Predicate = true> <Delay = 1.30> <Core = "Cmp">   --->   Core 25 'Cmp' <Latency = 0> <II = 1> <Delay = 2.47> <FuncUnit> <Opcode : 'icmp'> <InPorts = 2> <OutPorts = 1>
ST_4 : Operation 40 [1/1] (0.00ns)   --->   "%empty_7 = call i32 (...)* @_ssdm_op_SpecLoopTripCount(i64 14, i64 14, i64 14)"   --->   Operation 40 'speclooptripcount' 'empty_7' <Predicate = true> <Delay = 0.00>
ST_4 : Operation 41 [1/1] (1.73ns)   --->   "%out_col_1 = add i4 %out_col, 1" [maxpool_2.c:14]   --->   Operation 41 'add' 'out_col_1' <Predicate = true> <Delay = 1.73> <Core = "AddSub">   --->   Core 14 'AddSub' <Latency = 0> <II = 1> <Delay = 1.81> <FuncUnit> <Opcode : 'add' 'sub'> <InPorts = 2> <OutPorts = 1>
ST_4 : Operation 42 [1/1] (0.00ns)   --->   "br i1 %exitcond2, label %13, label %6" [maxpool_2.c:14]   --->   Operation 42 'br' <Predicate = true> <Delay = 0.00>
ST_4 : Operation 43 [1/1] (0.00ns)   --->   "%in_col = call i5 @_ssdm_op_BitConcatenate.i5.i4.i1(i4 %out_col, i1 false)" [maxpool_2.c:17]   --->   Operation 43 'bitconcatenate' 'in_col' <Predicate = (!exitcond2)> <Delay = 0.00>
ST_4 : Operation 44 [1/1] (0.00ns)   --->   "%tmp_8_cast = zext i5 %in_col to i10" [maxpool_2.c:18]   --->   Operation 44 'zext' 'tmp_8_cast' <Predicate = (!exitcond2)> <Delay = 0.00>
ST_4 : Operation 45 [1/1] (1.73ns)   --->   "%tmp_9 = add i10 %tmp_1, %tmp_8_cast" [maxpool_2.c:18]   --->   Operation 45 'add' 'tmp_9' <Predicate = (!exitcond2)> <Delay = 1.73> <Core = "AddSub">   --->   Core 14 'AddSub' <Latency = 0> <II = 1> <Delay = 1.81> <FuncUnit> <Opcode : 'add' 'sub'> <InPorts = 2> <OutPorts = 1>
ST_4 : Operation 46 [1/1] (0.00ns)   --->   "%tmp = trunc i10 %tmp_9 to i1" [maxpool_2.c:18]   --->   Operation 46 'trunc' 'tmp' <Predicate = (!exitcond2)> <Delay = 0.00>
ST_4 : Operation 47 [1/1] (0.00ns)   --->   "%tmp_10 = call i5 @_ssdm_op_BitConcatenate.i5.i1.i4(i1 %tmp, i4 0)" [maxpool_2.c:18]   --->   Operation 47 'bitconcatenate' 'tmp_10' <Predicate = (!exitcond2)> <Delay = 0.00>
ST_4 : Operation 48 [1/1] (0.78ns)   --->   "%tmp_11 = or i5 %tmp_10, %ch" [maxpool_2.c:18]   --->   Operation 48 'or' 'tmp_11' <Predicate = (!exitcond2)> <Delay = 0.78> <Core = "LogicGate">   --->   Core 27 'LogicGate' <Latency = 0> <II = 1> <Delay = 0.78> <FuncUnit> <Opcode : 'and' 'or' 'xor'> <InPorts = 2> <OutPorts = 1>
ST_4 : Operation 49 [1/1] (0.00ns)   --->   "%tmp_13 = call i9 @_ssdm_op_PartSelect.i9.i10.i32.i32(i10 %tmp_9, i32 1, i32 9)" [maxpool_2.c:18]   --->   Operation 49 'partselect' 'tmp_13' <Predicate = (!exitcond2)> <Delay = 0.00>
ST_4 : Operation 50 [1/1] (0.00ns)   --->   "%tmp_14 = call i14 @_ssdm_op_BitConcatenate.i14.i9.i5(i9 %tmp_13, i5 %tmp_11)" [maxpool_2.c:18]   --->   Operation 50 'bitconcatenate' 'tmp_14' <Predicate = (!exitcond2)> <Delay = 0.00>
ST_4 : Operation 51 [1/1] (0.00ns)   --->   "%tmp_15 = zext i14 %tmp_14 to i64" [maxpool_2.c:18]   --->   Operation 51 'zext' 'tmp_15' <Predicate = (!exitcond2)> <Delay = 0.00>
ST_4 : Operation 52 [1/1] (0.00ns)   --->   "%buf_conv2_addr = getelementptr [13456 x i31]* @buf_conv2, i64 0, i64 %tmp_15" [maxpool_2.c:18]   --->   Operation 52 'getelementptr' 'buf_conv2_addr' <Predicate = (!exitcond2)> <Delay = 0.00>
ST_4 : Operation 53 [2/2] (3.25ns)   --->   "%buf_conv2_load = load i31* %buf_conv2_addr, align 4" [maxpool_2.c:18]   --->   Operation 53 'load' 'buf_conv2_load' <Predicate = (!exitcond2)> <Delay = 3.25> <Core = "RAM">   --->   Core 37 'RAM' <Latency = 1> <II = 1> <Delay = 3.25> <Storage> <Opcode : 'load' 'store'> <Ports = 2> <Width = 32> <Depth = 3136> <RAM>
ST_4 : Operation 54 [1/1] (0.00ns)   --->   "%empty_12 = call i32 (...)* @_ssdm_op_SpecRegionEnd([4 x i8]* @p_str135, i32 %tmp_6)" [maxpool_2.c:34]   --->   Operation 54 'specregionend' 'empty_12' <Predicate = (exitcond2)> <Delay = 0.00>
ST_4 : Operation 55 [1/1] (0.00ns)   --->   "br label %3" [maxpool_2.c:12]   --->   Operation 55 'br' <Predicate = (exitcond2)> <Delay = 0.00>

State 5 <SV = 4> <Delay = 3.25>
ST_5 : Operation 56 [1/1] (0.00ns)   --->   "call void (...)* @_ssdm_op_SpecLoopName([4 x i8]* @p_str236) nounwind" [maxpool_2.c:14]   --->   Operation 56 'specloopname' <Predicate = true> <Delay = 0.00>
ST_5 : Operation 57 [1/1] (0.00ns)   --->   "%tmp_8 = call i32 (...)* @_ssdm_op_SpecRegionBegin([4 x i8]* @p_str236)" [maxpool_2.c:14]   --->   Operation 57 'specregionbegin' 'tmp_8' <Predicate = true> <Delay = 0.00>
ST_5 : Operation 58 [1/2] (3.25ns)   --->   "%buf_conv2_load = load i31* %buf_conv2_addr, align 4" [maxpool_2.c:18]   --->   Operation 58 'load' 'buf_conv2_load' <Predicate = true> <Delay = 3.25> <Core = "RAM">   --->   Core 37 'RAM' <Latency = 1> <II = 1> <Delay = 3.25> <Storage> <Opcode : 'load' 'store'> <Ports = 2> <Width = 32> <Depth = 3136> <RAM>
ST_5 : Operation 59 [1/1] (0.00ns)   --->   "%maxvalue = zext i31 %buf_conv2_load to i32" [maxpool_2.c:18]   --->   Operation 59 'zext' 'maxvalue' <Predicate = true> <Delay = 0.00>
ST_5 : Operation 60 [1/1] (1.76ns)   --->   "br label %7" [maxpool_2.c:20]   --->   Operation 60 'br' <Predicate = true> <Delay = 1.76>

State 6 <SV = 5> <Delay = 6.75>
ST_6 : Operation 61 [1/1] (0.00ns)   --->   "%maxvalue1 = phi i32 [ %maxvalue, %6 ], [ %maxvalue_1, %11 ]"   --->   Operation 61 'phi' 'maxvalue1' <Predicate = true> <Delay = 0.00>
ST_6 : Operation 62 [1/1] (0.00ns)   --->   "%pool_row = phi i2 [ 0, %6 ], [ %pool_row_1, %11 ]"   --->   Operation 62 'phi' 'pool_row' <Predicate = true> <Delay = 0.00>
ST_6 : Operation 63 [1/1] (0.00ns)   --->   "%pool_row_cast2 = zext i2 %pool_row to i5" [maxpool_2.c:20]   --->   Operation 63 'zext' 'pool_row_cast2' <Predicate = true> <Delay = 0.00>
ST_6 : Operation 64 [1/1] (0.95ns)   --->   "%exitcond1 = icmp eq i2 %pool_row, -2" [maxpool_2.c:20]   --->   Operation 64 'icmp' 'exitcond1' <Predicate = true> <Delay = 0.95> <Core = "Cmp">   --->   Core 25 'Cmp' <Latency = 0> <II = 1> <Delay = 2.47> <FuncUnit> <Opcode : 'icmp'> <InPorts = 2> <OutPorts = 1>
ST_6 : Operation 65 [1/1] (0.00ns)   --->   "%empty_8 = call i32 (...)* @_ssdm_op_SpecLoopTripCount(i64 2, i64 2, i64 2)"   --->   Operation 65 'speclooptripcount' 'empty_8' <Predicate = true> <Delay = 0.00>
ST_6 : Operation 66 [1/1] (1.56ns)   --->   "%pool_row_1 = add i2 %pool_row, 1" [maxpool_2.c:20]   --->   Operation 66 'add' 'pool_row_1' <Predicate = true> <Delay = 1.56> <Core = "AddSub">   --->   Core 14 'AddSub' <Latency = 0> <II = 1> <Delay = 1.81> <FuncUnit> <Opcode : 'add' 'sub'> <InPorts = 2> <OutPorts = 1>
ST_6 : Operation 67 [1/1] (0.00ns)   --->   "br i1 %exitcond1, label %12, label %8" [maxpool_2.c:20]   --->   Operation 67 'br' <Predicate = true> <Delay = 0.00>
ST_6 : Operation 68 [1/1] (0.00ns)   --->   "call void (...)* @_ssdm_op_SpecLoopName([9 x i8]* @p_str337) nounwind" [maxpool_2.c:20]   --->   Operation 68 'specloopname' <Predicate = (!exitcond1)> <Delay = 0.00>
ST_6 : Operation 69 [1/1] (0.00ns)   --->   "%tmp_12 = call i32 (...)* @_ssdm_op_SpecRegionBegin([9 x i8]* @p_str337)" [maxpool_2.c:20]   --->   Operation 69 'specregionbegin' 'tmp_12' <Predicate = (!exitcond1)> <Delay = 0.00>
ST_6 : Operation 70 [1/1] (1.78ns)   --->   "%tmp_s = add i5 %pool_row_cast2, %in_row" [maxpool_2.c:25]   --->   Operation 70 'add' 'tmp_s' <Predicate = (!exitcond1)> <Delay = 1.78> <Core = "AddSub">   --->   Core 14 'AddSub' <Latency = 0> <II = 1> <Delay = 1.81> <FuncUnit> <Opcode : 'add' 'sub'> <InPorts = 2> <OutPorts = 1>
ST_6 : Operation 71 [1/1] (0.00ns)   --->   "%tmp_1_cast = zext i5 %tmp_s to i10" [maxpool_2.c:25]   --->   Operation 71 'zext' 'tmp_1_cast' <Predicate = (!exitcond1)> <Delay = 0.00>
ST_6 : Operation 72 [1/1] (3.78ns)   --->   "%tmp_18 = mul i10 %tmp_1_cast, 29" [maxpool_2.c:25]   --->   Operation 72 'mul' 'tmp_18' <Predicate = (!exitcond1)> <Delay = 3.78> <Core = "Mul">   --->   Core 16 'Mul' <Latency = 0> <II = 1> <Delay = 3.78> <FuncUnit> <Opcode : 'mul'> <InPorts = 2> <OutPorts = 1>
ST_6 : Operation 73 [1/1] (1.76ns)   --->   "br label %9" [maxpool_2.c:22]   --->   Operation 73 'br' <Predicate = (!exitcond1)> <Delay = 1.76>
ST_6 : Operation 74 [1/1] (0.00ns)   --->   "%tmp_9_cast = zext i4 %out_col to i9" [maxpool_2.c:14]   --->   Operation 74 'zext' 'tmp_9_cast' <Predicate = (exitcond1)> <Delay = 0.00>
ST_6 : Operation 75 [1/1] (1.82ns)   --->   "%tmp_16 = add i9 %tmp_9_cast, %tmp_5" [maxpool_2.c:14]   --->   Operation 75 'add' 'tmp_16' <Predicate = (exitcond1)> <Delay = 1.82> <Core = "AddSub">   --->   Core 14 'AddSub' <Latency = 0> <II = 1> <Delay = 1.81> <FuncUnit> <Opcode : 'add' 'sub'> <InPorts = 2> <OutPorts = 1>
ST_6 : Operation 76 [1/1] (0.00ns)   --->   "%tmp_24_cast = call i13 @_ssdm_op_BitConcatenate.i13.i9.i4(i9 %tmp_16, i4 0)" [maxpool_2.c:32]   --->   Operation 76 'bitconcatenate' 'tmp_24_cast' <Predicate = (exitcond1)> <Delay = 0.00>
ST_6 : Operation 77 [1/1] (1.67ns)   --->   "%tmp_17 = add i13 %tmp_cast, %tmp_24_cast" [maxpool_2.c:32]   --->   Operation 77 'add' 'tmp_17' <Predicate = (exitcond1)> <Delay = 1.67> <Core = "AddSub">   --->   Core 14 'AddSub' <Latency = 0> <II = 1> <Delay = 1.81> <FuncUnit> <Opcode : 'add' 'sub'> <InPorts = 2> <OutPorts = 1>
ST_6 : Operation 78 [1/1] (0.00ns)   --->   "%tmp_25_cast = zext i13 %tmp_17 to i64" [maxpool_2.c:32]   --->   Operation 78 'zext' 'tmp_25_cast' <Predicate = (exitcond1)> <Delay = 0.00>
ST_6 : Operation 79 [1/1] (0.00ns)   --->   "%output_addr = getelementptr [3136 x i32]* %output_r, i64 0, i64 %tmp_25_cast" [maxpool_2.c:32]   --->   Operation 79 'getelementptr' 'output_addr' <Predicate = (exitcond1)> <Delay = 0.00>
ST_6 : Operation 80 [1/1] (3.25ns)   --->   "store i32 %maxvalue1, i32* %output_addr, align 4" [maxpool_2.c:32]   --->   Operation 80 'store' <Predicate = (exitcond1)> <Delay = 3.25> <Core = "RAM">   --->   Core 37 'RAM' <Latency = 1> <II = 1> <Delay = 3.25> <Storage> <Opcode : 'load' 'store'> <Ports = 2> <Width = 32> <Depth = 3136> <RAM>
ST_6 : Operation 81 [1/1] (0.00ns)   --->   "%empty_11 = call i32 (...)* @_ssdm_op_SpecRegionEnd([4 x i8]* @p_str236, i32 %tmp_8)" [maxpool_2.c:33]   --->   Operation 81 'specregionend' 'empty_11' <Predicate = (exitcond1)> <Delay = 0.00>
ST_6 : Operation 82 [1/1] (0.00ns)   --->   "br label %5" [maxpool_2.c:14]   --->   Operation 82 'br' <Predicate = (exitcond1)> <Delay = 0.00>

State 7 <SV = 6> <Delay = 8.57>
ST_7 : Operation 83 [1/1] (0.00ns)   --->   "%maxvalue_1 = phi i32 [ %maxvalue1, %8 ], [ %value_0_maxvalue_1, %10 ]" [maxpool_2.c:18]   --->   Operation 83 'phi' 'maxvalue_1' <Predicate = true> <Delay = 0.00>
ST_7 : Operation 84 [1/1] (0.00ns)   --->   "%pool_col = phi i2 [ 0, %8 ], [ %pool_col_1, %10 ]"   --->   Operation 84 'phi' 'pool_col' <Predicate = true> <Delay = 0.00>
ST_7 : Operation 85 [1/1] (0.00ns)   --->   "%pool_col_cast1 = zext i2 %pool_col to i5" [maxpool_2.c:22]   --->   Operation 85 'zext' 'pool_col_cast1' <Predicate = true> <Delay = 0.00>
ST_7 : Operation 86 [1/1] (0.95ns)   --->   "%exitcond = icmp eq i2 %pool_col, -2" [maxpool_2.c:22]   --->   Operation 86 'icmp' 'exitcond' <Predicate = true> <Delay = 0.95> <Core = "Cmp">   --->   Core 25 'Cmp' <Latency = 0> <II = 1> <Delay = 2.47> <FuncUnit> <Opcode : 'icmp'> <InPorts = 2> <OutPorts = 1>
ST_7 : Operation 87 [1/1] (0.00ns)   --->   "%empty_9 = call i32 (...)* @_ssdm_op_SpecLoopTripCount(i64 2, i64 2, i64 2)"   --->   Operation 87 'speclooptripcount' 'empty_9' <Predicate = true> <Delay = 0.00>
ST_7 : Operation 88 [1/1] (1.56ns)   --->   "%pool_col_1 = add i2 %pool_col, 1" [maxpool_2.c:22]   --->   Operation 88 'add' 'pool_col_1' <Predicate = true> <Delay = 1.56> <Core = "AddSub">   --->   Core 14 'AddSub' <Latency = 0> <II = 1> <Delay = 1.81> <FuncUnit> <Opcode : 'add' 'sub'> <InPorts = 2> <OutPorts = 1>
ST_7 : Operation 89 [1/1] (0.00ns)   --->   "br i1 %exitcond, label %11, label %10" [maxpool_2.c:22]   --->   Operation 89 'br' <Predicate = true> <Delay = 0.00>
ST_7 : Operation 90 [1/1] (1.78ns)   --->   "%tmp_2 = add i5 %pool_col_cast1, %in_col" [maxpool_2.c:25]   --->   Operation 90 'add' 'tmp_2' <Predicate = (!exitcond)> <Delay = 1.78> <Core = "AddSub">   --->   Core 14 'AddSub' <Latency = 0> <II = 1> <Delay = 1.81> <FuncUnit> <Opcode : 'add' 'sub'> <InPorts = 2> <OutPorts = 1>
ST_7 : Operation 91 [1/1] (0.00ns)   --->   "%tmp_3_cast = zext i5 %tmp_2 to i10" [maxpool_2.c:25]   --->   Operation 91 'zext' 'tmp_3_cast' <Predicate = (!exitcond)> <Delay = 0.00>
ST_7 : Operation 92 [1/1] (1.73ns)   --->   "%tmp_19 = add i10 %tmp_18, %tmp_3_cast" [maxpool_2.c:25]   --->   Operation 92 'add' 'tmp_19' <Predicate = (!exitcond)> <Delay = 1.73> <Core = "AddSub">   --->   Core 14 'AddSub' <Latency = 0> <II = 1> <Delay = 1.81> <FuncUnit> <Opcode : 'add' 'sub'> <InPorts = 2> <OutPorts = 1>
ST_7 : Operation 93 [1/1] (0.00ns)   --->   "%tmp_20 = call i14 @_ssdm_op_BitConcatenate.i14.i10.i4(i10 %tmp_19, i4 0)" [maxpool_2.c:25]   --->   Operation 93 'bitconcatenate' 'tmp_20' <Predicate = (!exitcond)> <Delay = 0.00>
ST_7 : Operation 94 [1/1] (0.00ns)   --->   "%tmp_29_cast = zext i14 %tmp_20 to i15" [maxpool_2.c:25]   --->   Operation 94 'zext' 'tmp_29_cast' <Predicate = (!exitcond)> <Delay = 0.00>
ST_7 : Operation 95 [1/1] (1.81ns)   --->   "%tmp_21 = add i15 %tmp_29_cast, %tmp_cast3" [maxpool_2.c:25]   --->   Operation 95 'add' 'tmp_21' <Predicate = (!exitcond)> <Delay = 1.81> <Core = "AddSub">   --->   Core 14 'AddSub' <Latency = 0> <II = 1> <Delay = 1.81> <FuncUnit> <Opcode : 'add' 'sub'> <InPorts = 2> <OutPorts = 1>
ST_7 : Operation 96 [1/1] (0.00ns)   --->   "%tmp_30_cast = zext i15 %tmp_21 to i64" [maxpool_2.c:25]   --->   Operation 96 'zext' 'tmp_30_cast' <Predicate = (!exitcond)> <Delay = 0.00>
ST_7 : Operation 97 [1/1] (0.00ns)   --->   "%buf_conv2_addr_1 = getelementptr [13456 x i31]* @buf_conv2, i64 0, i64 %tmp_30_cast" [maxpool_2.c:25]   --->   Operation 97 'getelementptr' 'buf_conv2_addr_1' <Predicate = (!exitcond)> <Delay = 0.00>
ST_7 : Operation 98 [2/2] (3.25ns)   --->   "%buf_conv2_load_1 = load i31* %buf_conv2_addr_1, align 4" [maxpool_2.c:25]   --->   Operation 98 'load' 'buf_conv2_load_1' <Predicate = (!exitcond)> <Delay = 3.25> <Core = "RAM">   --->   Core 37 'RAM' <Latency = 1> <II = 1> <Delay = 3.25> <Storage> <Opcode : 'load' 'store'> <Ports = 2> <Width = 32> <Depth = 3136> <RAM>
ST_7 : Operation 99 [1/1] (0.00ns)   --->   "%empty_10 = call i32 (...)* @_ssdm_op_SpecRegionEnd([9 x i8]* @p_str337, i32 %tmp_12)" [maxpool_2.c:30]   --->   Operation 99 'specregionend' 'empty_10' <Predicate = (exitcond)> <Delay = 0.00>
ST_7 : Operation 100 [1/1] (0.00ns)   --->   "br label %7" [maxpool_2.c:20]   --->   Operation 100 'br' <Predicate = (exitcond)> <Delay = 0.00>

State 8 <SV = 7> <Delay = 6.42>
ST_8 : Operation 101 [1/1] (0.00ns)   --->   "call void (...)* @_ssdm_op_SpecLoopName([9 x i8]* @p_str438) nounwind" [maxpool_2.c:22]   --->   Operation 101 'specloopname' <Predicate = true> <Delay = 0.00>
ST_8 : Operation 102 [1/2] (3.25ns)   --->   "%buf_conv2_load_1 = load i31* %buf_conv2_addr_1, align 4" [maxpool_2.c:25]   --->   Operation 102 'load' 'buf_conv2_load_1' <Predicate = true> <Delay = 3.25> <Core = "RAM">   --->   Core 37 'RAM' <Latency = 1> <II = 1> <Delay = 3.25> <Storage> <Opcode : 'load' 'store'> <Ports = 2> <Width = 32> <Depth = 3136> <RAM>
ST_8 : Operation 103 [1/1] (0.00ns)   --->   "%maxvalue_3 = zext i31 %buf_conv2_load_1 to i32" [maxpool_2.c:25]   --->   Operation 103 'zext' 'maxvalue_3' <Predicate = true> <Delay = 0.00>
ST_8 : Operation 104 [1/1] (2.47ns)   --->   "%tmp_4 = icmp sgt i32 %maxvalue_3, %maxvalue_1" [maxpool_2.c:27]   --->   Operation 104 'icmp' 'tmp_4' <Predicate = true> <Delay = 2.47> <Core = "Cmp">   --->   Core 25 'Cmp' <Latency = 0> <II = 1> <Delay = 2.47> <FuncUnit> <Opcode : 'icmp'> <InPorts = 2> <OutPorts = 1>
ST_8 : Operation 105 [1/1] (0.69ns)   --->   "%value_0_maxvalue_1 = select i1 %tmp_4, i32 %maxvalue_3, i32 %maxvalue_1" [maxpool_2.c:27]   --->   Operation 105 'select' 'value_0_maxvalue_1' <Predicate = true> <Delay = 0.69> <Core = "Sel">   --->   Core 26 'Sel' <Latency = 0> <II = 1> <Delay = 0.69> <FuncUnit> <Opcode : 'select'> <InPorts = 3> <OutPorts = 1>
ST_8 : Operation 106 [1/1] (0.00ns)   --->   "br label %9" [maxpool_2.c:22]   --->   Operation 106 'br' <Predicate = true> <Delay = 0.00>


============================================================
+ Verbose Summary: Binding
============================================================
STG Binding: 
---------------- STG Properties BEGIN ----------------
- Is combinational: 0
- Is one-state seq: 0
- Is datapath-only: 0
- Is pipelined: 0
- Is top level: 0
Port [ Return ] is wired: 1; IO mode=ap_ctrl_hs:ce=0
Port [ output_r]:  wired=1; compound=1; hidden=0; nouse=0; global=0; static=0; extern=0; dir=1; type=1; pingpong=0; private_global=0; MemPort=[03]; IO mode=ap_memory:ce=0
Port [ buf_conv2]:  wired=1; compound=1; hidden=0; nouse=0; global=1; static=1; extern=0; dir=0; type=1; pingpong=0; private_global=0; linkage=7; visibility=0; MemPort=[13]; IO mode=ap_memory:ce=0
---------------- STG Properties END ------------------

---------------- Datapath Model BEGIN ----------------

<LifeTime>
<method=bitvector/>
StgValue_9         (br               ) [ 011111111]
ch                 (phi              ) [ 001011111]
exitcond4          (icmp             ) [ 001111111]
empty              (speclooptripcount) [ 000000000]
ch_1               (add              ) [ 011111111]
StgValue_14        (br               ) [ 000000000]
StgValue_15        (specloopname     ) [ 000000000]
tmp_7              (specregionbegin  ) [ 000111111]
tmp_cast3          (zext             ) [ 000111111]
tmp_cast           (zext             ) [ 000111111]
StgValue_19        (br               ) [ 001111111]
StgValue_20        (ret              ) [ 000000000]
out_row            (phi              ) [ 000100000]
exitcond3          (icmp             ) [ 001111111]
empty_6            (speclooptripcount) [ 000000000]
out_row_1          (add              ) [ 001111111]
StgValue_25        (br               ) [ 000000000]
StgValue_26        (specloopname     ) [ 000000000]
tmp_6              (specregionbegin  ) [ 000011111]
in_row             (bitconcatenate   ) [ 000011111]
tmp_5_cast2        (zext             ) [ 000000000]
tmp_5_cast         (zext             ) [ 000000000]
tmp_1              (mul              ) [ 000011111]
tmp_3              (bitconcatenate   ) [ 000000000]
p_shl_cast         (zext             ) [ 000000000]
tmp_5              (sub              ) [ 000011111]
StgValue_35        (br               ) [ 001111111]
empty_13           (specregionend    ) [ 000000000]
StgValue_37        (br               ) [ 011111111]
out_col            (phi              ) [ 000011111]
exitcond2          (icmp             ) [ 001111111]
empty_7            (speclooptripcount) [ 000000000]
out_col_1          (add              ) [ 001111111]
StgValue_42        (br               ) [ 000000000]
in_col             (bitconcatenate   ) [ 000001111]
tmp_8_cast         (zext             ) [ 000000000]
tmp_9              (add              ) [ 000000000]
tmp                (trunc            ) [ 000000000]
tmp_10             (bitconcatenate   ) [ 000000000]
tmp_11             (or               ) [ 000000000]
tmp_13             (partselect       ) [ 000000000]
tmp_14             (bitconcatenate   ) [ 000000000]
tmp_15             (zext             ) [ 000000000]
buf_conv2_addr     (getelementptr    ) [ 000001000]
empty_12           (specregionend    ) [ 000000000]
StgValue_55        (br               ) [ 001111111]
StgValue_56        (specloopname     ) [ 000000000]
tmp_8              (specregionbegin  ) [ 000000111]
buf_conv2_load     (load             ) [ 000000000]
maxvalue           (zext             ) [ 001111111]
StgValue_60        (br               ) [ 001111111]
maxvalue1          (phi              ) [ 000000111]
pool_row           (phi              ) [ 000000100]
pool_row_cast2     (zext             ) [ 000000000]
exitcond1          (icmp             ) [ 001111111]
empty_8            (speclooptripcount) [ 000000000]
pool_row_1         (add              ) [ 001111111]
StgValue_67        (br               ) [ 000000000]
StgValue_68        (specloopname     ) [ 000000000]
tmp_12             (specregionbegin  ) [ 000000011]
tmp_s              (add              ) [ 000000000]
tmp_1_cast         (zext             ) [ 000000000]
tmp_18             (mul              ) [ 000000011]
StgValue_73        (br               ) [ 001111111]
tmp_9_cast         (zext             ) [ 000000000]
tmp_16             (add              ) [ 000000000]
tmp_24_cast        (bitconcatenate   ) [ 000000000]
tmp_17             (add              ) [ 000000000]
tmp_25_cast        (zext             ) [ 000000000]
output_addr        (getelementptr    ) [ 000000000]
StgValue_80        (store            ) [ 000000000]
empty_11           (specregionend    ) [ 000000000]
StgValue_82        (br               ) [ 001111111]
maxvalue_1         (phi              ) [ 001111111]
pool_col           (phi              ) [ 000000010]
pool_col_cast1     (zext             ) [ 000000000]
exitcond           (icmp             ) [ 001111111]
empty_9            (speclooptripcount) [ 000000000]
pool_col_1         (add              ) [ 001111111]
StgValue_89        (br               ) [ 000000000]
tmp_2              (add              ) [ 000000000]
tmp_3_cast         (zext             ) [ 000000000]
tmp_19             (add              ) [ 000000000]
tmp_20             (bitconcatenate   ) [ 000000000]
tmp_29_cast        (zext             ) [ 000000000]
tmp_21             (add              ) [ 000000000]
tmp_30_cast        (zext             ) [ 000000000]
buf_conv2_addr_1   (getelementptr    ) [ 000000001]
empty_10           (specregionend    ) [ 000000000]
StgValue_100       (br               ) [ 001111111]
StgValue_101       (specloopname     ) [ 000000000]
buf_conv2_load_1   (load             ) [ 000000000]
maxvalue_3         (zext             ) [ 000000000]
tmp_4              (icmp             ) [ 000000000]
value_0_maxvalue_1 (select           ) [ 001111111]
StgValue_106       (br               ) [ 001111111]
</LifeTime>

<model>

<comp_list>
<comp id="0" class="1000" name="output_r">
<pin_list>
<pin id="1" dir="1" index="0" bw="1" slack="0"/>
</pin_list>
<bind>
<StgValue><ssdm name="output_r"/><MemPortTyVec>0 3 </MemPortTyVec>
</StgValue>
</bind>
</comp>

<comp id="2" class="1000" name="buf_conv2">
<pin_list>
<pin id="3" dir="1" index="0" bw="1" slack="0"/>
</pin_list>
<bind>
<StgValue><ssdm name="buf_conv2"/><MemPortTyVec>1 3 </MemPortTyVec>
</StgValue>
</bind>
</comp>

<comp id="4" class="1001" name="const_4">
<pin_list>
<pin id="5" dir="1" index="0" bw="1" slack="1"/>
</pin_list>
<bind>
<StgValue><ssdm name=""/></StgValue>
</bind>
</comp>

<comp id="6" class="1001" name="const_6">
<pin_list>
<pin id="7" dir="1" index="0" bw="1" slack="0"/>
</pin_list>
<bind>
<StgValue><ssdm name=""/></StgValue>
</bind>
</comp>

<comp id="8" class="1001" name="const_8">
<pin_list>
<pin id="9" dir="1" index="0" bw="1" slack="2147483647"/>
</pin_list>
<bind>
<StgValue><ssdm name="_ssdm_op_SpecLoopTripCount"/></StgValue>
</bind>
</comp>

<comp id="10" class="1001" name="const_10">
<pin_list>
<pin id="11" dir="1" index="0" bw="1" slack="2147483647"/>
</pin_list>
<bind>
<StgValue><ssdm name=""/></StgValue>
</bind>
</comp>

<comp id="12" class="1001" name="const_12">
<pin_list>
<pin id="13" dir="1" index="0" bw="1" slack="0"/>
</pin_list>
<bind>
<StgValue><ssdm name=""/></StgValue>
</bind>
</comp>

<comp id="14" class="1001" name="const_14">
<pin_list>
<pin id="15" dir="1" index="0" bw="1" slack="2147483647"/>
</pin_list>
<bind>
<StgValue><ssdm name="_ssdm_op_SpecLoopName"/></StgValue>
</bind>
</comp>

<comp id="16" class="1001" name="const_16">
<pin_list>
<pin id="17" dir="1" index="0" bw="1" slack="2147483647"/>
</pin_list>
<bind>
<StgValue><ssdm name="p_str34"/></StgValue>
</bind>
</comp>

<comp id="18" class="1001" name="const_18">
<pin_list>
<pin id="19" dir="1" index="0" bw="1" slack="2147483647"/>
</pin_list>
<bind>
<StgValue><ssdm name="_ssdm_op_SpecRegionBegin"/></StgValue>
</bind>
</comp>

<comp id="20" class="1001" name="const_20">
<pin_list>
<pin id="21" dir="1" index="0" bw="1" slack="0"/>
</pin_list>
<bind>
<StgValue><ssdm name=""/></StgValue>
</bind>
</comp>

<comp id="22" class="1001" name="const_22">
<pin_list>
<pin id="23" dir="1" index="0" bw="1" slack="0"/>
</pin_list>
<bind>
<StgValue><ssdm name=""/></StgValue>
</bind>
</comp>

<comp id="24" class="1001" name="const_24">
<pin_list>
<pin id="25" dir="1" index="0" bw="1" slack="2147483647"/>
</pin_list>
<bind>
<StgValue><ssdm name=""/></StgValue>
</bind>
</comp>

<comp id="26" class="1001" name="const_26">
<pin_list>
<pin id="27" dir="1" index="0" bw="1" slack="0"/>
</pin_list>
<bind>
<StgValue><ssdm name=""/></StgValue>
</bind>
</comp>

<comp id="28" class="1001" name="const_28">
<pin_list>
<pin id="29" dir="1" index="0" bw="1" slack="2147483647"/>
</pin_list>
<bind>
<StgValue><ssdm name="p_str135"/></StgValue>
</bind>
</comp>

<comp id="30" class="1001" name="const_30">
<pin_list>
<pin id="31" dir="1" index="0" bw="1" slack="0"/>
</pin_list>
<bind>
<StgValue><ssdm name="_ssdm_op_BitConcatenate.i5.i4.i1"/></StgValue>
</bind>
</comp>

<comp id="32" class="1001" name="const_32">
<pin_list>
<pin id="33" dir="1" index="0" bw="1" slack="0"/>
</pin_list>
<bind>
<StgValue><ssdm name=""/></StgValue>
</bind>
</comp>

<comp id="34" class="1001" name="const_34">
<pin_list>
<pin id="35" dir="1" index="0" bw="1" slack="0"/>
</pin_list>
<bind>
<StgValue><ssdm name=""/></StgValue>
</bind>
</comp>

<comp id="36" class="1001" name="const_36">
<pin_list>
<pin id="37" dir="1" index="0" bw="1" slack="0"/>
</pin_list>
<bind>
<StgValue><ssdm name="_ssdm_op_BitConcatenate.i8.i4.i4"/></StgValue>
</bind>
</comp>

<comp id="38" class="1001" name="const_38">
<pin_list>
<pin id="39" dir="1" index="0" bw="1" slack="2147483647"/>
</pin_list>
<bind>
<StgValue><ssdm name="_ssdm_op_SpecRegionEnd"/></StgValue>
</bind>
</comp>

<comp id="40" class="1001" name="const_40">
<pin_list>
<pin id="41" dir="1" index="0" bw="1" slack="0"/>
</pin_list>
<bind>
<StgValue><ssdm name="_ssdm_op_BitConcatenate.i5.i1.i4"/></StgValue>
</bind>
</comp>

<comp id="42" class="1001" name="const_42">
<pin_list>
<pin id="43" dir="1" index="0" bw="1" slack="0"/>
</pin_list>
<bind>
<StgValue><ssdm name="_ssdm_op_PartSelect.i9.i10.i32.i32"/></StgValue>
</bind>
</comp>

<comp id="44" class="1001" name="const_44">
<pin_list>
<pin id="45" dir="1" index="0" bw="1" slack="0"/>
</pin_list>
<bind>
<StgValue><ssdm name=""/></StgValue>
</bind>
</comp>

<comp id="46" class="1001" name="const_46">
<pin_list>
<pin id="47" dir="1" index="0" bw="1" slack="0"/>
</pin_list>
<bind>
<StgValue><ssdm name=""/></StgValue>
</bind>
</comp>

<comp id="48" class="1001" name="const_48">
<pin_list>
<pin id="49" dir="1" index="0" bw="1" slack="0"/>
</pin_list>
<bind>
<StgValue><ssdm name="_ssdm_op_BitConcatenate.i14.i9.i5"/></StgValue>
</bind>
</comp>

<comp id="50" class="1001" name="const_50">
<pin_list>
<pin id="51" dir="1" index="0" bw="1" slack="0"/>
</pin_list>
<bind>
<StgValue><ssdm name=""/></StgValue>
</bind>
</comp>

<comp id="52" class="1001" name="const_52">
<pin_list>
<pin id="53" dir="1" index="0" bw="1" slack="2147483647"/>
</pin_list>
<bind>
<StgValue><ssdm name="p_str236"/></StgValue>
</bind>
</comp>

<comp id="54" class="1001" name="const_54">
<pin_list>
<pin id="55" dir="1" index="0" bw="1" slack="1"/>
</pin_list>
<bind>
<StgValue><ssdm name=""/></StgValue>
</bind>
</comp>

<comp id="56" class="1001" name="const_56">
<pin_list>
<pin id="57" dir="1" index="0" bw="1" slack="0"/>
</pin_list>
<bind>
<StgValue><ssdm name=""/></StgValue>
</bind>
</comp>

<comp id="58" class="1001" name="const_58">
<pin_list>
<pin id="59" dir="1" index="0" bw="1" slack="2147483647"/>
</pin_list>
<bind>
<StgValue><ssdm name=""/></StgValue>
</bind>
</comp>

<comp id="60" class="1001" name="const_60">
<pin_list>
<pin id="61" dir="1" index="0" bw="1" slack="0"/>
</pin_list>
<bind>
<StgValue><ssdm name=""/></StgValue>
</bind>
</comp>

<comp id="62" class="1001" name="const_62">
<pin_list>
<pin id="63" dir="1" index="0" bw="1" slack="2147483647"/>
</pin_list>
<bind>
<StgValue><ssdm name="p_str337"/></StgValue>
</bind>
</comp>

<comp id="64" class="1001" name="const_64">
<pin_list>
<pin id="65" dir="1" index="0" bw="1" slack="0"/>
</pin_list>
<bind>
<StgValue><ssdm name="_ssdm_op_BitConcatenate.i13.i9.i4"/></StgValue>
</bind>
</comp>

<comp id="66" class="1001" name="const_66">
<pin_list>
<pin id="67" dir="1" index="0" bw="1" slack="0"/>
</pin_list>
<bind>
<StgValue><ssdm name="_ssdm_op_BitConcatenate.i14.i10.i4"/></StgValue>
</bind>
</comp>

<comp id="68" class="1001" name="const_68">
<pin_list>
<pin id="69" dir="1" index="0" bw="1" slack="2147483647"/>
</pin_list>
<bind>
<StgValue><ssdm name="p_str438"/></StgValue>
</bind>
</comp>

<comp id="70" class="1004" name="buf_conv2_addr_gep_fu_70">
<pin_list>
<pin id="71" dir="0" index="0" bw="31" slack="0"/>
<pin id="72" dir="0" index="1" bw="1" slack="0"/>
<pin id="73" dir="0" index="2" bw="14" slack="0"/>
<pin id="74" dir="1" index="3" bw="14" slack="0"/>
</pin_list>
<bind>
<opcode="getelementptr(29) " fcode="getelementptr"/>
<opset="buf_conv2_addr/4 "/>
</bind>
</comp>

<comp id="77" class="1004" name="grp_access_fu_77">
<pin_list>
<pin id="78" dir="0" index="0" bw="14" slack="0"/>
<pin id="79" dir="0" index="1" bw="31" slack="2147483647"/>
<pin id="80" dir="0" index="2" bw="0" slack="2147483647"/>
<pin id="81" dir="1" index="3" bw="31" slack="0"/>
</pin_list>
<bind>
<opcode="load(27) " fcode="load"/>
<opset="buf_conv2_load/4 buf_conv2_load_1/7 "/>
</bind>
</comp>

<comp id="83" class="1004" name="output_addr_gep_fu_83">
<pin_list>
<pin id="84" dir="0" index="0" bw="32" slack="0"/>
<pin id="85" dir="0" index="1" bw="1" slack="0"/>
<pin id="86" dir="0" index="2" bw="13" slack="0"/>
<pin id="87" dir="1" index="3" bw="12" slack="0"/>
</pin_list>
<bind>
<opcode="getelementptr(29) " fcode="getelementptr"/>
<opset="output_addr/6 "/>
</bind>
</comp>

<comp id="90" class="1004" name="StgValue_80_access_fu_90">
<pin_list>
<pin id="91" dir="0" index="0" bw="12" slack="0"/>
<pin id="92" dir="0" index="1" bw="32" slack="0"/>
<pin id="93" dir="0" index="2" bw="0" slack="2147483647"/>
<pin id="94" dir="1" index="3" bw="32" slack="2147483647"/>
</pin_list>
<bind>
<opcode="store(28) " fcode="store"/>
<opset="StgValue_80/6 "/>
</bind>
</comp>

<comp id="96" class="1004" name="buf_conv2_addr_1_gep_fu_96">
<pin_list>
<pin id="97" dir="0" index="0" bw="31" slack="0"/>
<pin id="98" dir="0" index="1" bw="1" slack="0"/>
<pin id="99" dir="0" index="2" bw="15" slack="0"/>
<pin id="100" dir="1" index="3" bw="14" slack="0"/>
</pin_list>
<bind>
<opcode="getelementptr(29) " fcode="getelementptr"/>
<opset="buf_conv2_addr_1/7 "/>
</bind>
</comp>

<comp id="104" class="1005" name="ch_reg_104">
<pin_list>
<pin id="105" dir="0" index="0" bw="5" slack="1"/>
<pin id="106" dir="1" index="1" bw="5" slack="1"/>
</pin_list>
<bind>
<opset="ch (phireg) "/>
</bind>
</comp>

<comp id="108" class="1004" name="ch_phi_fu_108">
<pin_list>
<pin id="109" dir="0" index="0" bw="1" slack="1"/>
<pin id="110" dir="0" index="1" bw="0" slack="2147483647"/>
<pin id="111" dir="0" index="2" bw="5" slack="0"/>
<pin id="112" dir="0" index="3" bw="0" slack="2147483647"/>
<pin id="113" dir="1" index="4" bw="5" slack="0"/>
</pin_list>
<bind>
<opcode="phi(47) " fcode="phi"/>
<opset="ch/2 "/>
</bind>
</comp>

<comp id="116" class="1005" name="out_row_reg_116">
<pin_list>
<pin id="117" dir="0" index="0" bw="4" slack="1"/>
<pin id="118" dir="1" index="1" bw="4" slack="1"/>
</pin_list>
<bind>
<opset="out_row (phireg) "/>
</bind>
</comp>

<comp id="120" class="1004" name="out_row_phi_fu_120">
<pin_list>
<pin id="121" dir="0" index="0" bw="1" slack="1"/>
<pin id="122" dir="0" index="1" bw="0" slack="2147483647"/>
<pin id="123" dir="0" index="2" bw="4" slack="0"/>
<pin id="124" dir="0" index="3" bw="0" slack="2147483647"/>
<pin id="125" dir="1" index="4" bw="4" slack="0"/>
</pin_list>
<bind>
<opcode="phi(47) " fcode="phi"/>
<opset="out_row/3 "/>
</bind>
</comp>

<comp id="127" class="1005" name="out_col_reg_127">
<pin_list>
<pin id="128" dir="0" index="0" bw="4" slack="1"/>
<pin id="129" dir="1" index="1" bw="4" slack="1"/>
</pin_list>
<bind>
<opset="out_col (phireg) "/>
</bind>
</comp>

<comp id="131" class="1004" name="out_col_phi_fu_131">
<pin_list>
<pin id="132" dir="0" index="0" bw="1" slack="1"/>
<pin id="133" dir="0" index="1" bw="0" slack="2147483647"/>
<pin id="134" dir="0" index="2" bw="4" slack="0"/>
<pin id="135" dir="0" index="3" bw="0" slack="2147483647"/>
<pin id="136" dir="1" index="4" bw="4" slack="0"/>
</pin_list>
<bind>
<opcode="phi(47) " fcode="phi"/>
<opset="out_col/4 "/>
</bind>
</comp>

<comp id="139" class="1005" name="maxvalue1_reg_139">
<pin_list>
<pin id="140" dir="0" index="0" bw="32" slack="1"/>
<pin id="141" dir="1" index="1" bw="32" slack="1"/>
</pin_list>
<bind>
<opset="maxvalue1 (phireg) "/>
</bind>
</comp>

<comp id="142" class="1004" name="maxvalue1_phi_fu_142">
<pin_list>
<pin id="143" dir="0" index="0" bw="31" slack="1"/>
<pin id="144" dir="0" index="1" bw="0" slack="2147483647"/>
<pin id="145" dir="0" index="2" bw="32" slack="1"/>
<pin id="146" dir="0" index="3" bw="0" slack="2147483647"/>
<pin id="147" dir="1" index="4" bw="32" slack="0"/>
</pin_list>
<bind>
<opcode="phi(47) " fcode="phi"/>
<opset="maxvalue1/6 "/>
</bind>
</comp>

<comp id="150" class="1005" name="pool_row_reg_150">
<pin_list>
<pin id="151" dir="0" index="0" bw="2" slack="1"/>
<pin id="152" dir="1" index="1" bw="2" slack="1"/>
</pin_list>
<bind>
<opset="pool_row (phireg) "/>
</bind>
</comp>

<comp id="154" class="1004" name="pool_row_phi_fu_154">
<pin_list>
<pin id="155" dir="0" index="0" bw="1" slack="1"/>
<pin id="156" dir="0" index="1" bw="0" slack="2147483647"/>
<pin id="157" dir="0" index="2" bw="2" slack="0"/>
<pin id="158" dir="0" index="3" bw="0" slack="2147483647"/>
<pin id="159" dir="1" index="4" bw="2" slack="0"/>
</pin_list>
<bind>
<opcode="phi(47) " fcode="phi"/>
<opset="pool_row/6 "/>
</bind>
</comp>

<comp id="161" class="1005" name="maxvalue_1_reg_161">
<pin_list>
<pin id="162" dir="0" index="0" bw="32" slack="1"/>
<pin id="163" dir="1" index="1" bw="32" slack="1"/>
</pin_list>
<bind>
<opset="maxvalue_1 (phireg) "/>
</bind>
</comp>

<comp id="165" class="1004" name="maxvalue_1_phi_fu_165">
<pin_list>
<pin id="166" dir="0" index="0" bw="32" slack="1"/>
<pin id="167" dir="0" index="1" bw="0" slack="2147483647"/>
<pin id="168" dir="0" index="2" bw="32" slack="1"/>
<pin id="169" dir="0" index="3" bw="0" slack="2147483647"/>
<pin id="170" dir="1" index="4" bw="32" slack="1"/>
</pin_list>
<bind>
<opcode="phi(47) " fcode="phi"/>
<opset="maxvalue_1/7 "/>
</bind>
</comp>

<comp id="173" class="1005" name="pool_col_reg_173">
<pin_list>
<pin id="174" dir="0" index="0" bw="2" slack="1"/>
<pin id="175" dir="1" index="1" bw="2" slack="1"/>
</pin_list>
<bind>
<opset="pool_col (phireg) "/>
</bind>
</comp>

<comp id="177" class="1004" name="pool_col_phi_fu_177">
<pin_list>
<pin id="178" dir="0" index="0" bw="1" slack="1"/>
<pin id="179" dir="0" index="1" bw="0" slack="2147483647"/>
<pin id="180" dir="0" index="2" bw="2" slack="0"/>
<pin id="181" dir="0" index="3" bw="0" slack="2147483647"/>
<pin id="182" dir="1" index="4" bw="2" slack="0"/>
</pin_list>
<bind>
<opcode="phi(47) " fcode="phi"/>
<opset="pool_col/7 "/>
</bind>
</comp>

<comp id="184" class="1004" name="exitcond4_fu_184">
<pin_list>
<pin id="185" dir="0" index="0" bw="5" slack="0"/>
<pin id="186" dir="0" index="1" bw="5" slack="0"/>
<pin id="187" dir="1" index="2" bw="1" slack="2147483647"/>
</pin_list>
<bind>
<opcode="icmp(45) " fcode="icmp"/>
<opset="exitcond4/2 "/>
</bind>
</comp>

<comp id="190" class="1004" name="ch_1_fu_190">
<pin_list>
<pin id="191" dir="0" index="0" bw="5" slack="0"/>
<pin id="192" dir="0" index="1" bw="1" slack="0"/>
<pin id="193" dir="1" index="2" bw="5" slack="0"/>
</pin_list>
<bind>
<opcode="add(8) " fcode="add"/>
<opset="ch_1/2 "/>
</bind>
</comp>

<comp id="196" class="1004" name="tmp_cast3_fu_196">
<pin_list>
<pin id="197" dir="0" index="0" bw="5" slack="0"/>
<pin id="198" dir="1" index="1" bw="15" slack="5"/>
</pin_list>
<bind>
<opcode="zext(34) " fcode="zext"/>
<opset="tmp_cast3/2 "/>
</bind>
</comp>

<comp id="200" class="1004" name="tmp_cast_fu_200">
<pin_list>
<pin id="201" dir="0" index="0" bw="5" slack="0"/>
<pin id="202" dir="1" index="1" bw="13" slack="4"/>
</pin_list>
<bind>
<opcode="zext(34) " fcode="zext"/>
<opset="tmp_cast/2 "/>
</bind>
</comp>

<comp id="204" class="1004" name="exitcond3_fu_204">
<pin_list>
<pin id="205" dir="0" index="0" bw="4" slack="0"/>
<pin id="206" dir="0" index="1" bw="2" slack="0"/>
<pin id="207" dir="1" index="2" bw="1" slack="2147483647"/>
</pin_list>
<bind>
<opcode="icmp(45) " fcode="icmp"/>
<opset="exitcond3/3 "/>
</bind>
</comp>

<comp id="210" class="1004" name="out_row_1_fu_210">
<pin_list>
<pin id="211" dir="0" index="0" bw="4" slack="0"/>
<pin id="212" dir="0" index="1" bw="1" slack="0"/>
<pin id="213" dir="1" index="2" bw="4" slack="0"/>
</pin_list>
<bind>
<opcode="add(8) " fcode="add"/>
<opset="out_row_1/3 "/>
</bind>
</comp>

<comp id="216" class="1004" name="in_row_fu_216">
<pin_list>
<pin id="217" dir="0" index="0" bw="5" slack="0"/>
<pin id="218" dir="0" index="1" bw="4" slack="0"/>
<pin id="219" dir="0" index="2" bw="1" slack="0"/>
<pin id="220" dir="1" index="3" bw="5" slack="0"/>
</pin_list>
<bind>
<opcode="bitconcatenate(1004) " fcode="bitconcatenate"/>
<opset="in_row/3 "/>
</bind>
</comp>

<comp id="224" class="1004" name="tmp_5_cast2_fu_224">
<pin_list>
<pin id="225" dir="0" index="0" bw="5" slack="0"/>
<pin id="226" dir="1" index="1" bw="10" slack="0"/>
</pin_list>
<bind>
<opcode="zext(34) " fcode="zext"/>
<opset="tmp_5_cast2/3 "/>
</bind>
</comp>

<comp id="228" class="1004" name="tmp_5_cast_fu_228">
<pin_list>
<pin id="229" dir="0" index="0" bw="5" slack="0"/>
<pin id="230" dir="1" index="1" bw="9" slack="0"/>
</pin_list>
<bind>
<opcode="zext(34) " fcode="zext"/>
<opset="tmp_5_cast/3 "/>
</bind>
</comp>

<comp id="232" class="1004" name="tmp_1_fu_232">
<pin_list>
<pin id="233" dir="0" index="0" bw="5" slack="0"/>
<pin id="234" dir="0" index="1" bw="6" slack="0"/>
<pin id="235" dir="1" index="2" bw="10" slack="1"/>
</pin_list>
<bind>
<opcode="mul(12) " fcode="mul"/>
<opset="tmp_1/3 "/>
</bind>
</comp>

<comp id="238" class="1004" name="tmp_3_fu_238">
<pin_list>
<pin id="239" dir="0" index="0" bw="8" slack="0"/>
<pin id="240" dir="0" index="1" bw="4" slack="0"/>
<pin id="241" dir="0" index="2" bw="1" slack="0"/>
<pin id="242" dir="1" index="3" bw="8" slack="0"/>
</pin_list>
<bind>
<opcode="bitconcatenate(1004) " fcode="bitconcatenate"/>
<opset="tmp_3/3 "/>
</bind>
</comp>

<comp id="246" class="1004" name="p_shl_cast_fu_246">
<pin_list>
<pin id="247" dir="0" index="0" bw="8" slack="0"/>
<pin id="248" dir="1" index="1" bw="9" slack="0"/>
</pin_list>
<bind>
<opcode="zext(34) " fcode="zext"/>
<opset="p_shl_cast/3 "/>
</bind>
</comp>

<comp id="250" class="1004" name="tmp_5_fu_250">
<pin_list>
<pin id="251" dir="0" index="0" bw="8" slack="0"/>
<pin id="252" dir="0" index="1" bw="5" slack="0"/>
<pin id="253" dir="1" index="2" bw="9" slack="3"/>
</pin_list>
<bind>
<opcode="sub(10) " fcode="sub"/>
<opset="tmp_5/3 "/>
</bind>
</comp>

<comp id="256" class="1004" name="exitcond2_fu_256">
<pin_list>
<pin id="257" dir="0" index="0" bw="4" slack="0"/>
<pin id="258" dir="0" index="1" bw="2" slack="0"/>
<pin id="259" dir="1" index="2" bw="1" slack="2147483647"/>
</pin_list>
<bind>
<opcode="icmp(45) " fcode="icmp"/>
<opset="exitcond2/4 "/>
</bind>
</comp>

<comp id="262" class="1004" name="out_col_1_fu_262">
<pin_list>
<pin id="263" dir="0" index="0" bw="4" slack="0"/>
<pin id="264" dir="0" index="1" bw="1" slack="0"/>
<pin id="265" dir="1" index="2" bw="4" slack="0"/>
</pin_list>
<bind>
<opcode="add(8) " fcode="add"/>
<opset="out_col_1/4 "/>
</bind>
</comp>

<comp id="268" class="1004" name="in_col_fu_268">
<pin_list>
<pin id="269" dir="0" index="0" bw="5" slack="0"/>
<pin id="270" dir="0" index="1" bw="4" slack="0"/>
<pin id="271" dir="0" index="2" bw="1" slack="0"/>
<pin id="272" dir="1" index="3" bw="5" slack="0"/>
</pin_list>
<bind>
<opcode="bitconcatenate(1004) " fcode="bitconcatenate"/>
<opset="in_col/4 "/>
</bind>
</comp>

<comp id="276" class="1004" name="tmp_8_cast_fu_276">
<pin_list>
<pin id="277" dir="0" index="0" bw="5" slack="0"/>
<pin id="278" dir="1" index="1" bw="10" slack="0"/>
</pin_list>
<bind>
<opcode="zext(34) " fcode="zext"/>
<opset="tmp_8_cast/4 "/>
</bind>
</comp>

<comp id="280" class="1004" name="tmp_9_fu_280">
<pin_list>
<pin id="281" dir="0" index="0" bw="10" slack="1"/>
<pin id="282" dir="0" index="1" bw="5" slack="0"/>
<pin id="283" dir="1" index="2" bw="10" slack="0"/>
</pin_list>
<bind>
<opcode="add(8) " fcode="add"/>
<opset="tmp_9/4 "/>
</bind>
</comp>

<comp id="285" class="1004" name="tmp_fu_285">
<pin_list>
<pin id="286" dir="0" index="0" bw="10" slack="0"/>
<pin id="287" dir="1" index="1" bw="1" slack="0"/>
</pin_list>
<bind>
<opcode="trunc(33) " fcode="trunc"/>
<opset="tmp/4 "/>
</bind>
</comp>

<comp id="289" class="1004" name="tmp_10_fu_289">
<pin_list>
<pin id="290" dir="0" index="0" bw="5" slack="0"/>
<pin id="291" dir="0" index="1" bw="1" slack="0"/>
<pin id="292" dir="0" index="2" bw="1" slack="0"/>
<pin id="293" dir="1" index="3" bw="5" slack="0"/>
</pin_list>
<bind>
<opcode="bitconcatenate(1004) " fcode="bitconcatenate"/>
<opset="tmp_10/4 "/>
</bind>
</comp>

<comp id="297" class="1004" name="tmp_11_fu_297">
<pin_list>
<pin id="298" dir="0" index="0" bw="5" slack="0"/>
<pin id="299" dir="0" index="1" bw="5" slack="2"/>
<pin id="300" dir="1" index="2" bw="5" slack="0"/>
</pin_list>
<bind>
<opcode="or(24) " fcode="or"/>
<opset="tmp_11/4 "/>
</bind>
</comp>

<comp id="303" class="1004" name="tmp_13_fu_303">
<pin_list>
<pin id="304" dir="0" index="0" bw="9" slack="0"/>
<pin id="305" dir="0" index="1" bw="10" slack="0"/>
<pin id="306" dir="0" index="2" bw="1" slack="0"/>
<pin id="307" dir="0" index="3" bw="5" slack="0"/>
<pin id="308" dir="1" index="4" bw="9" slack="0"/>
</pin_list>
<bind>
<opcode="partselect(1002) " fcode="partselect"/>
<opset="tmp_13/4 "/>
</bind>
</comp>

<comp id="313" class="1004" name="tmp_14_fu_313">
<pin_list>
<pin id="314" dir="0" index="0" bw="14" slack="0"/>
<pin id="315" dir="0" index="1" bw="9" slack="0"/>
<pin id="316" dir="0" index="2" bw="5" slack="0"/>
<pin id="317" dir="1" index="3" bw="14" slack="0"/>
</pin_list>
<bind>
<opcode="bitconcatenate(1004) " fcode="bitconcatenate"/>
<opset="tmp_14/4 "/>
</bind>
</comp>

<comp id="321" class="1004" name="tmp_15_fu_321">
<pin_list>
<pin id="322" dir="0" index="0" bw="14" slack="0"/>
<pin id="323" dir="1" index="1" bw="64" slack="0"/>
</pin_list>
<bind>
<opcode="zext(34) " fcode="zext"/>
<opset="tmp_15/4 "/>
</bind>
</comp>

<comp id="326" class="1004" name="maxvalue_fu_326">
<pin_list>
<pin id="327" dir="0" index="0" bw="31" slack="0"/>
<pin id="328" dir="1" index="1" bw="32" slack="1"/>
</pin_list>
<bind>
<opcode="zext(34) " fcode="zext"/>
<opset="maxvalue/5 "/>
</bind>
</comp>

<comp id="330" class="1004" name="pool_row_cast2_fu_330">
<pin_list>
<pin id="331" dir="0" index="0" bw="2" slack="0"/>
<pin id="332" dir="1" index="1" bw="5" slack="0"/>
</pin_list>
<bind>
<opcode="zext(34) " fcode="zext"/>
<opset="pool_row_cast2/6 "/>
</bind>
</comp>

<comp id="334" class="1004" name="exitcond1_fu_334">
<pin_list>
<pin id="335" dir="0" index="0" bw="2" slack="0"/>
<pin id="336" dir="0" index="1" bw="2" slack="0"/>
<pin id="337" dir="1" index="2" bw="1" slack="2147483647"/>
</pin_list>
<bind>
<opcode="icmp(45) " fcode="icmp"/>
<opset="exitcond1/6 "/>
</bind>
</comp>

<comp id="340" class="1004" name="pool_row_1_fu_340">
<pin_list>
<pin id="341" dir="0" index="0" bw="2" slack="0"/>
<pin id="342" dir="0" index="1" bw="1" slack="0"/>
<pin id="343" dir="1" index="2" bw="2" slack="0"/>
</pin_list>
<bind>
<opcode="add(8) " fcode="add"/>
<opset="pool_row_1/6 "/>
</bind>
</comp>

<comp id="346" class="1004" name="tmp_s_fu_346">
<pin_list>
<pin id="347" dir="0" index="0" bw="2" slack="0"/>
<pin id="348" dir="0" index="1" bw="5" slack="3"/>
<pin id="349" dir="1" index="2" bw="5" slack="0"/>
</pin_list>
<bind>
<opcode="add(8) " fcode="add"/>
<opset="tmp_s/6 "/>
</bind>
</comp>

<comp id="351" class="1004" name="tmp_1_cast_fu_351">
<pin_list>
<pin id="352" dir="0" index="0" bw="5" slack="0"/>
<pin id="353" dir="1" index="1" bw="10" slack="0"/>
</pin_list>
<bind>
<opcode="zext(34) " fcode="zext"/>
<opset="tmp_1_cast/6 "/>
</bind>
</comp>

<comp id="355" class="1004" name="tmp_18_fu_355">
<pin_list>
<pin id="356" dir="0" index="0" bw="5" slack="0"/>
<pin id="357" dir="0" index="1" bw="6" slack="0"/>
<pin id="358" dir="1" index="2" bw="10" slack="1"/>
</pin_list>
<bind>
<opcode="mul(12) " fcode="mul"/>
<opset="tmp_18/6 "/>
</bind>
</comp>

<comp id="361" class="1004" name="tmp_9_cast_fu_361">
<pin_list>
<pin id="362" dir="0" index="0" bw="4" slack="2"/>
<pin id="363" dir="1" index="1" bw="9" slack="0"/>
</pin_list>
<bind>
<opcode="zext(34) " fcode="zext"/>
<opset="tmp_9_cast/6 "/>
</bind>
</comp>

<comp id="365" class="1004" name="tmp_16_fu_365">
<pin_list>
<pin id="366" dir="0" index="0" bw="4" slack="0"/>
<pin id="367" dir="0" index="1" bw="9" slack="3"/>
<pin id="368" dir="1" index="2" bw="9" slack="0"/>
</pin_list>
<bind>
<opcode="add(8) " fcode="add"/>
<opset="tmp_16/6 "/>
</bind>
</comp>

<comp id="370" class="1004" name="tmp_24_cast_fu_370">
<pin_list>
<pin id="371" dir="0" index="0" bw="13" slack="0"/>
<pin id="372" dir="0" index="1" bw="9" slack="0"/>
<pin id="373" dir="0" index="2" bw="1" slack="0"/>
<pin id="374" dir="1" index="3" bw="13" slack="0"/>
</pin_list>
<bind>
<opcode="bitconcatenate(1004) " fcode="bitconcatenate"/>
<opset="tmp_24_cast/6 "/>
</bind>
</comp>

<comp id="378" class="1004" name="tmp_17_fu_378">
<pin_list>
<pin id="379" dir="0" index="0" bw="5" slack="4"/>
<pin id="380" dir="0" index="1" bw="13" slack="0"/>
<pin id="381" dir="1" index="2" bw="13" slack="0"/>
</pin_list>
<bind>
<opcode="add(8) " fcode="add"/>
<opset="tmp_17/6 "/>
</bind>
</comp>

<comp id="383" class="1004" name="tmp_25_cast_fu_383">
<pin_list>
<pin id="384" dir="0" index="0" bw="13" slack="0"/>
<pin id="385" dir="1" index="1" bw="64" slack="0"/>
</pin_list>
<bind>
<opcode="zext(34) " fcode="zext"/>
<opset="tmp_25_cast/6 "/>
</bind>
</comp>

<comp id="388" class="1004" name="pool_col_cast1_fu_388">
<pin_list>
<pin id="389" dir="0" index="0" bw="2" slack="0"/>
<pin id="390" dir="1" index="1" bw="5" slack="0"/>
</pin_list>
<bind>
<opcode="zext(34) " fcode="zext"/>
<opset="pool_col_cast1/7 "/>
</bind>
</comp>

<comp id="392" class="1004" name="exitcond_fu_392">
<pin_list>
<pin id="393" dir="0" index="0" bw="2" slack="0"/>
<pin id="394" dir="0" index="1" bw="2" slack="0"/>
<pin id="395" dir="1" index="2" bw="1" slack="2147483647"/>
</pin_list>
<bind>
<opcode="icmp(45) " fcode="icmp"/>
<opset="exitcond/7 "/>
</bind>
</comp>

<comp id="398" class="1004" name="pool_col_1_fu_398">
<pin_list>
<pin id="399" dir="0" index="0" bw="2" slack="0"/>
<pin id="400" dir="0" index="1" bw="1" slack="0"/>
<pin id="401" dir="1" index="2" bw="2" slack="0"/>
</pin_list>
<bind>
<opcode="add(8) " fcode="add"/>
<opset="pool_col_1/7 "/>
</bind>
</comp>

<comp id="404" class="1004" name="tmp_2_fu_404">
<pin_list>
<pin id="405" dir="0" index="0" bw="2" slack="0"/>
<pin id="406" dir="0" index="1" bw="5" slack="3"/>
<pin id="407" dir="1" index="2" bw="5" slack="0"/>
</pin_list>
<bind>
<opcode="add(8) " fcode="add"/>
<opset="tmp_2/7 "/>
</bind>
</comp>

<comp id="409" class="1004" name="tmp_3_cast_fu_409">
<pin_list>
<pin id="410" dir="0" index="0" bw="5" slack="0"/>
<pin id="411" dir="1" index="1" bw="10" slack="0"/>
</pin_list>
<bind>
<opcode="zext(34) " fcode="zext"/>
<opset="tmp_3_cast/7 "/>
</bind>
</comp>

<comp id="413" class="1004" name="tmp_19_fu_413">
<pin_list>
<pin id="414" dir="0" index="0" bw="10" slack="1"/>
<pin id="415" dir="0" index="1" bw="5" slack="0"/>
<pin id="416" dir="1" index="2" bw="10" slack="0"/>
</pin_list>
<bind>
<opcode="add(8) " fcode="add"/>
<opset="tmp_19/7 "/>
</bind>
</comp>

<comp id="418" class="1004" name="tmp_20_fu_418">
<pin_list>
<pin id="419" dir="0" index="0" bw="14" slack="0"/>
<pin id="420" dir="0" index="1" bw="10" slack="0"/>
<pin id="421" dir="0" index="2" bw="1" slack="0"/>
<pin id="422" dir="1" index="3" bw="14" slack="0"/>
</pin_list>
<bind>
<opcode="bitconcatenate(1004) " fcode="bitconcatenate"/>
<opset="tmp_20/7 "/>
</bind>
</comp>

<comp id="426" class="1004" name="tmp_29_cast_fu_426">
<pin_list>
<pin id="427" dir="0" index="0" bw="14" slack="0"/>
<pin id="428" dir="1" index="1" bw="15" slack="0"/>
</pin_list>
<bind>
<opcode="zext(34) " fcode="zext"/>
<opset="tmp_29_cast/7 "/>
</bind>
</comp>

<comp id="430" class="1004" name="tmp_21_fu_430">
<pin_list>
<pin id="431" dir="0" index="0" bw="14" slack="0"/>
<pin id="432" dir="0" index="1" bw="5" slack="5"/>
<pin id="433" dir="1" index="2" bw="15" slack="0"/>
</pin_list>
<bind>
<opcode="add(8) " fcode="add"/>
<opset="tmp_21/7 "/>
</bind>
</comp>

<comp id="435" class="1004" name="tmp_30_cast_fu_435">
<pin_list>
<pin id="436" dir="0" index="0" bw="15" slack="0"/>
<pin id="437" dir="1" index="1" bw="64" slack="0"/>
</pin_list>
<bind>
<opcode="zext(34) " fcode="zext"/>
<opset="tmp_30_cast/7 "/>
</bind>
</comp>

<comp id="440" class="1004" name="maxvalue_3_fu_440">
<pin_list>
<pin id="441" dir="0" index="0" bw="31" slack="0"/>
<pin id="442" dir="1" index="1" bw="32" slack="0"/>
</pin_list>
<bind>
<opcode="zext(34) " fcode="zext"/>
<opset="maxvalue_3/8 "/>
</bind>
</comp>

<comp id="444" class="1004" name="tmp_4_fu_444">
<pin_list>
<pin id="445" dir="0" index="0" bw="31" slack="0"/>
<pin id="446" dir="0" index="1" bw="32" slack="1"/>
<pin id="447" dir="1" index="2" bw="1" slack="0"/>
</pin_list>
<bind>
<opcode="icmp(45) " fcode="icmp"/>
<opset="tmp_4/8 "/>
</bind>
</comp>

<comp id="450" class="1004" name="value_0_maxvalue_1_fu_450">
<pin_list>
<pin id="451" dir="0" index="0" bw="1" slack="0"/>
<pin id="452" dir="0" index="1" bw="31" slack="0"/>
<pin id="453" dir="0" index="2" bw="32" slack="1"/>
<pin id="454" dir="1" index="3" bw="32" slack="1"/>
</pin_list>
<bind>
<opcode="select(49) " fcode="select"/>
<opset="value_0_maxvalue_1/8 "/>
</bind>
</comp>

<comp id="461" class="1005" name="ch_1_reg_461">
<pin_list>
<pin id="462" dir="0" index="0" bw="5" slack="0"/>
<pin id="463" dir="1" index="1" bw="5" slack="0"/>
</pin_list>
<bind>
<opset="ch_1 "/>
</bind>
</comp>

<comp id="466" class="1005" name="tmp_cast3_reg_466">
<pin_list>
<pin id="467" dir="0" index="0" bw="15" slack="5"/>
<pin id="468" dir="1" index="1" bw="15" slack="5"/>
</pin_list>
<bind>
<opset="tmp_cast3 "/>
</bind>
</comp>

<comp id="471" class="1005" name="tmp_cast_reg_471">
<pin_list>
<pin id="472" dir="0" index="0" bw="13" slack="4"/>
<pin id="473" dir="1" index="1" bw="13" slack="4"/>
</pin_list>
<bind>
<opset="tmp_cast "/>
</bind>
</comp>

<comp id="479" class="1005" name="out_row_1_reg_479">
<pin_list>
<pin id="480" dir="0" index="0" bw="4" slack="0"/>
<pin id="481" dir="1" index="1" bw="4" slack="0"/>
</pin_list>
<bind>
<opset="out_row_1 "/>
</bind>
</comp>

<comp id="484" class="1005" name="in_row_reg_484">
<pin_list>
<pin id="485" dir="0" index="0" bw="5" slack="3"/>
<pin id="486" dir="1" index="1" bw="5" slack="3"/>
</pin_list>
<bind>
<opset="in_row "/>
</bind>
</comp>

<comp id="489" class="1005" name="tmp_1_reg_489">
<pin_list>
<pin id="490" dir="0" index="0" bw="10" slack="1"/>
<pin id="491" dir="1" index="1" bw="10" slack="1"/>
</pin_list>
<bind>
<opset="tmp_1 "/>
</bind>
</comp>

<comp id="494" class="1005" name="tmp_5_reg_494">
<pin_list>
<pin id="495" dir="0" index="0" bw="9" slack="3"/>
<pin id="496" dir="1" index="1" bw="9" slack="3"/>
</pin_list>
<bind>
<opset="tmp_5 "/>
</bind>
</comp>

<comp id="502" class="1005" name="out_col_1_reg_502">
<pin_list>
<pin id="503" dir="0" index="0" bw="4" slack="0"/>
<pin id="504" dir="1" index="1" bw="4" slack="0"/>
</pin_list>
<bind>
<opset="out_col_1 "/>
</bind>
</comp>

<comp id="507" class="1005" name="in_col_reg_507">
<pin_list>
<pin id="508" dir="0" index="0" bw="5" slack="3"/>
<pin id="509" dir="1" index="1" bw="5" slack="3"/>
</pin_list>
<bind>
<opset="in_col "/>
</bind>
</comp>

<comp id="512" class="1005" name="buf_conv2_addr_reg_512">
<pin_list>
<pin id="513" dir="0" index="0" bw="14" slack="1"/>
<pin id="514" dir="1" index="1" bw="14" slack="1"/>
</pin_list>
<bind>
<opset="buf_conv2_addr "/>
</bind>
</comp>

<comp id="517" class="1005" name="maxvalue_reg_517">
<pin_list>
<pin id="518" dir="0" index="0" bw="32" slack="1"/>
<pin id="519" dir="1" index="1" bw="32" slack="1"/>
</pin_list>
<bind>
<opset="maxvalue "/>
</bind>
</comp>

<comp id="525" class="1005" name="pool_row_1_reg_525">
<pin_list>
<pin id="526" dir="0" index="0" bw="2" slack="0"/>
<pin id="527" dir="1" index="1" bw="2" slack="0"/>
</pin_list>
<bind>
<opset="pool_row_1 "/>
</bind>
</comp>

<comp id="530" class="1005" name="tmp_18_reg_530">
<pin_list>
<pin id="531" dir="0" index="0" bw="10" slack="1"/>
<pin id="532" dir="1" index="1" bw="10" slack="1"/>
</pin_list>
<bind>
<opset="tmp_18 "/>
</bind>
</comp>

<comp id="538" class="1005" name="pool_col_1_reg_538">
<pin_list>
<pin id="539" dir="0" index="0" bw="2" slack="0"/>
<pin id="540" dir="1" index="1" bw="2" slack="0"/>
</pin_list>
<bind>
<opset="pool_col_1 "/>
</bind>
</comp>

<comp id="543" class="1005" name="buf_conv2_addr_1_reg_543">
<pin_list>
<pin id="544" dir="0" index="0" bw="14" slack="1"/>
<pin id="545" dir="1" index="1" bw="14" slack="1"/>
</pin_list>
<bind>
<opset="buf_conv2_addr_1 "/>
</bind>
</comp>

<comp id="548" class="1005" name="value_0_maxvalue_1_reg_548">
<pin_list>
<pin id="549" dir="0" index="0" bw="32" slack="1"/>
<pin id="550" dir="1" index="1" bw="32" slack="1"/>
</pin_list>
<bind>
<opset="value_0_maxvalue_1 "/>
</bind>
</comp>

</comp_list>

<net_list>
<net id="75"><net_src comp="2" pin="0"/><net_sink comp="70" pin=0"/></net>

<net id="76"><net_src comp="50" pin="0"/><net_sink comp="70" pin=1"/></net>

<net id="82"><net_src comp="70" pin="3"/><net_sink comp="77" pin=0"/></net>

<net id="88"><net_src comp="0" pin="0"/><net_sink comp="83" pin=0"/></net>

<net id="89"><net_src comp="50" pin="0"/><net_sink comp="83" pin=1"/></net>

<net id="95"><net_src comp="83" pin="3"/><net_sink comp="90" pin=0"/></net>

<net id="101"><net_src comp="2" pin="0"/><net_sink comp="96" pin=0"/></net>

<net id="102"><net_src comp="50" pin="0"/><net_sink comp="96" pin=1"/></net>

<net id="103"><net_src comp="96" pin="3"/><net_sink comp="77" pin=0"/></net>

<net id="107"><net_src comp="4" pin="0"/><net_sink comp="104" pin=0"/></net>

<net id="114"><net_src comp="104" pin="1"/><net_sink comp="108" pin=0"/></net>

<net id="115"><net_src comp="108" pin="4"/><net_sink comp="104" pin=0"/></net>

<net id="119"><net_src comp="20" pin="0"/><net_sink comp="116" pin=0"/></net>

<net id="126"><net_src comp="116" pin="1"/><net_sink comp="120" pin=0"/></net>

<net id="130"><net_src comp="20" pin="0"/><net_sink comp="127" pin=0"/></net>

<net id="137"><net_src comp="127" pin="1"/><net_sink comp="131" pin=0"/></net>

<net id="138"><net_src comp="131" pin="4"/><net_sink comp="127" pin=0"/></net>

<net id="148"><net_src comp="142" pin="4"/><net_sink comp="90" pin=1"/></net>

<net id="149"><net_src comp="142" pin="4"/><net_sink comp="139" pin=0"/></net>

<net id="153"><net_src comp="54" pin="0"/><net_sink comp="150" pin=0"/></net>

<net id="160"><net_src comp="150" pin="1"/><net_sink comp="154" pin=0"/></net>

<net id="164"><net_src comp="161" pin="1"/><net_sink comp="142" pin=2"/></net>

<net id="171"><net_src comp="139" pin="1"/><net_sink comp="165" pin=0"/></net>

<net id="172"><net_src comp="165" pin="4"/><net_sink comp="161" pin=0"/></net>

<net id="176"><net_src comp="54" pin="0"/><net_sink comp="173" pin=0"/></net>

<net id="183"><net_src comp="173" pin="1"/><net_sink comp="177" pin=0"/></net>

<net id="188"><net_src comp="108" pin="4"/><net_sink comp="184" pin=0"/></net>

<net id="189"><net_src comp="6" pin="0"/><net_sink comp="184" pin=1"/></net>

<net id="194"><net_src comp="108" pin="4"/><net_sink comp="190" pin=0"/></net>

<net id="195"><net_src comp="12" pin="0"/><net_sink comp="190" pin=1"/></net>

<net id="199"><net_src comp="108" pin="4"/><net_sink comp="196" pin=0"/></net>

<net id="203"><net_src comp="108" pin="4"/><net_sink comp="200" pin=0"/></net>

<net id="208"><net_src comp="120" pin="4"/><net_sink comp="204" pin=0"/></net>

<net id="209"><net_src comp="22" pin="0"/><net_sink comp="204" pin=1"/></net>

<net id="214"><net_src comp="120" pin="4"/><net_sink comp="210" pin=0"/></net>

<net id="215"><net_src comp="26" pin="0"/><net_sink comp="210" pin=1"/></net>

<net id="221"><net_src comp="30" pin="0"/><net_sink comp="216" pin=0"/></net>

<net id="222"><net_src comp="120" pin="4"/><net_sink comp="216" pin=1"/></net>

<net id="223"><net_src comp="32" pin="0"/><net_sink comp="216" pin=2"/></net>

<net id="227"><net_src comp="216" pin="3"/><net_sink comp="224" pin=0"/></net>

<net id="231"><net_src comp="216" pin="3"/><net_sink comp="228" pin=0"/></net>

<net id="236"><net_src comp="224" pin="1"/><net_sink comp="232" pin=0"/></net>

<net id="237"><net_src comp="34" pin="0"/><net_sink comp="232" pin=1"/></net>

<net id="243"><net_src comp="36" pin="0"/><net_sink comp="238" pin=0"/></net>

<net id="244"><net_src comp="120" pin="4"/><net_sink comp="238" pin=1"/></net>

<net id="245"><net_src comp="20" pin="0"/><net_sink comp="238" pin=2"/></net>

<net id="249"><net_src comp="238" pin="3"/><net_sink comp="246" pin=0"/></net>

<net id="254"><net_src comp="246" pin="1"/><net_sink comp="250" pin=0"/></net>

<net id="255"><net_src comp="228" pin="1"/><net_sink comp="250" pin=1"/></net>

<net id="260"><net_src comp="131" pin="4"/><net_sink comp="256" pin=0"/></net>

<net id="261"><net_src comp="22" pin="0"/><net_sink comp="256" pin=1"/></net>

<net id="266"><net_src comp="131" pin="4"/><net_sink comp="262" pin=0"/></net>

<net id="267"><net_src comp="26" pin="0"/><net_sink comp="262" pin=1"/></net>

<net id="273"><net_src comp="30" pin="0"/><net_sink comp="268" pin=0"/></net>

<net id="274"><net_src comp="131" pin="4"/><net_sink comp="268" pin=1"/></net>

<net id="275"><net_src comp="32" pin="0"/><net_sink comp="268" pin=2"/></net>

<net id="279"><net_src comp="268" pin="3"/><net_sink comp="276" pin=0"/></net>

<net id="284"><net_src comp="276" pin="1"/><net_sink comp="280" pin=1"/></net>

<net id="288"><net_src comp="280" pin="2"/><net_sink comp="285" pin=0"/></net>

<net id="294"><net_src comp="40" pin="0"/><net_sink comp="289" pin=0"/></net>

<net id="295"><net_src comp="285" pin="1"/><net_sink comp="289" pin=1"/></net>

<net id="296"><net_src comp="20" pin="0"/><net_sink comp="289" pin=2"/></net>

<net id="301"><net_src comp="289" pin="3"/><net_sink comp="297" pin=0"/></net>

<net id="302"><net_src comp="104" pin="1"/><net_sink comp="297" pin=1"/></net>

<net id="309"><net_src comp="42" pin="0"/><net_sink comp="303" pin=0"/></net>

<net id="310"><net_src comp="280" pin="2"/><net_sink comp="303" pin=1"/></net>

<net id="311"><net_src comp="44" pin="0"/><net_sink comp="303" pin=2"/></net>

<net id="312"><net_src comp="46" pin="0"/><net_sink comp="303" pin=3"/></net>

<net id="318"><net_src comp="48" pin="0"/><net_sink comp="313" pin=0"/></net>

<net id="319"><net_src comp="303" pin="4"/><net_sink comp="313" pin=1"/></net>

<net id="320"><net_src comp="297" pin="2"/><net_sink comp="313" pin=2"/></net>

<net id="324"><net_src comp="313" pin="3"/><net_sink comp="321" pin=0"/></net>

<net id="325"><net_src comp="321" pin="1"/><net_sink comp="70" pin=2"/></net>

<net id="329"><net_src comp="77" pin="3"/><net_sink comp="326" pin=0"/></net>

<net id="333"><net_src comp="154" pin="4"/><net_sink comp="330" pin=0"/></net>

<net id="338"><net_src comp="154" pin="4"/><net_sink comp="334" pin=0"/></net>

<net id="339"><net_src comp="56" pin="0"/><net_sink comp="334" pin=1"/></net>

<net id="344"><net_src comp="154" pin="4"/><net_sink comp="340" pin=0"/></net>

<net id="345"><net_src comp="60" pin="0"/><net_sink comp="340" pin=1"/></net>

<net id="350"><net_src comp="330" pin="1"/><net_sink comp="346" pin=0"/></net>

<net id="354"><net_src comp="346" pin="2"/><net_sink comp="351" pin=0"/></net>

<net id="359"><net_src comp="351" pin="1"/><net_sink comp="355" pin=0"/></net>

<net id="360"><net_src comp="34" pin="0"/><net_sink comp="355" pin=1"/></net>

<net id="364"><net_src comp="127" pin="1"/><net_sink comp="361" pin=0"/></net>

<net id="369"><net_src comp="361" pin="1"/><net_sink comp="365" pin=0"/></net>

<net id="375"><net_src comp="64" pin="0"/><net_sink comp="370" pin=0"/></net>

<net id="376"><net_src comp="365" pin="2"/><net_sink comp="370" pin=1"/></net>

<net id="377"><net_src comp="20" pin="0"/><net_sink comp="370" pin=2"/></net>

<net id="382"><net_src comp="370" pin="3"/><net_sink comp="378" pin=1"/></net>

<net id="386"><net_src comp="378" pin="2"/><net_sink comp="383" pin=0"/></net>

<net id="387"><net_src comp="383" pin="1"/><net_sink comp="83" pin=2"/></net>

<net id="391"><net_src comp="177" pin="4"/><net_sink comp="388" pin=0"/></net>

<net id="396"><net_src comp="177" pin="4"/><net_sink comp="392" pin=0"/></net>

<net id="397"><net_src comp="56" pin="0"/><net_sink comp="392" pin=1"/></net>

<net id="402"><net_src comp="177" pin="4"/><net_sink comp="398" pin=0"/></net>

<net id="403"><net_src comp="60" pin="0"/><net_sink comp="398" pin=1"/></net>

<net id="408"><net_src comp="388" pin="1"/><net_sink comp="404" pin=0"/></net>

<net id="412"><net_src comp="404" pin="2"/><net_sink comp="409" pin=0"/></net>

<net id="417"><net_src comp="409" pin="1"/><net_sink comp="413" pin=1"/></net>

<net id="423"><net_src comp="66" pin="0"/><net_sink comp="418" pin=0"/></net>

<net id="424"><net_src comp="413" pin="2"/><net_sink comp="418" pin=1"/></net>

<net id="425"><net_src comp="20" pin="0"/><net_sink comp="418" pin=2"/></net>

<net id="429"><net_src comp="418" pin="3"/><net_sink comp="426" pin=0"/></net>

<net id="434"><net_src comp="426" pin="1"/><net_sink comp="430" pin=0"/></net>

<net id="438"><net_src comp="430" pin="2"/><net_sink comp="435" pin=0"/></net>

<net id="439"><net_src comp="435" pin="1"/><net_sink comp="96" pin=2"/></net>

<net id="443"><net_src comp="77" pin="3"/><net_sink comp="440" pin=0"/></net>

<net id="448"><net_src comp="440" pin="1"/><net_sink comp="444" pin=0"/></net>

<net id="449"><net_src comp="161" pin="1"/><net_sink comp="444" pin=1"/></net>

<net id="455"><net_src comp="444" pin="2"/><net_sink comp="450" pin=0"/></net>

<net id="456"><net_src comp="440" pin="1"/><net_sink comp="450" pin=1"/></net>

<net id="457"><net_src comp="161" pin="1"/><net_sink comp="450" pin=2"/></net>

<net id="464"><net_src comp="190" pin="2"/><net_sink comp="461" pin=0"/></net>

<net id="465"><net_src comp="461" pin="1"/><net_sink comp="108" pin=2"/></net>

<net id="469"><net_src comp="196" pin="1"/><net_sink comp="466" pin=0"/></net>

<net id="470"><net_src comp="466" pin="1"/><net_sink comp="430" pin=1"/></net>

<net id="474"><net_src comp="200" pin="1"/><net_sink comp="471" pin=0"/></net>

<net id="475"><net_src comp="471" pin="1"/><net_sink comp="378" pin=0"/></net>

<net id="482"><net_src comp="210" pin="2"/><net_sink comp="479" pin=0"/></net>

<net id="483"><net_src comp="479" pin="1"/><net_sink comp="120" pin=2"/></net>

<net id="487"><net_src comp="216" pin="3"/><net_sink comp="484" pin=0"/></net>

<net id="488"><net_src comp="484" pin="1"/><net_sink comp="346" pin=1"/></net>

<net id="492"><net_src comp="232" pin="2"/><net_sink comp="489" pin=0"/></net>

<net id="493"><net_src comp="489" pin="1"/><net_sink comp="280" pin=0"/></net>

<net id="497"><net_src comp="250" pin="2"/><net_sink comp="494" pin=0"/></net>

<net id="498"><net_src comp="494" pin="1"/><net_sink comp="365" pin=1"/></net>

<net id="505"><net_src comp="262" pin="2"/><net_sink comp="502" pin=0"/></net>

<net id="506"><net_src comp="502" pin="1"/><net_sink comp="131" pin=2"/></net>

<net id="510"><net_src comp="268" pin="3"/><net_sink comp="507" pin=0"/></net>

<net id="511"><net_src comp="507" pin="1"/><net_sink comp="404" pin=1"/></net>

<net id="515"><net_src comp="70" pin="3"/><net_sink comp="512" pin=0"/></net>

<net id="516"><net_src comp="512" pin="1"/><net_sink comp="77" pin=0"/></net>

<net id="520"><net_src comp="326" pin="1"/><net_sink comp="517" pin=0"/></net>

<net id="521"><net_src comp="517" pin="1"/><net_sink comp="142" pin=0"/></net>

<net id="528"><net_src comp="340" pin="2"/><net_sink comp="525" pin=0"/></net>

<net id="529"><net_src comp="525" pin="1"/><net_sink comp="154" pin=2"/></net>

<net id="533"><net_src comp="355" pin="2"/><net_sink comp="530" pin=0"/></net>

<net id="534"><net_src comp="530" pin="1"/><net_sink comp="413" pin=0"/></net>

<net id="541"><net_src comp="398" pin="2"/><net_sink comp="538" pin=0"/></net>

<net id="542"><net_src comp="538" pin="1"/><net_sink comp="177" pin=2"/></net>

<net id="546"><net_src comp="96" pin="3"/><net_sink comp="543" pin=0"/></net>

<net id="547"><net_src comp="543" pin="1"/><net_sink comp="77" pin=0"/></net>

<net id="551"><net_src comp="450" pin="3"/><net_sink comp="548" pin=0"/></net>

<net id="552"><net_src comp="548" pin="1"/><net_sink comp="165" pin=2"/></net>

</net_list>

</model> 
---------------- Datapath Model END ------------------

* FSMD analyzer results:
  - Output states:
	Port: output_r | {6 }
 - Input state : 
	Port: maxpool_layer2 : buf_conv2 | {4 5 7 8 }
  - Chain level:
	State 1
	State 2
		exitcond4 : 1
		ch_1 : 1
		StgValue_14 : 2
		tmp_cast3 : 1
		tmp_cast : 1
	State 3
		exitcond3 : 1
		out_row_1 : 1
		StgValue_25 : 2
		in_row : 1
		tmp_5_cast2 : 2
		tmp_5_cast : 2
		tmp_1 : 3
		tmp_3 : 1
		p_shl_cast : 2
		tmp_5 : 3
	State 4
		exitcond2 : 1
		out_col_1 : 1
		StgValue_42 : 2
		in_col : 1
		tmp_8_cast : 2
		tmp_9 : 3
		tmp : 4
		tmp_10 : 5
		tmp_11 : 6
		tmp_13 : 4
		tmp_14 : 6
		tmp_15 : 7
		buf_conv2_addr : 8
		buf_conv2_load : 9
	State 5
		maxvalue : 1
	State 6
		pool_row_cast2 : 1
		exitcond1 : 1
		pool_row_1 : 1
		StgValue_67 : 2
		tmp_s : 2
		tmp_1_cast : 3
		tmp_18 : 4
		tmp_16 : 1
		tmp_24_cast : 2
		tmp_17 : 3
		tmp_25_cast : 4
		output_addr : 5
		StgValue_80 : 6
	State 7
		pool_col_cast1 : 1
		exitcond : 1
		pool_col_1 : 1
		StgValue_89 : 2
		tmp_2 : 2
		tmp_3_cast : 3
		tmp_19 : 4
		tmp_20 : 5
		tmp_29_cast : 6
		tmp_21 : 7
		tmp_30_cast : 8
		buf_conv2_addr_1 : 9
		buf_conv2_load_1 : 10
	State 8
		maxvalue_3 : 1
		tmp_4 : 2
		value_0_maxvalue_1 : 3


============================================================
+ Verbose Summary: Datapath Resource usage 
============================================================

* Functional unit list:
|----------|---------------------------|---------|---------|---------|
| Operation|      Functional Unit      |  DSP48E |    FF   |   LUT   |
|----------|---------------------------|---------|---------|---------|
|          |        ch_1_fu_190        |    0    |    0    |    15   |
|          |      out_row_1_fu_210     |    0    |    0    |    13   |
|          |      out_col_1_fu_262     |    0    |    0    |    13   |
|          |        tmp_9_fu_280       |    0    |    0    |    14   |
|          |     pool_row_1_fu_340     |    0    |    0    |    10   |
|    add   |        tmp_s_fu_346       |    0    |    0    |    15   |
|          |       tmp_16_fu_365       |    0    |    0    |    15   |
|          |       tmp_17_fu_378       |    0    |    0    |    17   |
|          |     pool_col_1_fu_398     |    0    |    0    |    10   |
|          |        tmp_2_fu_404       |    0    |    0    |    15   |
|          |       tmp_19_fu_413       |    0    |    0    |    14   |
|          |       tmp_21_fu_430       |    0    |    0    |    19   |
|----------|---------------------------|---------|---------|---------|
|          |      exitcond4_fu_184     |    0    |    0    |    11   |
|          |      exitcond3_fu_204     |    0    |    0    |    9    |
|   icmp   |      exitcond2_fu_256     |    0    |    0    |    9    |
|          |      exitcond1_fu_334     |    0    |    0    |    8    |
|          |      exitcond_fu_392      |    0    |    0    |    8    |
|          |        tmp_4_fu_444       |    0    |    0    |    18   |
|----------|---------------------------|---------|---------|---------|
|    mul   |        tmp_1_fu_232       |    0    |    0    |    26   |
|          |       tmp_18_fu_355       |    0    |    0    |    26   |
|----------|---------------------------|---------|---------|---------|
|  select  | value_0_maxvalue_1_fu_450 |    0    |    0    |    32   |
|----------|---------------------------|---------|---------|---------|
|    sub   |        tmp_5_fu_250       |    0    |    0    |    15   |
|----------|---------------------------|---------|---------|---------|
|    or    |       tmp_11_fu_297       |    0    |    0    |    5    |
|----------|---------------------------|---------|---------|---------|
|          |      tmp_cast3_fu_196     |    0    |    0    |    0    |
|          |      tmp_cast_fu_200      |    0    |    0    |    0    |
|          |     tmp_5_cast2_fu_224    |    0    |    0    |    0    |
|          |     tmp_5_cast_fu_228     |    0    |    0    |    0    |
|          |     p_shl_cast_fu_246     |    0    |    0    |    0    |
|          |     tmp_8_cast_fu_276     |    0    |    0    |    0    |
|          |       tmp_15_fu_321       |    0    |    0    |    0    |
|          |      maxvalue_fu_326      |    0    |    0    |    0    |
|   zext   |   pool_row_cast2_fu_330   |    0    |    0    |    0    |
|          |     tmp_1_cast_fu_351     |    0    |    0    |    0    |
|          |     tmp_9_cast_fu_361     |    0    |    0    |    0    |
|          |     tmp_25_cast_fu_383    |    0    |    0    |    0    |
|          |   pool_col_cast1_fu_388   |    0    |    0    |    0    |
|          |     tmp_3_cast_fu_409     |    0    |    0    |    0    |
|          |     tmp_29_cast_fu_426    |    0    |    0    |    0    |
|          |     tmp_30_cast_fu_435    |    0    |    0    |    0    |
|          |     maxvalue_3_fu_440     |    0    |    0    |    0    |
|----------|---------------------------|---------|---------|---------|
|          |       in_row_fu_216       |    0    |    0    |    0    |
|          |        tmp_3_fu_238       |    0    |    0    |    0    |
|          |       in_col_fu_268       |    0    |    0    |    0    |
|bitconcatenate|       tmp_10_fu_289       |    0    |    0    |    0    |
|          |       tmp_14_fu_313       |    0    |    0    |    0    |
|          |     tmp_24_cast_fu_370    |    0    |    0    |    0    |
|          |       tmp_20_fu_418       |    0    |    0    |    0    |
|----------|---------------------------|---------|---------|---------|
|   trunc  |         tmp_fu_285        |    0    |    0    |    0    |
|----------|---------------------------|---------|---------|---------|
|partselect|       tmp_13_fu_303       |    0    |    0    |    0    |
|----------|---------------------------|---------|---------|---------|
|   Total  |                           |    0    |    0    |   337   |
|----------|---------------------------|---------|---------|---------|

Memories:
N/A

* Register list:
+--------------------------+--------+
|                          |   FF   |
+--------------------------+--------+
| buf_conv2_addr_1_reg_543 |   14   |
|  buf_conv2_addr_reg_512  |   14   |
|       ch_1_reg_461       |    5   |
|        ch_reg_104        |    5   |
|      in_col_reg_507      |    5   |
|      in_row_reg_484      |    5   |
|     maxvalue1_reg_139    |   32   |
|    maxvalue_1_reg_161    |   32   |
|     maxvalue_reg_517     |   32   |
|     out_col_1_reg_502    |    4   |
|      out_col_reg_127     |    4   |
|     out_row_1_reg_479    |    4   |
|      out_row_reg_116     |    4   |
|    pool_col_1_reg_538    |    2   |
|     pool_col_reg_173     |    2   |
|    pool_row_1_reg_525    |    2   |
|     pool_row_reg_150     |    2   |
|      tmp_18_reg_530      |   10   |
|       tmp_1_reg_489      |   10   |
|       tmp_5_reg_494      |    9   |
|     tmp_cast3_reg_466    |   15   |
|     tmp_cast_reg_471     |   13   |
|value_0_maxvalue_1_reg_548|   32   |
+--------------------------+--------+
|           Total          |   257  |
+--------------------------+--------+

* Multiplexer (MUX) list: 
|------------------|------|------|------|--------||---------||---------|
|       Comp       |  Pin | Size |  BW  | S x BW ||  Delay  ||   LUT   |
|------------------|------|------|------|--------||---------||---------|
| grp_access_fu_77 |  p0  |   4  |  14  |   56   ||    21   |
|    ch_reg_104    |  p0  |   2  |   5  |   10   ||    9    |
|  out_col_reg_127 |  p0  |   2  |   4  |    8   ||    9    |
|------------------|------|------|------|--------||---------||---------|
|       Total      |      |      |      |   74   ||  5.3985 ||    39   |
|------------------|------|------|------|--------||---------||---------|



* Summary:
+-----------+--------+--------+--------+--------+
|           | DSP48E |  Delay |   FF   |   LUT  |
+-----------+--------+--------+--------+--------+
|  Function |    0   |    -   |    0   |   337  |
|   Memory  |    -   |    -   |    -   |    -   |
|Multiplexer|    -   |    5   |    -   |   39   |
|  Register |    -   |    -   |   257  |    -   |
+-----------+--------+--------+--------+--------+
|   Total   |    0   |    5   |   257  |   376  |
+-----------+--------+--------+--------+--------+
