

================================================================
== Vivado HLS Report for 'maxpool_layer1'
================================================================
* Date:           Sat Jun 20 22:52:19 2026

* Version:        2018.3 (Build 2405991 on Thu Dec 06 23:56:15 MST 2018)
* Project:        tinyyolo_lite
* Solution:       solution1_naive
* Product family: zynq
* Target device:  xc7z020clg484-1


================================================================
== Performance Estimates
================================================================
+ Timing (ns): 
    * Summary: 
    +--------+-------+----------+------------+
    |  Clock | Target| Estimated| Uncertainty|
    +--------+-------+----------+------------+
    |ap_clk  |  10.00|     6.705|        1.25|
    +--------+-------+----------+------------+

+ Latency (clock cycles): 
    * Summary: 
    +--------+--------+--------+--------+---------+
    |     Latency     |     Interval    | Pipeline|
    |   min  |   max  |   min  |   max  |   Type  |
    +--------+--------+--------+--------+---------+
    |  146585|  146585|  146585|  146585|   none  |
    +--------+--------+--------+--------+---------+

    + Detail: 
        * Instance: 
        N/A

        * Loop: 
        +-------------------+--------+--------+----------+-----------+-----------+------+----------+
        |                   |     Latency     | Iteration|  Initiation Interval  | Trip |          |
        |     Loop Name     |   min  |   max  |  Latency |  achieved |   target  | Count| Pipelined|
        +-------------------+--------+--------+----------+-----------+-----------+------+----------+
        |- Channel          |  146584|  146584|     18323|          -|          -|     8|    no    |
        | + Row             |   18321|   18321|       591|          -|          -|    31|    no    |
        |  ++ Col           |     589|     589|        19|          -|          -|    31|    no    |
        |   +++ POOL_ROW    |      16|      16|         8|          -|          -|     2|    no    |
        |    ++++ POOL_COL  |       6|       6|         3|          -|          -|     2|    no    |
        +-------------------+--------+--------+----------+-----------+-----------+------+----------+



================================================================
== Utilization Estimates
================================================================
* Summary: 
+-----------------+---------+-------+--------+-------+
|       Name      | BRAM_18K| DSP48E|   FF   |  LUT  |
+-----------------+---------+-------+--------+-------+
|DSP              |        -|      -|       -|      -|
|Expression       |        -|      -|       0|    336|
|FIFO             |        -|      -|       -|      -|
|Instance         |        -|      -|       -|      -|
|Memory           |        -|      -|       -|      -|
|Multiplexer      |        -|      -|       -|    125|
|Register         |        -|      -|     178|      -|
+-----------------+---------+-------+--------+-------+
|Total            |        0|      0|     178|    461|
+-----------------+---------+-------+--------+-------+
|Available        |      280|    220|  106400|  53200|
+-----------------+---------+-------+--------+-------+
|Utilization (%)  |        0|      0|   ~0   |   ~0  |
+-----------------+---------+-------+--------+-------+

+ Detail: 
    * Instance: 
    N/A

    * DSP48: 
    N/A

    * Memory: 
    N/A

    * FIFO: 
    N/A

    * Expression: 
    +------------------------------+----------+-------+---+----+------------+------------+
    |         Variable Name        | Operation| DSP48E| FF| LUT| Bitwidth P0| Bitwidth P1|
    +------------------------------+----------+-------+---+----+------------+------------+
    |ch_2_fu_202_p2                |     +    |      0|  0|  13|           4|           1|
    |out_col_2_fu_298_p2           |     +    |      0|  0|  15|           5|           1|
    |out_row_2_fu_222_p2           |     +    |      0|  0|  15|           5|           1|
    |pool_col_2_fu_454_p2          |     +    |      0|  0|  10|           2|           1|
    |pool_row_2_fu_376_p2          |     +    |      0|  0|  10|           2|           1|
    |tmp_1_fu_460_p2               |     +    |      0|  0|  15|           6|           6|
    |tmp_27_fu_316_p2              |     +    |      0|  0|  19|          14|          14|
    |tmp_32_fu_421_p2              |     +    |      0|  0|  13|          11|          11|
    |tmp_33_fu_434_p2              |     +    |      0|  0|  19|          14|          14|
    |tmp_37_fu_469_p2              |     +    |      0|  0|  17|          13|          13|
    |tmp_38_fu_482_p2              |     +    |      0|  0|  23|          16|          16|
    |tmp_8_fu_382_p2               |     +    |      0|  0|  15|           6|           6|
    |tmp_24_fu_260_p2              |     -    |      0|  0|  17|          13|          13|
    |tmp_26_fu_286_p2              |     -    |      0|  0|  13|          11|          11|
    |tmp_36_fu_411_p2              |     -    |      0|  0|  17|          13|          13|
    |exitcond1_fu_370_p2           |   icmp   |      0|  0|   9|           2|           3|
    |exitcond2_fu_292_p2           |   icmp   |      0|  0|  11|           5|           2|
    |exitcond3_fu_216_p2           |   icmp   |      0|  0|  11|           5|           2|
    |exitcond4_fu_196_p2           |   icmp   |      0|  0|  11|           4|           5|
    |exitcond_fu_448_p2            |   icmp   |      0|  0|   9|           2|           3|
    |tmp_3_fu_495_p2               |   icmp   |      0|  0|  18|          32|          32|
    |tmp_29_fu_333_p2              |    or    |      0|  0|   4|           1|           4|
    |value_0_maxvalue_1_fu_501_p3  |  select  |      0|  0|  32|           1|          32|
    +------------------------------+----------+-------+---+----+------------+------------+
    |Total                         |          |      0|  0| 336|         187|         205|
    +------------------------------+----------+-------+---+----+------------+------------+

    * Multiplexer: 
    +--------------------+----+-----------+-----+-----------+
    |        Name        | LUT| Input Size| Bits| Total Bits|
    +--------------------+----+-----------+-----+-----------+
    |ap_NS_fsm           |  47|         10|    1|         10|
    |buf_conv1_address0  |  15|          3|   15|         45|
    |ch_reg_116          |   9|          2|    4|          8|
    |maxvalue4_reg_151   |   9|          2|   32|         64|
    |maxvalue_1_reg_173  |   9|          2|   32|         64|
    |out_col_reg_139     |   9|          2|    5|         10|
    |out_row_reg_128     |   9|          2|    5|         10|
    |pool_col_reg_185    |   9|          2|    2|          4|
    |pool_row_reg_162    |   9|          2|    2|          4|
    +--------------------+----+-----------+-----+-----------+
    |Total               | 125|         27|   98|        219|
    +--------------------+----+-----------+-----+-----------+

    * Register: 
    +---------------------+----+----+-----+-----------+
    |         Name        | FF | LUT| Bits| Const Bits|
    +---------------------+----+----+-----+-----------+
    |ap_CS_fsm            |   9|   0|    9|          0|
    |ch_2_reg_512         |   4|   0|    4|          0|
    |ch_reg_116           |   4|   0|    4|          0|
    |in_col_reg_558       |   5|   0|    6|          1|
    |in_row_reg_535       |   5|   0|    6|          1|
    |maxvalue4_reg_151    |  32|   0|   32|          0|
    |maxvalue_1_reg_173   |  32|   0|   32|          0|
    |out_col_2_reg_553    |   5|   0|    5|          0|
    |out_col_reg_139      |   5|   0|    5|          0|
    |out_row_2_reg_530    |   5|   0|    5|          0|
    |out_row_reg_128      |   5|   0|    5|          0|
    |pool_col_2_reg_589   |   2|   0|    2|          0|
    |pool_col_reg_185     |   2|   0|    2|          0|
    |pool_row_2_reg_576   |   2|   0|    2|          0|
    |pool_row_reg_162     |   2|   0|    2|          0|
    |tmp_26_reg_545       |  11|   0|   11|          0|
    |tmp_33_cast_reg_540  |  12|   0|   14|          2|
    |tmp_36_reg_581       |  12|   0|   13|          1|
    |tmp_38_reg_594       |  16|   0|   16|          0|
    |tmp_cast5_reg_517    |   4|   0|   16|         12|
    |tmp_cast_reg_522     |   4|   0|   14|         10|
    +---------------------+----+----+-----+-----------+
    |Total                | 178|   0|  205|         27|
    +---------------------+----+----+-----+-----------+



================================================================
== Interface
================================================================
* Summary: 
+--------------------+-----+-----+------------+----------------+--------------+
|      RTL Ports     | Dir | Bits|  Protocol  |  Source Object |    C Type    |
+--------------------+-----+-----+------------+----------------+--------------+
|ap_clk              |  in |    1| ap_ctrl_hs | maxpool_layer1 | return value |
|ap_rst              |  in |    1| ap_ctrl_hs | maxpool_layer1 | return value |
|ap_start            |  in |    1| ap_ctrl_hs | maxpool_layer1 | return value |
|ap_done             | out |    1| ap_ctrl_hs | maxpool_layer1 | return value |
|ap_idle             | out |    1| ap_ctrl_hs | maxpool_layer1 | return value |
|ap_ready            | out |    1| ap_ctrl_hs | maxpool_layer1 | return value |
|output_r_address0   | out |   13|  ap_memory |    output_r    |     array    |
|output_r_ce0        | out |    1|  ap_memory |    output_r    |     array    |
|output_r_we0        | out |    1|  ap_memory |    output_r    |     array    |
|output_r_d0         | out |   32|  ap_memory |    output_r    |     array    |
|buf_conv1_address0  | out |   15|  ap_memory |    buf_conv1   |     array    |
|buf_conv1_ce0       | out |    1|  ap_memory |    buf_conv1   |     array    |
|buf_conv1_q0        |  in |   31|  ap_memory |    buf_conv1   |     array    |
+--------------------+-----+-----+------------+----------------+--------------+

============================================================
+ Verbose Summary: Synthesis Manager
============================================================
InlineROM: 1
ExposeGlobal: 0
============================================================
+ Verbose Summary: CDFG Model
============================================================
IsTopModel: 0
ResetActiveHigh: 1
IsCombinational: 2
IsDatapathOnly: 2
HasWiredReturn: 1
HasMFsm: 0
HasVarLatency: 1
IsPipeline: 0
IsRtlPipelined: 0
IsInstanceOverlapped: 0
IsDontTouch: 0
HasImplIP: 0
IsGatedGlobalClock: 0


============================================================
+ Verbose Summary: Schedule
============================================================
* Number of FSM states : 9
* Pipeline : 0
* Dataflow Pipeline: 0

* FSM state transitions: 
1 --> 
	2  / true
2 --> 
	3  / (!exitcond4)
3 --> 
	4  / (!exitcond3)
	2  / (exitcond3)
4 --> 
	5  / (!exitcond2)
	3  / (exitcond2)
5 --> 
	6  / true
6 --> 
	7  / (!exitcond1)
	4  / (exitcond1)
7 --> 
	8  / (!exitcond)
	6  / (exitcond)
8 --> 
	9  / true
9 --> 
	7  / true

* FSM state operations: 

State 1 <SV = 0> <Delay = 1.76>
ST_1 : Operation 10 [1/1] (1.76ns)   --->   "br label %1" [maxpool_1.c:8]   --->   Operation 10 'br' <Predicate = true> <Delay = 1.76>

State 2 <SV = 1> <Delay = 1.76>
ST_2 : Operation 11 [1/1] (0.00ns)   --->   "%ch = phi i4 [ 0, %0 ], [ %ch_2, %14 ]"   --->   Operation 11 'phi' 'ch' <Predicate = true> <Delay = 0.00>
ST_2 : Operation 12 [1/1] (1.30ns)   --->   "%exitcond4 = icmp eq i4 %ch, -8" [maxpool_1.c:8]   --->   Operation 12 'icmp' 'exitcond4' <Predicate = true> <Delay = 1.30> <Core = "Cmp">   --->   Core 25 'Cmp' <Latency = 0> <II = 1> <Delay = 2.47> <FuncUnit> <Opcode : 'icmp'> <InPorts = 2> <OutPorts = 1>
ST_2 : Operation 13 [1/1] (0.00ns)   --->   "%empty = call i32 (...)* @_ssdm_op_SpecLoopTripCount(i64 8, i64 8, i64 8)"   --->   Operation 13 'speclooptripcount' 'empty' <Predicate = true> <Delay = 0.00>
ST_2 : Operation 14 [1/1] (1.73ns)   --->   "%ch_2 = add i4 %ch, 1" [maxpool_1.c:8]   --->   Operation 14 'add' 'ch_2' <Predicate = true> <Delay = 1.73> <Core = "AddSub">   --->   Core 14 'AddSub' <Latency = 0> <II = 1> <Delay = 1.82> <FuncUnit> <Opcode : 'add' 'sub'> <InPorts = 2> <OutPorts = 1>
ST_2 : Operation 15 [1/1] (0.00ns)   --->   "br i1 %exitcond4, label %15, label %2" [maxpool_1.c:8]   --->   Operation 15 'br' <Predicate = true> <Delay = 0.00>
ST_2 : Operation 16 [1/1] (0.00ns)   --->   "call void (...)* @_ssdm_op_SpecLoopName([8 x i8]* @p_str29) nounwind" [maxpool_1.c:8]   --->   Operation 16 'specloopname' <Predicate = (!exitcond4)> <Delay = 0.00>
ST_2 : Operation 17 [1/1] (0.00ns)   --->   "%tmp_s = call i32 (...)* @_ssdm_op_SpecRegionBegin([8 x i8]* @p_str29)" [maxpool_1.c:8]   --->   Operation 17 'specregionbegin' 'tmp_s' <Predicate = (!exitcond4)> <Delay = 0.00>
ST_2 : Operation 18 [1/1] (0.00ns)   --->   "%tmp_cast5 = zext i4 %ch to i16" [maxpool_1.c:10]   --->   Operation 18 'zext' 'tmp_cast5' <Predicate = (!exitcond4)> <Delay = 0.00>
ST_2 : Operation 19 [1/1] (0.00ns)   --->   "%tmp_cast = zext i4 %ch to i14" [maxpool_1.c:10]   --->   Operation 19 'zext' 'tmp_cast' <Predicate = (!exitcond4)> <Delay = 0.00>
ST_2 : Operation 20 [1/1] (1.76ns)   --->   "br label %3" [maxpool_1.c:10]   --->   Operation 20 'br' <Predicate = (!exitcond4)> <Delay = 1.76>
ST_2 : Operation 21 [1/1] (0.00ns)   --->   "ret void" [maxpool_1.c:34]   --->   Operation 21 'ret' <Predicate = (exitcond4)> <Delay = 0.00>

State 3 <SV = 2> <Delay = 1.78>
ST_3 : Operation 22 [1/1] (0.00ns)   --->   "%out_row = phi i5 [ 0, %2 ], [ %out_row_2, %13 ]"   --->   Operation 22 'phi' 'out_row' <Predicate = true> <Delay = 0.00>
ST_3 : Operation 23 [1/1] (1.36ns)   --->   "%exitcond3 = icmp eq i5 %out_row, -1" [maxpool_1.c:10]   --->   Operation 23 'icmp' 'exitcond3' <Predicate = true> <Delay = 1.36> <Core = "Cmp">   --->   Core 25 'Cmp' <Latency = 0> <II = 1> <Delay = 2.47> <FuncUnit> <Opcode : 'icmp'> <InPorts = 2> <OutPorts = 1>
ST_3 : Operation 24 [1/1] (0.00ns)   --->   "%empty_14 = call i32 (...)* @_ssdm_op_SpecLoopTripCount(i64 31, i64 31, i64 31)"   --->   Operation 24 'speclooptripcount' 'empty_14' <Predicate = true> <Delay = 0.00>
ST_3 : Operation 25 [1/1] (1.78ns)   --->   "%out_row_2 = add i5 %out_row, 1" [maxpool_1.c:10]   --->   Operation 25 'add' 'out_row_2' <Predicate = true> <Delay = 1.78> <Core = "AddSub">   --->   Core 14 'AddSub' <Latency = 0> <II = 1> <Delay = 1.82> <FuncUnit> <Opcode : 'add' 'sub'> <InPorts = 2> <OutPorts = 1>
ST_3 : Operation 26 [1/1] (0.00ns)   --->   "br i1 %exitcond3, label %14, label %4" [maxpool_1.c:10]   --->   Operation 26 'br' <Predicate = true> <Delay = 0.00>
ST_3 : Operation 27 [1/1] (0.00ns)   --->   "call void (...)* @_ssdm_op_SpecLoopName([4 x i8]* @p_str130) nounwind" [maxpool_1.c:10]   --->   Operation 27 'specloopname' <Predicate = (!exitcond3)> <Delay = 0.00>
ST_3 : Operation 28 [1/1] (0.00ns)   --->   "%tmp_13 = call i32 (...)* @_ssdm_op_SpecRegionBegin([4 x i8]* @p_str130)" [maxpool_1.c:10]   --->   Operation 28 'specregionbegin' 'tmp_13' <Predicate = (!exitcond3)> <Delay = 0.00>
ST_3 : Operation 29 [1/1] (0.00ns)   --->   "%in_row = call i6 @_ssdm_op_BitConcatenate.i6.i5.i1(i5 %out_row, i1 false)" [maxpool_1.c:14]   --->   Operation 29 'bitconcatenate' 'in_row' <Predicate = (!exitcond3)> <Delay = 0.00>
ST_3 : Operation 30 [1/1] (0.00ns)   --->   "%tmp_22 = call i12 @_ssdm_op_BitConcatenate.i12.i5.i7(i5 %out_row, i7 0)" [maxpool_1.c:10]   --->   Operation 30 'bitconcatenate' 'tmp_22' <Predicate = (!exitcond3)> <Delay = 0.00>
ST_3 : Operation 31 [1/1] (0.00ns)   --->   "%p_shl1_cast = zext i12 %tmp_22 to i13" [maxpool_1.c:10]   --->   Operation 31 'zext' 'p_shl1_cast' <Predicate = (!exitcond3)> <Delay = 0.00>
ST_3 : Operation 32 [1/1] (0.00ns)   --->   "%tmp_23 = call i7 @_ssdm_op_BitConcatenate.i7.i5.i2(i5 %out_row, i2 0)" [maxpool_1.c:10]   --->   Operation 32 'bitconcatenate' 'tmp_23' <Predicate = (!exitcond3)> <Delay = 0.00>
ST_3 : Operation 33 [1/1] (0.00ns)   --->   "%p_shl2_cast = zext i7 %tmp_23 to i13" [maxpool_1.c:16]   --->   Operation 33 'zext' 'p_shl2_cast' <Predicate = (!exitcond3)> <Delay = 0.00>
ST_3 : Operation 34 [1/1] (1.54ns)   --->   "%tmp_24 = sub i13 %p_shl1_cast, %p_shl2_cast" [maxpool_1.c:16]   --->   Operation 34 'sub' 'tmp_24' <Predicate = (!exitcond3)> <Delay = 1.54> <Core = "AddSub">   --->   Core 14 'AddSub' <Latency = 0> <II = 1> <Delay = 1.82> <FuncUnit> <Opcode : 'add' 'sub'> <InPorts = 2> <OutPorts = 1>
ST_3 : Operation 35 [1/1] (0.00ns)   --->   "%tmp_33_cast = sext i13 %tmp_24 to i14" [maxpool_1.c:16]   --->   Operation 35 'sext' 'tmp_33_cast' <Predicate = (!exitcond3)> <Delay = 0.00>
ST_3 : Operation 36 [1/1] (0.00ns)   --->   "%tmp_5_cast = zext i5 %out_row to i11" [maxpool_1.c:10]   --->   Operation 36 'zext' 'tmp_5_cast' <Predicate = (!exitcond3)> <Delay = 0.00>
ST_3 : Operation 37 [1/1] (0.00ns)   --->   "%tmp_25 = call i10 @_ssdm_op_BitConcatenate.i10.i5.i5(i5 %out_row, i5 0)" [maxpool_1.c:10]   --->   Operation 37 'bitconcatenate' 'tmp_25' <Predicate = (!exitcond3)> <Delay = 0.00>
ST_3 : Operation 38 [1/1] (0.00ns)   --->   "%p_shl_cast = zext i10 %tmp_25 to i11" [maxpool_1.c:30]   --->   Operation 38 'zext' 'p_shl_cast' <Predicate = (!exitcond3)> <Delay = 0.00>
ST_3 : Operation 39 [1/1] (1.73ns)   --->   "%tmp_26 = sub i11 %p_shl_cast, %tmp_5_cast" [maxpool_1.c:30]   --->   Operation 39 'sub' 'tmp_26' <Predicate = (!exitcond3)> <Delay = 1.73> <Core = "AddSub">   --->   Core 14 'AddSub' <Latency = 0> <II = 1> <Delay = 1.82> <FuncUnit> <Opcode : 'add' 'sub'> <InPorts = 2> <OutPorts = 1>
ST_3 : Operation 40 [1/1] (1.76ns)   --->   "br label %5" [maxpool_1.c:12]   --->   Operation 40 'br' <Predicate = (!exitcond3)> <Delay = 1.76>
ST_3 : Operation 41 [1/1] (0.00ns)   --->   "%empty_21 = call i32 (...)* @_ssdm_op_SpecRegionEnd([8 x i8]* @p_str29, i32 %tmp_s)" [maxpool_1.c:33]   --->   Operation 41 'specregionend' 'empty_21' <Predicate = (exitcond3)> <Delay = 0.00>
ST_3 : Operation 42 [1/1] (0.00ns)   --->   "br label %1" [maxpool_1.c:8]   --->   Operation 42 'br' <Predicate = (exitcond3)> <Delay = 0.00>

State 4 <SV = 3> <Delay = 5.90>
ST_4 : Operation 43 [1/1] (0.00ns)   --->   "%out_col = phi i5 [ 0, %4 ], [ %out_col_2, %12 ]"   --->   Operation 43 'phi' 'out_col' <Predicate = true> <Delay = 0.00>
ST_4 : Operation 44 [1/1] (1.36ns)   --->   "%exitcond2 = icmp eq i5 %out_col, -1" [maxpool_1.c:12]   --->   Operation 44 'icmp' 'exitcond2' <Predicate = true> <Delay = 1.36> <Core = "Cmp">   --->   Core 25 'Cmp' <Latency = 0> <II = 1> <Delay = 2.47> <FuncUnit> <Opcode : 'icmp'> <InPorts = 2> <OutPorts = 1>
ST_4 : Operation 45 [1/1] (0.00ns)   --->   "%empty_15 = call i32 (...)* @_ssdm_op_SpecLoopTripCount(i64 31, i64 31, i64 31)"   --->   Operation 45 'speclooptripcount' 'empty_15' <Predicate = true> <Delay = 0.00>
ST_4 : Operation 46 [1/1] (1.78ns)   --->   "%out_col_2 = add i5 %out_col, 1" [maxpool_1.c:12]   --->   Operation 46 'add' 'out_col_2' <Predicate = true> <Delay = 1.78> <Core = "AddSub">   --->   Core 14 'AddSub' <Latency = 0> <II = 1> <Delay = 1.82> <FuncUnit> <Opcode : 'add' 'sub'> <InPorts = 2> <OutPorts = 1>
ST_4 : Operation 47 [1/1] (0.00ns)   --->   "br i1 %exitcond2, label %13, label %6" [maxpool_1.c:12]   --->   Operation 47 'br' <Predicate = true> <Delay = 0.00>
ST_4 : Operation 48 [1/1] (0.00ns)   --->   "%in_col = call i6 @_ssdm_op_BitConcatenate.i6.i5.i1(i5 %out_col, i1 false)" [maxpool_1.c:15]   --->   Operation 48 'bitconcatenate' 'in_col' <Predicate = (!exitcond2)> <Delay = 0.00>
ST_4 : Operation 49 [1/1] (0.00ns)   --->   "%tmp_6_cast = zext i6 %in_col to i14" [maxpool_1.c:16]   --->   Operation 49 'zext' 'tmp_6_cast' <Predicate = (!exitcond2)> <Delay = 0.00>
ST_4 : Operation 50 [1/1] (1.67ns)   --->   "%tmp_27 = add i14 %tmp_33_cast, %tmp_6_cast" [maxpool_1.c:16]   --->   Operation 50 'add' 'tmp_27' <Predicate = (!exitcond2)> <Delay = 1.67> <Core = "AddSub">   --->   Core 14 'AddSub' <Latency = 0> <II = 1> <Delay = 1.82> <FuncUnit> <Opcode : 'add' 'sub'> <InPorts = 2> <OutPorts = 1>
ST_4 : Operation 51 [1/1] (0.00ns)   --->   "%tmp = trunc i14 %tmp_27 to i1" [maxpool_1.c:16]   --->   Operation 51 'trunc' 'tmp' <Predicate = (!exitcond2)> <Delay = 0.00>
ST_4 : Operation 52 [1/1] (0.00ns)   --->   "%tmp_28 = call i4 @_ssdm_op_BitConcatenate.i4.i1.i3(i1 %tmp, i3 0)" [maxpool_1.c:16]   --->   Operation 52 'bitconcatenate' 'tmp_28' <Predicate = (!exitcond2)> <Delay = 0.00>
ST_4 : Operation 53 [1/1] (0.97ns)   --->   "%tmp_29 = or i4 %tmp_28, %ch" [maxpool_1.c:16]   --->   Operation 53 'or' 'tmp_29' <Predicate = (!exitcond2)> <Delay = 0.97> <Core = "LogicGate">   --->   Core 27 'LogicGate' <Latency = 0> <II = 1> <Delay = 0.97> <FuncUnit> <Opcode : 'and' 'or' 'xor'> <InPorts = 2> <OutPorts = 1>
ST_4 : Operation 54 [1/1] (0.00ns)   --->   "%tmp_21 = call i13 @_ssdm_op_PartSelect.i13.i14.i32.i32(i14 %tmp_27, i32 1, i32 13)" [maxpool_1.c:16]   --->   Operation 54 'partselect' 'tmp_21' <Predicate = (!exitcond2)> <Delay = 0.00>
ST_4 : Operation 55 [1/1] (0.00ns)   --->   "%tmp_30 = call i17 @_ssdm_op_BitConcatenate.i17.i13.i4(i13 %tmp_21, i4 %tmp_29)" [maxpool_1.c:16]   --->   Operation 55 'bitconcatenate' 'tmp_30' <Predicate = (!exitcond2)> <Delay = 0.00>
ST_4 : Operation 56 [1/1] (0.00ns)   --->   "%tmp_31 = sext i17 %tmp_30 to i64" [maxpool_1.c:16]   --->   Operation 56 'sext' 'tmp_31' <Predicate = (!exitcond2)> <Delay = 0.00>
ST_4 : Operation 57 [1/1] (0.00ns)   --->   "%buf_conv1_addr = getelementptr [30752 x i31]* @buf_conv1, i64 0, i64 %tmp_31" [maxpool_1.c:16]   --->   Operation 57 'getelementptr' 'buf_conv1_addr' <Predicate = (!exitcond2)> <Delay = 0.00>
ST_4 : Operation 58 [2/2] (3.25ns)   --->   "%buf_conv1_load = load i31* %buf_conv1_addr, align 4" [maxpool_1.c:16]   --->   Operation 58 'load' 'buf_conv1_load' <Predicate = (!exitcond2)> <Delay = 3.25> <Core = "RAM">   --->   Core 37 'RAM' <Latency = 1> <II = 1> <Delay = 3.25> <Storage> <Opcode : 'load' 'store'> <Ports = 2> <Width = 32> <Depth = 1024> <RAM>
ST_4 : Operation 59 [1/1] (0.00ns)   --->   "%empty_20 = call i32 (...)* @_ssdm_op_SpecRegionEnd([4 x i8]* @p_str130, i32 %tmp_13)" [maxpool_1.c:32]   --->   Operation 59 'specregionend' 'empty_20' <Predicate = (exitcond2)> <Delay = 0.00>
ST_4 : Operation 60 [1/1] (0.00ns)   --->   "br label %3" [maxpool_1.c:10]   --->   Operation 60 'br' <Predicate = (exitcond2)> <Delay = 0.00>

State 5 <SV = 4> <Delay = 3.25>
ST_5 : Operation 61 [1/1] (0.00ns)   --->   "call void (...)* @_ssdm_op_SpecLoopName([4 x i8]* @p_str231) nounwind" [maxpool_1.c:12]   --->   Operation 61 'specloopname' <Predicate = true> <Delay = 0.00>
ST_5 : Operation 62 [1/1] (0.00ns)   --->   "%tmp_14 = call i32 (...)* @_ssdm_op_SpecRegionBegin([4 x i8]* @p_str231)" [maxpool_1.c:12]   --->   Operation 62 'specregionbegin' 'tmp_14' <Predicate = true> <Delay = 0.00>
ST_5 : Operation 63 [1/2] (3.25ns)   --->   "%buf_conv1_load = load i31* %buf_conv1_addr, align 4" [maxpool_1.c:16]   --->   Operation 63 'load' 'buf_conv1_load' <Predicate = true> <Delay = 3.25> <Core = "RAM">   --->   Core 37 'RAM' <Latency = 1> <II = 1> <Delay = 3.25> <Storage> <Opcode : 'load' 'store'> <Ports = 2> <Width = 32> <Depth = 1024> <RAM>
ST_5 : Operation 64 [1/1] (0.00ns)   --->   "%maxvalue = zext i31 %buf_conv1_load to i32" [maxpool_1.c:16]   --->   Operation 64 'zext' 'maxvalue' <Predicate = true> <Delay = 0.00>
ST_5 : Operation 65 [1/1] (1.76ns)   --->   "br label %7" [maxpool_1.c:18]   --->   Operation 65 'br' <Predicate = true> <Delay = 1.76>

State 6 <SV = 5> <Delay = 6.70>
ST_6 : Operation 66 [1/1] (0.00ns)   --->   "%maxvalue4 = phi i32 [ %maxvalue, %6 ], [ %maxvalue_1, %11 ]"   --->   Operation 66 'phi' 'maxvalue4' <Predicate = true> <Delay = 0.00>
ST_6 : Operation 67 [1/1] (0.00ns)   --->   "%pool_row = phi i2 [ 0, %6 ], [ %pool_row_2, %11 ]"   --->   Operation 67 'phi' 'pool_row' <Predicate = true> <Delay = 0.00>
ST_6 : Operation 68 [1/1] (0.00ns)   --->   "%pool_row_cast2 = zext i2 %pool_row to i6" [maxpool_1.c:18]   --->   Operation 68 'zext' 'pool_row_cast2' <Predicate = true> <Delay = 0.00>
ST_6 : Operation 69 [1/1] (0.95ns)   --->   "%exitcond1 = icmp eq i2 %pool_row, -2" [maxpool_1.c:18]   --->   Operation 69 'icmp' 'exitcond1' <Predicate = true> <Delay = 0.95> <Core = "Cmp">   --->   Core 25 'Cmp' <Latency = 0> <II = 1> <Delay = 2.47> <FuncUnit> <Opcode : 'icmp'> <InPorts = 2> <OutPorts = 1>
ST_6 : Operation 70 [1/1] (0.00ns)   --->   "%empty_16 = call i32 (...)* @_ssdm_op_SpecLoopTripCount(i64 2, i64 2, i64 2)"   --->   Operation 70 'speclooptripcount' 'empty_16' <Predicate = true> <Delay = 0.00>
ST_6 : Operation 71 [1/1] (1.56ns)   --->   "%pool_row_2 = add i2 %pool_row, 1" [maxpool_1.c:18]   --->   Operation 71 'add' 'pool_row_2' <Predicate = true> <Delay = 1.56> <Core = "AddSub">   --->   Core 14 'AddSub' <Latency = 0> <II = 1> <Delay = 1.82> <FuncUnit> <Opcode : 'add' 'sub'> <InPorts = 2> <OutPorts = 1>
ST_6 : Operation 72 [1/1] (0.00ns)   --->   "br i1 %exitcond1, label %12, label %8" [maxpool_1.c:18]   --->   Operation 72 'br' <Predicate = true> <Delay = 0.00>
ST_6 : Operation 73 [1/1] (0.00ns)   --->   "call void (...)* @_ssdm_op_SpecLoopName([9 x i8]* @p_str332) nounwind" [maxpool_1.c:18]   --->   Operation 73 'specloopname' <Predicate = (!exitcond1)> <Delay = 0.00>
ST_6 : Operation 74 [1/1] (0.00ns)   --->   "%tmp_15 = call i32 (...)* @_ssdm_op_SpecRegionBegin([9 x i8]* @p_str332)" [maxpool_1.c:18]   --->   Operation 74 'specregionbegin' 'tmp_15' <Predicate = (!exitcond1)> <Delay = 0.00>
ST_6 : Operation 75 [1/1] (1.82ns)   --->   "%tmp_8 = add i6 %pool_row_cast2, %in_row" [maxpool_1.c:23]   --->   Operation 75 'add' 'tmp_8' <Predicate = (!exitcond1)> <Delay = 1.82> <Core = "AddSub">   --->   Core 14 'AddSub' <Latency = 0> <II = 1> <Delay = 1.82> <FuncUnit> <Opcode : 'add' 'sub'> <InPorts = 2> <OutPorts = 1>
ST_6 : Operation 76 [1/1] (0.00ns)   --->   "%tmp_34 = call i12 @_ssdm_op_BitConcatenate.i12.i6.i6(i6 %tmp_8, i6 0)" [maxpool_1.c:23]   --->   Operation 76 'bitconcatenate' 'tmp_34' <Predicate = (!exitcond1)> <Delay = 0.00>
ST_6 : Operation 77 [1/1] (0.00ns)   --->   "%p_shl3_cast = zext i12 %tmp_34 to i13" [maxpool_1.c:23]   --->   Operation 77 'zext' 'p_shl3_cast' <Predicate = (!exitcond1)> <Delay = 0.00>
ST_6 : Operation 78 [1/1] (0.00ns)   --->   "%tmp_35 = call i7 @_ssdm_op_BitConcatenate.i7.i6.i1(i6 %tmp_8, i1 false)" [maxpool_1.c:23]   --->   Operation 78 'bitconcatenate' 'tmp_35' <Predicate = (!exitcond1)> <Delay = 0.00>
ST_6 : Operation 79 [1/1] (0.00ns)   --->   "%p_shl4_cast = zext i7 %tmp_35 to i13" [maxpool_1.c:23]   --->   Operation 79 'zext' 'p_shl4_cast' <Predicate = (!exitcond1)> <Delay = 0.00>
ST_6 : Operation 80 [1/1] (1.54ns)   --->   "%tmp_36 = sub i13 %p_shl3_cast, %p_shl4_cast" [maxpool_1.c:23]   --->   Operation 80 'sub' 'tmp_36' <Predicate = (!exitcond1)> <Delay = 1.54> <Core = "AddSub">   --->   Core 14 'AddSub' <Latency = 0> <II = 1> <Delay = 1.82> <FuncUnit> <Opcode : 'add' 'sub'> <InPorts = 2> <OutPorts = 1>
ST_6 : Operation 81 [1/1] (1.76ns)   --->   "br label %9" [maxpool_1.c:20]   --->   Operation 81 'br' <Predicate = (!exitcond1)> <Delay = 1.76>
ST_6 : Operation 82 [1/1] (0.00ns)   --->   "%tmp_7_cast = zext i5 %out_col to i11" [maxpool_1.c:12]   --->   Operation 82 'zext' 'tmp_7_cast' <Predicate = (exitcond1)> <Delay = 0.00>
ST_6 : Operation 83 [1/1] (1.63ns)   --->   "%tmp_32 = add i11 %tmp_7_cast, %tmp_26" [maxpool_1.c:12]   --->   Operation 83 'add' 'tmp_32' <Predicate = (exitcond1)> <Delay = 1.63> <Core = "AddSub">   --->   Core 14 'AddSub' <Latency = 0> <II = 1> <Delay = 1.82> <FuncUnit> <Opcode : 'add' 'sub'> <InPorts = 2> <OutPorts = 1>
ST_6 : Operation 84 [1/1] (0.00ns)   --->   "%tmp_44_cast = call i14 @_ssdm_op_BitConcatenate.i14.i11.i3(i11 %tmp_32, i3 0)" [maxpool_1.c:30]   --->   Operation 84 'bitconcatenate' 'tmp_44_cast' <Predicate = (exitcond1)> <Delay = 0.00>
ST_6 : Operation 85 [1/1] (1.81ns)   --->   "%tmp_33 = add i14 %tmp_cast, %tmp_44_cast" [maxpool_1.c:30]   --->   Operation 85 'add' 'tmp_33' <Predicate = (exitcond1)> <Delay = 1.81> <Core = "AddSub">   --->   Core 14 'AddSub' <Latency = 0> <II = 1> <Delay = 1.82> <FuncUnit> <Opcode : 'add' 'sub'> <InPorts = 2> <OutPorts = 1>
ST_6 : Operation 86 [1/1] (0.00ns)   --->   "%tmp_45_cast = zext i14 %tmp_33 to i64" [maxpool_1.c:30]   --->   Operation 86 'zext' 'tmp_45_cast' <Predicate = (exitcond1)> <Delay = 0.00>
ST_6 : Operation 87 [1/1] (0.00ns)   --->   "%output_addr = getelementptr [7688 x i32]* %output_r, i64 0, i64 %tmp_45_cast" [maxpool_1.c:30]   --->   Operation 87 'getelementptr' 'output_addr' <Predicate = (exitcond1)> <Delay = 0.00>
ST_6 : Operation 88 [1/1] (3.25ns)   --->   "store i32 %maxvalue4, i32* %output_addr, align 4" [maxpool_1.c:30]   --->   Operation 88 'store' <Predicate = (exitcond1)> <Delay = 3.25> <Core = "RAM">   --->   Core 37 'RAM' <Latency = 1> <II = 1> <Delay = 3.25> <Storage> <Opcode : 'load' 'store'> <Ports = 2> <Width = 32> <Depth = 1024> <RAM>
ST_6 : Operation 89 [1/1] (0.00ns)   --->   "%empty_19 = call i32 (...)* @_ssdm_op_SpecRegionEnd([4 x i8]* @p_str231, i32 %tmp_14)" [maxpool_1.c:31]   --->   Operation 89 'specregionend' 'empty_19' <Predicate = (exitcond1)> <Delay = 0.00>
ST_6 : Operation 90 [1/1] (0.00ns)   --->   "br label %5" [maxpool_1.c:12]   --->   Operation 90 'br' <Predicate = (exitcond1)> <Delay = 0.00>

State 7 <SV = 6> <Delay = 5.58>
ST_7 : Operation 91 [1/1] (0.00ns)   --->   "%maxvalue_1 = phi i32 [ %maxvalue4, %8 ], [ %value_0_maxvalue_1, %10 ]" [maxpool_1.c:16]   --->   Operation 91 'phi' 'maxvalue_1' <Predicate = true> <Delay = 0.00>
ST_7 : Operation 92 [1/1] (0.00ns)   --->   "%pool_col = phi i2 [ 0, %8 ], [ %pool_col_2, %10 ]"   --->   Operation 92 'phi' 'pool_col' <Predicate = true> <Delay = 0.00>
ST_7 : Operation 93 [1/1] (0.00ns)   --->   "%pool_col_cast1 = zext i2 %pool_col to i6" [maxpool_1.c:20]   --->   Operation 93 'zext' 'pool_col_cast1' <Predicate = true> <Delay = 0.00>
ST_7 : Operation 94 [1/1] (0.95ns)   --->   "%exitcond = icmp eq i2 %pool_col, -2" [maxpool_1.c:20]   --->   Operation 94 'icmp' 'exitcond' <Predicate = true> <Delay = 0.95> <Core = "Cmp">   --->   Core 25 'Cmp' <Latency = 0> <II = 1> <Delay = 2.47> <FuncUnit> <Opcode : 'icmp'> <InPorts = 2> <OutPorts = 1>
ST_7 : Operation 95 [1/1] (0.00ns)   --->   "%empty_17 = call i32 (...)* @_ssdm_op_SpecLoopTripCount(i64 2, i64 2, i64 2)"   --->   Operation 95 'speclooptripcount' 'empty_17' <Predicate = true> <Delay = 0.00>
ST_7 : Operation 96 [1/1] (1.56ns)   --->   "%pool_col_2 = add i2 %pool_col, 1" [maxpool_1.c:20]   --->   Operation 96 'add' 'pool_col_2' <Predicate = true> <Delay = 1.56> <Core = "AddSub">   --->   Core 14 'AddSub' <Latency = 0> <II = 1> <Delay = 1.82> <FuncUnit> <Opcode : 'add' 'sub'> <InPorts = 2> <OutPorts = 1>
ST_7 : Operation 97 [1/1] (0.00ns)   --->   "br i1 %exitcond, label %11, label %10" [maxpool_1.c:20]   --->   Operation 97 'br' <Predicate = true> <Delay = 0.00>
ST_7 : Operation 98 [1/1] (1.82ns)   --->   "%tmp_1 = add i6 %in_col, %pool_col_cast1" [maxpool_1.c:23]   --->   Operation 98 'add' 'tmp_1' <Predicate = (!exitcond)> <Delay = 1.82> <Core = "AddSub">   --->   Core 14 'AddSub' <Latency = 0> <II = 1> <Delay = 1.82> <FuncUnit> <Opcode : 'add' 'sub'> <InPorts = 2> <OutPorts = 1>
ST_7 : Operation 99 [1/1] (0.00ns)   --->   "%tmp_2_cast = zext i6 %tmp_1 to i13" [maxpool_1.c:23]   --->   Operation 99 'zext' 'tmp_2_cast' <Predicate = (!exitcond)> <Delay = 0.00>
ST_7 : Operation 100 [1/1] (1.67ns)   --->   "%tmp_37 = add i13 %tmp_2_cast, %tmp_36" [maxpool_1.c:23]   --->   Operation 100 'add' 'tmp_37' <Predicate = (!exitcond)> <Delay = 1.67> <Core = "AddSub">   --->   Core 14 'AddSub' <Latency = 0> <II = 1> <Delay = 1.82> <FuncUnit> <Opcode : 'add' 'sub'> <InPorts = 2> <OutPorts = 1>
ST_7 : Operation 101 [1/1] (0.00ns)   --->   "%tmp_51_cast = call i16 @_ssdm_op_BitConcatenate.i16.i13.i3(i13 %tmp_37, i3 0)" [maxpool_1.c:23]   --->   Operation 101 'bitconcatenate' 'tmp_51_cast' <Predicate = (!exitcond)> <Delay = 0.00>
ST_7 : Operation 102 [1/1] (2.07ns)   --->   "%tmp_38 = add i16 %tmp_cast5, %tmp_51_cast" [maxpool_1.c:23]   --->   Operation 102 'add' 'tmp_38' <Predicate = (!exitcond)> <Delay = 2.07> <Core = "AddSub">   --->   Core 14 'AddSub' <Latency = 0> <II = 1> <Delay = 1.82> <FuncUnit> <Opcode : 'add' 'sub'> <InPorts = 2> <OutPorts = 1>
ST_7 : Operation 103 [1/1] (0.00ns)   --->   "%empty_18 = call i32 (...)* @_ssdm_op_SpecRegionEnd([9 x i8]* @p_str332, i32 %tmp_15)" [maxpool_1.c:28]   --->   Operation 103 'specregionend' 'empty_18' <Predicate = (exitcond)> <Delay = 0.00>
ST_7 : Operation 104 [1/1] (0.00ns)   --->   "br label %7" [maxpool_1.c:18]   --->   Operation 104 'br' <Predicate = (exitcond)> <Delay = 0.00>

State 8 <SV = 7> <Delay = 3.25>
ST_8 : Operation 105 [1/1] (0.00ns)   --->   "%tmp_52_cast = zext i16 %tmp_38 to i64" [maxpool_1.c:23]   --->   Operation 105 'zext' 'tmp_52_cast' <Predicate = true> <Delay = 0.00>
ST_8 : Operation 106 [1/1] (0.00ns)   --->   "%buf_conv1_addr_1 = getelementptr [30752 x i31]* @buf_conv1, i64 0, i64 %tmp_52_cast" [maxpool_1.c:23]   --->   Operation 106 'getelementptr' 'buf_conv1_addr_1' <Predicate = true> <Delay = 0.00>
ST_8 : Operation 107 [2/2] (3.25ns)   --->   "%buf_conv1_load_1 = load i31* %buf_conv1_addr_1, align 4" [maxpool_1.c:23]   --->   Operation 107 'load' 'buf_conv1_load_1' <Predicate = true> <Delay = 3.25> <Core = "RAM">   --->   Core 37 'RAM' <Latency = 1> <II = 1> <Delay = 3.25> <Storage> <Opcode : 'load' 'store'> <Ports = 2> <Width = 32> <Depth = 1024> <RAM>

State 9 <SV = 8> <Delay = 6.42>
ST_9 : Operation 108 [1/1] (0.00ns)   --->   "call void (...)* @_ssdm_op_SpecLoopName([9 x i8]* @p_str433) nounwind" [maxpool_1.c:20]   --->   Operation 108 'specloopname' <Predicate = true> <Delay = 0.00>
ST_9 : Operation 109 [1/2] (3.25ns)   --->   "%buf_conv1_load_1 = load i31* %buf_conv1_addr_1, align 4" [maxpool_1.c:23]   --->   Operation 109 'load' 'buf_conv1_load_1' <Predicate = true> <Delay = 3.25> <Core = "RAM">   --->   Core 37 'RAM' <Latency = 1> <II = 1> <Delay = 3.25> <Storage> <Opcode : 'load' 'store'> <Ports = 2> <Width = 32> <Depth = 1024> <RAM>
ST_9 : Operation 110 [1/1] (0.00ns)   --->   "%maxvalue_5 = zext i31 %buf_conv1_load_1 to i32" [maxpool_1.c:23]   --->   Operation 110 'zext' 'maxvalue_5' <Predicate = true> <Delay = 0.00>
ST_9 : Operation 111 [1/1] (2.47ns)   --->   "%tmp_3 = icmp sgt i32 %maxvalue_5, %maxvalue_1" [maxpool_1.c:25]   --->   Operation 111 'icmp' 'tmp_3' <Predicate = true> <Delay = 2.47> <Core = "Cmp">   --->   Core 25 'Cmp' <Latency = 0> <II = 1> <Delay = 2.47> <FuncUnit> <Opcode : 'icmp'> <InPorts = 2> <OutPorts = 1>
ST_9 : Operation 112 [1/1] (0.69ns)   --->   "%value_0_maxvalue_1 = select i1 %tmp_3, i32 %maxvalue_5, i32 %maxvalue_1" [maxpool_1.c:25]   --->   Operation 112 'select' 'value_0_maxvalue_1' <Predicate = true> <Delay = 0.69> <Core = "Sel">   --->   Core 26 'Sel' <Latency = 0> <II = 1> <Delay = 0.69> <FuncUnit> <Opcode : 'select'> <InPorts = 3> <OutPorts = 1>
ST_9 : Operation 113 [1/1] (0.00ns)   --->   "br label %9" [maxpool_1.c:20]   --->   Operation 113 'br' <Predicate = true> <Delay = 0.00>


============================================================
+ Verbose Summary: Binding
============================================================
STG Binding: 
---------------- STG Properties BEGIN ----------------
- Is combinational: 0
- Is one-state seq: 0
- Is datapath-only: 0
- Is pipelined: 0
- Is top level: 0
Port [ Return ] is wired: 1; IO mode=ap_ctrl_hs:ce=0
Port [ output_r]:  wired=1; compound=1; hidden=0; nouse=0; global=0; static=0; extern=0; dir=1; type=1; pingpong=0; private_global=0; MemPort=[03]; IO mode=ap_memory:ce=0
Port [ buf_conv1]:  wired=1; compound=1; hidden=0; nouse=0; global=1; static=1; extern=0; dir=0; type=1; pingpong=0; private_global=0; linkage=7; visibility=0; MemPort=[13]; IO mode=ap_memory:ce=0
---------------- STG Properties END ------------------

---------------- Datapath Model BEGIN ----------------

<LifeTime>
<method=bitvector/>
StgValue_10        (br               ) [ 0111111111]
ch                 (phi              ) [ 0010111111]
exitcond4          (icmp             ) [ 0011111111]
empty              (speclooptripcount) [ 0000000000]
ch_2               (add              ) [ 0111111111]
StgValue_15        (br               ) [ 0000000000]
StgValue_16        (specloopname     ) [ 0000000000]
tmp_s              (specregionbegin  ) [ 0001111111]
tmp_cast5          (zext             ) [ 0001111111]
tmp_cast           (zext             ) [ 0001111111]
StgValue_20        (br               ) [ 0011111111]
StgValue_21        (ret              ) [ 0000000000]
out_row            (phi              ) [ 0001000000]
exitcond3          (icmp             ) [ 0011111111]
empty_14           (speclooptripcount) [ 0000000000]
out_row_2          (add              ) [ 0011111111]
StgValue_26        (br               ) [ 0000000000]
StgValue_27        (specloopname     ) [ 0000000000]
tmp_13             (specregionbegin  ) [ 0000111111]
in_row             (bitconcatenate   ) [ 0000111111]
tmp_22             (bitconcatenate   ) [ 0000000000]
p_shl1_cast        (zext             ) [ 0000000000]
tmp_23             (bitconcatenate   ) [ 0000000000]
p_shl2_cast        (zext             ) [ 0000000000]
tmp_24             (sub              ) [ 0000000000]
tmp_33_cast        (sext             ) [ 0000111111]
tmp_5_cast         (zext             ) [ 0000000000]
tmp_25             (bitconcatenate   ) [ 0000000000]
p_shl_cast         (zext             ) [ 0000000000]
tmp_26             (sub              ) [ 0000111111]
StgValue_40        (br               ) [ 0011111111]
empty_21           (specregionend    ) [ 0000000000]
StgValue_42        (br               ) [ 0111111111]
out_col            (phi              ) [ 0000111111]
exitcond2          (icmp             ) [ 0011111111]
empty_15           (speclooptripcount) [ 0000000000]
out_col_2          (add              ) [ 0011111111]
StgValue_47        (br               ) [ 0000000000]
in_col             (bitconcatenate   ) [ 0000011111]
tmp_6_cast         (zext             ) [ 0000000000]
tmp_27             (add              ) [ 0000000000]
tmp                (trunc            ) [ 0000000000]
tmp_28             (bitconcatenate   ) [ 0000000000]
tmp_29             (or               ) [ 0000000000]
tmp_21             (partselect       ) [ 0000000000]
tmp_30             (bitconcatenate   ) [ 0000000000]
tmp_31             (sext             ) [ 0000000000]
buf_conv1_addr     (getelementptr    ) [ 0000010000]
empty_20           (specregionend    ) [ 0000000000]
StgValue_60        (br               ) [ 0011111111]
StgValue_61        (specloopname     ) [ 0000000000]
tmp_14             (specregionbegin  ) [ 0000001111]
buf_conv1_load     (load             ) [ 0000000000]
maxvalue           (zext             ) [ 0011111111]
StgValue_65        (br               ) [ 0011111111]
maxvalue4          (phi              ) [ 0000001111]
pool_row           (phi              ) [ 0000001000]
pool_row_cast2     (zext             ) [ 0000000000]
exitcond1          (icmp             ) [ 0011111111]
empty_16           (speclooptripcount) [ 0000000000]
pool_row_2         (add              ) [ 0011111111]
StgValue_72        (br               ) [ 0000000000]
StgValue_73        (specloopname     ) [ 0000000000]
tmp_15             (specregionbegin  ) [ 0000000111]
tmp_8              (add              ) [ 0000000000]
tmp_34             (bitconcatenate   ) [ 0000000000]
p_shl3_cast        (zext             ) [ 0000000000]
tmp_35             (bitconcatenate   ) [ 0000000000]
p_shl4_cast        (zext             ) [ 0000000000]
tmp_36             (sub              ) [ 0000000111]
StgValue_81        (br               ) [ 0011111111]
tmp_7_cast         (zext             ) [ 0000000000]
tmp_32             (add              ) [ 0000000000]
tmp_44_cast        (bitconcatenate   ) [ 0000000000]
tmp_33             (add              ) [ 0000000000]
tmp_45_cast        (zext             ) [ 0000000000]
output_addr        (getelementptr    ) [ 0000000000]
StgValue_88        (store            ) [ 0000000000]
empty_19           (specregionend    ) [ 0000000000]
StgValue_90        (br               ) [ 0011111111]
maxvalue_1         (phi              ) [ 0011111111]
pool_col           (phi              ) [ 0000000100]
pool_col_cast1     (zext             ) [ 0000000000]
exitcond           (icmp             ) [ 0011111111]
empty_17           (speclooptripcount) [ 0000000000]
pool_col_2         (add              ) [ 0011111111]
StgValue_97        (br               ) [ 0000000000]
tmp_1              (add              ) [ 0000000000]
tmp_2_cast         (zext             ) [ 0000000000]
tmp_37             (add              ) [ 0000000000]
tmp_51_cast        (bitconcatenate   ) [ 0000000000]
tmp_38             (add              ) [ 0000000010]
empty_18           (specregionend    ) [ 0000000000]
StgValue_104       (br               ) [ 0011111111]
tmp_52_cast        (zext             ) [ 0000000000]
buf_conv1_addr_1   (getelementptr    ) [ 0000000001]
StgValue_108       (specloopname     ) [ 0000000000]
buf_conv1_load_1   (load             ) [ 0000000000]
maxvalue_5         (zext             ) [ 0000000000]
tmp_3              (icmp             ) [ 0000000000]
value_0_maxvalue_1 (select           ) [ 0011111111]
StgValue_113       (br               ) [ 0011111111]
</LifeTime>

<model>

<comp_list>
<comp id="0" class="1000" name="output_r">
<pin_list>
<pin id="1" dir="1" index="0" bw="1" slack="0"/>
</pin_list>
<bind>
<StgValue><ssdm name="output_r"/><MemPortTyVec>0 3 </MemPortTyVec>
</StgValue>
</bind>
</comp>

<comp id="2" class="1000" name="buf_conv1">
<pin_list>
<pin id="3" dir="1" index="0" bw="1" slack="0"/>
</pin_list>
<bind>
<StgValue><ssdm name="buf_conv1"/><MemPortTyVec>1 3 </MemPortTyVec>
</StgValue>
</bind>
</comp>

<comp id="4" class="1001" name="const_4">
<pin_list>
<pin id="5" dir="1" index="0" bw="1" slack="1"/>
</pin_list>
<bind>
<StgValue><ssdm name=""/></StgValue>
</bind>
</comp>

<comp id="6" class="1001" name="const_6">
<pin_list>
<pin id="7" dir="1" index="0" bw="1" slack="0"/>
</pin_list>
<bind>
<StgValue><ssdm name=""/></StgValue>
</bind>
</comp>

<comp id="8" class="1001" name="const_8">
<pin_list>
<pin id="9" dir="1" index="0" bw="1" slack="2147483647"/>
</pin_list>
<bind>
<StgValue><ssdm name="_ssdm_op_SpecLoopTripCount"/></StgValue>
</bind>
</comp>

<comp id="10" class="1001" name="const_10">
<pin_list>
<pin id="11" dir="1" index="0" bw="1" slack="2147483647"/>
</pin_list>
<bind>
<StgValue><ssdm name=""/></StgValue>
</bind>
</comp>

<comp id="12" class="1001" name="const_12">
<pin_list>
<pin id="13" dir="1" index="0" bw="1" slack="0"/>
</pin_list>
<bind>
<StgValue><ssdm name=""/></StgValue>
</bind>
</comp>

<comp id="14" class="1001" name="const_14">
<pin_list>
<pin id="15" dir="1" index="0" bw="1" slack="2147483647"/>
</pin_list>
<bind>
<StgValue><ssdm name="_ssdm_op_SpecLoopName"/></StgValue>
</bind>
</comp>

<comp id="16" class="1001" name="const_16">
<pin_list>
<pin id="17" dir="1" index="0" bw="1" slack="2147483647"/>
</pin_list>
<bind>
<StgValue><ssdm name="p_str29"/></StgValue>
</bind>
</comp>

<comp id="18" class="1001" name="const_18">
<pin_list>
<pin id="19" dir="1" index="0" bw="1" slack="2147483647"/>
</pin_list>
<bind>
<StgValue><ssdm name="_ssdm_op_SpecRegionBegin"/></StgValue>
</bind>
</comp>

<comp id="20" class="1001" name="const_20">
<pin_list>
<pin id="21" dir="1" index="0" bw="1" slack="0"/>
</pin_list>
<bind>
<StgValue><ssdm name=""/></StgValue>
</bind>
</comp>

<comp id="22" class="1001" name="const_22">
<pin_list>
<pin id="23" dir="1" index="0" bw="1" slack="0"/>
</pin_list>
<bind>
<StgValue><ssdm name=""/></StgValue>
</bind>
</comp>

<comp id="24" class="1001" name="const_24">
<pin_list>
<pin id="25" dir="1" index="0" bw="1" slack="2147483647"/>
</pin_list>
<bind>
<StgValue><ssdm name=""/></StgValue>
</bind>
</comp>

<comp id="26" class="1001" name="const_26">
<pin_list>
<pin id="27" dir="1" index="0" bw="1" slack="0"/>
</pin_list>
<bind>
<StgValue><ssdm name=""/></StgValue>
</bind>
</comp>

<comp id="28" class="1001" name="const_28">
<pin_list>
<pin id="29" dir="1" index="0" bw="1" slack="2147483647"/>
</pin_list>
<bind>
<StgValue><ssdm name="p_str130"/></StgValue>
</bind>
</comp>

<comp id="30" class="1001" name="const_30">
<pin_list>
<pin id="31" dir="1" index="0" bw="1" slack="0"/>
</pin_list>
<bind>
<StgValue><ssdm name="_ssdm_op_BitConcatenate.i6.i5.i1"/></StgValue>
</bind>
</comp>

<comp id="32" class="1001" name="const_32">
<pin_list>
<pin id="33" dir="1" index="0" bw="1" slack="0"/>
</pin_list>
<bind>
<StgValue><ssdm name=""/></StgValue>
</bind>
</comp>

<comp id="34" class="1001" name="const_34">
<pin_list>
<pin id="35" dir="1" index="0" bw="1" slack="0"/>
</pin_list>
<bind>
<StgValue><ssdm name="_ssdm_op_BitConcatenate.i12.i5.i7"/></StgValue>
</bind>
</comp>

<comp id="36" class="1001" name="const_36">
<pin_list>
<pin id="37" dir="1" index="0" bw="1" slack="0"/>
</pin_list>
<bind>
<StgValue><ssdm name=""/></StgValue>
</bind>
</comp>

<comp id="38" class="1001" name="const_38">
<pin_list>
<pin id="39" dir="1" index="0" bw="1" slack="0"/>
</pin_list>
<bind>
<StgValue><ssdm name="_ssdm_op_BitConcatenate.i7.i5.i2"/></StgValue>
</bind>
</comp>

<comp id="40" class="1001" name="const_40">
<pin_list>
<pin id="41" dir="1" index="0" bw="1" slack="0"/>
</pin_list>
<bind>
<StgValue><ssdm name=""/></StgValue>
</bind>
</comp>

<comp id="42" class="1001" name="const_42">
<pin_list>
<pin id="43" dir="1" index="0" bw="1" slack="0"/>
</pin_list>
<bind>
<StgValue><ssdm name="_ssdm_op_BitConcatenate.i10.i5.i5"/></StgValue>
</bind>
</comp>

<comp id="44" class="1001" name="const_44">
<pin_list>
<pin id="45" dir="1" index="0" bw="1" slack="2147483647"/>
</pin_list>
<bind>
<StgValue><ssdm name="_ssdm_op_SpecRegionEnd"/></StgValue>
</bind>
</comp>

<comp id="46" class="1001" name="const_46">
<pin_list>
<pin id="47" dir="1" index="0" bw="1" slack="0"/>
</pin_list>
<bind>
<StgValue><ssdm name="_ssdm_op_BitConcatenate.i4.i1.i3"/></StgValue>
</bind>
</comp>

<comp id="48" class="1001" name="const_48">
<pin_list>
<pin id="49" dir="1" index="0" bw="1" slack="0"/>
</pin_list>
<bind>
<StgValue><ssdm name=""/></StgValue>
</bind>
</comp>

<comp id="50" class="1001" name="const_50">
<pin_list>
<pin id="51" dir="1" index="0" bw="1" slack="0"/>
</pin_list>
<bind>
<StgValue><ssdm name="_ssdm_op_PartSelect.i13.i14.i32.i32"/></StgValue>
</bind>
</comp>

<comp id="52" class="1001" name="const_52">
<pin_list>
<pin id="53" dir="1" index="0" bw="1" slack="0"/>
</pin_list>
<bind>
<StgValue><ssdm name=""/></StgValue>
</bind>
</comp>

<comp id="54" class="1001" name="const_54">
<pin_list>
<pin id="55" dir="1" index="0" bw="1" slack="0"/>
</pin_list>
<bind>
<StgValue><ssdm name=""/></StgValue>
</bind>
</comp>

<comp id="56" class="1001" name="const_56">
<pin_list>
<pin id="57" dir="1" index="0" bw="1" slack="0"/>
</pin_list>
<bind>
<StgValue><ssdm name="_ssdm_op_BitConcatenate.i17.i13.i4"/></StgValue>
</bind>
</comp>

<comp id="58" class="1001" name="const_58">
<pin_list>
<pin id="59" dir="1" index="0" bw="1" slack="0"/>
</pin_list>
<bind>
<StgValue><ssdm name=""/></StgValue>
</bind>
</comp>

<comp id="60" class="1001" name="const_60">
<pin_list>
<pin id="61" dir="1" index="0" bw="1" slack="2147483647"/>
</pin_list>
<bind>
<StgValue><ssdm name="p_str231"/></StgValue>
</bind>
</comp>

<comp id="62" class="1001" name="const_62">
<pin_list>
<pin id="63" dir="1" index="0" bw="1" slack="0"/>
</pin_list>
<bind>
<StgValue><ssdm name=""/></StgValue>
</bind>
</comp>

<comp id="64" class="1001" name="const_64">
<pin_list>
<pin id="65" dir="1" index="0" bw="1" slack="2147483647"/>
</pin_list>
<bind>
<StgValue><ssdm name=""/></StgValue>
</bind>
</comp>

<comp id="66" class="1001" name="const_66">
<pin_list>
<pin id="67" dir="1" index="0" bw="1" slack="0"/>
</pin_list>
<bind>
<StgValue><ssdm name=""/></StgValue>
</bind>
</comp>

<comp id="68" class="1001" name="const_68">
<pin_list>
<pin id="69" dir="1" index="0" bw="1" slack="2147483647"/>
</pin_list>
<bind>
<StgValue><ssdm name="p_str332"/></StgValue>
</bind>
</comp>

<comp id="70" class="1001" name="const_70">
<pin_list>
<pin id="71" dir="1" index="0" bw="1" slack="0"/>
</pin_list>
<bind>
<StgValue><ssdm name="_ssdm_op_BitConcatenate.i12.i6.i6"/></StgValue>
</bind>
</comp>

<comp id="72" class="1001" name="const_72">
<pin_list>
<pin id="73" dir="1" index="0" bw="1" slack="0"/>
</pin_list>
<bind>
<StgValue><ssdm name=""/></StgValue>
</bind>
</comp>

<comp id="74" class="1001" name="const_74">
<pin_list>
<pin id="75" dir="1" index="0" bw="1" slack="0"/>
</pin_list>
<bind>
<StgValue><ssdm name="_ssdm_op_BitConcatenate.i7.i6.i1"/></StgValue>
</bind>
</comp>

<comp id="76" class="1001" name="const_76">
<pin_list>
<pin id="77" dir="1" index="0" bw="1" slack="0"/>
</pin_list>
<bind>
<StgValue><ssdm name="_ssdm_op_BitConcatenate.i14.i11.i3"/></StgValue>
</bind>
</comp>

<comp id="78" class="1001" name="const_78">
<pin_list>
<pin id="79" dir="1" index="0" bw="1" slack="0"/>
</pin_list>
<bind>
<StgValue><ssdm name="_ssdm_op_BitConcatenate.i16.i13.i3"/></StgValue>
</bind>
</comp>

<comp id="80" class="1001" name="const_80">
<pin_list>
<pin id="81" dir="1" index="0" bw="1" slack="2147483647"/>
</pin_list>
<bind>
<StgValue><ssdm name="p_str433"/></StgValue>
</bind>
</comp>

<comp id="82" class="1004" name="buf_conv1_addr_gep_fu_82">
<pin_list>
<pin id="83" dir="0" index="0" bw="31" slack="0"/>
<pin id="84" dir="0" index="1" bw="1" slack="0"/>
<pin id="85" dir="0" index="2" bw="17" slack="0"/>
<pin id="86" dir="1" index="3" bw="15" slack="0"/>
</pin_list>
<bind>
<opcode="getelementptr(29) " fcode="getelementptr"/>
<opset="buf_conv1_addr/4 "/>
</bind>
</comp>

<comp id="89" class="1004" name="grp_access_fu_89">
<pin_list>
<pin id="90" dir="0" index="0" bw="15" slack="0"/>
<pin id="91" dir="0" index="1" bw="31" slack="2147483647"/>
<pin id="92" dir="0" index="2" bw="0" slack="2147483647"/>
<pin id="93" dir="1" index="3" bw="31" slack="0"/>
</pin_list>
<bind>
<opcode="load(27) " fcode="load"/>
<opset="buf_conv1_load/4 buf_conv1_load_1/8 "/>
</bind>
</comp>

<comp id="95" class="1004" name="output_addr_gep_fu_95">
<pin_list>
<pin id="96" dir="0" index="0" bw="32" slack="0"/>
<pin id="97" dir="0" index="1" bw="1" slack="0"/>
<pin id="98" dir="0" index="2" bw="14" slack="0"/>
<pin id="99" dir="1" index="3" bw="13" slack="0"/>
</pin_list>
<bind>
<opcode="getelementptr(29) " fcode="getelementptr"/>
<opset="output_addr/6 "/>
</bind>
</comp>

<comp id="102" class="1004" name="StgValue_88_access_fu_102">
<pin_list>
<pin id="103" dir="0" index="0" bw="13" slack="0"/>
<pin id="104" dir="0" index="1" bw="32" slack="0"/>
<pin id="105" dir="0" index="2" bw="0" slack="2147483647"/>
<pin id="106" dir="1" index="3" bw="32" slack="2147483647"/>
</pin_list>
<bind>
<opcode="store(28) " fcode="store"/>
<opset="StgValue_88/6 "/>
</bind>
</comp>

<comp id="108" class="1004" name="buf_conv1_addr_1_gep_fu_108">
<pin_list>
<pin id="109" dir="0" index="0" bw="31" slack="0"/>
<pin id="110" dir="0" index="1" bw="1" slack="0"/>
<pin id="111" dir="0" index="2" bw="16" slack="0"/>
<pin id="112" dir="1" index="3" bw="15" slack="0"/>
</pin_list>
<bind>
<opcode="getelementptr(29) " fcode="getelementptr"/>
<opset="buf_conv1_addr_1/8 "/>
</bind>
</comp>

<comp id="116" class="1005" name="ch_reg_116">
<pin_list>
<pin id="117" dir="0" index="0" bw="4" slack="1"/>
<pin id="118" dir="1" index="1" bw="4" slack="1"/>
</pin_list>
<bind>
<opset="ch (phireg) "/>
</bind>
</comp>

<comp id="120" class="1004" name="ch_phi_fu_120">
<pin_list>
<pin id="121" dir="0" index="0" bw="1" slack="1"/>
<pin id="122" dir="0" index="1" bw="0" slack="2147483647"/>
<pin id="123" dir="0" index="2" bw="4" slack="0"/>
<pin id="124" dir="0" index="3" bw="0" slack="2147483647"/>
<pin id="125" dir="1" index="4" bw="4" slack="0"/>
</pin_list>
<bind>
<opcode="phi(47) " fcode="phi"/>
<opset="ch/2 "/>
</bind>
</comp>

<comp id="128" class="1005" name="out_row_reg_128">
<pin_list>
<pin id="129" dir="0" index="0" bw="5" slack="1"/>
<pin id="130" dir="1" index="1" bw="5" slack="1"/>
</pin_list>
<bind>
<opset="out_row (phireg) "/>
</bind>
</comp>

<comp id="132" class="1004" name="out_row_phi_fu_132">
<pin_list>
<pin id="133" dir="0" index="0" bw="1" slack="1"/>
<pin id="134" dir="0" index="1" bw="0" slack="2147483647"/>
<pin id="135" dir="0" index="2" bw="5" slack="0"/>
<pin id="136" dir="0" index="3" bw="0" slack="2147483647"/>
<pin id="137" dir="1" index="4" bw="5" slack="0"/>
</pin_list>
<bind>
<opcode="phi(47) " fcode="phi"/>
<opset="out_row/3 "/>
</bind>
</comp>

<comp id="139" class="1005" name="out_col_reg_139">
<pin_list>
<pin id="140" dir="0" index="0" bw="5" slack="1"/>
<pin id="141" dir="1" index="1" bw="5" slack="1"/>
</pin_list>
<bind>
<opset="out_col (phireg) "/>
</bind>
</comp>

<comp id="143" class="1004" name="out_col_phi_fu_143">
<pin_list>
<pin id="144" dir="0" index="0" bw="1" slack="1"/>
<pin id="145" dir="0" index="1" bw="0" slack="2147483647"/>
<pin id="146" dir="0" index="2" bw="5" slack="0"/>
<pin id="147" dir="0" index="3" bw="0" slack="2147483647"/>
<pin id="148" dir="1" index="4" bw="5" slack="0"/>
</pin_list>
<bind>
<opcode="phi(47) " fcode="phi"/>
<opset="out_col/4 "/>
</bind>
</comp>

<comp id="151" class="1005" name="maxvalue4_reg_151">
<pin_list>
<pin id="152" dir="0" index="0" bw="32" slack="1"/>
<pin id="153" dir="1" index="1" bw="32" slack="1"/>
</pin_list>
<bind>
<opset="maxvalue4 (phireg) "/>
</bind>
</comp>

<comp id="154" class="1004" name="maxvalue4_phi_fu_154">
<pin_list>
<pin id="155" dir="0" index="0" bw="31" slack="1"/>
<pin id="156" dir="0" index="1" bw="0" slack="2147483647"/>
<pin id="157" dir="0" index="2" bw="32" slack="1"/>
<pin id="158" dir="0" index="3" bw="0" slack="2147483647"/>
<pin id="159" dir="1" index="4" bw="32" slack="0"/>
</pin_list>
<bind>
<opcode="phi(47) " fcode="phi"/>
<opset="maxvalue4/6 "/>
</bind>
</comp>

<comp id="162" class="1005" name="pool_row_reg_162">
<pin_list>
<pin id="163" dir="0" index="0" bw="2" slack="1"/>
<pin id="164" dir="1" index="1" bw="2" slack="1"/>
</pin_list>
<bind>
<opset="pool_row (phireg) "/>
</bind>
</comp>

<comp id="166" class="1004" name="pool_row_phi_fu_166">
<pin_list>
<pin id="167" dir="0" index="0" bw="1" slack="1"/>
<pin id="168" dir="0" index="1" bw="0" slack="2147483647"/>
<pin id="169" dir="0" index="2" bw="2" slack="0"/>
<pin id="170" dir="0" index="3" bw="0" slack="2147483647"/>
<pin id="171" dir="1" index="4" bw="2" slack="0"/>
</pin_list>
<bind>
<opcode="phi(47) " fcode="phi"/>
<opset="pool_row/6 "/>
</bind>
</comp>

<comp id="173" class="1005" name="maxvalue_1_reg_173">
<pin_list>
<pin id="174" dir="0" index="0" bw="32" slack="1"/>
<pin id="175" dir="1" index="1" bw="32" slack="1"/>
</pin_list>
<bind>
<opset="maxvalue_1 (phireg) "/>
</bind>
</comp>

<comp id="177" class="1004" name="maxvalue_1_phi_fu_177">
<pin_list>
<pin id="178" dir="0" index="0" bw="32" slack="1"/>
<pin id="179" dir="0" index="1" bw="0" slack="2147483647"/>
<pin id="180" dir="0" index="2" bw="32" slack="1"/>
<pin id="181" dir="0" index="3" bw="0" slack="2147483647"/>
<pin id="182" dir="1" index="4" bw="32" slack="1"/>
</pin_list>
<bind>
<opcode="phi(47) " fcode="phi"/>
<opset="maxvalue_1/7 "/>
</bind>
</comp>

<comp id="185" class="1005" name="pool_col_reg_185">
<pin_list>
<pin id="186" dir="0" index="0" bw="2" slack="1"/>
<pin id="187" dir="1" index="1" bw="2" slack="1"/>
</pin_list>
<bind>
<opset="pool_col (phireg) "/>
</bind>
</comp>

<comp id="189" class="1004" name="pool_col_phi_fu_189">
<pin_list>
<pin id="190" dir="0" index="0" bw="1" slack="1"/>
<pin id="191" dir="0" index="1" bw="0" slack="2147483647"/>
<pin id="192" dir="0" index="2" bw="2" slack="0"/>
<pin id="193" dir="0" index="3" bw="0" slack="2147483647"/>
<pin id="194" dir="1" index="4" bw="2" slack="0"/>
</pin_list>
<bind>
<opcode="phi(47) " fcode="phi"/>
<opset="pool_col/7 "/>
</bind>
</comp>

<comp id="196" class="1004" name="exitcond4_fu_196">
<pin_list>
<pin id="197" dir="0" index="0" bw="4" slack="0"/>
<pin id="198" dir="0" index="1" bw="4" slack="0"/>
<pin id="199" dir="1" index="2" bw="1" slack="2147483647"/>
</pin_list>
<bind>
<opcode="icmp(45) " fcode="icmp"/>
<opset="exitcond4/2 "/>
</bind>
</comp>

<comp id="202" class="1004" name="ch_2_fu_202">
<pin_list>
<pin id="203" dir="0" index="0" bw="4" slack="0"/>
<pin id="204" dir="0" index="1" bw="1" slack="0"/>
<pin id="205" dir="1" index="2" bw="4" slack="0"/>
</pin_list>
<bind>
<opcode="add(8) " fcode="add"/>
<opset="ch_2/2 "/>
</bind>
</comp>

<comp id="208" class="1004" name="tmp_cast5_fu_208">
<pin_list>
<pin id="209" dir="0" index="0" bw="4" slack="0"/>
<pin id="210" dir="1" index="1" bw="16" slack="5"/>
</pin_list>
<bind>
<opcode="zext(34) " fcode="zext"/>
<opset="tmp_cast5/2 "/>
</bind>
</comp>

<comp id="212" class="1004" name="tmp_cast_fu_212">
<pin_list>
<pin id="213" dir="0" index="0" bw="4" slack="0"/>
<pin id="214" dir="1" index="1" bw="14" slack="4"/>
</pin_list>
<bind>
<opcode="zext(34) " fcode="zext"/>
<opset="tmp_cast/2 "/>
</bind>
</comp>

<comp id="216" class="1004" name="exitcond3_fu_216">
<pin_list>
<pin id="217" dir="0" index="0" bw="5" slack="0"/>
<pin id="218" dir="0" index="1" bw="5" slack="0"/>
<pin id="219" dir="1" index="2" bw="1" slack="2147483647"/>
</pin_list>
<bind>
<opcode="icmp(45) " fcode="icmp"/>
<opset="exitcond3/3 "/>
</bind>
</comp>

<comp id="222" class="1004" name="out_row_2_fu_222">
<pin_list>
<pin id="223" dir="0" index="0" bw="5" slack="0"/>
<pin id="224" dir="0" index="1" bw="1" slack="0"/>
<pin id="225" dir="1" index="2" bw="5" slack="0"/>
</pin_list>
<bind>
<opcode="add(8) " fcode="add"/>
<opset="out_row_2/3 "/>
</bind>
</comp>

<comp id="228" class="1004" name="in_row_fu_228">
<pin_list>
<pin id="229" dir="0" index="0" bw="6" slack="0"/>
<pin id="230" dir="0" index="1" bw="5" slack="0"/>
<pin id="231" dir="0" index="2" bw="1" slack="0"/>
<pin id="232" dir="1" index="3" bw="6" slack="3"/>
</pin_list>
<bind>
<opcode="bitconcatenate(1004) " fcode="bitconcatenate"/>
<opset="in_row/3 "/>
</bind>
</comp>

<comp id="236" class="1004" name="tmp_22_fu_236">
<pin_list>
<pin id="237" dir="0" index="0" bw="12" slack="0"/>
<pin id="238" dir="0" index="1" bw="5" slack="0"/>
<pin id="239" dir="0" index="2" bw="1" slack="0"/>
<pin id="240" dir="1" index="3" bw="12" slack="0"/>
</pin_list>
<bind>
<opcode="bitconcatenate(1004) " fcode="bitconcatenate"/>
<opset="tmp_22/3 "/>
</bind>
</comp>

<comp id="244" class="1004" name="p_shl1_cast_fu_244">
<pin_list>
<pin id="245" dir="0" index="0" bw="12" slack="0"/>
<pin id="246" dir="1" index="1" bw="13" slack="0"/>
</pin_list>
<bind>
<opcode="zext(34) " fcode="zext"/>
<opset="p_shl1_cast/3 "/>
</bind>
</comp>

<comp id="248" class="1004" name="tmp_23_fu_248">
<pin_list>
<pin id="249" dir="0" index="0" bw="7" slack="0"/>
<pin id="250" dir="0" index="1" bw="5" slack="0"/>
<pin id="251" dir="0" index="2" bw="1" slack="0"/>
<pin id="252" dir="1" index="3" bw="7" slack="0"/>
</pin_list>
<bind>
<opcode="bitconcatenate(1004) " fcode="bitconcatenate"/>
<opset="tmp_23/3 "/>
</bind>
</comp>

<comp id="256" class="1004" name="p_shl2_cast_fu_256">
<pin_list>
<pin id="257" dir="0" index="0" bw="7" slack="0"/>
<pin id="258" dir="1" index="1" bw="13" slack="0"/>
</pin_list>
<bind>
<opcode="zext(34) " fcode="zext"/>
<opset="p_shl2_cast/3 "/>
</bind>
</comp>

<comp id="260" class="1004" name="tmp_24_fu_260">
<pin_list>
<pin id="261" dir="0" index="0" bw="12" slack="0"/>
<pin id="262" dir="0" index="1" bw="7" slack="0"/>
<pin id="263" dir="1" index="2" bw="13" slack="0"/>
</pin_list>
<bind>
<opcode="sub(10) " fcode="sub"/>
<opset="tmp_24/3 "/>
</bind>
</comp>

<comp id="266" class="1004" name="tmp_33_cast_fu_266">
<pin_list>
<pin id="267" dir="0" index="0" bw="13" slack="0"/>
<pin id="268" dir="1" index="1" bw="14" slack="1"/>
</pin_list>
<bind>
<opcode="sext(35) " fcode="sext"/>
<opset="tmp_33_cast/3 "/>
</bind>
</comp>

<comp id="270" class="1004" name="tmp_5_cast_fu_270">
<pin_list>
<pin id="271" dir="0" index="0" bw="5" slack="0"/>
<pin id="272" dir="1" index="1" bw="11" slack="0"/>
</pin_list>
<bind>
<opcode="zext(34) " fcode="zext"/>
<opset="tmp_5_cast/3 "/>
</bind>
</comp>

<comp id="274" class="1004" name="tmp_25_fu_274">
<pin_list>
<pin id="275" dir="0" index="0" bw="10" slack="0"/>
<pin id="276" dir="0" index="1" bw="5" slack="0"/>
<pin id="277" dir="0" index="2" bw="1" slack="0"/>
<pin id="278" dir="1" index="3" bw="10" slack="0"/>
</pin_list>
<bind>
<opcode="bitconcatenate(1004) " fcode="bitconcatenate"/>
<opset="tmp_25/3 "/>
</bind>
</comp>

<comp id="282" class="1004" name="p_shl_cast_fu_282">
<pin_list>
<pin id="283" dir="0" index="0" bw="10" slack="0"/>
<pin id="284" dir="1" index="1" bw="11" slack="0"/>
</pin_list>
<bind>
<opcode="zext(34) " fcode="zext"/>
<opset="p_shl_cast/3 "/>
</bind>
</comp>

<comp id="286" class="1004" name="tmp_26_fu_286">
<pin_list>
<pin id="287" dir="0" index="0" bw="10" slack="0"/>
<pin id="288" dir="0" index="1" bw="5" slack="0"/>
<pin id="289" dir="1" index="2" bw="11" slack="3"/>
</pin_list>
<bind>
<opcode="sub(10) " fcode="sub"/>
<opset="tmp_26/3 "/>
</bind>
</comp>

<comp id="292" class="1004" name="exitcond2_fu_292">
<pin_list>
<pin id="293" dir="0" index="0" bw="5" slack="0"/>
<pin id="294" dir="0" index="1" bw="5" slack="0"/>
<pin id="295" dir="1" index="2" bw="1" slack="2147483647"/>
</pin_list>
<bind>
<opcode="icmp(45) " fcode="icmp"/>
<opset="exitcond2/4 "/>
</bind>
</comp>

<comp id="298" class="1004" name="out_col_2_fu_298">
<pin_list>
<pin id="299" dir="0" index="0" bw="5" slack="0"/>
<pin id="300" dir="0" index="1" bw="1" slack="0"/>
<pin id="301" dir="1" index="2" bw="5" slack="0"/>
</pin_list>
<bind>
<opcode="add(8) " fcode="add"/>
<opset="out_col_2/4 "/>
</bind>
</comp>

<comp id="304" class="1004" name="in_col_fu_304">
<pin_list>
<pin id="305" dir="0" index="0" bw="6" slack="0"/>
<pin id="306" dir="0" index="1" bw="5" slack="0"/>
<pin id="307" dir="0" index="2" bw="1" slack="0"/>
<pin id="308" dir="1" index="3" bw="6" slack="0"/>
</pin_list>
<bind>
<opcode="bitconcatenate(1004) " fcode="bitconcatenate"/>
<opset="in_col/4 "/>
</bind>
</comp>

<comp id="312" class="1004" name="tmp_6_cast_fu_312">
<pin_list>
<pin id="313" dir="0" index="0" bw="6" slack="0"/>
<pin id="314" dir="1" index="1" bw="14" slack="0"/>
</pin_list>
<bind>
<opcode="zext(34) " fcode="zext"/>
<opset="tmp_6_cast/4 "/>
</bind>
</comp>

<comp id="316" class="1004" name="tmp_27_fu_316">
<pin_list>
<pin id="317" dir="0" index="0" bw="13" slack="1"/>
<pin id="318" dir="0" index="1" bw="6" slack="0"/>
<pin id="319" dir="1" index="2" bw="14" slack="0"/>
</pin_list>
<bind>
<opcode="add(8) " fcode="add"/>
<opset="tmp_27/4 "/>
</bind>
</comp>

<comp id="321" class="1004" name="tmp_fu_321">
<pin_list>
<pin id="322" dir="0" index="0" bw="14" slack="0"/>
<pin id="323" dir="1" index="1" bw="1" slack="0"/>
</pin_list>
<bind>
<opcode="trunc(33) " fcode="trunc"/>
<opset="tmp/4 "/>
</bind>
</comp>

<comp id="325" class="1004" name="tmp_28_fu_325">
<pin_list>
<pin id="326" dir="0" index="0" bw="4" slack="0"/>
<pin id="327" dir="0" index="1" bw="1" slack="0"/>
<pin id="328" dir="0" index="2" bw="1" slack="0"/>
<pin id="329" dir="1" index="3" bw="4" slack="0"/>
</pin_list>
<bind>
<opcode="bitconcatenate(1004) " fcode="bitconcatenate"/>
<opset="tmp_28/4 "/>
</bind>
</comp>

<comp id="333" class="1004" name="tmp_29_fu_333">
<pin_list>
<pin id="334" dir="0" index="0" bw="4" slack="0"/>
<pin id="335" dir="0" index="1" bw="4" slack="2"/>
<pin id="336" dir="1" index="2" bw="4" slack="0"/>
</pin_list>
<bind>
<opcode="or(24) " fcode="or"/>
<opset="tmp_29/4 "/>
</bind>
</comp>

<comp id="339" class="1004" name="tmp_21_fu_339">
<pin_list>
<pin id="340" dir="0" index="0" bw="13" slack="0"/>
<pin id="341" dir="0" index="1" bw="14" slack="0"/>
<pin id="342" dir="0" index="2" bw="1" slack="0"/>
<pin id="343" dir="0" index="3" bw="5" slack="0"/>
<pin id="344" dir="1" index="4" bw="13" slack="0"/>
</pin_list>
<bind>
<opcode="partselect(1002) " fcode="partselect"/>
<opset="tmp_21/4 "/>
</bind>
</comp>

<comp id="349" class="1004" name="tmp_30_fu_349">
<pin_list>
<pin id="350" dir="0" index="0" bw="17" slack="0"/>
<pin id="351" dir="0" index="1" bw="13" slack="0"/>
<pin id="352" dir="0" index="2" bw="4" slack="0"/>
<pin id="353" dir="1" index="3" bw="17" slack="0"/>
</pin_list>
<bind>
<opcode="bitconcatenate(1004) " fcode="bitconcatenate"/>
<opset="tmp_30/4 "/>
</bind>
</comp>

<comp id="357" class="1004" name="tmp_31_fu_357">
<pin_list>
<pin id="358" dir="0" index="0" bw="17" slack="0"/>
<pin id="359" dir="1" index="1" bw="64" slack="0"/>
</pin_list>
<bind>
<opcode="sext(35) " fcode="sext"/>
<opset="tmp_31/4 "/>
</bind>
</comp>

<comp id="362" class="1004" name="maxvalue_fu_362">
<pin_list>
<pin id="363" dir="0" index="0" bw="31" slack="0"/>
<pin id="364" dir="1" index="1" bw="32" slack="1"/>
</pin_list>
<bind>
<opcode="zext(34) " fcode="zext"/>
<opset="maxvalue/5 "/>
</bind>
</comp>

<comp id="366" class="1004" name="pool_row_cast2_fu_366">
<pin_list>
<pin id="367" dir="0" index="0" bw="2" slack="0"/>
<pin id="368" dir="1" index="1" bw="6" slack="0"/>
</pin_list>
<bind>
<opcode="zext(34) " fcode="zext"/>
<opset="pool_row_cast2/6 "/>
</bind>
</comp>

<comp id="370" class="1004" name="exitcond1_fu_370">
<pin_list>
<pin id="371" dir="0" index="0" bw="2" slack="0"/>
<pin id="372" dir="0" index="1" bw="2" slack="0"/>
<pin id="373" dir="1" index="2" bw="1" slack="2147483647"/>
</pin_list>
<bind>
<opcode="icmp(45) " fcode="icmp"/>
<opset="exitcond1/6 "/>
</bind>
</comp>

<comp id="376" class="1004" name="pool_row_2_fu_376">
<pin_list>
<pin id="377" dir="0" index="0" bw="2" slack="0"/>
<pin id="378" dir="0" index="1" bw="1" slack="0"/>
<pin id="379" dir="1" index="2" bw="2" slack="0"/>
</pin_list>
<bind>
<opcode="add(8) " fcode="add"/>
<opset="pool_row_2/6 "/>
</bind>
</comp>

<comp id="382" class="1004" name="tmp_8_fu_382">
<pin_list>
<pin id="383" dir="0" index="0" bw="2" slack="0"/>
<pin id="384" dir="0" index="1" bw="6" slack="3"/>
<pin id="385" dir="1" index="2" bw="6" slack="0"/>
</pin_list>
<bind>
<opcode="add(8) " fcode="add"/>
<opset="tmp_8/6 "/>
</bind>
</comp>

<comp id="387" class="1004" name="tmp_34_fu_387">
<pin_list>
<pin id="388" dir="0" index="0" bw="12" slack="0"/>
<pin id="389" dir="0" index="1" bw="6" slack="0"/>
<pin id="390" dir="0" index="2" bw="1" slack="0"/>
<pin id="391" dir="1" index="3" bw="12" slack="0"/>
</pin_list>
<bind>
<opcode="bitconcatenate(1004) " fcode="bitconcatenate"/>
<opset="tmp_34/6 "/>
</bind>
</comp>

<comp id="395" class="1004" name="p_shl3_cast_fu_395">
<pin_list>
<pin id="396" dir="0" index="0" bw="12" slack="0"/>
<pin id="397" dir="1" index="1" bw="13" slack="0"/>
</pin_list>
<bind>
<opcode="zext(34) " fcode="zext"/>
<opset="p_shl3_cast/6 "/>
</bind>
</comp>

<comp id="399" class="1004" name="tmp_35_fu_399">
<pin_list>
<pin id="400" dir="0" index="0" bw="7" slack="0"/>
<pin id="401" dir="0" index="1" bw="6" slack="0"/>
<pin id="402" dir="0" index="2" bw="1" slack="0"/>
<pin id="403" dir="1" index="3" bw="7" slack="0"/>
</pin_list>
<bind>
<opcode="bitconcatenate(1004) " fcode="bitconcatenate"/>
<opset="tmp_35/6 "/>
</bind>
</comp>

<comp id="407" class="1004" name="p_shl4_cast_fu_407">
<pin_list>
<pin id="408" dir="0" index="0" bw="7" slack="0"/>
<pin id="409" dir="1" index="1" bw="13" slack="0"/>
</pin_list>
<bind>
<opcode="zext(34) " fcode="zext"/>
<opset="p_shl4_cast/6 "/>
</bind>
</comp>

<comp id="411" class="1004" name="tmp_36_fu_411">
<pin_list>
<pin id="412" dir="0" index="0" bw="12" slack="0"/>
<pin id="413" dir="0" index="1" bw="7" slack="0"/>
<pin id="414" dir="1" index="2" bw="13" slack="1"/>
</pin_list>
<bind>
<opcode="sub(10) " fcode="sub"/>
<opset="tmp_36/6 "/>
</bind>
</comp>

<comp id="417" class="1004" name="tmp_7_cast_fu_417">
<pin_list>
<pin id="418" dir="0" index="0" bw="5" slack="2"/>
<pin id="419" dir="1" index="1" bw="11" slack="0"/>
</pin_list>
<bind>
<opcode="zext(34) " fcode="zext"/>
<opset="tmp_7_cast/6 "/>
</bind>
</comp>

<comp id="421" class="1004" name="tmp_32_fu_421">
<pin_list>
<pin id="422" dir="0" index="0" bw="5" slack="0"/>
<pin id="423" dir="0" index="1" bw="11" slack="3"/>
<pin id="424" dir="1" index="2" bw="11" slack="0"/>
</pin_list>
<bind>
<opcode="add(8) " fcode="add"/>
<opset="tmp_32/6 "/>
</bind>
</comp>

<comp id="426" class="1004" name="tmp_44_cast_fu_426">
<pin_list>
<pin id="427" dir="0" index="0" bw="14" slack="0"/>
<pin id="428" dir="0" index="1" bw="11" slack="0"/>
<pin id="429" dir="0" index="2" bw="1" slack="0"/>
<pin id="430" dir="1" index="3" bw="14" slack="0"/>
</pin_list>
<bind>
<opcode="bitconcatenate(1004) " fcode="bitconcatenate"/>
<opset="tmp_44_cast/6 "/>
</bind>
</comp>

<comp id="434" class="1004" name="tmp_33_fu_434">
<pin_list>
<pin id="435" dir="0" index="0" bw="4" slack="4"/>
<pin id="436" dir="0" index="1" bw="14" slack="0"/>
<pin id="437" dir="1" index="2" bw="14" slack="0"/>
</pin_list>
<bind>
<opcode="add(8) " fcode="add"/>
<opset="tmp_33/6 "/>
</bind>
</comp>

<comp id="439" class="1004" name="tmp_45_cast_fu_439">
<pin_list>
<pin id="440" dir="0" index="0" bw="14" slack="0"/>
<pin id="441" dir="1" index="1" bw="64" slack="0"/>
</pin_list>
<bind>
<opcode="zext(34) " fcode="zext"/>
<opset="tmp_45_cast/6 "/>
</bind>
</comp>

<comp id="444" class="1004" name="pool_col_cast1_fu_444">
<pin_list>
<pin id="445" dir="0" index="0" bw="2" slack="0"/>
<pin id="446" dir="1" index="1" bw="6" slack="0"/>
</pin_list>
<bind>
<opcode="zext(34) " fcode="zext"/>
<opset="pool_col_cast1/7 "/>
</bind>
</comp>

<comp id="448" class="1004" name="exitcond_fu_448">
<pin_list>
<pin id="449" dir="0" index="0" bw="2" slack="0"/>
<pin id="450" dir="0" index="1" bw="2" slack="0"/>
<pin id="451" dir="1" index="2" bw="1" slack="2147483647"/>
</pin_list>
<bind>
<opcode="icmp(45) " fcode="icmp"/>
<opset="exitcond/7 "/>
</bind>
</comp>

<comp id="454" class="1004" name="pool_col_2_fu_454">
<pin_list>
<pin id="455" dir="0" index="0" bw="2" slack="0"/>
<pin id="456" dir="0" index="1" bw="1" slack="0"/>
<pin id="457" dir="1" index="2" bw="2" slack="0"/>
</pin_list>
<bind>
<opcode="add(8) " fcode="add"/>
<opset="pool_col_2/7 "/>
</bind>
</comp>

<comp id="460" class="1004" name="tmp_1_fu_460">
<pin_list>
<pin id="461" dir="0" index="0" bw="6" slack="3"/>
<pin id="462" dir="0" index="1" bw="2" slack="0"/>
<pin id="463" dir="1" index="2" bw="6" slack="0"/>
</pin_list>
<bind>
<opcode="add(8) " fcode="add"/>
<opset="tmp_1/7 "/>
</bind>
</comp>

<comp id="465" class="1004" name="tmp_2_cast_fu_465">
<pin_list>
<pin id="466" dir="0" index="0" bw="6" slack="0"/>
<pin id="467" dir="1" index="1" bw="13" slack="0"/>
</pin_list>
<bind>
<opcode="zext(34) " fcode="zext"/>
<opset="tmp_2_cast/7 "/>
</bind>
</comp>

<comp id="469" class="1004" name="tmp_37_fu_469">
<pin_list>
<pin id="470" dir="0" index="0" bw="6" slack="0"/>
<pin id="471" dir="0" index="1" bw="13" slack="1"/>
<pin id="472" dir="1" index="2" bw="13" slack="0"/>
</pin_list>
<bind>
<opcode="add(8) " fcode="add"/>
<opset="tmp_37/7 "/>
</bind>
</comp>

<comp id="474" class="1004" name="tmp_51_cast_fu_474">
<pin_list>
<pin id="475" dir="0" index="0" bw="16" slack="0"/>
<pin id="476" dir="0" index="1" bw="13" slack="0"/>
<pin id="477" dir="0" index="2" bw="1" slack="0"/>
<pin id="478" dir="1" index="3" bw="16" slack="0"/>
</pin_list>
<bind>
<opcode="bitconcatenate(1004) " fcode="bitconcatenate"/>
<opset="tmp_51_cast/7 "/>
</bind>
</comp>

<comp id="482" class="1004" name="tmp_38_fu_482">
<pin_list>
<pin id="483" dir="0" index="0" bw="4" slack="5"/>
<pin id="484" dir="0" index="1" bw="16" slack="0"/>
<pin id="485" dir="1" index="2" bw="16" slack="1"/>
</pin_list>
<bind>
<opcode="add(8) " fcode="add"/>
<opset="tmp_38/7 "/>
</bind>
</comp>

<comp id="487" class="1004" name="tmp_52_cast_fu_487">
<pin_list>
<pin id="488" dir="0" index="0" bw="16" slack="1"/>
<pin id="489" dir="1" index="1" bw="64" slack="0"/>
</pin_list>
<bind>
<opcode="zext(34) " fcode="zext"/>
<opset="tmp_52_cast/8 "/>
</bind>
</comp>

<comp id="491" class="1004" name="maxvalue_5_fu_491">
<pin_list>
<pin id="492" dir="0" index="0" bw="31" slack="0"/>
<pin id="493" dir="1" index="1" bw="32" slack="0"/>
</pin_list>
<bind>
<opcode="zext(34) " fcode="zext"/>
<opset="maxvalue_5/9 "/>
</bind>
</comp>

<comp id="495" class="1004" name="tmp_3_fu_495">
<pin_list>
<pin id="496" dir="0" index="0" bw="32" slack="0"/>
<pin id="497" dir="0" index="1" bw="32" slack="2"/>
<pin id="498" dir="1" index="2" bw="1" slack="0"/>
</pin_list>
<bind>
<opcode="icmp(45) " fcode="icmp"/>
<opset="tmp_3/9 "/>
</bind>
</comp>

<comp id="501" class="1004" name="value_0_maxvalue_1_fu_501">
<pin_list>
<pin id="502" dir="0" index="0" bw="1" slack="0"/>
<pin id="503" dir="0" index="1" bw="32" slack="0"/>
<pin id="504" dir="0" index="2" bw="32" slack="2"/>
<pin id="505" dir="1" index="3" bw="32" slack="1"/>
</pin_list>
<bind>
<opcode="select(49) " fcode="select"/>
<opset="value_0_maxvalue_1/9 "/>
</bind>
</comp>

<comp id="512" class="1005" name="ch_2_reg_512">
<pin_list>
<pin id="513" dir="0" index="0" bw="4" slack="0"/>
<pin id="514" dir="1" index="1" bw="4" slack="0"/>
</pin_list>
<bind>
<opset="ch_2 "/>
</bind>
</comp>

<comp id="517" class="1005" name="tmp_cast5_reg_517">
<pin_list>
<pin id="518" dir="0" index="0" bw="16" slack="5"/>
<pin id="519" dir="1" index="1" bw="16" slack="5"/>
</pin_list>
<bind>
<opset="tmp_cast5 "/>
</bind>
</comp>

<comp id="522" class="1005" name="tmp_cast_reg_522">
<pin_list>
<pin id="523" dir="0" index="0" bw="14" slack="4"/>
<pin id="524" dir="1" index="1" bw="14" slack="4"/>
</pin_list>
<bind>
<opset="tmp_cast "/>
</bind>
</comp>

<comp id="530" class="1005" name="out_row_2_reg_530">
<pin_list>
<pin id="531" dir="0" index="0" bw="5" slack="0"/>
<pin id="532" dir="1" index="1" bw="5" slack="0"/>
</pin_list>
<bind>
<opset="out_row_2 "/>
</bind>
</comp>

<comp id="535" class="1005" name="in_row_reg_535">
<pin_list>
<pin id="536" dir="0" index="0" bw="6" slack="3"/>
<pin id="537" dir="1" index="1" bw="6" slack="3"/>
</pin_list>
<bind>
<opset="in_row "/>
</bind>
</comp>

<comp id="540" class="1005" name="tmp_33_cast_reg_540">
<pin_list>
<pin id="541" dir="0" index="0" bw="14" slack="1"/>
<pin id="542" dir="1" index="1" bw="14" slack="1"/>
</pin_list>
<bind>
<opset="tmp_33_cast "/>
</bind>
</comp>

<comp id="545" class="1005" name="tmp_26_reg_545">
<pin_list>
<pin id="546" dir="0" index="0" bw="11" slack="3"/>
<pin id="547" dir="1" index="1" bw="11" slack="3"/>
</pin_list>
<bind>
<opset="tmp_26 "/>
</bind>
</comp>

<comp id="553" class="1005" name="out_col_2_reg_553">
<pin_list>
<pin id="554" dir="0" index="0" bw="5" slack="0"/>
<pin id="555" dir="1" index="1" bw="5" slack="0"/>
</pin_list>
<bind>
<opset="out_col_2 "/>
</bind>
</comp>

<comp id="558" class="1005" name="in_col_reg_558">
<pin_list>
<pin id="559" dir="0" index="0" bw="6" slack="3"/>
<pin id="560" dir="1" index="1" bw="6" slack="3"/>
</pin_list>
<bind>
<opset="in_col "/>
</bind>
</comp>

<comp id="563" class="1005" name="buf_conv1_addr_reg_563">
<pin_list>
<pin id="564" dir="0" index="0" bw="15" slack="1"/>
<pin id="565" dir="1" index="1" bw="15" slack="1"/>
</pin_list>
<bind>
<opset="buf_conv1_addr "/>
</bind>
</comp>

<comp id="568" class="1005" name="maxvalue_reg_568">
<pin_list>
<pin id="569" dir="0" index="0" bw="32" slack="1"/>
<pin id="570" dir="1" index="1" bw="32" slack="1"/>
</pin_list>
<bind>
<opset="maxvalue "/>
</bind>
</comp>

<comp id="576" class="1005" name="pool_row_2_reg_576">
<pin_list>
<pin id="577" dir="0" index="0" bw="2" slack="0"/>
<pin id="578" dir="1" index="1" bw="2" slack="0"/>
</pin_list>
<bind>
<opset="pool_row_2 "/>
</bind>
</comp>

<comp id="581" class="1005" name="tmp_36_reg_581">
<pin_list>
<pin id="582" dir="0" index="0" bw="13" slack="1"/>
<pin id="583" dir="1" index="1" bw="13" slack="1"/>
</pin_list>
<bind>
<opset="tmp_36 "/>
</bind>
</comp>

<comp id="589" class="1005" name="pool_col_2_reg_589">
<pin_list>
<pin id="590" dir="0" index="0" bw="2" slack="0"/>
<pin id="591" dir="1" index="1" bw="2" slack="0"/>
</pin_list>
<bind>
<opset="pool_col_2 "/>
</bind>
</comp>

<comp id="594" class="1005" name="tmp_38_reg_594">
<pin_list>
<pin id="595" dir="0" index="0" bw="16" slack="1"/>
<pin id="596" dir="1" index="1" bw="16" slack="1"/>
</pin_list>
<bind>
<opset="tmp_38 "/>
</bind>
</comp>

<comp id="599" class="1005" name="buf_conv1_addr_1_reg_599">
<pin_list>
<pin id="600" dir="0" index="0" bw="15" slack="1"/>
<pin id="601" dir="1" index="1" bw="15" slack="1"/>
</pin_list>
<bind>
<opset="buf_conv1_addr_1 "/>
</bind>
</comp>

<comp id="604" class="1005" name="value_0_maxvalue_1_reg_604">
<pin_list>
<pin id="605" dir="0" index="0" bw="32" slack="1"/>
<pin id="606" dir="1" index="1" bw="32" slack="1"/>
</pin_list>
<bind>
<opset="value_0_maxvalue_1 "/>
</bind>
</comp>

</comp_list>

<net_list>
<net id="87"><net_src comp="2" pin="0"/><net_sink comp="82" pin=0"/></net>

<net id="88"><net_src comp="58" pin="0"/><net_sink comp="82" pin=1"/></net>

<net id="94"><net_src comp="82" pin="3"/><net_sink comp="89" pin=0"/></net>

<net id="100"><net_src comp="0" pin="0"/><net_sink comp="95" pin=0"/></net>

<net id="101"><net_src comp="58" pin="0"/><net_sink comp="95" pin=1"/></net>

<net id="107"><net_src comp="95" pin="3"/><net_sink comp="102" pin=0"/></net>

<net id="113"><net_src comp="2" pin="0"/><net_sink comp="108" pin=0"/></net>

<net id="114"><net_src comp="58" pin="0"/><net_sink comp="108" pin=1"/></net>

<net id="115"><net_src comp="108" pin="3"/><net_sink comp="89" pin=0"/></net>

<net id="119"><net_src comp="4" pin="0"/><net_sink comp="116" pin=0"/></net>

<net id="126"><net_src comp="116" pin="1"/><net_sink comp="120" pin=0"/></net>

<net id="127"><net_src comp="120" pin="4"/><net_sink comp="116" pin=0"/></net>

<net id="131"><net_src comp="20" pin="0"/><net_sink comp="128" pin=0"/></net>

<net id="138"><net_src comp="128" pin="1"/><net_sink comp="132" pin=0"/></net>

<net id="142"><net_src comp="20" pin="0"/><net_sink comp="139" pin=0"/></net>

<net id="149"><net_src comp="139" pin="1"/><net_sink comp="143" pin=0"/></net>

<net id="150"><net_src comp="143" pin="4"/><net_sink comp="139" pin=0"/></net>

<net id="160"><net_src comp="154" pin="4"/><net_sink comp="102" pin=1"/></net>

<net id="161"><net_src comp="154" pin="4"/><net_sink comp="151" pin=0"/></net>

<net id="165"><net_src comp="40" pin="0"/><net_sink comp="162" pin=0"/></net>

<net id="172"><net_src comp="162" pin="1"/><net_sink comp="166" pin=0"/></net>

<net id="176"><net_src comp="173" pin="1"/><net_sink comp="154" pin=2"/></net>

<net id="183"><net_src comp="151" pin="1"/><net_sink comp="177" pin=0"/></net>

<net id="184"><net_src comp="177" pin="4"/><net_sink comp="173" pin=0"/></net>

<net id="188"><net_src comp="40" pin="0"/><net_sink comp="185" pin=0"/></net>

<net id="195"><net_src comp="185" pin="1"/><net_sink comp="189" pin=0"/></net>

<net id="200"><net_src comp="120" pin="4"/><net_sink comp="196" pin=0"/></net>

<net id="201"><net_src comp="6" pin="0"/><net_sink comp="196" pin=1"/></net>

<net id="206"><net_src comp="120" pin="4"/><net_sink comp="202" pin=0"/></net>

<net id="207"><net_src comp="12" pin="0"/><net_sink comp="202" pin=1"/></net>

<net id="211"><net_src comp="120" pin="4"/><net_sink comp="208" pin=0"/></net>

<net id="215"><net_src comp="120" pin="4"/><net_sink comp="212" pin=0"/></net>

<net id="220"><net_src comp="132" pin="4"/><net_sink comp="216" pin=0"/></net>

<net id="221"><net_src comp="22" pin="0"/><net_sink comp="216" pin=1"/></net>

<net id="226"><net_src comp="132" pin="4"/><net_sink comp="222" pin=0"/></net>

<net id="227"><net_src comp="26" pin="0"/><net_sink comp="222" pin=1"/></net>

<net id="233"><net_src comp="30" pin="0"/><net_sink comp="228" pin=0"/></net>

<net id="234"><net_src comp="132" pin="4"/><net_sink comp="228" pin=1"/></net>

<net id="235"><net_src comp="32" pin="0"/><net_sink comp="228" pin=2"/></net>

<net id="241"><net_src comp="34" pin="0"/><net_sink comp="236" pin=0"/></net>

<net id="242"><net_src comp="132" pin="4"/><net_sink comp="236" pin=1"/></net>

<net id="243"><net_src comp="36" pin="0"/><net_sink comp="236" pin=2"/></net>

<net id="247"><net_src comp="236" pin="3"/><net_sink comp="244" pin=0"/></net>

<net id="253"><net_src comp="38" pin="0"/><net_sink comp="248" pin=0"/></net>

<net id="254"><net_src comp="132" pin="4"/><net_sink comp="248" pin=1"/></net>

<net id="255"><net_src comp="40" pin="0"/><net_sink comp="248" pin=2"/></net>

<net id="259"><net_src comp="248" pin="3"/><net_sink comp="256" pin=0"/></net>

<net id="264"><net_src comp="244" pin="1"/><net_sink comp="260" pin=0"/></net>

<net id="265"><net_src comp="256" pin="1"/><net_sink comp="260" pin=1"/></net>

<net id="269"><net_src comp="260" pin="2"/><net_sink comp="266" pin=0"/></net>

<net id="273"><net_src comp="132" pin="4"/><net_sink comp="270" pin=0"/></net>

<net id="279"><net_src comp="42" pin="0"/><net_sink comp="274" pin=0"/></net>

<net id="280"><net_src comp="132" pin="4"/><net_sink comp="274" pin=1"/></net>

<net id="281"><net_src comp="20" pin="0"/><net_sink comp="274" pin=2"/></net>

<net id="285"><net_src comp="274" pin="3"/><net_sink comp="282" pin=0"/></net>

<net id="290"><net_src comp="282" pin="1"/><net_sink comp="286" pin=0"/></net>

<net id="291"><net_src comp="270" pin="1"/><net_sink comp="286" pin=1"/></net>

<net id="296"><net_src comp="143" pin="4"/><net_sink comp="292" pin=0"/></net>

<net id="297"><net_src comp="22" pin="0"/><net_sink comp="292" pin=1"/></net>

<net id="302"><net_src comp="143" pin="4"/><net_sink comp="298" pin=0"/></net>

<net id="303"><net_src comp="26" pin="0"/><net_sink comp="298" pin=1"/></net>

<net id="309"><net_src comp="30" pin="0"/><net_sink comp="304" pin=0"/></net>

<net id="310"><net_src comp="143" pin="4"/><net_sink comp="304" pin=1"/></net>

<net id="311"><net_src comp="32" pin="0"/><net_sink comp="304" pin=2"/></net>

<net id="315"><net_src comp="304" pin="3"/><net_sink comp="312" pin=0"/></net>

<net id="320"><net_src comp="312" pin="1"/><net_sink comp="316" pin=1"/></net>

<net id="324"><net_src comp="316" pin="2"/><net_sink comp="321" pin=0"/></net>

<net id="330"><net_src comp="46" pin="0"/><net_sink comp="325" pin=0"/></net>

<net id="331"><net_src comp="321" pin="1"/><net_sink comp="325" pin=1"/></net>

<net id="332"><net_src comp="48" pin="0"/><net_sink comp="325" pin=2"/></net>

<net id="337"><net_src comp="325" pin="3"/><net_sink comp="333" pin=0"/></net>

<net id="338"><net_src comp="116" pin="1"/><net_sink comp="333" pin=1"/></net>

<net id="345"><net_src comp="50" pin="0"/><net_sink comp="339" pin=0"/></net>

<net id="346"><net_src comp="316" pin="2"/><net_sink comp="339" pin=1"/></net>

<net id="347"><net_src comp="52" pin="0"/><net_sink comp="339" pin=2"/></net>

<net id="348"><net_src comp="54" pin="0"/><net_sink comp="339" pin=3"/></net>

<net id="354"><net_src comp="56" pin="0"/><net_sink comp="349" pin=0"/></net>

<net id="355"><net_src comp="339" pin="4"/><net_sink comp="349" pin=1"/></net>

<net id="356"><net_src comp="333" pin="2"/><net_sink comp="349" pin=2"/></net>

<net id="360"><net_src comp="349" pin="3"/><net_sink comp="357" pin=0"/></net>

<net id="361"><net_src comp="357" pin="1"/><net_sink comp="82" pin=2"/></net>

<net id="365"><net_src comp="89" pin="3"/><net_sink comp="362" pin=0"/></net>

<net id="369"><net_src comp="166" pin="4"/><net_sink comp="366" pin=0"/></net>

<net id="374"><net_src comp="166" pin="4"/><net_sink comp="370" pin=0"/></net>

<net id="375"><net_src comp="62" pin="0"/><net_sink comp="370" pin=1"/></net>

<net id="380"><net_src comp="166" pin="4"/><net_sink comp="376" pin=0"/></net>

<net id="381"><net_src comp="66" pin="0"/><net_sink comp="376" pin=1"/></net>

<net id="386"><net_src comp="366" pin="1"/><net_sink comp="382" pin=0"/></net>

<net id="392"><net_src comp="70" pin="0"/><net_sink comp="387" pin=0"/></net>

<net id="393"><net_src comp="382" pin="2"/><net_sink comp="387" pin=1"/></net>

<net id="394"><net_src comp="72" pin="0"/><net_sink comp="387" pin=2"/></net>

<net id="398"><net_src comp="387" pin="3"/><net_sink comp="395" pin=0"/></net>

<net id="404"><net_src comp="74" pin="0"/><net_sink comp="399" pin=0"/></net>

<net id="405"><net_src comp="382" pin="2"/><net_sink comp="399" pin=1"/></net>

<net id="406"><net_src comp="32" pin="0"/><net_sink comp="399" pin=2"/></net>

<net id="410"><net_src comp="399" pin="3"/><net_sink comp="407" pin=0"/></net>

<net id="415"><net_src comp="395" pin="1"/><net_sink comp="411" pin=0"/></net>

<net id="416"><net_src comp="407" pin="1"/><net_sink comp="411" pin=1"/></net>

<net id="420"><net_src comp="139" pin="1"/><net_sink comp="417" pin=0"/></net>

<net id="425"><net_src comp="417" pin="1"/><net_sink comp="421" pin=0"/></net>

<net id="431"><net_src comp="76" pin="0"/><net_sink comp="426" pin=0"/></net>

<net id="432"><net_src comp="421" pin="2"/><net_sink comp="426" pin=1"/></net>

<net id="433"><net_src comp="48" pin="0"/><net_sink comp="426" pin=2"/></net>

<net id="438"><net_src comp="426" pin="3"/><net_sink comp="434" pin=1"/></net>

<net id="442"><net_src comp="434" pin="2"/><net_sink comp="439" pin=0"/></net>

<net id="443"><net_src comp="439" pin="1"/><net_sink comp="95" pin=2"/></net>

<net id="447"><net_src comp="189" pin="4"/><net_sink comp="444" pin=0"/></net>

<net id="452"><net_src comp="189" pin="4"/><net_sink comp="448" pin=0"/></net>

<net id="453"><net_src comp="62" pin="0"/><net_sink comp="448" pin=1"/></net>

<net id="458"><net_src comp="189" pin="4"/><net_sink comp="454" pin=0"/></net>

<net id="459"><net_src comp="66" pin="0"/><net_sink comp="454" pin=1"/></net>

<net id="464"><net_src comp="444" pin="1"/><net_sink comp="460" pin=1"/></net>

<net id="468"><net_src comp="460" pin="2"/><net_sink comp="465" pin=0"/></net>

<net id="473"><net_src comp="465" pin="1"/><net_sink comp="469" pin=0"/></net>

<net id="479"><net_src comp="78" pin="0"/><net_sink comp="474" pin=0"/></net>

<net id="480"><net_src comp="469" pin="2"/><net_sink comp="474" pin=1"/></net>

<net id="481"><net_src comp="48" pin="0"/><net_sink comp="474" pin=2"/></net>

<net id="486"><net_src comp="474" pin="3"/><net_sink comp="482" pin=1"/></net>

<net id="490"><net_src comp="487" pin="1"/><net_sink comp="108" pin=2"/></net>

<net id="494"><net_src comp="89" pin="3"/><net_sink comp="491" pin=0"/></net>

<net id="499"><net_src comp="491" pin="1"/><net_sink comp="495" pin=0"/></net>

<net id="500"><net_src comp="173" pin="1"/><net_sink comp="495" pin=1"/></net>

<net id="506"><net_src comp="495" pin="2"/><net_sink comp="501" pin=0"/></net>

<net id="507"><net_src comp="491" pin="1"/><net_sink comp="501" pin=1"/></net>

<net id="508"><net_src comp="173" pin="1"/><net_sink comp="501" pin=2"/></net>

<net id="515"><net_src comp="202" pin="2"/><net_sink comp="512" pin=0"/></net>

<net id="516"><net_src comp="512" pin="1"/><net_sink comp="120" pin=2"/></net>

<net id="520"><net_src comp="208" pin="1"/><net_sink comp="517" pin=0"/></net>

<net id="521"><net_src comp="517" pin="1"/><net_sink comp="482" pin=0"/></net>

<net id="525"><net_src comp="212" pin="1"/><net_sink comp="522" pin=0"/></net>

<net id="526"><net_src comp="522" pin="1"/><net_sink comp="434" pin=0"/></net>

<net id="533"><net_src comp="222" pin="2"/><net_sink comp="530" pin=0"/></net>

<net id="534"><net_src comp="530" pin="1"/><net_sink comp="132" pin=2"/></net>

<net id="538"><net_src comp="228" pin="3"/><net_sink comp="535" pin=0"/></net>

<net id="539"><net_src comp="535" pin="1"/><net_sink comp="382" pin=1"/></net>

<net id="543"><net_src comp="266" pin="1"/><net_sink comp="540" pin=0"/></net>

<net id="544"><net_src comp="540" pin="1"/><net_sink comp="316" pin=0"/></net>

<net id="548"><net_src comp="286" pin="2"/><net_sink comp="545" pin=0"/></net>

<net id="549"><net_src comp="545" pin="1"/><net_sink comp="421" pin=1"/></net>

<net id="556"><net_src comp="298" pin="2"/><net_sink comp="553" pin=0"/></net>

<net id="557"><net_src comp="553" pin="1"/><net_sink comp="143" pin=2"/></net>

<net id="561"><net_src comp="304" pin="3"/><net_sink comp="558" pin=0"/></net>

<net id="562"><net_src comp="558" pin="1"/><net_sink comp="460" pin=0"/></net>

<net id="566"><net_src comp="82" pin="3"/><net_sink comp="563" pin=0"/></net>

<net id="567"><net_src comp="563" pin="1"/><net_sink comp="89" pin=0"/></net>

<net id="571"><net_src comp="362" pin="1"/><net_sink comp="568" pin=0"/></net>

<net id="572"><net_src comp="568" pin="1"/><net_sink comp="154" pin=0"/></net>

<net id="579"><net_src comp="376" pin="2"/><net_sink comp="576" pin=0"/></net>

<net id="580"><net_src comp="576" pin="1"/><net_sink comp="166" pin=2"/></net>

<net id="584"><net_src comp="411" pin="2"/><net_sink comp="581" pin=0"/></net>

<net id="585"><net_src comp="581" pin="1"/><net_sink comp="469" pin=1"/></net>

<net id="592"><net_src comp="454" pin="2"/><net_sink comp="589" pin=0"/></net>

<net id="593"><net_src comp="589" pin="1"/><net_sink comp="189" pin=2"/></net>

<net id="597"><net_src comp="482" pin="2"/><net_sink comp="594" pin=0"/></net>

<net id="598"><net_src comp="594" pin="1"/><net_sink comp="487" pin=0"/></net>

<net id="602"><net_src comp="108" pin="3"/><net_sink comp="599" pin=0"/></net>

<net id="603"><net_src comp="599" pin="1"/><net_sink comp="89" pin=0"/></net>

<net id="607"><net_src comp="501" pin="3"/><net_sink comp="604" pin=0"/></net>

<net id="608"><net_src comp="604" pin="1"/><net_sink comp="177" pin=2"/></net>

</net_list>

</model> 
---------------- Datapath Model END ------------------

* FSMD analyzer results:
  - Output states:
	Port: output_r | {6 }
	Port: buf_conv1 | {}
 - Input state : 
	Port: maxpool_layer1 : output_r | {}
	Port: maxpool_layer1 : buf_conv1 | {4 5 8 9 }
  - Chain level:
	State 1
	State 2
		exitcond4 : 1
		ch_2 : 1
		StgValue_15 : 2
		tmp_cast5 : 1
		tmp_cast : 1
	State 3
		exitcond3 : 1
		out_row_2 : 1
		StgValue_26 : 2
		in_row : 1
		tmp_22 : 1
		p_shl1_cast : 2
		tmp_23 : 1
		p_shl2_cast : 2
		tmp_24 : 3
		tmp_33_cast : 4
		tmp_5_cast : 1
		tmp_25 : 1
		p_shl_cast : 2
		tmp_26 : 3
	State 4
		exitcond2 : 1
		out_col_2 : 1
		StgValue_47 : 2
		in_col : 1
		tmp_6_cast : 2
		tmp_27 : 3
		tmp : 4
		tmp_28 : 5
		tmp_29 : 6
		tmp_21 : 4
		tmp_30 : 6
		tmp_31 : 7
		buf_conv1_addr : 8
		buf_conv1_load : 9
	State 5
		maxvalue : 1
	State 6
		pool_row_cast2 : 1
		exitcond1 : 1
		pool_row_2 : 1
		StgValue_72 : 2
		tmp_8 : 2
		tmp_34 : 3
		p_shl3_cast : 4
		tmp_35 : 3
		p_shl4_cast : 4
		tmp_36 : 5
		tmp_32 : 1
		tmp_44_cast : 2
		tmp_33 : 3
		tmp_45_cast : 4
		output_addr : 5
		StgValue_88 : 6
	State 7
		pool_col_cast1 : 1
		exitcond : 1
		pool_col_2 : 1
		StgValue_97 : 2
		tmp_1 : 2
		tmp_2_cast : 3
		tmp_37 : 4
		tmp_51_cast : 5
		tmp_38 : 6
	State 8
		buf_conv1_addr_1 : 1
		buf_conv1_load_1 : 2
	State 9
		maxvalue_5 : 1
		tmp_3 : 2
		value_0_maxvalue_1 : 3


============================================================
+ Verbose Summary: Datapath Resource usage 
============================================================

* Functional unit list:
|----------|---------------------------|---------|---------|
| Operation|      Functional Unit      |    FF   |   LUT   |
|----------|---------------------------|---------|---------|
|          |        ch_2_fu_202        |    0    |    13   |
|          |      out_row_2_fu_222     |    0    |    15   |
|          |      out_col_2_fu_298     |    0    |    15   |
|          |       tmp_27_fu_316       |    0    |    17   |
|          |     pool_row_2_fu_376     |    0    |    10   |
|    add   |        tmp_8_fu_382       |    0    |    15   |
|          |       tmp_32_fu_421       |    0    |    13   |
|          |       tmp_33_fu_434       |    0    |    19   |
|          |     pool_col_2_fu_454     |    0    |    10   |
|          |        tmp_1_fu_460       |    0    |    15   |
|          |       tmp_37_fu_469       |    0    |    17   |
|          |       tmp_38_fu_482       |    0    |    23   |
|----------|---------------------------|---------|---------|
|          |      exitcond4_fu_196     |    0    |    9    |
|          |      exitcond3_fu_216     |    0    |    11   |
|   icmp   |      exitcond2_fu_292     |    0    |    11   |
|          |      exitcond1_fu_370     |    0    |    8    |
|          |      exitcond_fu_448      |    0    |    8    |
|          |        tmp_3_fu_495       |    0    |    18   |
|----------|---------------------------|---------|---------|
|          |       tmp_24_fu_260       |    0    |    12   |
|    sub   |       tmp_26_fu_286       |    0    |    14   |
|          |       tmp_36_fu_411       |    0    |    12   |
|----------|---------------------------|---------|---------|
|  select  | value_0_maxvalue_1_fu_501 |    0    |    32   |
|----------|---------------------------|---------|---------|
|    or    |       tmp_29_fu_333       |    0    |    4    |
|----------|---------------------------|---------|---------|
|          |      tmp_cast5_fu_208     |    0    |    0    |
|          |      tmp_cast_fu_212      |    0    |    0    |
|          |     p_shl1_cast_fu_244    |    0    |    0    |
|          |     p_shl2_cast_fu_256    |    0    |    0    |
|          |     tmp_5_cast_fu_270     |    0    |    0    |
|          |     p_shl_cast_fu_282     |    0    |    0    |
|          |     tmp_6_cast_fu_312     |    0    |    0    |
|          |      maxvalue_fu_362      |    0    |    0    |
|   zext   |   pool_row_cast2_fu_366   |    0    |    0    |
|          |     p_shl3_cast_fu_395    |    0    |    0    |
|          |     p_shl4_cast_fu_407    |    0    |    0    |
|          |     tmp_7_cast_fu_417     |    0    |    0    |
|          |     tmp_45_cast_fu_439    |    0    |    0    |
|          |   pool_col_cast1_fu_444   |    0    |    0    |
|          |     tmp_2_cast_fu_465     |    0    |    0    |
|          |     tmp_52_cast_fu_487    |    0    |    0    |
|          |     maxvalue_5_fu_491     |    0    |    0    |
|----------|---------------------------|---------|---------|
|          |       in_row_fu_228       |    0    |    0    |
|          |       tmp_22_fu_236       |    0    |    0    |
|          |       tmp_23_fu_248       |    0    |    0    |
|          |       tmp_25_fu_274       |    0    |    0    |
|          |       in_col_fu_304       |    0    |    0    |
|bitconcatenate|       tmp_28_fu_325       |    0    |    0    |
|          |       tmp_30_fu_349       |    0    |    0    |
|          |       tmp_34_fu_387       |    0    |    0    |
|          |       tmp_35_fu_399       |    0    |    0    |
|          |     tmp_44_cast_fu_426    |    0    |    0    |
|          |     tmp_51_cast_fu_474    |    0    |    0    |
|----------|---------------------------|---------|---------|
|   sext   |     tmp_33_cast_fu_266    |    0    |    0    |
|          |       tmp_31_fu_357       |    0    |    0    |
|----------|---------------------------|---------|---------|
|   trunc  |         tmp_fu_321        |    0    |    0    |
|----------|---------------------------|---------|---------|
|partselect|       tmp_21_fu_339       |    0    |    0    |
|----------|---------------------------|---------|---------|
|   Total  |                           |    0    |   321   |
|----------|---------------------------|---------|---------|

Memories:
N/A

* Register list:
+--------------------------+--------+
|                          |   FF   |
+--------------------------+--------+
| buf_conv1_addr_1_reg_599 |   15   |
|  buf_conv1_addr_reg_563  |   15   |
|       ch_2_reg_512       |    4   |
|        ch_reg_116        |    4   |
|      in_col_reg_558      |    6   |
|      in_row_reg_535      |    6   |
|     maxvalue4_reg_151    |   32   |
|    maxvalue_1_reg_173    |   32   |
|     maxvalue_reg_568     |   32   |
|     out_col_2_reg_553    |    5   |
|      out_col_reg_139     |    5   |
|     out_row_2_reg_530    |    5   |
|      out_row_reg_128     |    5   |
|    pool_col_2_reg_589    |    2   |
|     pool_col_reg_185     |    2   |
|    pool_row_2_reg_576    |    2   |
|     pool_row_reg_162     |    2   |
|      tmp_26_reg_545      |   11   |
|    tmp_33_cast_reg_540   |   14   |
|      tmp_36_reg_581      |   13   |
|      tmp_38_reg_594      |   16   |
|     tmp_cast5_reg_517    |   16   |
|     tmp_cast_reg_522     |   14   |
|value_0_maxvalue_1_reg_604|   32   |
+--------------------------+--------+
|           Total          |   290  |
+--------------------------+--------+

* Multiplexer (MUX) list: 
|------------------|------|------|------|--------||---------||---------|
|       Comp       |  Pin | Size |  BW  | S x BW ||  Delay  ||   LUT   |
|------------------|------|------|------|--------||---------||---------|
| grp_access_fu_89 |  p0  |   4  |  15  |   60   ||    21   |
|    ch_reg_116    |  p0  |   2  |   4  |    8   ||    9    |
|  out_col_reg_139 |  p0  |   2  |   5  |   10   ||    9    |
|------------------|------|------|------|--------||---------||---------|
|       Total      |      |      |      |   78   ||  5.3985 ||    39   |
|------------------|------|------|------|--------||---------||---------|



* Summary:
+-----------+--------+--------+--------+
|           |  Delay |   FF   |   LUT  |
+-----------+--------+--------+--------+
|  Function |    -   |    0   |   321  |
|   Memory  |    -   |    -   |    -   |
|Multiplexer|    5   |    -   |   39   |
|  Register |    -   |   290  |    -   |
+-----------+--------+--------+--------+
|   Total   |    5   |   290  |   360  |
+-----------+--------+--------+--------+
