

================================================================
== Vivado HLS Report for 'tinyyolo_lite'
================================================================
* Date:           Sat Jun 20 22:52:18 2026

* Version:        2018.3 (Build 2405991 on Thu Dec 06 23:56:15 MST 2018)
* Project:        tinyyolo_lite
* Solution:       solution1_naive
* Product family: zynq
* Target device:  xc7z020clg484-1


================================================================
== Performance Estimates
================================================================
+ Timing (ns): 
    * Summary: 
    +--------+-------+----------+------------+
    |  Clock | Target| Estimated| Uncertainty|
    +--------+-------+----------+------------+
    |ap_clk  |  10.00|     8.662|        1.25|
    +--------+-------+----------+------------+

+ Latency (clock cycles): 
    * Summary: 
    +----------+----------+----------+----------+---------+
    |       Latency       |       Interval      | Pipeline|
    |    min   |    max   |    min   |    max   |   Type  |
    +----------+----------+----------+----------+---------+
    |  14997860|  14997860|  14997860|  14997860|   none  |
    +----------+----------+----------+----------+---------+

    + Detail: 
        * Instance: 
        N/A

        * Loop: 
        N/A

============================================================
+ Verbose Summary: Synthesis Manager
============================================================
InlineROM: 1
ExposeGlobal: 0
============================================================
+ Verbose Summary: CDFG Model
============================================================
IsTopModel: 1
ResetActiveHigh: 1
IsCombinational: 0
IsDatapathOnly: 0
HasWiredReturn: 1
HasMFsm: 0
HasVarLatency: 1
IsPipeline: 0
IsRtlPipelined: 0
IsInstanceOverlapped: 0
IsDontTouch: 0
HasImplIP: 0
IsGatedGlobalClock: 0


============================================================
+ Verbose Summary: Schedule
============================================================
* Number of FSM states : 14
* Pipeline : 0
* Dataflow Pipeline: 0

* FSM state transitions: 
1 --> 
	2  / true
2 --> 
	3  / true
3 --> 
	4  / true
4 --> 
	5  / true
5 --> 
	6  / true
6 --> 
	7  / true
7 --> 
	8  / true
8 --> 
	9  / true
9 --> 
	10  / true
10 --> 
	11  / true
11 --> 
	12  / true
12 --> 
	13  / true
13 --> 
	14  / true
14 --> 

* FSM state operations: 

State 1 <SV = 0> <Delay = 0.00>
ST_1 : Operation 15 [2/2] (0.00ns)   --->   "call fastcc void @conv_layer1([12288 x i32]* %image_r, [30752 x i31]* @buf_conv1) nounwind" [tinyyolo_lite.c:47]   --->   Operation 15 'call' <Predicate = true> <Delay = 0.00> <CoreType = "Generic">   --->   Core 0 '' <Latency = 0> <II = 1> <Delay = 1.00> <Generic> <Opcode : >

State 2 <SV = 1> <Delay = 0.00>
ST_2 : Operation 16 [1/2] (0.00ns)   --->   "call fastcc void @conv_layer1([12288 x i32]* %image_r, [30752 x i31]* @buf_conv1) nounwind" [tinyyolo_lite.c:47]   --->   Operation 16 'call' <Predicate = true> <Delay = 0.00> <CoreType = "Generic">   --->   Core 0 '' <Latency = 0> <II = 1> <Delay = 1.00> <Generic> <Opcode : >

State 3 <SV = 2> <Delay = 0.00>
ST_3 : Operation 17 [2/2] (0.00ns)   --->   "call fastcc void @maxpool_layer1([7688 x i32]* @buf_pool1) nounwind" [tinyyolo_lite.c:52]   --->   Operation 17 'call' <Predicate = true> <Delay = 0.00> <CoreType = "Generic">   --->   Core 0 '' <Latency = 0> <II = 1> <Delay = 1.00> <Generic> <Opcode : >

State 4 <SV = 3> <Delay = 0.00>
ST_4 : Operation 18 [1/2] (0.00ns)   --->   "call fastcc void @maxpool_layer1([7688 x i32]* @buf_pool1) nounwind" [tinyyolo_lite.c:52]   --->   Operation 18 'call' <Predicate = true> <Delay = 0.00> <CoreType = "Generic">   --->   Core 0 '' <Latency = 0> <II = 1> <Delay = 1.00> <Generic> <Opcode : >

State 5 <SV = 4> <Delay = 0.00>
ST_5 : Operation 19 [2/2] (0.00ns)   --->   "call fastcc void @conv_layer2([13456 x i31]* @buf_conv2) nounwind" [tinyyolo_lite.c:57]   --->   Operation 19 'call' <Predicate = true> <Delay = 0.00> <CoreType = "Generic">   --->   Core 0 '' <Latency = 0> <II = 1> <Delay = 1.00> <Generic> <Opcode : >

State 6 <SV = 5> <Delay = 0.00>
ST_6 : Operation 20 [1/2] (0.00ns)   --->   "call fastcc void @conv_layer2([13456 x i31]* @buf_conv2) nounwind" [tinyyolo_lite.c:57]   --->   Operation 20 'call' <Predicate = true> <Delay = 0.00> <CoreType = "Generic">   --->   Core 0 '' <Latency = 0> <II = 1> <Delay = 1.00> <Generic> <Opcode : >

State 7 <SV = 6> <Delay = 0.00>
ST_7 : Operation 21 [2/2] (0.00ns)   --->   "call fastcc void @maxpool_layer2([3136 x i32]* @buf_pool2) nounwind" [tinyyolo_lite.c:62]   --->   Operation 21 'call' <Predicate = true> <Delay = 0.00> <CoreType = "Generic">   --->   Core 0 '' <Latency = 0> <II = 1> <Delay = 1.00> <Generic> <Opcode : >

State 8 <SV = 7> <Delay = 0.00>
ST_8 : Operation 22 [1/2] (0.00ns)   --->   "call fastcc void @maxpool_layer2([3136 x i32]* @buf_pool2) nounwind" [tinyyolo_lite.c:62]   --->   Operation 22 'call' <Predicate = true> <Delay = 0.00> <CoreType = "Generic">   --->   Core 0 '' <Latency = 0> <II = 1> <Delay = 1.00> <Generic> <Opcode : >

State 9 <SV = 8> <Delay = 0.00>
ST_9 : Operation 23 [2/2] (0.00ns)   --->   "call fastcc void @conv_layer3([4608 x i31]* @buf_conv3) nounwind" [tinyyolo_lite.c:67]   --->   Operation 23 'call' <Predicate = true> <Delay = 0.00> <CoreType = "Generic">   --->   Core 0 '' <Latency = 0> <II = 1> <Delay = 1.00> <Generic> <Opcode : >

State 10 <SV = 9> <Delay = 0.00>
ST_10 : Operation 24 [1/2] (0.00ns)   --->   "call fastcc void @conv_layer3([4608 x i31]* @buf_conv3) nounwind" [tinyyolo_lite.c:67]   --->   Operation 24 'call' <Predicate = true> <Delay = 0.00> <CoreType = "Generic">   --->   Core 0 '' <Latency = 0> <II = 1> <Delay = 1.00> <Generic> <Opcode : >

State 11 <SV = 10> <Delay = 0.00>
ST_11 : Operation 25 [2/2] (0.00ns)   --->   "call fastcc void @detection_head([1024 x i32]* @buf_det) nounwind" [tinyyolo_lite.c:72]   --->   Operation 25 'call' <Predicate = true> <Delay = 0.00> <CoreType = "Generic">   --->   Core 0 '' <Latency = 0> <II = 1> <Delay = 1.00> <Generic> <Opcode : >

State 12 <SV = 11> <Delay = 0.00>
ST_12 : Operation 26 [1/2] (0.00ns)   --->   "call fastcc void @detection_head([1024 x i32]* @buf_det) nounwind" [tinyyolo_lite.c:72]   --->   Operation 26 'call' <Predicate = true> <Delay = 0.00> <CoreType = "Generic">   --->   Core 0 '' <Latency = 0> <II = 1> <Delay = 1.00> <Generic> <Opcode : >

State 13 <SV = 12> <Delay = 0.00>
ST_13 : Operation 27 [2/2] (0.00ns)   --->   "call fastcc void @decode([1024 x i32]* %output_r) nounwind" [tinyyolo_lite.c:77]   --->   Operation 27 'call' <Predicate = true> <Delay = 0.00> <CoreType = "Generic">   --->   Core 0 '' <Latency = 0> <II = 1> <Delay = 1.00> <Generic> <Opcode : >

State 14 <SV = 13> <Delay = 0.00>
ST_14 : Operation 28 [1/1] (0.00ns)   --->   "call void (...)* @_ssdm_op_SpecBitsMap([12288 x i32]* %image_r) nounwind, !map !28"   --->   Operation 28 'specbitsmap' <Predicate = true> <Delay = 0.00>
ST_14 : Operation 29 [1/1] (0.00ns)   --->   "call void (...)* @_ssdm_op_SpecBitsMap([1024 x i32]* %output_r) nounwind, !map !35"   --->   Operation 29 'specbitsmap' <Predicate = true> <Delay = 0.00>
ST_14 : Operation 30 [1/1] (0.00ns)   --->   "call void (...)* @_ssdm_op_SpecTopModule([14 x i8]* @tinyyolo_lite_str) nounwind"   --->   Operation 30 'spectopmodule' <Predicate = true> <Delay = 0.00>
ST_14 : Operation 31 [1/2] (0.00ns)   --->   "call fastcc void @decode([1024 x i32]* %output_r) nounwind" [tinyyolo_lite.c:77]   --->   Operation 31 'call' <Predicate = true> <Delay = 0.00> <CoreType = "Generic">   --->   Core 0 '' <Latency = 0> <II = 1> <Delay = 1.00> <Generic> <Opcode : >
ST_14 : Operation 32 [1/1] (0.00ns)   --->   "ret void" [tinyyolo_lite.c:78]   --->   Operation 32 'ret' <Predicate = true> <Delay = 0.00>


============================================================
+ Verbose Summary: Timing violations
============================================================
Target clock period: 10ns, clock uncertainty: 1.25ns.

 <State 1>: 0ns
The critical path consists of the following:

 <State 2>: 0ns
The critical path consists of the following:

 <State 3>: 0ns
The critical path consists of the following:

 <State 4>: 0ns
The critical path consists of the following:

 <State 5>: 0ns
The critical path consists of the following:

 <State 6>: 0ns
The critical path consists of the following:

 <State 7>: 0ns
The critical path consists of the following:

 <State 8>: 0ns
The critical path consists of the following:

 <State 9>: 0ns
The critical path consists of the following:

 <State 10>: 0ns
The critical path consists of the following:

 <State 11>: 0ns
The critical path consists of the following:

 <State 12>: 0ns
The critical path consists of the following:

 <State 13>: 0ns
The critical path consists of the following:

 <State 14>: 0ns
The critical path consists of the following:


============================================================
+ Verbose Summary: Binding
============================================================
N/A
* FSMD analyzer results:
  - Output states:
 - Input state : 
  - Chain level:
	State 1
	State 2
	State 3
	State 4
	State 5
	State 6
	State 7
	State 8
	State 9
	State 10
	State 11
	State 12
	State 13
	State 14


============================================================
+ Verbose Summary: Datapath Resource usage 
============================================================
N/A
