

================================================================
== Vivado HLS Report for 'conv_layer1'
================================================================
* Date:           Sun Jun 21 08:37:49 2026

* Version:        2018.3 (Build 2405991 on Thu Dec 06 23:56:15 MST 2018)
* Project:        tinyyolo_lite
* Solution:       optimization_solution
* Product family: zynq
* Target device:  xc7z020clg484-1


================================================================
== Performance Estimates
================================================================
+ Timing (ns): 
    * Summary: 
    +--------+-------+----------+------------+
    |  Clock | Target| Estimated| Uncertainty|
    +--------+-------+----------+------------+
    |ap_clk  |  10.00|     8.743|        1.25|
    +--------+-------+----------+------------+

+ Latency (clock cycles): 
    * Summary: 
    +--------+--------+--------+--------+---------+
    |     Latency     |     Interval    | Pipeline|
    |   min  |   max  |   min  |   max  |   Type  |
    +--------+--------+--------+--------+---------+
    |  492033|  492033|  492033|  492033|   none  |
    +--------+--------+--------+--------+---------+

    + Detail: 
        * Instance: 
        N/A

        * Loop: 
        +-----------------------------+--------+--------+----------+-----------+-----------+-------+----------+
        |                             |     Latency     | Iteration|  Initiation Interval  |  Trip |          |
        |          Loop Name          |   min  |   max  |  Latency |  achieved |   target  | Count | Pipelined|
        +-----------------------------+--------+--------+----------+-----------+-----------+-------+----------+
        |- LOOP_ROW_LOOP_COL_LOOP_OC  |  492032|  492032|        16|          -|          -|  30752|    no    |
        | + LOOP_KR_LOOP_KC           |      12|      12|         5|          1|          1|      9|    yes   |
        +-----------------------------+--------+--------+----------+-----------+-----------+-------+----------+

============================================================
+ Verbose Summary: Synthesis Manager
============================================================
InlineROM: 1
ExposeGlobal: 0
============================================================
+ Verbose Summary: CDFG Model
============================================================
IsTopModel: 0
ResetActiveHigh: 1
IsCombinational: 0
IsDatapathOnly: 0
HasWiredReturn: 1
HasMFsm: 0
HasVarLatency: 1
IsPipeline: 0
IsRtlPipelined: 0
IsInstanceOverlapped: 0
IsDontTouch: 0
HasImplIP: 0
IsGatedGlobalClock: 0

+ Individual pipeline summary: 
  * Pipeline-0: initiation interval (II) = 1, depth = 5


============================================================
+ Verbose Summary: Schedule
============================================================
* Number of FSM states : 9
* Pipeline : 1
  Pipeline-0 : II = 1, D = 5, States = { 4 5 6 7 8 }
* Dataflow Pipeline: 0

* FSM state transitions: 
1 --> 
	2  / true
2 --> 
	3  / (!exitcond_flatten6)
3 --> 
	4  / true
4 --> 
	9  / (exitcond_flatten)
	5  / (!exitcond_flatten)
5 --> 
	6  / true
6 --> 
	7  / true
7 --> 
	8  / true
8 --> 
	4  / true
9 --> 
	2  / true

* FSM state operations: 

State 1 <SV = 0> <Delay = 1.76>
ST_1 : Operation 10 [1/1] (1.76ns)   --->   "br label %1" [conv_relu1.c:16]   --->   Operation 10 'br' <Predicate = true> <Delay = 1.76>

State 2 <SV = 1> <Delay = 5.99>
ST_2 : Operation 11 [1/1] (0.00ns)   --->   "%indvar_flatten6 = phi i15 [ 0, %0 ], [ %indvar_flatten_next6, %4 ]"   --->   Operation 11 'phi' 'indvar_flatten6' <Predicate = true> <Delay = 0.00>
ST_2 : Operation 12 [1/1] (0.00ns)   --->   "%row = phi i6 [ 0, %0 ], [ %tmp_mid2_v, %4 ]" [conv_relu1.c:29]   --->   Operation 12 'phi' 'row' <Predicate = true> <Delay = 0.00>
ST_2 : Operation 13 [1/1] (0.00ns)   --->   "%indvar_flatten7 = phi i10 [ 0, %0 ], [ %indvar_flatten_next8, %4 ]"   --->   Operation 13 'phi' 'indvar_flatten7' <Predicate = true> <Delay = 0.00>
ST_2 : Operation 14 [1/1] (0.00ns)   --->   "%col = phi i6 [ 0, %0 ], [ %col_mid2, %4 ]" [conv_relu1.c:18]   --->   Operation 14 'phi' 'col' <Predicate = true> <Delay = 0.00>
ST_2 : Operation 15 [1/1] (0.00ns)   --->   "%oc = phi i4 [ 0, %0 ], [ %oc_4, %4 ]"   --->   Operation 15 'phi' 'oc' <Predicate = true> <Delay = 0.00>
ST_2 : Operation 16 [1/1] (0.00ns)   --->   "%tmp_77 = trunc i6 %col to i1" [conv_relu1.c:29]   --->   Operation 16 'trunc' 'tmp_77' <Predicate = true> <Delay = 0.00>
ST_2 : Operation 17 [1/1] (0.00ns)   --->   "%newIndex = call i5 @_ssdm_op_PartSelect.i5.i6.i32.i32(i6 %col, i32 1, i32 5)" [conv_relu1.c:29]   --->   Operation 17 'partselect' 'newIndex' <Predicate = true> <Delay = 0.00>
ST_2 : Operation 18 [1/1] (2.31ns)   --->   "%exitcond_flatten6 = icmp eq i15 %indvar_flatten6, -2016"   --->   Operation 18 'icmp' 'exitcond_flatten6' <Predicate = true> <Delay = 2.31> <Core = "Cmp">   --->   Core 25 'Cmp' <Latency = 0> <II = 1> <Delay = 2.47> <FuncUnit> <Opcode : 'icmp'> <InPorts = 2> <OutPorts = 1>
ST_2 : Operation 19 [1/1] (0.00ns)   --->   "%empty = call i32 (...)* @_ssdm_op_SpecLoopTripCount(i64 30752, i64 30752, i64 30752)"   --->   Operation 19 'speclooptripcount' 'empty' <Predicate = true> <Delay = 0.00>
ST_2 : Operation 20 [1/1] (1.94ns)   --->   "%indvar_flatten_next6 = add i15 1, %indvar_flatten6"   --->   Operation 20 'add' 'indvar_flatten_next6' <Predicate = true> <Delay = 1.94> <Core = "AddSub">   --->   Core 14 'AddSub' <Latency = 0> <II = 1> <Delay = 1.73> <FuncUnit> <Opcode : 'add' 'sub'> <InPorts = 2> <OutPorts = 1>
ST_2 : Operation 21 [1/1] (0.00ns)   --->   "br i1 %exitcond_flatten6, label %5, label %.reset14"   --->   Operation 21 'br' <Predicate = true> <Delay = 0.00>
ST_2 : Operation 22 [1/1] (1.77ns)   --->   "%exitcond_flatten4 = icmp eq i10 %indvar_flatten7, 496"   --->   Operation 22 'icmp' 'exitcond_flatten4' <Predicate = (!exitcond_flatten6)> <Delay = 1.77> <Core = "Cmp">   --->   Core 25 'Cmp' <Latency = 0> <II = 1> <Delay = 2.47> <FuncUnit> <Opcode : 'icmp'> <InPorts = 2> <OutPorts = 1>
ST_2 : Operation 23 [1/1] (1.18ns)   --->   "%col_mid = select i1 %exitcond_flatten4, i6 0, i6 %col" [conv_relu1.c:18]   --->   Operation 23 'select' 'col_mid' <Predicate = (!exitcond_flatten6)> <Delay = 1.18> <Core = "Sel">   --->   Core 26 'Sel' <Latency = 0> <II = 1> <Delay = 0.68> <FuncUnit> <Opcode : 'select'> <InPorts = 3> <OutPorts = 1>
ST_2 : Operation 24 [1/1] (0.97ns)   --->   "%not_exitcond_flatten = xor i1 %exitcond_flatten4, true" [conv_relu1.c:29]   --->   Operation 24 'xor' 'not_exitcond_flatten' <Predicate = (!exitcond_flatten6)> <Delay = 0.97> <Core = "LogicGate">   --->   Core 27 'LogicGate' <Latency = 0> <II = 1> <Delay = 0.97> <FuncUnit> <Opcode : 'and' 'or' 'xor'> <InPorts = 2> <OutPorts = 1>
ST_2 : Operation 25 [1/1] (0.00ns) (grouped into LUT with out node arrayNo_trunc_mid2)   --->   "%arrayNo_trunc_mid = and i1 %tmp_77, %not_exitcond_flatten" [conv_relu1.c:29]   --->   Operation 25 'and' 'arrayNo_trunc_mid' <Predicate = (!exitcond_flatten6)> <Delay = 0.00> <Core = "LogicGate">   --->   Core 27 'LogicGate' <Latency = 0> <II = 1> <Delay = 0.97> <FuncUnit> <Opcode : 'and' 'or' 'xor'> <InPorts = 2> <OutPorts = 1>
ST_2 : Operation 26 [1/1] (0.00ns) (grouped into LUT with out node newIndex3_mid2)   --->   "%newIndex3_mid = select i1 %exitcond_flatten4, i5 0, i5 %newIndex" [conv_relu1.c:29]   --->   Operation 26 'select' 'newIndex3_mid' <Predicate = (!exitcond_flatten6)> <Delay = 0.00> <Core = "Sel">   --->   Core 26 'Sel' <Latency = 0> <II = 1> <Delay = 0.68> <FuncUnit> <Opcode : 'select'> <InPorts = 3> <OutPorts = 1>
ST_2 : Operation 27 [1/1] (1.30ns)   --->   "%exitcond = icmp eq i4 %oc, -8" [conv_relu1.c:18]   --->   Operation 27 'icmp' 'exitcond' <Predicate = (!exitcond_flatten6)> <Delay = 1.30> <Core = "Cmp">   --->   Core 25 'Cmp' <Latency = 0> <II = 1> <Delay = 2.47> <FuncUnit> <Opcode : 'icmp'> <InPorts = 2> <OutPorts = 1>
ST_2 : Operation 28 [1/1] (0.97ns)   --->   "%exitcond3_mid = and i1 %exitcond, %not_exitcond_flatten" [conv_relu1.c:18]   --->   Operation 28 'and' 'exitcond3_mid' <Predicate = (!exitcond_flatten6)> <Delay = 0.97> <Core = "LogicGate">   --->   Core 27 'LogicGate' <Latency = 0> <II = 1> <Delay = 0.97> <FuncUnit> <Opcode : 'and' 'or' 'xor'> <InPorts = 2> <OutPorts = 1>
ST_2 : Operation 29 [1/1] (1.82ns)   --->   "%col_3 = add i6 1, %col_mid" [conv_relu1.c:17]   --->   Operation 29 'add' 'col_3' <Predicate = (!exitcond_flatten6)> <Delay = 1.82> <Core = "AddSub">   --->   Core 14 'AddSub' <Latency = 0> <II = 1> <Delay = 1.73> <FuncUnit> <Opcode : 'add' 'sub'> <InPorts = 2> <OutPorts = 1>
ST_2 : Operation 30 [1/1] (0.00ns) (grouped into LUT with out node oc_mid2)   --->   "%tmp_122 = or i1 %exitcond3_mid, %exitcond_flatten4" [conv_relu1.c:18]   --->   Operation 30 'or' 'tmp_122' <Predicate = (!exitcond_flatten6)> <Delay = 0.00> <Core = "LogicGate">   --->   Core 27 'LogicGate' <Latency = 0> <II = 1> <Delay = 0.97> <FuncUnit> <Opcode : 'and' 'or' 'xor'> <InPorts = 2> <OutPorts = 1>
ST_2 : Operation 31 [1/1] (1.02ns) (out node of the LUT)   --->   "%oc_mid2 = select i1 %tmp_122, i4 0, i4 %oc" [conv_relu1.c:18]   --->   Operation 31 'select' 'oc_mid2' <Predicate = (!exitcond_flatten6)> <Delay = 1.02> <Core = "Sel">   --->   Core 26 'Sel' <Latency = 0> <II = 1> <Delay = 0.68> <FuncUnit> <Opcode : 'select'> <InPorts = 3> <OutPorts = 1>
ST_2 : Operation 32 [1/1] (0.00ns) (grouped into LUT with out node arrayNo_trunc_mid2)   --->   "%tmp_78 = trunc i6 %col_3 to i1" [conv_relu1.c:29]   --->   Operation 32 'trunc' 'tmp_78' <Predicate = (!exitcond_flatten6)> <Delay = 0.00>
ST_2 : Operation 33 [1/1] (0.99ns) (out node of the LUT)   --->   "%arrayNo_trunc_mid2 = select i1 %exitcond3_mid, i1 %tmp_78, i1 %arrayNo_trunc_mid" [conv_relu1.c:29]   --->   Operation 33 'select' 'arrayNo_trunc_mid2' <Predicate = (!exitcond_flatten6)> <Delay = 0.99> <Core = "Sel">   --->   Core 26 'Sel' <Latency = 0> <II = 1> <Delay = 0.68> <FuncUnit> <Opcode : 'select'> <InPorts = 3> <OutPorts = 1>
ST_2 : Operation 34 [1/1] (0.00ns) (grouped into LUT with out node newIndex3_mid2)   --->   "%newIndex_mid1 = call i5 @_ssdm_op_PartSelect.i5.i6.i32.i32(i6 %col_3, i32 1, i32 5)" [conv_relu1.c:29]   --->   Operation 34 'partselect' 'newIndex_mid1' <Predicate = (!exitcond_flatten6)> <Delay = 0.00>
ST_2 : Operation 35 [1/1] (1.21ns) (out node of the LUT)   --->   "%newIndex3_mid2 = select i1 %exitcond3_mid, i5 %newIndex_mid1, i5 %newIndex3_mid" [conv_relu1.c:29]   --->   Operation 35 'select' 'newIndex3_mid2' <Predicate = (!exitcond_flatten6)> <Delay = 1.21> <Core = "Sel">   --->   Core 26 'Sel' <Latency = 0> <II = 1> <Delay = 0.68> <FuncUnit> <Opcode : 'select'> <InPorts = 3> <OutPorts = 1>
ST_2 : Operation 36 [1/1] (1.18ns)   --->   "%col_mid2 = select i1 %exitcond3_mid, i6 %col_3, i6 %col_mid" [conv_relu1.c:18]   --->   Operation 36 'select' 'col_mid2' <Predicate = (!exitcond_flatten6)> <Delay = 1.18> <Core = "Sel">   --->   Core 26 'Sel' <Latency = 0> <II = 1> <Delay = 0.68> <FuncUnit> <Opcode : 'select'> <InPorts = 3> <OutPorts = 1>
ST_2 : Operation 37 [1/1] (0.00ns)   --->   "ret void" [conv_relu1.c:33]   --->   Operation 37 'ret' <Predicate = (exitcond_flatten6)> <Delay = 0.00>

State 3 <SV = 2> <Delay = 8.74>
ST_3 : Operation 38 [1/1] (1.82ns)   --->   "%row_3 = add i6 1, %row" [conv_relu1.c:16]   --->   Operation 38 'add' 'row_3' <Predicate = (exitcond_flatten4)> <Delay = 1.82> <Core = "AddSub">   --->   Core 14 'AddSub' <Latency = 0> <II = 1> <Delay = 1.73> <FuncUnit> <Opcode : 'add' 'sub'> <InPorts = 2> <OutPorts = 1>
ST_3 : Operation 39 [1/1] (0.00ns)   --->   "call void (...)* @_ssdm_op_SpecLoopName([26 x i8]* @LOOP_ROW_LOOP_COL_LO)"   --->   Operation 39 'specloopname' <Predicate = true> <Delay = 0.00>
ST_3 : Operation 40 [1/1] (1.18ns)   --->   "%tmp_mid2_v = select i1 %exitcond_flatten4, i6 %row_3, i6 %row" [conv_relu1.c:29]   --->   Operation 40 'select' 'tmp_mid2_v' <Predicate = true> <Delay = 1.18> <Core = "Sel">   --->   Core 26 'Sel' <Latency = 0> <II = 1> <Delay = 0.68> <FuncUnit> <Opcode : 'select'> <InPorts = 3> <OutPorts = 1>
ST_3 : Operation 41 [1/1] (0.00ns)   --->   "%tmp_mid2_cast = zext i6 %tmp_mid2_v to i12" [conv_relu1.c:29]   --->   Operation 41 'zext' 'tmp_mid2_cast' <Predicate = true> <Delay = 0.00>
ST_3 : Operation 42 [1/1] (0.00ns)   --->   "%tmp = call i11 @_ssdm_op_BitConcatenate.i11.i6.i5(i6 %tmp_mid2_v, i5 0)" [conv_relu1.c:29]   --->   Operation 42 'bitconcatenate' 'tmp' <Predicate = true> <Delay = 0.00>
ST_3 : Operation 43 [1/1] (0.00ns)   --->   "%p_shl_cast = zext i11 %tmp to i12" [conv_relu1.c:29]   --->   Operation 43 'zext' 'p_shl_cast' <Predicate = true> <Delay = 0.00>
ST_3 : Operation 44 [1/1] (0.00ns) (grouped into TernaryAdder)   --->   "%tmp_s = sub i12 %p_shl_cast, %tmp_mid2_cast" [conv_relu1.c:29]   --->   Operation 44 'sub' 'tmp_s' <Predicate = true> <Delay = 0.00> <Core = "TAddSub">   --->   Core 84 'TAddSub' <Latency = 0> <II = 1> <Delay = 1.89> <IPBlock> <Opcode : 'add' 'sub'> <InPorts = 3> <OutPorts = 1> <Sync> <CReg>
ST_3 : Operation 45 [1/1] (0.00ns)   --->   "call void (...)* @_ssdm_op_SpecLoopName([17 x i8]* @LOOP_COL_LOOP_OC_str)"   --->   Operation 45 'specloopname' <Predicate = true> <Delay = 0.00>
ST_3 : Operation 46 [1/1] (0.00ns)   --->   "%newIndex3_mid2_cast = zext i5 %newIndex3_mid2 to i12" [conv_relu1.c:29]   --->   Operation 46 'zext' 'newIndex3_mid2_cast' <Predicate = true> <Delay = 0.00>
ST_3 : Operation 47 [1/1] (3.78ns) (root node of TernaryAdder)   --->   "%tmp_123 = add i12 %newIndex3_mid2_cast, %tmp_s" [conv_relu1.c:29]   --->   Operation 47 'add' 'tmp_123' <Predicate = true> <Delay = 3.78> <Core = "TAddSub">   --->   Core 84 'TAddSub' <Latency = 0> <II = 1> <Delay = 1.89> <IPBlock> <Opcode : 'add' 'sub'> <InPorts = 3> <OutPorts = 1> <Sync> <CReg>
ST_3 : Operation 48 [1/1] (0.00ns)   --->   "%tmp_183_cast = call i15 @_ssdm_op_BitConcatenate.i15.i12.i3(i12 %tmp_123, i3 0)" [conv_relu1.c:29]   --->   Operation 48 'bitconcatenate' 'tmp_183_cast' <Predicate = true> <Delay = 0.00>
ST_3 : Operation 49 [1/1] (0.00ns)   --->   "call void (...)* @_ssdm_op_SpecLoopName([8 x i8]* @p_str4) nounwind" [conv_relu1.c:18]   --->   Operation 49 'specloopname' <Predicate = true> <Delay = 0.00>
ST_3 : Operation 50 [1/1] (0.00ns)   --->   "%tmp_33 = call i32 (...)* @_ssdm_op_SpecRegionBegin([8 x i8]* @p_str4)" [conv_relu1.c:18]   --->   Operation 50 'specregionbegin' 'tmp_33' <Predicate = true> <Delay = 0.00>
ST_3 : Operation 51 [1/1] (0.00ns)   --->   "%tmp_cast4 = zext i4 %oc_mid2 to i8" [conv_relu1.c:29]   --->   Operation 51 'zext' 'tmp_cast4' <Predicate = true> <Delay = 0.00>
ST_3 : Operation 52 [1/1] (0.00ns)   --->   "%tmp_cast = zext i4 %oc_mid2 to i15" [conv_relu1.c:29]   --->   Operation 52 'zext' 'tmp_cast' <Predicate = true> <Delay = 0.00>
ST_3 : Operation 53 [1/1] (1.94ns)   --->   "%tmp_124 = add i15 %tmp_cast, %tmp_183_cast" [conv_relu1.c:29]   --->   Operation 53 'add' 'tmp_124' <Predicate = true> <Delay = 1.94> <Core = "AddSub">   --->   Core 14 'AddSub' <Latency = 0> <II = 1> <Delay = 1.73> <FuncUnit> <Opcode : 'add' 'sub'> <InPorts = 2> <OutPorts = 1>
ST_3 : Operation 54 [1/1] (0.00ns)   --->   "%tmp_184_cast = zext i15 %tmp_124 to i64" [conv_relu1.c:29]   --->   Operation 54 'zext' 'tmp_184_cast' <Predicate = true> <Delay = 0.00>
ST_3 : Operation 55 [1/1] (0.00ns)   --->   "%output_0_addr = getelementptr [15376 x i31]* %output_0, i64 0, i64 %tmp_184_cast" [conv_relu1.c:29]   --->   Operation 55 'getelementptr' 'output_0_addr' <Predicate = true> <Delay = 0.00>
ST_3 : Operation 56 [1/1] (0.00ns)   --->   "%output_1_addr = getelementptr [15376 x i31]* %output_1, i64 0, i64 %tmp_184_cast" [conv_relu1.c:29]   --->   Operation 56 'getelementptr' 'output_1_addr' <Predicate = true> <Delay = 0.00>
ST_3 : Operation 57 [1/1] (1.76ns)   --->   "br label %2" [conv_relu1.c:21]   --->   Operation 57 'br' <Predicate = true> <Delay = 1.76>

State 4 <SV = 3> <Delay = 3.51>
ST_4 : Operation 58 [1/1] (0.00ns)   --->   "%indvar_flatten = phi i4 [ 0, %.reset14 ], [ %indvar_flatten_next, %.reset ]"   --->   Operation 58 'phi' 'indvar_flatten' <Predicate = true> <Delay = 0.00>
ST_4 : Operation 59 [1/1] (0.00ns)   --->   "%kr = phi i2 [ 0, %.reset14 ], [ %tmp_50_mid2_v_v_v, %.reset ]" [conv_relu1.c:24]   --->   Operation 59 'phi' 'kr' <Predicate = true> <Delay = 0.00>
ST_4 : Operation 60 [1/1] (0.00ns)   --->   "%kc = phi i2 [ 0, %.reset14 ], [ %kc_3, %.reset ]"   --->   Operation 60 'phi' 'kc' <Predicate = true> <Delay = 0.00>
ST_4 : Operation 61 [1/1] (0.00ns)   --->   "%sum_1 = phi i32 [ 0, %.reset14 ], [ %sum_6_2, %.reset ]" [conv_relu1.c:24]   --->   Operation 61 'phi' 'sum_1' <Predicate = true> <Delay = 0.00>
ST_4 : Operation 62 [1/1] (1.30ns)   --->   "%exitcond_flatten = icmp eq i4 %indvar_flatten, -7"   --->   Operation 62 'icmp' 'exitcond_flatten' <Predicate = true> <Delay = 1.30> <Core = "Cmp">   --->   Core 25 'Cmp' <Latency = 0> <II = 1> <Delay = 2.47> <FuncUnit> <Opcode : 'icmp'> <InPorts = 2> <OutPorts = 1>
ST_4 : Operation 63 [1/1] (0.00ns)   --->   "%empty_26 = call i32 (...)* @_ssdm_op_SpecLoopTripCount(i64 9, i64 9, i64 9)"   --->   Operation 63 'speclooptripcount' 'empty_26' <Predicate = true> <Delay = 0.00>
ST_4 : Operation 64 [1/1] (1.73ns)   --->   "%indvar_flatten_next = add i4 %indvar_flatten, 1"   --->   Operation 64 'add' 'indvar_flatten_next' <Predicate = true> <Delay = 1.73> <Core = "AddSub">   --->   Core 14 'AddSub' <Latency = 0> <II = 1> <Delay = 1.73> <FuncUnit> <Opcode : 'add' 'sub'> <InPorts = 2> <OutPorts = 1>
ST_4 : Operation 65 [1/1] (0.00ns)   --->   "br i1 %exitcond_flatten, label %3, label %.reset"   --->   Operation 65 'br' <Predicate = true> <Delay = 0.00>
ST_4 : Operation 66 [1/1] (1.56ns)   --->   "%kr_3 = add i2 %kr, 1" [conv_relu1.c:21]   --->   Operation 66 'add' 'kr_3' <Predicate = (!exitcond_flatten)> <Delay = 1.56> <Core = "AddSub">   --->   Core 14 'AddSub' <Latency = 0> <II = 1> <Delay = 1.73> <FuncUnit> <Opcode : 'add' 'sub'> <InPorts = 2> <OutPorts = 1>
ST_4 : Operation 67 [1/1] (0.95ns)   --->   "%exitcond4 = icmp eq i2 %kc, -1" [conv_relu1.c:22]   --->   Operation 67 'icmp' 'exitcond4' <Predicate = (!exitcond_flatten)> <Delay = 0.95> <Core = "Cmp">   --->   Core 25 'Cmp' <Latency = 0> <II = 1> <Delay = 2.47> <FuncUnit> <Opcode : 'icmp'> <InPorts = 2> <OutPorts = 1>
ST_4 : Operation 68 [1/1] (0.99ns)   --->   "%kc_mid2 = select i1 %exitcond4, i2 0, i2 %kc" [conv_relu1.c:22]   --->   Operation 68 'select' 'kc_mid2' <Predicate = (!exitcond_flatten)> <Delay = 0.99> <Core = "Sel">   --->   Core 26 'Sel' <Latency = 0> <II = 1> <Delay = 0.68> <FuncUnit> <Opcode : 'select'> <InPorts = 3> <OutPorts = 1>
ST_4 : Operation 69 [1/1] (0.99ns)   --->   "%tmp_50_mid2_v_v_v = select i1 %exitcond4, i2 %kr_3, i2 %kr" [conv_relu1.c:24]   --->   Operation 69 'select' 'tmp_50_mid2_v_v_v' <Predicate = (!exitcond_flatten)> <Delay = 0.99> <Core = "Sel">   --->   Core 26 'Sel' <Latency = 0> <II = 1> <Delay = 0.68> <FuncUnit> <Opcode : 'select'> <InPorts = 3> <OutPorts = 1>
ST_4 : Operation 70 [1/1] (1.56ns)   --->   "%kc_3 = add i2 %kc_mid2, 1" [conv_relu1.c:22]   --->   Operation 70 'add' 'kc_3' <Predicate = (!exitcond_flatten)> <Delay = 1.56> <Core = "AddSub">   --->   Core 14 'AddSub' <Latency = 0> <II = 1> <Delay = 1.73> <FuncUnit> <Opcode : 'add' 'sub'> <InPorts = 2> <OutPorts = 1>

State 5 <SV = 4> <Delay = 8.57>
ST_5 : Operation 71 [1/1] (0.00ns)   --->   "%tmp_50_mid2_v_v = zext i2 %tmp_50_mid2_v_v_v to i6" [conv_relu1.c:24]   --->   Operation 71 'zext' 'tmp_50_mid2_v_v' <Predicate = (!exitcond_flatten)> <Delay = 0.00>
ST_5 : Operation 72 [1/1] (1.82ns)   --->   "%tmp_50_mid2_v = add i6 %tmp_50_mid2_v_v, %tmp_mid2_v" [conv_relu1.c:24]   --->   Operation 72 'add' 'tmp_50_mid2_v' <Predicate = (!exitcond_flatten)> <Delay = 1.82> <Core = "AddSub">   --->   Core 14 'AddSub' <Latency = 0> <II = 1> <Delay = 1.73> <FuncUnit> <Opcode : 'add' 'sub'> <InPorts = 2> <OutPorts = 1>
ST_5 : Operation 73 [1/1] (0.00ns)   --->   "%tmp_51_mid2_cast = zext i2 %tmp_50_mid2_v_v_v to i5" [conv_relu1.c:24]   --->   Operation 73 'zext' 'tmp_51_mid2_cast' <Predicate = (!exitcond_flatten)> <Delay = 0.00>
ST_5 : Operation 74 [1/1] (0.00ns)   --->   "%tmp_125 = call i4 @_ssdm_op_BitConcatenate.i4.i2.i2(i2 %tmp_50_mid2_v_v_v, i2 0)" [conv_relu1.c:24]   --->   Operation 74 'bitconcatenate' 'tmp_125' <Predicate = (!exitcond_flatten)> <Delay = 0.00>
ST_5 : Operation 75 [1/1] (0.00ns)   --->   "%p_shl2_cast = zext i4 %tmp_125 to i5" [conv_relu1.c:24]   --->   Operation 75 'zext' 'p_shl2_cast' <Predicate = (!exitcond_flatten)> <Delay = 0.00>
ST_5 : Operation 76 [1/1] (0.00ns) (grouped into TernaryAdder)   --->   "%tmp_126 = sub i5 %p_shl2_cast, %tmp_51_mid2_cast" [conv_relu1.c:24]   --->   Operation 76 'sub' 'tmp_126' <Predicate = (!exitcond_flatten)> <Delay = 0.00> <Core = "TAddSub">   --->   Core 84 'TAddSub' <Latency = 0> <II = 1> <Delay = 1.89> <IPBlock> <Opcode : 'add' 'sub'> <InPorts = 3> <OutPorts = 1> <Sync> <CReg>
ST_5 : Operation 77 [1/1] (0.00ns)   --->   "%kc_cast3 = zext i2 %kc_mid2 to i6" [conv_relu1.c:22]   --->   Operation 77 'zext' 'kc_cast3' <Predicate = (!exitcond_flatten)> <Delay = 0.00>
ST_5 : Operation 78 [1/1] (1.82ns)   --->   "%tmp_37 = add i6 %kc_cast3, %col_mid2" [conv_relu1.c:24]   --->   Operation 78 'add' 'tmp_37' <Predicate = (!exitcond_flatten)> <Delay = 1.82> <Core = "AddSub">   --->   Core 14 'AddSub' <Latency = 0> <II = 1> <Delay = 1.73> <FuncUnit> <Opcode : 'add' 'sub'> <InPorts = 2> <OutPorts = 1>
ST_5 : Operation 79 [1/1] (0.00ns)   --->   "%tmp_127 = call i12 @_ssdm_op_BitConcatenate.i12.i6.i6(i6 %tmp_50_mid2_v, i6 %tmp_37)" [conv_relu1.c:24]   --->   Operation 79 'bitconcatenate' 'tmp_127' <Predicate = (!exitcond_flatten)> <Delay = 0.00>
ST_5 : Operation 80 [1/1] (0.00ns)   --->   "%tmp_128 = zext i12 %tmp_127 to i64" [conv_relu1.c:24]   --->   Operation 80 'zext' 'tmp_128' <Predicate = (!exitcond_flatten)> <Delay = 0.00>
ST_5 : Operation 81 [1/1] (0.00ns)   --->   "%input_0_addr = getelementptr [4096 x i32]* %input_0, i64 0, i64 %tmp_128" [conv_relu1.c:24]   --->   Operation 81 'getelementptr' 'input_0_addr' <Predicate = (!exitcond_flatten)> <Delay = 0.00>
ST_5 : Operation 82 [1/1] (0.00ns)   --->   "%input_1_addr = getelementptr [4096 x i32]* %input_1, i64 0, i64 %tmp_128" [conv_relu1.c:24]   --->   Operation 82 'getelementptr' 'input_1_addr' <Predicate = (!exitcond_flatten)> <Delay = 0.00>
ST_5 : Operation 83 [1/1] (0.00ns)   --->   "%input_2_addr = getelementptr [4096 x i32]* %input_2, i64 0, i64 %tmp_128" [conv_relu1.c:24]   --->   Operation 83 'getelementptr' 'input_2_addr' <Predicate = (!exitcond_flatten)> <Delay = 0.00>
ST_5 : Operation 84 [1/1] (0.00ns)   --->   "%tmp_80 = zext i2 %kc_mid2 to i5" [conv_relu1.c:24]   --->   Operation 84 'zext' 'tmp_80' <Predicate = (!exitcond_flatten)> <Delay = 0.00>
ST_5 : Operation 85 [1/1] (3.40ns) (root node of TernaryAdder)   --->   "%tmp_81 = add i5 %tmp_126, %tmp_80" [conv_relu1.c:24]   --->   Operation 85 'add' 'tmp_81' <Predicate = (!exitcond_flatten)> <Delay = 3.40> <Core = "TAddSub">   --->   Core 84 'TAddSub' <Latency = 0> <II = 1> <Delay = 1.89> <IPBlock> <Opcode : 'add' 'sub'> <InPorts = 3> <OutPorts = 1> <Sync> <CReg>
ST_5 : Operation 86 [1/1] (0.00ns)   --->   "%tmp_192_cast = call i8 @_ssdm_op_BitConcatenate.i8.i5.i3(i5 %tmp_81, i3 0)" [conv_relu1.c:24]   --->   Operation 86 'bitconcatenate' 'tmp_192_cast' <Predicate = (!exitcond_flatten)> <Delay = 0.00>
ST_5 : Operation 87 [1/1] (1.91ns)   --->   "%tmp_129 = add i8 %tmp_192_cast, %tmp_cast4" [conv_relu1.c:24]   --->   Operation 87 'add' 'tmp_129' <Predicate = (!exitcond_flatten)> <Delay = 1.91> <Core = "AddSub">   --->   Core 14 'AddSub' <Latency = 0> <II = 1> <Delay = 1.73> <FuncUnit> <Opcode : 'add' 'sub'> <InPorts = 2> <OutPorts = 1>
ST_5 : Operation 88 [1/1] (0.00ns)   --->   "%tmp_193_cast = zext i8 %tmp_129 to i64" [conv_relu1.c:24]   --->   Operation 88 'zext' 'tmp_193_cast' <Predicate = (!exitcond_flatten)> <Delay = 0.00>
ST_5 : Operation 89 [1/1] (0.00ns)   --->   "%w_conv1_0_addr = getelementptr [72 x i4]* @w_conv1_0, i64 0, i64 %tmp_193_cast" [conv_relu1.c:24]   --->   Operation 89 'getelementptr' 'w_conv1_0_addr' <Predicate = (!exitcond_flatten)> <Delay = 0.00>
ST_5 : Operation 90 [1/1] (0.00ns)   --->   "%w_conv1_1_addr = getelementptr [72 x i4]* @w_conv1_1, i64 0, i64 %tmp_193_cast" [conv_relu1.c:24]   --->   Operation 90 'getelementptr' 'w_conv1_1_addr' <Predicate = (!exitcond_flatten)> <Delay = 0.00>
ST_5 : Operation 91 [1/1] (0.00ns)   --->   "%w_conv1_2_addr = getelementptr [72 x i4]* @w_conv1_2, i64 0, i64 %tmp_193_cast" [conv_relu1.c:24]   --->   Operation 91 'getelementptr' 'w_conv1_2_addr' <Predicate = (!exitcond_flatten)> <Delay = 0.00>
ST_5 : Operation 92 [2/2] (3.25ns)   --->   "%input_0_load = load i32* %input_0_addr, align 4" [conv_relu1.c:24]   --->   Operation 92 'load' 'input_0_load' <Predicate = (!exitcond_flatten)> <Delay = 3.25> <Core = "RAM">   --->   Core 37 'RAM' <Latency = 1> <II = 1> <Delay = 3.25> <Storage> <Opcode : 'load' 'store'> <Ports = 2> <Width = 31> <Depth = 15376> <RAM>
ST_5 : Operation 93 [2/2] (3.25ns)   --->   "%w_conv1_0_load = load i4* %w_conv1_0_addr, align 1" [conv_relu1.c:24]   --->   Operation 93 'load' 'w_conv1_0_load' <Predicate = (!exitcond_flatten)> <Delay = 3.25> <Core = "ROM_nP">   --->   Core 52 'ROM_nP' <Latency = 1> <II = 1> <Delay = 3.25> <Storage> <Opcode : 'load'> <Ports = 0> <Width = 4> <Depth = 72> <ROM>
ST_5 : Operation 94 [2/2] (3.25ns)   --->   "%input_1_load = load i32* %input_1_addr, align 4" [conv_relu1.c:24]   --->   Operation 94 'load' 'input_1_load' <Predicate = (!exitcond_flatten)> <Delay = 3.25> <Core = "RAM">   --->   Core 37 'RAM' <Latency = 1> <II = 1> <Delay = 3.25> <Storage> <Opcode : 'load' 'store'> <Ports = 2> <Width = 31> <Depth = 15376> <RAM>
ST_5 : Operation 95 [2/2] (3.25ns)   --->   "%w_conv1_1_load = load i4* %w_conv1_1_addr, align 1" [conv_relu1.c:24]   --->   Operation 95 'load' 'w_conv1_1_load' <Predicate = (!exitcond_flatten)> <Delay = 3.25> <Core = "ROM_nP">   --->   Core 52 'ROM_nP' <Latency = 1> <II = 1> <Delay = 3.25> <Storage> <Opcode : 'load'> <Ports = 0> <Width = 4> <Depth = 72> <ROM>
ST_5 : Operation 96 [2/2] (3.25ns)   --->   "%input_2_load = load i32* %input_2_addr, align 4" [conv_relu1.c:24]   --->   Operation 96 'load' 'input_2_load' <Predicate = (!exitcond_flatten)> <Delay = 3.25> <Core = "RAM">   --->   Core 37 'RAM' <Latency = 1> <II = 1> <Delay = 3.25> <Storage> <Opcode : 'load' 'store'> <Ports = 2> <Width = 31> <Depth = 15376> <RAM>
ST_5 : Operation 97 [2/2] (3.25ns)   --->   "%w_conv1_2_load = load i4* %w_conv1_2_addr, align 1" [conv_relu1.c:24]   --->   Operation 97 'load' 'w_conv1_2_load' <Predicate = (!exitcond_flatten)> <Delay = 3.25> <Core = "ROM_nP">   --->   Core 52 'ROM_nP' <Latency = 1> <II = 1> <Delay = 3.25> <Storage> <Opcode : 'load'> <Ports = 0> <Width = 4> <Depth = 72> <ROM>

State 6 <SV = 5> <Delay = 3.25>
ST_6 : Operation 98 [1/2] (3.25ns)   --->   "%input_0_load = load i32* %input_0_addr, align 4" [conv_relu1.c:24]   --->   Operation 98 'load' 'input_0_load' <Predicate = (!exitcond_flatten)> <Delay = 3.25> <Core = "RAM">   --->   Core 37 'RAM' <Latency = 1> <II = 1> <Delay = 3.25> <Storage> <Opcode : 'load' 'store'> <Ports = 2> <Width = 31> <Depth = 15376> <RAM>
ST_6 : Operation 99 [1/2] (3.25ns)   --->   "%w_conv1_0_load = load i4* %w_conv1_0_addr, align 1" [conv_relu1.c:24]   --->   Operation 99 'load' 'w_conv1_0_load' <Predicate = (!exitcond_flatten)> <Delay = 3.25> <Core = "ROM_nP">   --->   Core 52 'ROM_nP' <Latency = 1> <II = 1> <Delay = 3.25> <Storage> <Opcode : 'load'> <Ports = 0> <Width = 4> <Depth = 72> <ROM>
ST_6 : Operation 100 [1/2] (3.25ns)   --->   "%input_1_load = load i32* %input_1_addr, align 4" [conv_relu1.c:24]   --->   Operation 100 'load' 'input_1_load' <Predicate = (!exitcond_flatten)> <Delay = 3.25> <Core = "RAM">   --->   Core 37 'RAM' <Latency = 1> <II = 1> <Delay = 3.25> <Storage> <Opcode : 'load' 'store'> <Ports = 2> <Width = 31> <Depth = 15376> <RAM>
ST_6 : Operation 101 [1/2] (3.25ns)   --->   "%w_conv1_1_load = load i4* %w_conv1_1_addr, align 1" [conv_relu1.c:24]   --->   Operation 101 'load' 'w_conv1_1_load' <Predicate = (!exitcond_flatten)> <Delay = 3.25> <Core = "ROM_nP">   --->   Core 52 'ROM_nP' <Latency = 1> <II = 1> <Delay = 3.25> <Storage> <Opcode : 'load'> <Ports = 0> <Width = 4> <Depth = 72> <ROM>
ST_6 : Operation 102 [1/2] (3.25ns)   --->   "%input_2_load = load i32* %input_2_addr, align 4" [conv_relu1.c:24]   --->   Operation 102 'load' 'input_2_load' <Predicate = (!exitcond_flatten)> <Delay = 3.25> <Core = "RAM">   --->   Core 37 'RAM' <Latency = 1> <II = 1> <Delay = 3.25> <Storage> <Opcode : 'load' 'store'> <Ports = 2> <Width = 31> <Depth = 15376> <RAM>
ST_6 : Operation 103 [1/2] (3.25ns)   --->   "%w_conv1_2_load = load i4* %w_conv1_2_addr, align 1" [conv_relu1.c:24]   --->   Operation 103 'load' 'w_conv1_2_load' <Predicate = (!exitcond_flatten)> <Delay = 3.25> <Core = "ROM_nP">   --->   Core 52 'ROM_nP' <Latency = 1> <II = 1> <Delay = 3.25> <Storage> <Opcode : 'load'> <Ports = 0> <Width = 4> <Depth = 72> <ROM>

State 7 <SV = 6> <Delay = 8.51>
ST_7 : Operation 104 [1/1] (0.00ns)   --->   "%w_conv1_0_load_cast = sext i4 %w_conv1_0_load to i32" [conv_relu1.c:24]   --->   Operation 104 'sext' 'w_conv1_0_load_cast' <Predicate = (!exitcond_flatten)> <Delay = 0.00>
ST_7 : Operation 105 [1/1] (8.51ns)   --->   "%tmp_39 = mul nsw i32 %w_conv1_0_load_cast, %input_0_load" [conv_relu1.c:24]   --->   Operation 105 'mul' 'tmp_39' <Predicate = (!exitcond_flatten)> <Delay = 8.51> <Core = "Mul">   --->   Core 16 'Mul' <Latency = 0> <II = 1> <Delay = 8.51> <FuncUnit> <Opcode : 'mul'> <InPorts = 2> <OutPorts = 1>
ST_7 : Operation 106 [1/1] (0.00ns)   --->   "%w_conv1_1_load_cast = sext i4 %w_conv1_1_load to i32" [conv_relu1.c:24]   --->   Operation 106 'sext' 'w_conv1_1_load_cast' <Predicate = (!exitcond_flatten)> <Delay = 0.00>
ST_7 : Operation 107 [1/1] (8.51ns)   --->   "%tmp_78_1 = mul nsw i32 %w_conv1_1_load_cast, %input_1_load" [conv_relu1.c:24]   --->   Operation 107 'mul' 'tmp_78_1' <Predicate = (!exitcond_flatten)> <Delay = 8.51> <Core = "Mul">   --->   Core 16 'Mul' <Latency = 0> <II = 1> <Delay = 8.51> <FuncUnit> <Opcode : 'mul'> <InPorts = 2> <OutPorts = 1>
ST_7 : Operation 108 [1/1] (0.00ns)   --->   "%w_conv1_2_load_cast = sext i4 %w_conv1_2_load to i32" [conv_relu1.c:24]   --->   Operation 108 'sext' 'w_conv1_2_load_cast' <Predicate = (!exitcond_flatten)> <Delay = 0.00>
ST_7 : Operation 109 [1/1] (8.51ns)   --->   "%tmp_78_2 = mul nsw i32 %w_conv1_2_load_cast, %input_2_load" [conv_relu1.c:24]   --->   Operation 109 'mul' 'tmp_78_2' <Predicate = (!exitcond_flatten)> <Delay = 8.51> <Core = "Mul">   --->   Core 16 'Mul' <Latency = 0> <II = 1> <Delay = 8.51> <FuncUnit> <Opcode : 'mul'> <InPorts = 2> <OutPorts = 1>

State 8 <SV = 7> <Delay = 6.92>
ST_8 : Operation 110 [1/1] (0.00ns)   --->   "call void (...)* @_ssdm_op_SpecLoopName([16 x i8]* @LOOP_KR_LOOP_KC_str)"   --->   Operation 110 'specloopname' <Predicate = (!exitcond_flatten)> <Delay = 0.00>
ST_8 : Operation 111 [1/1] (0.00ns)   --->   "call void (...)* @_ssdm_op_SpecLoopName([8 x i8]* @p_str6) nounwind" [conv_relu1.c:22]   --->   Operation 111 'specloopname' <Predicate = (!exitcond_flatten)> <Delay = 0.00>
ST_8 : Operation 112 [1/1] (0.00ns)   --->   "%tmp_36 = call i32 (...)* @_ssdm_op_SpecRegionBegin([8 x i8]* @p_str6)" [conv_relu1.c:22]   --->   Operation 112 'specregionbegin' 'tmp_36' <Predicate = (!exitcond_flatten)> <Delay = 0.00>
ST_8 : Operation 113 [1/1] (0.00ns)   --->   "call void (...)* @_ssdm_op_SpecPipeline(i32 1, i32 1, i32 1, i32 0, [1 x i8]* @p_str1) nounwind" [conv_relu1.c:23]   --->   Operation 113 'specpipeline' <Predicate = (!exitcond_flatten)> <Delay = 0.00>
ST_8 : Operation 114 [1/1] (2.55ns)   --->   "%tmp1 = add i32 %tmp_78_2, %tmp_78_1" [conv_relu1.c:24]   --->   Operation 114 'add' 'tmp1' <Predicate = (!exitcond_flatten)> <Delay = 2.55> <Core = "AddSub">   --->   Core 14 'AddSub' <Latency = 0> <II = 1> <Delay = 1.73> <FuncUnit> <Opcode : 'add' 'sub'> <InPorts = 2> <OutPorts = 1>
ST_8 : Operation 115 [1/1] (0.00ns) (grouped into TernaryAdder)   --->   "%tmp_40 = add nsw i32 %tmp_39, %tmp1" [conv_relu1.c:24]   --->   Operation 115 'add' 'tmp_40' <Predicate = (!exitcond_flatten)> <Delay = 0.00> <Core = "TAddSub">   --->   Core 84 'TAddSub' <Latency = 0> <II = 1> <Delay = 1.89> <IPBlock> <Opcode : 'add' 'sub'> <InPorts = 3> <OutPorts = 1> <Sync> <CReg>
ST_8 : Operation 116 [1/1] (4.37ns) (root node of TernaryAdder)   --->   "%sum_6_2 = add nsw i32 %tmp_40, %sum_1" [conv_relu1.c:24]   --->   Operation 116 'add' 'sum_6_2' <Predicate = (!exitcond_flatten)> <Delay = 4.37> <Core = "TAddSub">   --->   Core 84 'TAddSub' <Latency = 0> <II = 1> <Delay = 1.89> <IPBlock> <Opcode : 'add' 'sub'> <InPorts = 3> <OutPorts = 1> <Sync> <CReg>
ST_8 : Operation 117 [1/1] (0.00ns)   --->   "%empty_27 = call i32 (...)* @_ssdm_op_SpecRegionEnd([8 x i8]* @p_str6, i32 %tmp_36)" [conv_relu1.c:27]   --->   Operation 117 'specregionend' 'empty_27' <Predicate = (!exitcond_flatten)> <Delay = 0.00>
ST_8 : Operation 118 [1/1] (0.00ns)   --->   "br label %2"   --->   Operation 118 'br' <Predicate = (!exitcond_flatten)> <Delay = 0.00>

State 9 <SV = 4> <Delay = 6.46>
ST_9 : Operation 119 [1/1] (0.00ns)   --->   "%tmp_79 = trunc i32 %sum_1 to i31" [conv_relu1.c:21]   --->   Operation 119 'trunc' 'tmp_79' <Predicate = true> <Delay = 0.00>
ST_9 : Operation 120 [1/1] (2.47ns)   --->   "%tmp_34 = icmp sgt i32 %sum_1, 0" [conv_relu1.c:29]   --->   Operation 120 'icmp' 'tmp_34' <Predicate = true> <Delay = 2.47> <Core = "Cmp">   --->   Core 25 'Cmp' <Latency = 0> <II = 1> <Delay = 2.47> <FuncUnit> <Opcode : 'icmp'> <InPorts = 2> <OutPorts = 1>
ST_9 : Operation 121 [1/1] (0.73ns)   --->   "%tmp_35 = select i1 %tmp_34, i31 %tmp_79, i31 0" [conv_relu1.c:29]   --->   Operation 121 'select' 'tmp_35' <Predicate = true> <Delay = 0.73> <Core = "Sel">   --->   Core 26 'Sel' <Latency = 0> <II = 1> <Delay = 0.68> <FuncUnit> <Opcode : 'select'> <InPorts = 3> <OutPorts = 1>
ST_9 : Operation 122 [1/1] (0.00ns)   --->   "br i1 %arrayNo_trunc_mid2, label %branch1, label %branch0" [conv_relu1.c:29]   --->   Operation 122 'br' <Predicate = true> <Delay = 0.00>
ST_9 : Operation 123 [1/1] (3.25ns)   --->   "store i31 %tmp_35, i31* %output_0_addr, align 4" [conv_relu1.c:29]   --->   Operation 123 'store' <Predicate = (!arrayNo_trunc_mid2)> <Delay = 3.25> <Core = "RAM">   --->   Core 37 'RAM' <Latency = 1> <II = 1> <Delay = 3.25> <Storage> <Opcode : 'load' 'store'> <Ports = 2> <Width = 31> <Depth = 15376> <RAM>
ST_9 : Operation 124 [1/1] (0.00ns)   --->   "br label %4" [conv_relu1.c:29]   --->   Operation 124 'br' <Predicate = (!arrayNo_trunc_mid2)> <Delay = 0.00>
ST_9 : Operation 125 [1/1] (3.25ns)   --->   "store i31 %tmp_35, i31* %output_1_addr, align 4" [conv_relu1.c:29]   --->   Operation 125 'store' <Predicate = (arrayNo_trunc_mid2)> <Delay = 3.25> <Core = "RAM">   --->   Core 37 'RAM' <Latency = 1> <II = 1> <Delay = 3.25> <Storage> <Opcode : 'load' 'store'> <Ports = 2> <Width = 31> <Depth = 15376> <RAM>
ST_9 : Operation 126 [1/1] (0.00ns)   --->   "br label %4" [conv_relu1.c:29]   --->   Operation 126 'br' <Predicate = (arrayNo_trunc_mid2)> <Delay = 0.00>
ST_9 : Operation 127 [1/1] (0.00ns)   --->   "%empty_28 = call i32 (...)* @_ssdm_op_SpecRegionEnd([8 x i8]* @p_str4, i32 %tmp_33)" [conv_relu1.c:30]   --->   Operation 127 'specregionend' 'empty_28' <Predicate = true> <Delay = 0.00>
ST_9 : Operation 128 [1/1] (1.73ns)   --->   "%oc_4 = add i4 %oc_mid2, 1" [conv_relu1.c:18]   --->   Operation 128 'add' 'oc_4' <Predicate = true> <Delay = 1.73> <Core = "AddSub">   --->   Core 14 'AddSub' <Latency = 0> <II = 1> <Delay = 1.73> <FuncUnit> <Opcode : 'add' 'sub'> <InPorts = 2> <OutPorts = 1>
ST_9 : Operation 129 [1/1] (1.73ns)   --->   "%indvar_flatten7_op = add i10 %indvar_flatten7, 1"   --->   Operation 129 'add' 'indvar_flatten7_op' <Predicate = (!exitcond_flatten4)> <Delay = 1.73> <Core = "AddSub">   --->   Core 14 'AddSub' <Latency = 0> <II = 1> <Delay = 1.73> <FuncUnit> <Opcode : 'add' 'sub'> <InPorts = 2> <OutPorts = 1>
ST_9 : Operation 130 [1/1] (0.68ns)   --->   "%indvar_flatten_next8 = select i1 %exitcond_flatten4, i10 1, i10 %indvar_flatten7_op"   --->   Operation 130 'select' 'indvar_flatten_next8' <Predicate = true> <Delay = 0.68> <Core = "Sel">   --->   Core 26 'Sel' <Latency = 0> <II = 1> <Delay = 0.68> <FuncUnit> <Opcode : 'select'> <InPorts = 3> <OutPorts = 1>
ST_9 : Operation 131 [1/1] (0.00ns)   --->   "br label %1" [conv_relu1.c:18]   --->   Operation 131 'br' <Predicate = true> <Delay = 0.00>


============================================================
+ Verbose Summary: Timing violations
============================================================
Target clock period: 10ns, clock uncertainty: 1.25ns.

 <State 1>: 1.77ns
The critical path consists of the following:
	multiplexor before 'phi' operation ('indvar_flatten6') with incoming values : ('indvar_flatten_next6') [11]  (1.77 ns)

 <State 2>: 6ns
The critical path consists of the following:
	'phi' operation ('indvar_flatten7') with incoming values : ('indvar_flatten_next8') [13]  (0 ns)
	'icmp' operation ('exitcond_flatten4') [25]  (1.77 ns)
	'select' operation ('col_mid', conv_relu1.c:18) [26]  (1.19 ns)
	'add' operation ('col_3', conv_relu1.c:17) [37]  (1.83 ns)
	'select' operation ('newIndex3_mid2', conv_relu1.c:29) [44]  (1.22 ns)

 <State 3>: 8.74ns
The critical path consists of the following:
	'add' operation ('row', conv_relu1.c:16) [23]  (1.83 ns)
	'select' operation ('tmp_mid2_v', conv_relu1.c:29) [27]  (1.19 ns)
	'sub' operation ('tmp_s', conv_relu1.c:29) [31]  (0 ns)
	'add' operation ('tmp_123', conv_relu1.c:29) [46]  (3.79 ns)
	'add' operation ('tmp_124', conv_relu1.c:29) [53]  (1.94 ns)

 <State 4>: 3.52ns
The critical path consists of the following:
	'phi' operation ('kc') with incoming values : ('kc', conv_relu1.c:22) [61]  (0 ns)
	'icmp' operation ('exitcond4', conv_relu1.c:22) [70]  (0.959 ns)
	'select' operation ('kc_mid2', conv_relu1.c:22) [71]  (0.993 ns)
	'add' operation ('kc', conv_relu1.c:22) [113]  (1.56 ns)

 <State 5>: 8.57ns
The critical path consists of the following:
	'sub' operation ('tmp_126', conv_relu1.c:24) [78]  (0 ns)
	'add' operation ('tmp_81', conv_relu1.c:24) [90]  (3.4 ns)
	'add' operation ('tmp_129', conv_relu1.c:24) [92]  (1.92 ns)
	'getelementptr' operation ('w_conv1_0_addr', conv_relu1.c:24) [94]  (0 ns)
	'load' operation ('w_conv1_0_load', conv_relu1.c:24) on array 'w_conv1_0' [98]  (3.25 ns)

 <State 6>: 3.25ns
The critical path consists of the following:
	'load' operation ('input_0_load', conv_relu1.c:24) on array 'input_0' [97]  (3.25 ns)

 <State 7>: 8.51ns
The critical path consists of the following:
	'mul' operation ('tmp_39', conv_relu1.c:24) [100]  (8.51 ns)

 <State 8>: 6.92ns
The critical path consists of the following:
	'add' operation ('tmp1', conv_relu1.c:24) [109]  (2.55 ns)
	'add' operation ('tmp_40', conv_relu1.c:24) [110]  (0 ns)
	'add' operation ('sum_6_2', conv_relu1.c:24) [111]  (4.37 ns)

 <State 9>: 6.46ns
The critical path consists of the following:
	'icmp' operation ('tmp_34', conv_relu1.c:29) [117]  (2.47 ns)
	'select' operation ('tmp_35', conv_relu1.c:29) [118]  (0.733 ns)
	'store' operation (conv_relu1.c:29) of variable 'tmp_35', conv_relu1.c:29 on array 'output_1' [124]  (3.25 ns)


============================================================
+ Verbose Summary: Binding
============================================================
N/A
* FSMD analyzer results:
  - Output states:
 - Input state : 
  - Chain level:
	State 1
	State 2
	State 3
	State 4
	State 5
	State 6
	State 7
	State 8
	State 9


============================================================
+ Verbose Summary: Datapath Resource usage 
============================================================
N/A
