

================================================================
== Vivado HLS Report for 'conv_layer2'
================================================================
* Date:           Sun Jun 21 08:37:51 2026

* Version:        2018.3 (Build 2405991 on Thu Dec 06 23:56:15 MST 2018)
* Project:        tinyyolo_lite
* Solution:       optimization_solution
* Product family: zynq
* Target device:  xc7z020clg484-1


================================================================
== Performance Estimates
================================================================
+ Timing (ns): 
    * Summary: 
    +--------+-------+----------+------------+
    |  Clock | Target| Estimated| Uncertainty|
    +--------+-------+----------+------------+
    |ap_clk  |  10.00|     8.742|        1.25|
    +--------+-------+----------+------------+

+ Latency (clock cycles): 
    * Summary: 
    +--------+--------+--------+--------+---------+
    |     Latency     |     Interval    | Pipeline|
    |   min  |   max  |   min  |   max  |   Type  |
    +--------+--------+--------+--------+---------+
    |  228753|  228753|  228753|  228753|   none  |
    +--------+--------+--------+--------+---------+

    + Detail: 
        * Instance: 
        N/A

        * Loop: 
        +-----------------------------+--------+--------+----------+-----------+-----------+-------+----------+
        |                             |     Latency     | Iteration|  Initiation Interval  |  Trip |          |
        |          Loop Name          |   min  |   max  |  Latency |  achieved |   target  | Count | Pipelined|
        +-----------------------------+--------+--------+----------+-----------+-----------+-------+----------+
        |- LOOP_ROW_LOOP_COL_LOOP_OC  |  228752|  228752|        17|          -|          -|  13456|    no    |
        | + LOOP_KR_LOOP_KC           |      13|      13|         6|          1|          1|      9|    yes   |
        +-----------------------------+--------+--------+----------+-----------+-----------+-------+----------+

============================================================
+ Verbose Summary: Synthesis Manager
============================================================
InlineROM: 1
ExposeGlobal: 0
============================================================
+ Verbose Summary: CDFG Model
============================================================
IsTopModel: 0
ResetActiveHigh: 1
IsCombinational: 0
IsDatapathOnly: 0
HasWiredReturn: 1
HasMFsm: 0
HasVarLatency: 1
IsPipeline: 0
IsRtlPipelined: 0
IsInstanceOverlapped: 0
IsDontTouch: 0
HasImplIP: 0
IsGatedGlobalClock: 0

+ Individual pipeline summary: 
  * Pipeline-0: initiation interval (II) = 1, depth = 6


============================================================
+ Verbose Summary: Schedule
============================================================
* Number of FSM states : 10
* Pipeline : 1
  Pipeline-0 : II = 1, D = 6, States = { 4 5 6 7 8 9 }
* Dataflow Pipeline: 0

* FSM state transitions: 
1 --> 
	2  / true
2 --> 
	3  / (!exitcond_flatten5)
3 --> 
	4  / true
4 --> 
	10  / (exitcond_flatten)
	5  / (!exitcond_flatten)
5 --> 
	6  / true
6 --> 
	7  / true
7 --> 
	8  / true
8 --> 
	9  / true
9 --> 
	4  / true
10 --> 
	2  / true

* FSM state operations: 

State 1 <SV = 0> <Delay = 1.76>
ST_1 : Operation 11 [1/1] (1.76ns)   --->   "br label %1" [conv_relu2.c:16]   --->   Operation 11 'br' <Predicate = true> <Delay = 1.76>

State 2 <SV = 1> <Delay = 5.98>
ST_2 : Operation 12 [1/1] (0.00ns)   --->   "%indvar_flatten5 = phi i14 [ 0, %0 ], [ %indvar_flatten_next5, %4 ]"   --->   Operation 12 'phi' 'indvar_flatten5' <Predicate = true> <Delay = 0.00>
ST_2 : Operation 13 [1/1] (0.00ns)   --->   "%row = phi i5 [ 0, %0 ], [ %tmp_mid2_v, %4 ]" [conv_relu2.c:33]   --->   Operation 13 'phi' 'row' <Predicate = true> <Delay = 0.00>
ST_2 : Operation 14 [1/1] (0.00ns)   --->   "%indvar_flatten7 = phi i10 [ 0, %0 ], [ %indvar_flatten_next8, %4 ]"   --->   Operation 14 'phi' 'indvar_flatten7' <Predicate = true> <Delay = 0.00>
ST_2 : Operation 15 [1/1] (0.00ns)   --->   "%col = phi i5 [ 0, %0 ], [ %col_mid2, %4 ]" [conv_relu2.c:20]   --->   Operation 15 'phi' 'col' <Predicate = true> <Delay = 0.00>
ST_2 : Operation 16 [1/1] (0.00ns)   --->   "%oc = phi i5 [ 0, %0 ], [ %oc_3, %4 ]"   --->   Operation 16 'phi' 'oc' <Predicate = true> <Delay = 0.00>
ST_2 : Operation 17 [1/1] (0.00ns)   --->   "%tmp_70 = trunc i5 %col to i1" [conv_relu2.c:33]   --->   Operation 17 'trunc' 'tmp_70' <Predicate = true> <Delay = 0.00>
ST_2 : Operation 18 [1/1] (0.00ns)   --->   "%newIndex = call i4 @_ssdm_op_PartSelect.i4.i5.i32.i32(i5 %col, i32 1, i32 4)" [conv_relu2.c:33]   --->   Operation 18 'partselect' 'newIndex' <Predicate = true> <Delay = 0.00>
ST_2 : Operation 19 [1/1] (2.20ns)   --->   "%exitcond_flatten5 = icmp eq i14 %indvar_flatten5, -2928"   --->   Operation 19 'icmp' 'exitcond_flatten5' <Predicate = true> <Delay = 2.20> <Core = "Cmp">   --->   Core 25 'Cmp' <Latency = 0> <II = 1> <Delay = 2.47> <FuncUnit> <Opcode : 'icmp'> <InPorts = 2> <OutPorts = 1>
ST_2 : Operation 20 [1/1] (0.00ns)   --->   "%empty = call i32 (...)* @_ssdm_op_SpecLoopTripCount(i64 13456, i64 13456, i64 13456)"   --->   Operation 20 'speclooptripcount' 'empty' <Predicate = true> <Delay = 0.00>
ST_2 : Operation 21 [1/1] (1.81ns)   --->   "%indvar_flatten_next5 = add i14 1, %indvar_flatten5"   --->   Operation 21 'add' 'indvar_flatten_next5' <Predicate = true> <Delay = 1.81> <Core = "AddSub">   --->   Core 14 'AddSub' <Latency = 0> <II = 1> <Delay = 1.73> <FuncUnit> <Opcode : 'add' 'sub'> <InPorts = 2> <OutPorts = 1>
ST_2 : Operation 22 [1/1] (0.00ns)   --->   "br i1 %exitcond_flatten5, label %5, label %.reset14"   --->   Operation 22 'br' <Predicate = true> <Delay = 0.00>
ST_2 : Operation 23 [1/1] (1.77ns)   --->   "%exitcond_flatten3 = icmp eq i10 %indvar_flatten7, 464"   --->   Operation 23 'icmp' 'exitcond_flatten3' <Predicate = (!exitcond_flatten5)> <Delay = 1.77> <Core = "Cmp">   --->   Core 25 'Cmp' <Latency = 0> <II = 1> <Delay = 2.47> <FuncUnit> <Opcode : 'icmp'> <InPorts = 2> <OutPorts = 1>
ST_2 : Operation 24 [1/1] (1.21ns)   --->   "%col_mid = select i1 %exitcond_flatten3, i5 0, i5 %col" [conv_relu2.c:20]   --->   Operation 24 'select' 'col_mid' <Predicate = (!exitcond_flatten5)> <Delay = 1.21> <Core = "Sel">   --->   Core 26 'Sel' <Latency = 0> <II = 1> <Delay = 0.68> <FuncUnit> <Opcode : 'select'> <InPorts = 3> <OutPorts = 1>
ST_2 : Operation 25 [1/1] (0.97ns)   --->   "%not_exitcond_flatten = xor i1 %exitcond_flatten3, true" [conv_relu2.c:33]   --->   Operation 25 'xor' 'not_exitcond_flatten' <Predicate = (!exitcond_flatten5)> <Delay = 0.97> <Core = "LogicGate">   --->   Core 27 'LogicGate' <Latency = 0> <II = 1> <Delay = 0.97> <FuncUnit> <Opcode : 'and' 'or' 'xor'> <InPorts = 2> <OutPorts = 1>
ST_2 : Operation 26 [1/1] (0.00ns) (grouped into LUT with out node arrayNo_trunc_mid2)   --->   "%arrayNo_trunc_mid = and i1 %tmp_70, %not_exitcond_flatten" [conv_relu2.c:33]   --->   Operation 26 'and' 'arrayNo_trunc_mid' <Predicate = (!exitcond_flatten5)> <Delay = 0.00> <Core = "LogicGate">   --->   Core 27 'LogicGate' <Latency = 0> <II = 1> <Delay = 0.97> <FuncUnit> <Opcode : 'and' 'or' 'xor'> <InPorts = 2> <OutPorts = 1>
ST_2 : Operation 27 [1/1] (0.00ns) (grouped into LUT with out node newIndex2_mid2)   --->   "%newIndex2_mid = select i1 %exitcond_flatten3, i4 0, i4 %newIndex" [conv_relu2.c:33]   --->   Operation 27 'select' 'newIndex2_mid' <Predicate = (!exitcond_flatten5)> <Delay = 0.00> <Core = "Sel">   --->   Core 26 'Sel' <Latency = 0> <II = 1> <Delay = 0.68> <FuncUnit> <Opcode : 'select'> <InPorts = 3> <OutPorts = 1>
ST_2 : Operation 28 [1/1] (1.36ns)   --->   "%exitcond = icmp eq i5 %oc, -16" [conv_relu2.c:20]   --->   Operation 28 'icmp' 'exitcond' <Predicate = (!exitcond_flatten5)> <Delay = 1.36> <Core = "Cmp">   --->   Core 25 'Cmp' <Latency = 0> <II = 1> <Delay = 2.47> <FuncUnit> <Opcode : 'icmp'> <InPorts = 2> <OutPorts = 1>
ST_2 : Operation 29 [1/1] (0.97ns)   --->   "%exitcond3_mid = and i1 %exitcond, %not_exitcond_flatten" [conv_relu2.c:20]   --->   Operation 29 'and' 'exitcond3_mid' <Predicate = (!exitcond_flatten5)> <Delay = 0.97> <Core = "LogicGate">   --->   Core 27 'LogicGate' <Latency = 0> <II = 1> <Delay = 0.97> <FuncUnit> <Opcode : 'and' 'or' 'xor'> <InPorts = 2> <OutPorts = 1>
ST_2 : Operation 30 [1/1] (1.78ns)   --->   "%col_2 = add i5 1, %col_mid" [conv_relu2.c:18]   --->   Operation 30 'add' 'col_2' <Predicate = (!exitcond_flatten5)> <Delay = 1.78> <Core = "AddSub">   --->   Core 14 'AddSub' <Latency = 0> <II = 1> <Delay = 1.73> <FuncUnit> <Opcode : 'add' 'sub'> <InPorts = 2> <OutPorts = 1>
ST_2 : Operation 31 [1/1] (0.00ns) (grouped into LUT with out node oc_mid2)   --->   "%tmp_112 = or i1 %exitcond3_mid, %exitcond_flatten3" [conv_relu2.c:20]   --->   Operation 31 'or' 'tmp_112' <Predicate = (!exitcond_flatten5)> <Delay = 0.00> <Core = "LogicGate">   --->   Core 27 'LogicGate' <Latency = 0> <II = 1> <Delay = 0.97> <FuncUnit> <Opcode : 'and' 'or' 'xor'> <InPorts = 2> <OutPorts = 1>
ST_2 : Operation 32 [1/1] (1.21ns) (out node of the LUT)   --->   "%oc_mid2 = select i1 %tmp_112, i5 0, i5 %oc" [conv_relu2.c:20]   --->   Operation 32 'select' 'oc_mid2' <Predicate = (!exitcond_flatten5)> <Delay = 1.21> <Core = "Sel">   --->   Core 26 'Sel' <Latency = 0> <II = 1> <Delay = 0.68> <FuncUnit> <Opcode : 'select'> <InPorts = 3> <OutPorts = 1>
ST_2 : Operation 33 [1/1] (0.00ns) (grouped into LUT with out node arrayNo_trunc_mid2)   --->   "%tmp_71 = trunc i5 %col_2 to i1" [conv_relu2.c:33]   --->   Operation 33 'trunc' 'tmp_71' <Predicate = (!exitcond_flatten5)> <Delay = 0.00>
ST_2 : Operation 34 [1/1] (0.99ns) (out node of the LUT)   --->   "%arrayNo_trunc_mid2 = select i1 %exitcond3_mid, i1 %tmp_71, i1 %arrayNo_trunc_mid" [conv_relu2.c:33]   --->   Operation 34 'select' 'arrayNo_trunc_mid2' <Predicate = (!exitcond_flatten5)> <Delay = 0.99> <Core = "Sel">   --->   Core 26 'Sel' <Latency = 0> <II = 1> <Delay = 0.68> <FuncUnit> <Opcode : 'select'> <InPorts = 3> <OutPorts = 1>
ST_2 : Operation 35 [1/1] (0.00ns) (grouped into LUT with out node newIndex2_mid2)   --->   "%newIndex_mid1 = call i4 @_ssdm_op_PartSelect.i4.i5.i32.i32(i5 %col_2, i32 1, i32 4)" [conv_relu2.c:33]   --->   Operation 35 'partselect' 'newIndex_mid1' <Predicate = (!exitcond_flatten5)> <Delay = 0.00>
ST_2 : Operation 36 [1/1] (1.02ns) (out node of the LUT)   --->   "%newIndex2_mid2 = select i1 %exitcond3_mid, i4 %newIndex_mid1, i4 %newIndex2_mid" [conv_relu2.c:33]   --->   Operation 36 'select' 'newIndex2_mid2' <Predicate = (!exitcond_flatten5)> <Delay = 1.02> <Core = "Sel">   --->   Core 26 'Sel' <Latency = 0> <II = 1> <Delay = 0.68> <FuncUnit> <Opcode : 'select'> <InPorts = 3> <OutPorts = 1>
ST_2 : Operation 37 [1/1] (1.21ns)   --->   "%col_mid2 = select i1 %exitcond3_mid, i5 %col_2, i5 %col_mid" [conv_relu2.c:20]   --->   Operation 37 'select' 'col_mid2' <Predicate = (!exitcond_flatten5)> <Delay = 1.21> <Core = "Sel">   --->   Core 26 'Sel' <Latency = 0> <II = 1> <Delay = 0.68> <FuncUnit> <Opcode : 'select'> <InPorts = 3> <OutPorts = 1>
ST_2 : Operation 38 [1/1] (0.00ns)   --->   "ret void" [conv_relu2.c:37]   --->   Operation 38 'ret' <Predicate = (exitcond_flatten5)> <Delay = 0.00>

State 3 <SV = 2> <Delay = 8.53>
ST_3 : Operation 39 [1/1] (1.78ns)   --->   "%row_2 = add i5 1, %row" [conv_relu2.c:16]   --->   Operation 39 'add' 'row_2' <Predicate = (exitcond_flatten3)> <Delay = 1.78> <Core = "AddSub">   --->   Core 14 'AddSub' <Latency = 0> <II = 1> <Delay = 1.73> <FuncUnit> <Opcode : 'add' 'sub'> <InPorts = 2> <OutPorts = 1>
ST_3 : Operation 40 [1/1] (0.00ns)   --->   "call void (...)* @_ssdm_op_SpecLoopName([26 x i8]* @LOOP_ROW_LOOP_COL_LO)"   --->   Operation 40 'specloopname' <Predicate = true> <Delay = 0.00>
ST_3 : Operation 41 [1/1] (1.21ns)   --->   "%tmp_mid2_v = select i1 %exitcond_flatten3, i5 %row_2, i5 %row" [conv_relu2.c:33]   --->   Operation 41 'select' 'tmp_mid2_v' <Predicate = true> <Delay = 1.21> <Core = "Sel">   --->   Core 26 'Sel' <Latency = 0> <II = 1> <Delay = 0.68> <FuncUnit> <Opcode : 'select'> <InPorts = 3> <OutPorts = 1>
ST_3 : Operation 42 [1/1] (0.00ns)   --->   "%tmp_mid2_cast = zext i5 %tmp_mid2_v to i10" [conv_relu2.c:33]   --->   Operation 42 'zext' 'tmp_mid2_cast' <Predicate = true> <Delay = 0.00>
ST_3 : Operation 43 [1/1] (0.00ns)   --->   "%tmp = call i9 @_ssdm_op_BitConcatenate.i9.i5.i4(i5 %tmp_mid2_v, i4 0)" [conv_relu2.c:33]   --->   Operation 43 'bitconcatenate' 'tmp' <Predicate = true> <Delay = 0.00>
ST_3 : Operation 44 [1/1] (0.00ns)   --->   "%p_shl3_cast = zext i9 %tmp to i10" [conv_relu2.c:33]   --->   Operation 44 'zext' 'p_shl3_cast' <Predicate = true> <Delay = 0.00>
ST_3 : Operation 45 [1/1] (0.00ns) (grouped into TernaryAdder)   --->   "%tmp_s = sub i10 %p_shl3_cast, %tmp_mid2_cast" [conv_relu2.c:33]   --->   Operation 45 'sub' 'tmp_s' <Predicate = true> <Delay = 0.00> <Core = "TAddSub">   --->   Core 84 'TAddSub' <Latency = 0> <II = 1> <Delay = 1.86> <IPBlock> <Opcode : 'add' 'sub'> <InPorts = 3> <OutPorts = 1> <Sync> <CReg>
ST_3 : Operation 46 [1/1] (0.00ns)   --->   "%tmp_110 = call i6 @_ssdm_op_BitConcatenate.i6.i5.i1(i5 %tmp_mid2_v, i1 false)" [conv_relu2.c:33]   --->   Operation 46 'bitconcatenate' 'tmp_110' <Predicate = true> <Delay = 0.00>
ST_3 : Operation 47 [1/1] (0.00ns)   --->   "%p_shl2_cast = zext i6 %tmp_110 to i10" [conv_relu2.c:33]   --->   Operation 47 'zext' 'p_shl2_cast' <Predicate = true> <Delay = 0.00>
ST_3 : Operation 48 [1/1] (0.00ns) (grouped into TernaryAdder)   --->   "%tmp_111 = sub i10 %p_shl3_cast, %p_shl2_cast" [conv_relu2.c:33]   --->   Operation 48 'sub' 'tmp_111' <Predicate = true> <Delay = 0.00> <Core = "TAddSub">   --->   Core 84 'TAddSub' <Latency = 0> <II = 1> <Delay = 1.86> <IPBlock> <Opcode : 'add' 'sub'> <InPorts = 3> <OutPorts = 1> <Sync> <CReg>
ST_3 : Operation 49 [1/1] (0.00ns)   --->   "call void (...)* @_ssdm_op_SpecLoopName([17 x i8]* @LOOP_COL_LOOP_OC_str)"   --->   Operation 49 'specloopname' <Predicate = true> <Delay = 0.00>
ST_3 : Operation 50 [1/1] (0.00ns)   --->   "%tmp_72 = zext i4 %newIndex2_mid2 to i10" [conv_relu2.c:33]   --->   Operation 50 'zext' 'tmp_72' <Predicate = true> <Delay = 0.00>
ST_3 : Operation 51 [1/1] (3.72ns) (root node of TernaryAdder)   --->   "%tmp_73 = add i10 %tmp_72, %tmp_s" [conv_relu2.c:33]   --->   Operation 51 'add' 'tmp_73' <Predicate = true> <Delay = 3.72> <Core = "TAddSub">   --->   Core 84 'TAddSub' <Latency = 0> <II = 1> <Delay = 1.86> <IPBlock> <Opcode : 'add' 'sub'> <InPorts = 3> <OutPorts = 1> <Sync> <CReg>
ST_3 : Operation 52 [1/1] (0.00ns)   --->   "%tmp_163_cast = call i14 @_ssdm_op_BitConcatenate.i14.i10.i4(i10 %tmp_73, i4 0)" [conv_relu2.c:33]   --->   Operation 52 'bitconcatenate' 'tmp_163_cast' <Predicate = true> <Delay = 0.00>
ST_3 : Operation 53 [1/1] (0.00ns)   --->   "%tmp_74 = zext i4 %newIndex2_mid2 to i10" [conv_relu2.c:33]   --->   Operation 53 'zext' 'tmp_74' <Predicate = true> <Delay = 0.00>
ST_3 : Operation 54 [1/1] (3.72ns) (root node of TernaryAdder)   --->   "%tmp_75 = add i10 %tmp_74, %tmp_111" [conv_relu2.c:33]   --->   Operation 54 'add' 'tmp_75' <Predicate = true> <Delay = 3.72> <Core = "TAddSub">   --->   Core 84 'TAddSub' <Latency = 0> <II = 1> <Delay = 1.86> <IPBlock> <Opcode : 'add' 'sub'> <InPorts = 3> <OutPorts = 1> <Sync> <CReg>
ST_3 : Operation 55 [1/1] (0.00ns)   --->   "%tmp_166_cast = call i14 @_ssdm_op_BitConcatenate.i14.i10.i4(i10 %tmp_75, i4 0)" [conv_relu2.c:33]   --->   Operation 55 'bitconcatenate' 'tmp_166_cast' <Predicate = true> <Delay = 0.00>
ST_3 : Operation 56 [1/1] (0.00ns)   --->   "call void (...)* @_ssdm_op_SpecLoopName([8 x i8]* @p_str412) nounwind" [conv_relu2.c:20]   --->   Operation 56 'specloopname' <Predicate = true> <Delay = 0.00>
ST_3 : Operation 57 [1/1] (0.00ns)   --->   "%tmp_24 = call i32 (...)* @_ssdm_op_SpecRegionBegin([8 x i8]* @p_str412)" [conv_relu2.c:20]   --->   Operation 57 'specregionbegin' 'tmp_24' <Predicate = true> <Delay = 0.00>
ST_3 : Operation 58 [1/1] (0.00ns)   --->   "%tmp_cast3 = zext i5 %oc_mid2 to i9" [conv_relu2.c:33]   --->   Operation 58 'zext' 'tmp_cast3' <Predicate = true> <Delay = 0.00>
ST_3 : Operation 59 [1/1] (0.00ns)   --->   "%tmp_cast = zext i5 %oc_mid2 to i14" [conv_relu2.c:33]   --->   Operation 59 'zext' 'tmp_cast' <Predicate = true> <Delay = 0.00>
ST_3 : Operation 60 [1/1] (1.81ns)   --->   "%tmp_113 = add i14 %tmp_cast, %tmp_163_cast" [conv_relu2.c:33]   --->   Operation 60 'add' 'tmp_113' <Predicate = true> <Delay = 1.81> <Core = "AddSub">   --->   Core 14 'AddSub' <Latency = 0> <II = 1> <Delay = 1.73> <FuncUnit> <Opcode : 'add' 'sub'> <InPorts = 2> <OutPorts = 1>
ST_3 : Operation 61 [1/1] (0.00ns)   --->   "%tmp_167_cast = zext i14 %tmp_113 to i64" [conv_relu2.c:33]   --->   Operation 61 'zext' 'tmp_167_cast' <Predicate = true> <Delay = 0.00>
ST_3 : Operation 62 [1/1] (0.00ns)   --->   "%output_0_addr = getelementptr [6960 x i31]* %output_0, i64 0, i64 %tmp_167_cast" [conv_relu2.c:33]   --->   Operation 62 'getelementptr' 'output_0_addr' <Predicate = true> <Delay = 0.00>
ST_3 : Operation 63 [1/1] (1.81ns)   --->   "%tmp_114 = add i14 %tmp_cast, %tmp_166_cast" [conv_relu2.c:33]   --->   Operation 63 'add' 'tmp_114' <Predicate = true> <Delay = 1.81> <Core = "AddSub">   --->   Core 14 'AddSub' <Latency = 0> <II = 1> <Delay = 1.73> <FuncUnit> <Opcode : 'add' 'sub'> <InPorts = 2> <OutPorts = 1>
ST_3 : Operation 64 [1/1] (0.00ns)   --->   "%tmp_168_cast = zext i14 %tmp_114 to i64" [conv_relu2.c:33]   --->   Operation 64 'zext' 'tmp_168_cast' <Predicate = true> <Delay = 0.00>
ST_3 : Operation 65 [1/1] (0.00ns)   --->   "%output_1_addr = getelementptr [6496 x i31]* %output_1, i64 0, i64 %tmp_168_cast" [conv_relu2.c:33]   --->   Operation 65 'getelementptr' 'output_1_addr' <Predicate = true> <Delay = 0.00>
ST_3 : Operation 66 [1/1] (1.76ns)   --->   "br label %2" [conv_relu2.c:23]   --->   Operation 66 'br' <Predicate = true> <Delay = 1.76>

State 4 <SV = 3> <Delay = 5.96>
ST_4 : Operation 67 [1/1] (0.00ns)   --->   "%indvar_flatten = phi i4 [ 0, %.reset14 ], [ %indvar_flatten_next, %.reset ]"   --->   Operation 67 'phi' 'indvar_flatten' <Predicate = true> <Delay = 0.00>
ST_4 : Operation 68 [1/1] (0.00ns)   --->   "%kr = phi i2 [ 0, %.reset14 ], [ %tmp_42_mid2_v_v_v, %.reset ]" [conv_relu2.c:28]   --->   Operation 68 'phi' 'kr' <Predicate = true> <Delay = 0.00>
ST_4 : Operation 69 [1/1] (0.00ns)   --->   "%kc = phi i2 [ 0, %.reset14 ], [ %kc_2, %.reset ]"   --->   Operation 69 'phi' 'kc' <Predicate = true> <Delay = 0.00>
ST_4 : Operation 70 [1/1] (0.00ns)   --->   "%sum_1 = phi i32 [ 0, %.reset14 ], [ %sum_5_7, %.reset ]" [conv_relu2.c:28]   --->   Operation 70 'phi' 'sum_1' <Predicate = true> <Delay = 0.00>
ST_4 : Operation 71 [1/1] (1.30ns)   --->   "%exitcond_flatten = icmp eq i4 %indvar_flatten, -7"   --->   Operation 71 'icmp' 'exitcond_flatten' <Predicate = true> <Delay = 1.30> <Core = "Cmp">   --->   Core 25 'Cmp' <Latency = 0> <II = 1> <Delay = 2.47> <FuncUnit> <Opcode : 'icmp'> <InPorts = 2> <OutPorts = 1>
ST_4 : Operation 72 [1/1] (0.00ns)   --->   "%empty_23 = call i32 (...)* @_ssdm_op_SpecLoopTripCount(i64 9, i64 9, i64 9)"   --->   Operation 72 'speclooptripcount' 'empty_23' <Predicate = true> <Delay = 0.00>
ST_4 : Operation 73 [1/1] (1.73ns)   --->   "%indvar_flatten_next = add i4 %indvar_flatten, 1"   --->   Operation 73 'add' 'indvar_flatten_next' <Predicate = true> <Delay = 1.73> <Core = "AddSub">   --->   Core 14 'AddSub' <Latency = 0> <II = 1> <Delay = 1.73> <FuncUnit> <Opcode : 'add' 'sub'> <InPorts = 2> <OutPorts = 1>
ST_4 : Operation 74 [1/1] (0.00ns)   --->   "br i1 %exitcond_flatten, label %3, label %.reset"   --->   Operation 74 'br' <Predicate = true> <Delay = 0.00>
ST_4 : Operation 75 [1/1] (1.56ns)   --->   "%kr_2 = add i2 %kr, 1" [conv_relu2.c:23]   --->   Operation 75 'add' 'kr_2' <Predicate = (!exitcond_flatten)> <Delay = 1.56> <Core = "AddSub">   --->   Core 14 'AddSub' <Latency = 0> <II = 1> <Delay = 1.73> <FuncUnit> <Opcode : 'add' 'sub'> <InPorts = 2> <OutPorts = 1>
ST_4 : Operation 76 [1/1] (0.95ns)   --->   "%exitcond3 = icmp eq i2 %kc, -1" [conv_relu2.c:25]   --->   Operation 76 'icmp' 'exitcond3' <Predicate = (!exitcond_flatten)> <Delay = 0.95> <Core = "Cmp">   --->   Core 25 'Cmp' <Latency = 0> <II = 1> <Delay = 2.47> <FuncUnit> <Opcode : 'icmp'> <InPorts = 2> <OutPorts = 1>
ST_4 : Operation 77 [1/1] (0.99ns)   --->   "%kc_mid2 = select i1 %exitcond3, i2 0, i2 %kc" [conv_relu2.c:25]   --->   Operation 77 'select' 'kc_mid2' <Predicate = (!exitcond_flatten)> <Delay = 0.99> <Core = "Sel">   --->   Core 26 'Sel' <Latency = 0> <II = 1> <Delay = 0.68> <FuncUnit> <Opcode : 'select'> <InPorts = 3> <OutPorts = 1>
ST_4 : Operation 78 [1/1] (0.99ns)   --->   "%tmp_42_mid2_v_v_v = select i1 %exitcond3, i2 %kr_2, i2 %kr" [conv_relu2.c:28]   --->   Operation 78 'select' 'tmp_42_mid2_v_v_v' <Predicate = (!exitcond_flatten)> <Delay = 0.99> <Core = "Sel">   --->   Core 26 'Sel' <Latency = 0> <II = 1> <Delay = 0.68> <FuncUnit> <Opcode : 'select'> <InPorts = 3> <OutPorts = 1>
ST_4 : Operation 79 [1/1] (0.00ns)   --->   "%tmp_42_mid2_v_v = zext i2 %tmp_42_mid2_v_v_v to i5" [conv_relu2.c:28]   --->   Operation 79 'zext' 'tmp_42_mid2_v_v' <Predicate = (!exitcond_flatten)> <Delay = 0.00>
ST_4 : Operation 80 [1/1] (1.78ns)   --->   "%tmp_42_mid2_v = add i5 %tmp_42_mid2_v_v, %tmp_mid2_v" [conv_relu2.c:28]   --->   Operation 80 'add' 'tmp_42_mid2_v' <Predicate = (!exitcond_flatten)> <Delay = 1.78> <Core = "AddSub">   --->   Core 14 'AddSub' <Latency = 0> <II = 1> <Delay = 1.73> <FuncUnit> <Opcode : 'add' 'sub'> <InPorts = 2> <OutPorts = 1>
ST_4 : Operation 81 [1/1] (0.00ns)   --->   "%tmp_117 = call i4 @_ssdm_op_BitConcatenate.i4.i2.i2(i2 %tmp_42_mid2_v_v_v, i2 0)" [conv_relu2.c:28]   --->   Operation 81 'bitconcatenate' 'tmp_117' <Predicate = (!exitcond_flatten)> <Delay = 0.00>
ST_4 : Operation 82 [1/1] (0.00ns)   --->   "%p_shl4_cast = zext i4 %tmp_117 to i5" [conv_relu2.c:28]   --->   Operation 82 'zext' 'p_shl4_cast' <Predicate = (!exitcond_flatten)> <Delay = 0.00>
ST_4 : Operation 83 [1/1] (0.00ns) (grouped into TernaryAdder)   --->   "%tmp_118 = sub i5 %p_shl4_cast, %tmp_42_mid2_v_v" [conv_relu2.c:28]   --->   Operation 83 'sub' 'tmp_118' <Predicate = (!exitcond_flatten)> <Delay = 0.00> <Core = "TAddSub">   --->   Core 84 'TAddSub' <Latency = 0> <II = 1> <Delay = 1.86> <IPBlock> <Opcode : 'add' 'sub'> <InPorts = 3> <OutPorts = 1> <Sync> <CReg>
ST_4 : Operation 84 [1/1] (0.00ns)   --->   "%kc_cast8 = zext i2 %kc_mid2 to i5" [conv_relu2.c:25]   --->   Operation 84 'zext' 'kc_cast8' <Predicate = (!exitcond_flatten)> <Delay = 0.00>
ST_4 : Operation 85 [1/1] (1.78ns)   --->   "%tmp_28 = add i5 %kc_cast8, %col_mid2" [conv_relu2.c:28]   --->   Operation 85 'add' 'tmp_28' <Predicate = (!exitcond_flatten)> <Delay = 1.78> <Core = "AddSub">   --->   Core 14 'AddSub' <Latency = 0> <II = 1> <Delay = 1.73> <FuncUnit> <Opcode : 'add' 'sub'> <InPorts = 2> <OutPorts = 1>
ST_4 : Operation 86 [1/1] (0.00ns)   --->   "%tmp_30_cast = zext i2 %kc_mid2 to i5" [conv_relu2.c:25]   --->   Operation 86 'zext' 'tmp_30_cast' <Predicate = (!exitcond_flatten)> <Delay = 0.00>
ST_4 : Operation 87 [1/1] (3.40ns) (root node of TernaryAdder)   --->   "%tmp_120 = add i5 %tmp_118, %tmp_30_cast" [conv_relu2.c:28]   --->   Operation 87 'add' 'tmp_120' <Predicate = (!exitcond_flatten)> <Delay = 3.40> <Core = "TAddSub">   --->   Core 84 'TAddSub' <Latency = 0> <II = 1> <Delay = 1.86> <IPBlock> <Opcode : 'add' 'sub'> <InPorts = 3> <OutPorts = 1> <Sync> <CReg>
ST_4 : Operation 88 [1/1] (1.56ns)   --->   "%kc_2 = add i2 %kc_mid2, 1" [conv_relu2.c:25]   --->   Operation 88 'add' 'kc_2' <Predicate = (!exitcond_flatten)> <Delay = 1.56> <Core = "AddSub">   --->   Core 14 'AddSub' <Latency = 0> <II = 1> <Delay = 1.73> <FuncUnit> <Opcode : 'add' 'sub'> <InPorts = 2> <OutPorts = 1>

State 5 <SV = 4> <Delay = 7.01>
ST_5 : Operation 89 [1/1] (0.00ns)   --->   "%tmp_42_mid2_cast = zext i5 %tmp_42_mid2_v to i11" [conv_relu2.c:28]   --->   Operation 89 'zext' 'tmp_42_mid2_cast' <Predicate = (!exitcond_flatten)> <Delay = 0.00>
ST_5 : Operation 90 [1/1] (0.00ns)   --->   "%tmp_115 = call i10 @_ssdm_op_BitConcatenate.i10.i5.i5(i5 %tmp_42_mid2_v, i5 0)" [conv_relu2.c:28]   --->   Operation 90 'bitconcatenate' 'tmp_115' <Predicate = (!exitcond_flatten)> <Delay = 0.00>
ST_5 : Operation 91 [1/1] (0.00ns)   --->   "%p_shl5_cast = zext i10 %tmp_115 to i11" [conv_relu2.c:28]   --->   Operation 91 'zext' 'p_shl5_cast' <Predicate = (!exitcond_flatten)> <Delay = 0.00>
ST_5 : Operation 92 [1/1] (0.00ns) (grouped into TernaryAdder)   --->   "%tmp_116 = sub i11 %p_shl5_cast, %tmp_42_mid2_cast" [conv_relu2.c:28]   --->   Operation 92 'sub' 'tmp_116' <Predicate = (!exitcond_flatten)> <Delay = 0.00> <Core = "TAddSub">   --->   Core 84 'TAddSub' <Latency = 0> <II = 1> <Delay = 1.86> <IPBlock> <Opcode : 'add' 'sub'> <InPorts = 3> <OutPorts = 1> <Sync> <CReg>
ST_5 : Operation 93 [1/1] (0.00ns)   --->   "%tmp_29_cast = zext i5 %tmp_28 to i11" [conv_relu2.c:28]   --->   Operation 93 'zext' 'tmp_29_cast' <Predicate = (!exitcond_flatten)> <Delay = 0.00>
ST_5 : Operation 94 [1/1] (3.75ns) (root node of TernaryAdder)   --->   "%tmp_119 = add i11 %tmp_116, %tmp_29_cast" [conv_relu2.c:28]   --->   Operation 94 'add' 'tmp_119' <Predicate = (!exitcond_flatten)> <Delay = 3.75> <Core = "TAddSub">   --->   Core 84 'TAddSub' <Latency = 0> <II = 1> <Delay = 1.86> <IPBlock> <Opcode : 'add' 'sub'> <InPorts = 3> <OutPorts = 1> <Sync> <CReg>
ST_5 : Operation 95 [1/1] (0.00ns)   --->   "%tmp_174_cast = sext i11 %tmp_119 to i64" [conv_relu2.c:28]   --->   Operation 95 'sext' 'tmp_174_cast' <Predicate = (!exitcond_flatten)> <Delay = 0.00>
ST_5 : Operation 96 [1/1] (0.00ns)   --->   "%buf_pool1_0_addr = getelementptr [961 x i31]* @buf_pool1_0, i64 0, i64 %tmp_174_cast" [conv_relu2.c:28]   --->   Operation 96 'getelementptr' 'buf_pool1_0_addr' <Predicate = (!exitcond_flatten)> <Delay = 0.00>
ST_5 : Operation 97 [1/1] (0.00ns)   --->   "%buf_pool1_1_addr = getelementptr [961 x i31]* @buf_pool1_1, i64 0, i64 %tmp_174_cast" [conv_relu2.c:28]   --->   Operation 97 'getelementptr' 'buf_pool1_1_addr' <Predicate = (!exitcond_flatten)> <Delay = 0.00>
ST_5 : Operation 98 [1/1] (0.00ns)   --->   "%buf_pool1_4_addr = getelementptr [961 x i31]* @buf_pool1_4, i64 0, i64 %tmp_174_cast" [conv_relu2.c:28]   --->   Operation 98 'getelementptr' 'buf_pool1_4_addr' <Predicate = (!exitcond_flatten)> <Delay = 0.00>
ST_5 : Operation 99 [1/1] (0.00ns)   --->   "%buf_pool1_5_addr = getelementptr [961 x i31]* @buf_pool1_5, i64 0, i64 %tmp_174_cast" [conv_relu2.c:28]   --->   Operation 99 'getelementptr' 'buf_pool1_5_addr' <Predicate = (!exitcond_flatten)> <Delay = 0.00>
ST_5 : Operation 100 [1/1] (0.00ns)   --->   "%tmp_177_cast = call i9 @_ssdm_op_BitConcatenate.i9.i5.i4(i5 %tmp_120, i4 0)" [conv_relu2.c:28]   --->   Operation 100 'bitconcatenate' 'tmp_177_cast' <Predicate = (!exitcond_flatten)> <Delay = 0.00>
ST_5 : Operation 101 [1/1] (1.82ns)   --->   "%tmp_121 = add i9 %tmp_177_cast, %tmp_cast3" [conv_relu2.c:28]   --->   Operation 101 'add' 'tmp_121' <Predicate = (!exitcond_flatten)> <Delay = 1.82> <Core = "AddSub">   --->   Core 14 'AddSub' <Latency = 0> <II = 1> <Delay = 1.73> <FuncUnit> <Opcode : 'add' 'sub'> <InPorts = 2> <OutPorts = 1>
ST_5 : Operation 102 [1/1] (0.00ns)   --->   "%tmp_178_cast = zext i9 %tmp_121 to i64" [conv_relu2.c:28]   --->   Operation 102 'zext' 'tmp_178_cast' <Predicate = (!exitcond_flatten)> <Delay = 0.00>
ST_5 : Operation 103 [1/1] (0.00ns)   --->   "%w_conv2_0_addr = getelementptr [144 x i5]* @w_conv2_0, i64 0, i64 %tmp_178_cast" [conv_relu2.c:28]   --->   Operation 103 'getelementptr' 'w_conv2_0_addr' <Predicate = (!exitcond_flatten)> <Delay = 0.00>
ST_5 : Operation 104 [1/1] (0.00ns)   --->   "%w_conv2_1_addr = getelementptr [144 x i5]* @w_conv2_1, i64 0, i64 %tmp_178_cast" [conv_relu2.c:28]   --->   Operation 104 'getelementptr' 'w_conv2_1_addr' <Predicate = (!exitcond_flatten)> <Delay = 0.00>
ST_5 : Operation 105 [1/1] (0.00ns)   --->   "%w_conv2_2_addr = getelementptr [144 x i5]* @w_conv2_2, i64 0, i64 %tmp_178_cast" [conv_relu2.c:28]   --->   Operation 105 'getelementptr' 'w_conv2_2_addr' <Predicate = (!exitcond_flatten)> <Delay = 0.00>
ST_5 : Operation 106 [1/1] (0.00ns)   --->   "%w_conv2_3_addr = getelementptr [144 x i5]* @w_conv2_3, i64 0, i64 %tmp_178_cast" [conv_relu2.c:28]   --->   Operation 106 'getelementptr' 'w_conv2_3_addr' <Predicate = (!exitcond_flatten)> <Delay = 0.00>
ST_5 : Operation 107 [1/1] (0.00ns)   --->   "%w_conv2_4_addr = getelementptr [144 x i5]* @w_conv2_4, i64 0, i64 %tmp_178_cast" [conv_relu2.c:28]   --->   Operation 107 'getelementptr' 'w_conv2_4_addr' <Predicate = (!exitcond_flatten)> <Delay = 0.00>
ST_5 : Operation 108 [1/1] (0.00ns)   --->   "%w_conv2_5_addr = getelementptr [144 x i5]* @w_conv2_5, i64 0, i64 %tmp_178_cast" [conv_relu2.c:28]   --->   Operation 108 'getelementptr' 'w_conv2_5_addr' <Predicate = (!exitcond_flatten)> <Delay = 0.00>
ST_5 : Operation 109 [1/1] (0.00ns)   --->   "%w_conv2_6_addr = getelementptr [144 x i5]* @w_conv2_6, i64 0, i64 %tmp_178_cast" [conv_relu2.c:28]   --->   Operation 109 'getelementptr' 'w_conv2_6_addr' <Predicate = (!exitcond_flatten)> <Delay = 0.00>
ST_5 : Operation 110 [1/1] (0.00ns)   --->   "%w_conv2_7_addr = getelementptr [144 x i5]* @w_conv2_7, i64 0, i64 %tmp_178_cast" [conv_relu2.c:28]   --->   Operation 110 'getelementptr' 'w_conv2_7_addr' <Predicate = (!exitcond_flatten)> <Delay = 0.00>
ST_5 : Operation 111 [2/2] (3.25ns)   --->   "%buf_pool1_0_load = load i31* %buf_pool1_0_addr, align 4" [conv_relu2.c:28]   --->   Operation 111 'load' 'buf_pool1_0_load' <Predicate = (!exitcond_flatten)> <Delay = 3.25> <Core = "RAM">   --->   Core 37 'RAM' <Latency = 1> <II = 1> <Delay = 3.25> <Storage> <Opcode : 'load' 'store'> <Ports = 2> <Width = 31> <Depth = 6496> <RAM>
ST_5 : Operation 112 [2/2] (3.25ns)   --->   "%w_conv2_0_load = load i5* %w_conv2_0_addr, align 1" [conv_relu2.c:28]   --->   Operation 112 'load' 'w_conv2_0_load' <Predicate = (!exitcond_flatten)> <Delay = 3.25> <Core = "ROM_nP">   --->   Core 52 'ROM_nP' <Latency = 1> <II = 1> <Delay = 3.25> <Storage> <Opcode : 'load'> <Ports = 0> <Width = 5> <Depth = 144> <ROM>
ST_5 : Operation 113 [2/2] (3.25ns)   --->   "%buf_pool1_1_load = load i31* %buf_pool1_1_addr, align 4" [conv_relu2.c:28]   --->   Operation 113 'load' 'buf_pool1_1_load' <Predicate = (!exitcond_flatten)> <Delay = 3.25> <Core = "RAM">   --->   Core 37 'RAM' <Latency = 1> <II = 1> <Delay = 3.25> <Storage> <Opcode : 'load' 'store'> <Ports = 2> <Width = 31> <Depth = 6496> <RAM>
ST_5 : Operation 114 [2/2] (3.25ns)   --->   "%w_conv2_1_load = load i5* %w_conv2_1_addr, align 1" [conv_relu2.c:28]   --->   Operation 114 'load' 'w_conv2_1_load' <Predicate = (!exitcond_flatten)> <Delay = 3.25> <Core = "ROM_nP">   --->   Core 52 'ROM_nP' <Latency = 1> <II = 1> <Delay = 3.25> <Storage> <Opcode : 'load'> <Ports = 0> <Width = 5> <Depth = 144> <ROM>
ST_5 : Operation 115 [2/2] (3.25ns)   --->   "%w_conv2_2_load = load i5* %w_conv2_2_addr, align 1" [conv_relu2.c:28]   --->   Operation 115 'load' 'w_conv2_2_load' <Predicate = (!exitcond_flatten)> <Delay = 3.25> <Core = "ROM_nP">   --->   Core 52 'ROM_nP' <Latency = 1> <II = 1> <Delay = 3.25> <Storage> <Opcode : 'load'> <Ports = 0> <Width = 5> <Depth = 144> <ROM>
ST_5 : Operation 116 [2/2] (3.25ns)   --->   "%w_conv2_3_load = load i5* %w_conv2_3_addr, align 1" [conv_relu2.c:28]   --->   Operation 116 'load' 'w_conv2_3_load' <Predicate = (!exitcond_flatten)> <Delay = 3.25> <Core = "ROM_nP">   --->   Core 52 'ROM_nP' <Latency = 1> <II = 1> <Delay = 3.25> <Storage> <Opcode : 'load'> <Ports = 0> <Width = 5> <Depth = 144> <ROM>
ST_5 : Operation 117 [2/2] (3.25ns)   --->   "%buf_pool1_4_load = load i31* %buf_pool1_4_addr, align 4" [conv_relu2.c:28]   --->   Operation 117 'load' 'buf_pool1_4_load' <Predicate = (!exitcond_flatten)> <Delay = 3.25> <Core = "RAM">   --->   Core 37 'RAM' <Latency = 1> <II = 1> <Delay = 3.25> <Storage> <Opcode : 'load' 'store'> <Ports = 2> <Width = 31> <Depth = 6496> <RAM>
ST_5 : Operation 118 [2/2] (3.25ns)   --->   "%w_conv2_4_load = load i5* %w_conv2_4_addr, align 1" [conv_relu2.c:28]   --->   Operation 118 'load' 'w_conv2_4_load' <Predicate = (!exitcond_flatten)> <Delay = 3.25> <Core = "ROM_nP">   --->   Core 52 'ROM_nP' <Latency = 1> <II = 1> <Delay = 3.25> <Storage> <Opcode : 'load'> <Ports = 0> <Width = 5> <Depth = 144> <ROM>
ST_5 : Operation 119 [2/2] (3.25ns)   --->   "%buf_pool1_5_load = load i31* %buf_pool1_5_addr, align 4" [conv_relu2.c:28]   --->   Operation 119 'load' 'buf_pool1_5_load' <Predicate = (!exitcond_flatten)> <Delay = 3.25> <Core = "RAM">   --->   Core 37 'RAM' <Latency = 1> <II = 1> <Delay = 3.25> <Storage> <Opcode : 'load' 'store'> <Ports = 2> <Width = 31> <Depth = 6496> <RAM>
ST_5 : Operation 120 [2/2] (3.25ns)   --->   "%w_conv2_5_load = load i5* %w_conv2_5_addr, align 1" [conv_relu2.c:28]   --->   Operation 120 'load' 'w_conv2_5_load' <Predicate = (!exitcond_flatten)> <Delay = 3.25> <Core = "ROM_nP">   --->   Core 52 'ROM_nP' <Latency = 1> <II = 1> <Delay = 3.25> <Storage> <Opcode : 'load'> <Ports = 0> <Width = 5> <Depth = 144> <ROM>
ST_5 : Operation 121 [2/2] (3.25ns)   --->   "%w_conv2_6_load = load i5* %w_conv2_6_addr, align 1" [conv_relu2.c:28]   --->   Operation 121 'load' 'w_conv2_6_load' <Predicate = (!exitcond_flatten)> <Delay = 3.25> <Core = "ROM_nP">   --->   Core 52 'ROM_nP' <Latency = 1> <II = 1> <Delay = 3.25> <Storage> <Opcode : 'load'> <Ports = 0> <Width = 5> <Depth = 144> <ROM>
ST_5 : Operation 122 [2/2] (3.25ns)   --->   "%w_conv2_7_load = load i5* %w_conv2_7_addr, align 1" [conv_relu2.c:28]   --->   Operation 122 'load' 'w_conv2_7_load' <Predicate = (!exitcond_flatten)> <Delay = 3.25> <Core = "ROM_nP">   --->   Core 52 'ROM_nP' <Latency = 1> <II = 1> <Delay = 3.25> <Storage> <Opcode : 'load'> <Ports = 0> <Width = 5> <Depth = 144> <ROM>

State 6 <SV = 5> <Delay = 3.25>
ST_6 : Operation 123 [1/1] (0.00ns)   --->   "%buf_pool1_2_addr = getelementptr [961 x i31]* @buf_pool1_2, i64 0, i64 %tmp_174_cast" [conv_relu2.c:28]   --->   Operation 123 'getelementptr' 'buf_pool1_2_addr' <Predicate = (!exitcond_flatten)> <Delay = 0.00>
ST_6 : Operation 124 [1/1] (0.00ns)   --->   "%buf_pool1_3_addr = getelementptr [961 x i31]* @buf_pool1_3, i64 0, i64 %tmp_174_cast" [conv_relu2.c:28]   --->   Operation 124 'getelementptr' 'buf_pool1_3_addr' <Predicate = (!exitcond_flatten)> <Delay = 0.00>
ST_6 : Operation 125 [1/1] (0.00ns)   --->   "%buf_pool1_6_addr = getelementptr [961 x i31]* @buf_pool1_6, i64 0, i64 %tmp_174_cast" [conv_relu2.c:28]   --->   Operation 125 'getelementptr' 'buf_pool1_6_addr' <Predicate = (!exitcond_flatten)> <Delay = 0.00>
ST_6 : Operation 126 [1/1] (0.00ns)   --->   "%buf_pool1_7_addr = getelementptr [961 x i31]* @buf_pool1_7, i64 0, i64 %tmp_174_cast" [conv_relu2.c:28]   --->   Operation 126 'getelementptr' 'buf_pool1_7_addr' <Predicate = (!exitcond_flatten)> <Delay = 0.00>
ST_6 : Operation 127 [1/2] (3.25ns)   --->   "%buf_pool1_0_load = load i31* %buf_pool1_0_addr, align 4" [conv_relu2.c:28]   --->   Operation 127 'load' 'buf_pool1_0_load' <Predicate = (!exitcond_flatten)> <Delay = 3.25> <Core = "RAM">   --->   Core 37 'RAM' <Latency = 1> <II = 1> <Delay = 3.25> <Storage> <Opcode : 'load' 'store'> <Ports = 2> <Width = 31> <Depth = 6496> <RAM>
ST_6 : Operation 128 [1/2] (3.25ns)   --->   "%w_conv2_0_load = load i5* %w_conv2_0_addr, align 1" [conv_relu2.c:28]   --->   Operation 128 'load' 'w_conv2_0_load' <Predicate = (!exitcond_flatten)> <Delay = 3.25> <Core = "ROM_nP">   --->   Core 52 'ROM_nP' <Latency = 1> <II = 1> <Delay = 3.25> <Storage> <Opcode : 'load'> <Ports = 0> <Width = 5> <Depth = 144> <ROM>
ST_6 : Operation 129 [1/2] (3.25ns)   --->   "%buf_pool1_1_load = load i31* %buf_pool1_1_addr, align 4" [conv_relu2.c:28]   --->   Operation 129 'load' 'buf_pool1_1_load' <Predicate = (!exitcond_flatten)> <Delay = 3.25> <Core = "RAM">   --->   Core 37 'RAM' <Latency = 1> <II = 1> <Delay = 3.25> <Storage> <Opcode : 'load' 'store'> <Ports = 2> <Width = 31> <Depth = 6496> <RAM>
ST_6 : Operation 130 [1/2] (3.25ns)   --->   "%w_conv2_1_load = load i5* %w_conv2_1_addr, align 1" [conv_relu2.c:28]   --->   Operation 130 'load' 'w_conv2_1_load' <Predicate = (!exitcond_flatten)> <Delay = 3.25> <Core = "ROM_nP">   --->   Core 52 'ROM_nP' <Latency = 1> <II = 1> <Delay = 3.25> <Storage> <Opcode : 'load'> <Ports = 0> <Width = 5> <Depth = 144> <ROM>
ST_6 : Operation 131 [2/2] (3.25ns)   --->   "%buf_pool1_2_load = load i31* %buf_pool1_2_addr, align 4" [conv_relu2.c:28]   --->   Operation 131 'load' 'buf_pool1_2_load' <Predicate = (!exitcond_flatten)> <Delay = 3.25> <Core = "RAM">   --->   Core 37 'RAM' <Latency = 1> <II = 1> <Delay = 3.25> <Storage> <Opcode : 'load' 'store'> <Ports = 2> <Width = 31> <Depth = 6496> <RAM>
ST_6 : Operation 132 [1/2] (3.25ns)   --->   "%w_conv2_2_load = load i5* %w_conv2_2_addr, align 1" [conv_relu2.c:28]   --->   Operation 132 'load' 'w_conv2_2_load' <Predicate = (!exitcond_flatten)> <Delay = 3.25> <Core = "ROM_nP">   --->   Core 52 'ROM_nP' <Latency = 1> <II = 1> <Delay = 3.25> <Storage> <Opcode : 'load'> <Ports = 0> <Width = 5> <Depth = 144> <ROM>
ST_6 : Operation 133 [2/2] (3.25ns)   --->   "%buf_pool1_3_load = load i31* %buf_pool1_3_addr, align 4" [conv_relu2.c:28]   --->   Operation 133 'load' 'buf_pool1_3_load' <Predicate = (!exitcond_flatten)> <Delay = 3.25> <Core = "RAM">   --->   Core 37 'RAM' <Latency = 1> <II = 1> <Delay = 3.25> <Storage> <Opcode : 'load' 'store'> <Ports = 2> <Width = 31> <Depth = 6496> <RAM>
ST_6 : Operation 134 [1/2] (3.25ns)   --->   "%w_conv2_3_load = load i5* %w_conv2_3_addr, align 1" [conv_relu2.c:28]   --->   Operation 134 'load' 'w_conv2_3_load' <Predicate = (!exitcond_flatten)> <Delay = 3.25> <Core = "ROM_nP">   --->   Core 52 'ROM_nP' <Latency = 1> <II = 1> <Delay = 3.25> <Storage> <Opcode : 'load'> <Ports = 0> <Width = 5> <Depth = 144> <ROM>
ST_6 : Operation 135 [1/2] (3.25ns)   --->   "%buf_pool1_4_load = load i31* %buf_pool1_4_addr, align 4" [conv_relu2.c:28]   --->   Operation 135 'load' 'buf_pool1_4_load' <Predicate = (!exitcond_flatten)> <Delay = 3.25> <Core = "RAM">   --->   Core 37 'RAM' <Latency = 1> <II = 1> <Delay = 3.25> <Storage> <Opcode : 'load' 'store'> <Ports = 2> <Width = 31> <Depth = 6496> <RAM>
ST_6 : Operation 136 [1/2] (3.25ns)   --->   "%w_conv2_4_load = load i5* %w_conv2_4_addr, align 1" [conv_relu2.c:28]   --->   Operation 136 'load' 'w_conv2_4_load' <Predicate = (!exitcond_flatten)> <Delay = 3.25> <Core = "ROM_nP">   --->   Core 52 'ROM_nP' <Latency = 1> <II = 1> <Delay = 3.25> <Storage> <Opcode : 'load'> <Ports = 0> <Width = 5> <Depth = 144> <ROM>
ST_6 : Operation 137 [1/2] (3.25ns)   --->   "%buf_pool1_5_load = load i31* %buf_pool1_5_addr, align 4" [conv_relu2.c:28]   --->   Operation 137 'load' 'buf_pool1_5_load' <Predicate = (!exitcond_flatten)> <Delay = 3.25> <Core = "RAM">   --->   Core 37 'RAM' <Latency = 1> <II = 1> <Delay = 3.25> <Storage> <Opcode : 'load' 'store'> <Ports = 2> <Width = 31> <Depth = 6496> <RAM>
ST_6 : Operation 138 [1/2] (3.25ns)   --->   "%w_conv2_5_load = load i5* %w_conv2_5_addr, align 1" [conv_relu2.c:28]   --->   Operation 138 'load' 'w_conv2_5_load' <Predicate = (!exitcond_flatten)> <Delay = 3.25> <Core = "ROM_nP">   --->   Core 52 'ROM_nP' <Latency = 1> <II = 1> <Delay = 3.25> <Storage> <Opcode : 'load'> <Ports = 0> <Width = 5> <Depth = 144> <ROM>
ST_6 : Operation 139 [2/2] (3.25ns)   --->   "%buf_pool1_6_load = load i31* %buf_pool1_6_addr, align 4" [conv_relu2.c:28]   --->   Operation 139 'load' 'buf_pool1_6_load' <Predicate = (!exitcond_flatten)> <Delay = 3.25> <Core = "RAM">   --->   Core 37 'RAM' <Latency = 1> <II = 1> <Delay = 3.25> <Storage> <Opcode : 'load' 'store'> <Ports = 2> <Width = 31> <Depth = 6496> <RAM>
ST_6 : Operation 140 [1/2] (3.25ns)   --->   "%w_conv2_6_load = load i5* %w_conv2_6_addr, align 1" [conv_relu2.c:28]   --->   Operation 140 'load' 'w_conv2_6_load' <Predicate = (!exitcond_flatten)> <Delay = 3.25> <Core = "ROM_nP">   --->   Core 52 'ROM_nP' <Latency = 1> <II = 1> <Delay = 3.25> <Storage> <Opcode : 'load'> <Ports = 0> <Width = 5> <Depth = 144> <ROM>
ST_6 : Operation 141 [2/2] (3.25ns)   --->   "%buf_pool1_7_load = load i31* %buf_pool1_7_addr, align 4" [conv_relu2.c:28]   --->   Operation 141 'load' 'buf_pool1_7_load' <Predicate = (!exitcond_flatten)> <Delay = 3.25> <Core = "RAM">   --->   Core 37 'RAM' <Latency = 1> <II = 1> <Delay = 3.25> <Storage> <Opcode : 'load' 'store'> <Ports = 2> <Width = 31> <Depth = 6496> <RAM>
ST_6 : Operation 142 [1/2] (3.25ns)   --->   "%w_conv2_7_load = load i5* %w_conv2_7_addr, align 1" [conv_relu2.c:28]   --->   Operation 142 'load' 'w_conv2_7_load' <Predicate = (!exitcond_flatten)> <Delay = 3.25> <Core = "ROM_nP">   --->   Core 52 'ROM_nP' <Latency = 1> <II = 1> <Delay = 3.25> <Storage> <Opcode : 'load'> <Ports = 0> <Width = 5> <Depth = 144> <ROM>

State 7 <SV = 6> <Delay = 8.24>
ST_7 : Operation 143 [1/1] (0.00ns)   --->   "%extLd = zext i31 %buf_pool1_0_load to i32" [conv_relu2.c:28]   --->   Operation 143 'zext' 'extLd' <Predicate = (!exitcond_flatten)> <Delay = 0.00>
ST_7 : Operation 144 [1/1] (0.00ns)   --->   "%w_conv2_0_load_cast = sext i5 %w_conv2_0_load to i32" [conv_relu2.c:28]   --->   Operation 144 'sext' 'w_conv2_0_load_cast' <Predicate = (!exitcond_flatten)> <Delay = 0.00>
ST_7 : Operation 145 [1/1] (8.24ns)   --->   "%tmp_31 = mul nsw i32 %w_conv2_0_load_cast, %extLd" [conv_relu2.c:28]   --->   Operation 145 'mul' 'tmp_31' <Predicate = (!exitcond_flatten)> <Delay = 8.24> <Core = "Mul">   --->   Core 16 'Mul' <Latency = 0> <II = 1> <Delay = 8.24> <FuncUnit> <Opcode : 'mul'> <InPorts = 2> <OutPorts = 1>
ST_7 : Operation 146 [1/1] (0.00ns)   --->   "%extLd16 = zext i31 %buf_pool1_1_load to i32" [conv_relu2.c:28]   --->   Operation 146 'zext' 'extLd16' <Predicate = (!exitcond_flatten)> <Delay = 0.00>
ST_7 : Operation 147 [1/1] (0.00ns)   --->   "%w_conv2_1_load_cast = sext i5 %w_conv2_1_load to i32" [conv_relu2.c:28]   --->   Operation 147 'sext' 'w_conv2_1_load_cast' <Predicate = (!exitcond_flatten)> <Delay = 0.00>
ST_7 : Operation 148 [1/1] (8.24ns)   --->   "%tmp_67_1 = mul nsw i32 %w_conv2_1_load_cast, %extLd16" [conv_relu2.c:28]   --->   Operation 148 'mul' 'tmp_67_1' <Predicate = (!exitcond_flatten)> <Delay = 8.24> <Core = "Mul">   --->   Core 16 'Mul' <Latency = 0> <II = 1> <Delay = 8.24> <FuncUnit> <Opcode : 'mul'> <InPorts = 2> <OutPorts = 1>
ST_7 : Operation 149 [1/2] (3.25ns)   --->   "%buf_pool1_2_load = load i31* %buf_pool1_2_addr, align 4" [conv_relu2.c:28]   --->   Operation 149 'load' 'buf_pool1_2_load' <Predicate = (!exitcond_flatten)> <Delay = 3.25> <Core = "RAM">   --->   Core 37 'RAM' <Latency = 1> <II = 1> <Delay = 3.25> <Storage> <Opcode : 'load' 'store'> <Ports = 2> <Width = 31> <Depth = 6496> <RAM>
ST_7 : Operation 150 [1/2] (3.25ns)   --->   "%buf_pool1_3_load = load i31* %buf_pool1_3_addr, align 4" [conv_relu2.c:28]   --->   Operation 150 'load' 'buf_pool1_3_load' <Predicate = (!exitcond_flatten)> <Delay = 3.25> <Core = "RAM">   --->   Core 37 'RAM' <Latency = 1> <II = 1> <Delay = 3.25> <Storage> <Opcode : 'load' 'store'> <Ports = 2> <Width = 31> <Depth = 6496> <RAM>
ST_7 : Operation 151 [1/1] (0.00ns)   --->   "%extLd19 = zext i31 %buf_pool1_4_load to i32" [conv_relu2.c:28]   --->   Operation 151 'zext' 'extLd19' <Predicate = (!exitcond_flatten)> <Delay = 0.00>
ST_7 : Operation 152 [1/1] (0.00ns)   --->   "%w_conv2_4_load_cast = sext i5 %w_conv2_4_load to i32" [conv_relu2.c:28]   --->   Operation 152 'sext' 'w_conv2_4_load_cast' <Predicate = (!exitcond_flatten)> <Delay = 0.00>
ST_7 : Operation 153 [1/1] (8.24ns)   --->   "%tmp_67_4 = mul nsw i32 %w_conv2_4_load_cast, %extLd19" [conv_relu2.c:28]   --->   Operation 153 'mul' 'tmp_67_4' <Predicate = (!exitcond_flatten)> <Delay = 8.24> <Core = "Mul">   --->   Core 16 'Mul' <Latency = 0> <II = 1> <Delay = 8.24> <FuncUnit> <Opcode : 'mul'> <InPorts = 2> <OutPorts = 1>
ST_7 : Operation 154 [1/1] (0.00ns)   --->   "%extLd20 = zext i31 %buf_pool1_5_load to i32" [conv_relu2.c:28]   --->   Operation 154 'zext' 'extLd20' <Predicate = (!exitcond_flatten)> <Delay = 0.00>
ST_7 : Operation 155 [1/1] (0.00ns)   --->   "%w_conv2_5_load_cast = sext i5 %w_conv2_5_load to i32" [conv_relu2.c:28]   --->   Operation 155 'sext' 'w_conv2_5_load_cast' <Predicate = (!exitcond_flatten)> <Delay = 0.00>
ST_7 : Operation 156 [1/1] (8.24ns)   --->   "%tmp_67_5 = mul nsw i32 %w_conv2_5_load_cast, %extLd20" [conv_relu2.c:28]   --->   Operation 156 'mul' 'tmp_67_5' <Predicate = (!exitcond_flatten)> <Delay = 8.24> <Core = "Mul">   --->   Core 16 'Mul' <Latency = 0> <II = 1> <Delay = 8.24> <FuncUnit> <Opcode : 'mul'> <InPorts = 2> <OutPorts = 1>
ST_7 : Operation 157 [1/2] (3.25ns)   --->   "%buf_pool1_6_load = load i31* %buf_pool1_6_addr, align 4" [conv_relu2.c:28]   --->   Operation 157 'load' 'buf_pool1_6_load' <Predicate = (!exitcond_flatten)> <Delay = 3.25> <Core = "RAM">   --->   Core 37 'RAM' <Latency = 1> <II = 1> <Delay = 3.25> <Storage> <Opcode : 'load' 'store'> <Ports = 2> <Width = 31> <Depth = 6496> <RAM>
ST_7 : Operation 158 [1/2] (3.25ns)   --->   "%buf_pool1_7_load = load i31* %buf_pool1_7_addr, align 4" [conv_relu2.c:28]   --->   Operation 158 'load' 'buf_pool1_7_load' <Predicate = (!exitcond_flatten)> <Delay = 3.25> <Core = "RAM">   --->   Core 37 'RAM' <Latency = 1> <II = 1> <Delay = 3.25> <Storage> <Opcode : 'load' 'store'> <Ports = 2> <Width = 31> <Depth = 6496> <RAM>

State 8 <SV = 7> <Delay = 8.24>
ST_8 : Operation 159 [1/1] (0.00ns)   --->   "%extLd17 = zext i31 %buf_pool1_2_load to i32" [conv_relu2.c:28]   --->   Operation 159 'zext' 'extLd17' <Predicate = (!exitcond_flatten)> <Delay = 0.00>
ST_8 : Operation 160 [1/1] (0.00ns)   --->   "%w_conv2_2_load_cast = sext i5 %w_conv2_2_load to i32" [conv_relu2.c:28]   --->   Operation 160 'sext' 'w_conv2_2_load_cast' <Predicate = (!exitcond_flatten)> <Delay = 0.00>
ST_8 : Operation 161 [1/1] (8.24ns)   --->   "%tmp_67_2 = mul nsw i32 %w_conv2_2_load_cast, %extLd17" [conv_relu2.c:28]   --->   Operation 161 'mul' 'tmp_67_2' <Predicate = (!exitcond_flatten)> <Delay = 8.24> <Core = "Mul">   --->   Core 16 'Mul' <Latency = 0> <II = 1> <Delay = 8.24> <FuncUnit> <Opcode : 'mul'> <InPorts = 2> <OutPorts = 1>
ST_8 : Operation 162 [1/1] (0.00ns)   --->   "%extLd18 = zext i31 %buf_pool1_3_load to i32" [conv_relu2.c:28]   --->   Operation 162 'zext' 'extLd18' <Predicate = (!exitcond_flatten)> <Delay = 0.00>
ST_8 : Operation 163 [1/1] (0.00ns)   --->   "%w_conv2_3_load_cast = sext i5 %w_conv2_3_load to i32" [conv_relu2.c:28]   --->   Operation 163 'sext' 'w_conv2_3_load_cast' <Predicate = (!exitcond_flatten)> <Delay = 0.00>
ST_8 : Operation 164 [1/1] (8.24ns)   --->   "%tmp_67_3 = mul nsw i32 %w_conv2_3_load_cast, %extLd18" [conv_relu2.c:28]   --->   Operation 164 'mul' 'tmp_67_3' <Predicate = (!exitcond_flatten)> <Delay = 8.24> <Core = "Mul">   --->   Core 16 'Mul' <Latency = 0> <II = 1> <Delay = 8.24> <FuncUnit> <Opcode : 'mul'> <InPorts = 2> <OutPorts = 1>
ST_8 : Operation 165 [1/1] (0.00ns)   --->   "%extLd21 = zext i31 %buf_pool1_6_load to i32" [conv_relu2.c:28]   --->   Operation 165 'zext' 'extLd21' <Predicate = (!exitcond_flatten)> <Delay = 0.00>
ST_8 : Operation 166 [1/1] (0.00ns)   --->   "%w_conv2_6_load_cast = sext i5 %w_conv2_6_load to i32" [conv_relu2.c:28]   --->   Operation 166 'sext' 'w_conv2_6_load_cast' <Predicate = (!exitcond_flatten)> <Delay = 0.00>
ST_8 : Operation 167 [1/1] (8.24ns)   --->   "%tmp_67_6 = mul nsw i32 %w_conv2_6_load_cast, %extLd21" [conv_relu2.c:28]   --->   Operation 167 'mul' 'tmp_67_6' <Predicate = (!exitcond_flatten)> <Delay = 8.24> <Core = "Mul">   --->   Core 16 'Mul' <Latency = 0> <II = 1> <Delay = 8.24> <FuncUnit> <Opcode : 'mul'> <InPorts = 2> <OutPorts = 1>
ST_8 : Operation 168 [1/1] (0.00ns)   --->   "%extLd22 = zext i31 %buf_pool1_7_load to i32" [conv_relu2.c:28]   --->   Operation 168 'zext' 'extLd22' <Predicate = (!exitcond_flatten)> <Delay = 0.00>
ST_8 : Operation 169 [1/1] (0.00ns)   --->   "%w_conv2_7_load_cast = sext i5 %w_conv2_7_load to i32" [conv_relu2.c:28]   --->   Operation 169 'sext' 'w_conv2_7_load_cast' <Predicate = (!exitcond_flatten)> <Delay = 0.00>
ST_8 : Operation 170 [1/1] (8.24ns)   --->   "%tmp_67_7 = mul nsw i32 %w_conv2_7_load_cast, %extLd22" [conv_relu2.c:28]   --->   Operation 170 'mul' 'tmp_67_7' <Predicate = (!exitcond_flatten)> <Delay = 8.24> <Core = "Mul">   --->   Core 16 'Mul' <Latency = 0> <II = 1> <Delay = 8.24> <FuncUnit> <Opcode : 'mul'> <InPorts = 2> <OutPorts = 1>
ST_8 : Operation 171 [1/1] (2.55ns)   --->   "%tmp2 = add i32 %tmp_67_1, %tmp_31" [conv_relu2.c:28]   --->   Operation 171 'add' 'tmp2' <Predicate = (!exitcond_flatten)> <Delay = 2.55> <Core = "AddSub">   --->   Core 14 'AddSub' <Latency = 0> <II = 1> <Delay = 1.73> <FuncUnit> <Opcode : 'add' 'sub'> <InPorts = 2> <OutPorts = 1>
ST_8 : Operation 172 [1/1] (2.55ns)   --->   "%tmp5 = add i32 %tmp_67_5, %tmp_67_4" [conv_relu2.c:28]   --->   Operation 172 'add' 'tmp5' <Predicate = (!exitcond_flatten)> <Delay = 2.55> <Core = "AddSub">   --->   Core 14 'AddSub' <Latency = 0> <II = 1> <Delay = 1.73> <FuncUnit> <Opcode : 'add' 'sub'> <InPorts = 2> <OutPorts = 1>

State 9 <SV = 8> <Delay = 8.74>
ST_9 : Operation 173 [1/1] (0.00ns)   --->   "call void (...)* @_ssdm_op_SpecLoopName([16 x i8]* @LOOP_KR_LOOP_KC_str)"   --->   Operation 173 'specloopname' <Predicate = (!exitcond_flatten)> <Delay = 0.00>
ST_9 : Operation 174 [1/1] (0.00ns)   --->   "call void (...)* @_ssdm_op_SpecLoopName([8 x i8]* @p_str614) nounwind" [conv_relu2.c:25]   --->   Operation 174 'specloopname' <Predicate = (!exitcond_flatten)> <Delay = 0.00>
ST_9 : Operation 175 [1/1] (0.00ns)   --->   "%tmp_27 = call i32 (...)* @_ssdm_op_SpecRegionBegin([8 x i8]* @p_str614)" [conv_relu2.c:25]   --->   Operation 175 'specregionbegin' 'tmp_27' <Predicate = (!exitcond_flatten)> <Delay = 0.00>
ST_9 : Operation 176 [1/1] (0.00ns)   --->   "call void (...)* @_ssdm_op_SpecPipeline(i32 1, i32 1, i32 1, i32 0, [1 x i8]* @p_str19) nounwind" [conv_relu2.c:26]   --->   Operation 176 'specpipeline' <Predicate = (!exitcond_flatten)> <Delay = 0.00>
ST_9 : Operation 177 [1/1] (0.00ns) (grouped into TernaryAdder)   --->   "%tmp3 = add i32 %tmp_67_3, %tmp_67_2" [conv_relu2.c:28]   --->   Operation 177 'add' 'tmp3' <Predicate = (!exitcond_flatten)> <Delay = 0.00> <Core = "TAddSub">   --->   Core 84 'TAddSub' <Latency = 0> <II = 1> <Delay = 1.86> <IPBlock> <Opcode : 'add' 'sub'> <InPorts = 3> <OutPorts = 1> <Sync> <CReg>
ST_9 : Operation 178 [1/1] (4.37ns) (root node of TernaryAdder)   --->   "%tmp1 = add i32 %tmp2, %tmp3" [conv_relu2.c:28]   --->   Operation 178 'add' 'tmp1' <Predicate = (!exitcond_flatten)> <Delay = 4.37> <Core = "TAddSub">   --->   Core 84 'TAddSub' <Latency = 0> <II = 1> <Delay = 1.86> <IPBlock> <Opcode : 'add' 'sub'> <InPorts = 3> <OutPorts = 1> <Sync> <CReg>
ST_9 : Operation 179 [1/1] (0.00ns) (grouped into TernaryAdder)   --->   "%tmp6 = add i32 %tmp_67_7, %tmp_67_6" [conv_relu2.c:28]   --->   Operation 179 'add' 'tmp6' <Predicate = (!exitcond_flatten)> <Delay = 0.00> <Core = "TAddSub">   --->   Core 84 'TAddSub' <Latency = 0> <II = 1> <Delay = 1.86> <IPBlock> <Opcode : 'add' 'sub'> <InPorts = 3> <OutPorts = 1> <Sync> <CReg>
ST_9 : Operation 180 [1/1] (4.37ns) (root node of TernaryAdder)   --->   "%tmp4 = add i32 %tmp5, %tmp6" [conv_relu2.c:28]   --->   Operation 180 'add' 'tmp4' <Predicate = (!exitcond_flatten)> <Delay = 4.37> <Core = "TAddSub">   --->   Core 84 'TAddSub' <Latency = 0> <II = 1> <Delay = 1.86> <IPBlock> <Opcode : 'add' 'sub'> <InPorts = 3> <OutPorts = 1> <Sync> <CReg>
ST_9 : Operation 181 [1/1] (0.00ns) (grouped into TernaryAdder)   --->   "%tmp_32 = add nsw i32 %tmp1, %tmp4" [conv_relu2.c:28]   --->   Operation 181 'add' 'tmp_32' <Predicate = (!exitcond_flatten)> <Delay = 0.00> <Core = "TAddSub">   --->   Core 84 'TAddSub' <Latency = 0> <II = 1> <Delay = 1.86> <IPBlock> <Opcode : 'add' 'sub'> <InPorts = 3> <OutPorts = 1> <Sync> <CReg>
ST_9 : Operation 182 [1/1] (4.37ns) (root node of TernaryAdder)   --->   "%sum_5_7 = add nsw i32 %tmp_32, %sum_1" [conv_relu2.c:28]   --->   Operation 182 'add' 'sum_5_7' <Predicate = (!exitcond_flatten)> <Delay = 4.37> <Core = "TAddSub">   --->   Core 84 'TAddSub' <Latency = 0> <II = 1> <Delay = 1.86> <IPBlock> <Opcode : 'add' 'sub'> <InPorts = 3> <OutPorts = 1> <Sync> <CReg>
ST_9 : Operation 183 [1/1] (0.00ns)   --->   "%empty_24 = call i32 (...)* @_ssdm_op_SpecRegionEnd([8 x i8]* @p_str614, i32 %tmp_27)" [conv_relu2.c:31]   --->   Operation 183 'specregionend' 'empty_24' <Predicate = (!exitcond_flatten)> <Delay = 0.00>
ST_9 : Operation 184 [1/1] (0.00ns)   --->   "br label %2"   --->   Operation 184 'br' <Predicate = (!exitcond_flatten)> <Delay = 0.00>

State 10 <SV = 4> <Delay = 6.46>
ST_10 : Operation 185 [1/1] (0.00ns)   --->   "%tmp_76 = trunc i32 %sum_1 to i31" [conv_relu2.c:23]   --->   Operation 185 'trunc' 'tmp_76' <Predicate = true> <Delay = 0.00>
ST_10 : Operation 186 [1/1] (2.47ns)   --->   "%tmp_25 = icmp sgt i32 %sum_1, 0" [conv_relu2.c:33]   --->   Operation 186 'icmp' 'tmp_25' <Predicate = true> <Delay = 2.47> <Core = "Cmp">   --->   Core 25 'Cmp' <Latency = 0> <II = 1> <Delay = 2.47> <FuncUnit> <Opcode : 'icmp'> <InPorts = 2> <OutPorts = 1>
ST_10 : Operation 187 [1/1] (0.73ns)   --->   "%tmp_26 = select i1 %tmp_25, i31 %tmp_76, i31 0" [conv_relu2.c:33]   --->   Operation 187 'select' 'tmp_26' <Predicate = true> <Delay = 0.73> <Core = "Sel">   --->   Core 26 'Sel' <Latency = 0> <II = 1> <Delay = 0.68> <FuncUnit> <Opcode : 'select'> <InPorts = 3> <OutPorts = 1>
ST_10 : Operation 188 [1/1] (0.00ns)   --->   "br i1 %arrayNo_trunc_mid2, label %branch1, label %branch0" [conv_relu2.c:33]   --->   Operation 188 'br' <Predicate = true> <Delay = 0.00>
ST_10 : Operation 189 [1/1] (3.25ns)   --->   "store i31 %tmp_26, i31* %output_0_addr, align 4" [conv_relu2.c:33]   --->   Operation 189 'store' <Predicate = (!arrayNo_trunc_mid2)> <Delay = 3.25> <Core = "RAM">   --->   Core 37 'RAM' <Latency = 1> <II = 1> <Delay = 3.25> <Storage> <Opcode : 'load' 'store'> <Ports = 2> <Width = 31> <Depth = 6496> <RAM>
ST_10 : Operation 190 [1/1] (0.00ns)   --->   "br label %4" [conv_relu2.c:33]   --->   Operation 190 'br' <Predicate = (!arrayNo_trunc_mid2)> <Delay = 0.00>
ST_10 : Operation 191 [1/1] (3.25ns)   --->   "store i31 %tmp_26, i31* %output_1_addr, align 4" [conv_relu2.c:33]   --->   Operation 191 'store' <Predicate = (arrayNo_trunc_mid2)> <Delay = 3.25> <Core = "RAM">   --->   Core 37 'RAM' <Latency = 1> <II = 1> <Delay = 3.25> <Storage> <Opcode : 'load' 'store'> <Ports = 2> <Width = 31> <Depth = 6496> <RAM>
ST_10 : Operation 192 [1/1] (0.00ns)   --->   "br label %4" [conv_relu2.c:33]   --->   Operation 192 'br' <Predicate = (arrayNo_trunc_mid2)> <Delay = 0.00>
ST_10 : Operation 193 [1/1] (0.00ns)   --->   "%empty_25 = call i32 (...)* @_ssdm_op_SpecRegionEnd([8 x i8]* @p_str412, i32 %tmp_24)" [conv_relu2.c:34]   --->   Operation 193 'specregionend' 'empty_25' <Predicate = true> <Delay = 0.00>
ST_10 : Operation 194 [1/1] (1.78ns)   --->   "%oc_3 = add i5 %oc_mid2, 1" [conv_relu2.c:20]   --->   Operation 194 'add' 'oc_3' <Predicate = true> <Delay = 1.78> <Core = "AddSub">   --->   Core 14 'AddSub' <Latency = 0> <II = 1> <Delay = 1.73> <FuncUnit> <Opcode : 'add' 'sub'> <InPorts = 2> <OutPorts = 1>
ST_10 : Operation 195 [1/1] (1.73ns)   --->   "%indvar_flatten7_op = add i10 %indvar_flatten7, 1"   --->   Operation 195 'add' 'indvar_flatten7_op' <Predicate = (!exitcond_flatten3)> <Delay = 1.73> <Core = "AddSub">   --->   Core 14 'AddSub' <Latency = 0> <II = 1> <Delay = 1.73> <FuncUnit> <Opcode : 'add' 'sub'> <InPorts = 2> <OutPorts = 1>
ST_10 : Operation 196 [1/1] (0.68ns)   --->   "%indvar_flatten_next8 = select i1 %exitcond_flatten3, i10 1, i10 %indvar_flatten7_op"   --->   Operation 196 'select' 'indvar_flatten_next8' <Predicate = true> <Delay = 0.68> <Core = "Sel">   --->   Core 26 'Sel' <Latency = 0> <II = 1> <Delay = 0.68> <FuncUnit> <Opcode : 'select'> <InPorts = 3> <OutPorts = 1>
ST_10 : Operation 197 [1/1] (0.00ns)   --->   "br label %1" [conv_relu2.c:20]   --->   Operation 197 'br' <Predicate = true> <Delay = 0.00>


============================================================
+ Verbose Summary: Timing violations
============================================================
Target clock period: 10ns, clock uncertainty: 1.25ns.

 <State 1>: 1.77ns
The critical path consists of the following:
	multiplexor before 'phi' operation ('indvar_flatten5') with incoming values : ('indvar_flatten_next5') [21]  (1.77 ns)

 <State 2>: 5.98ns
The critical path consists of the following:
	'phi' operation ('indvar_flatten7') with incoming values : ('indvar_flatten_next8') [23]  (0 ns)
	'icmp' operation ('exitcond_flatten3') [35]  (1.77 ns)
	'select' operation ('col_mid', conv_relu2.c:20) [36]  (1.22 ns)
	'add' operation ('col_2', conv_relu2.c:18) [50]  (1.78 ns)
	'select' operation ('col_mid2', conv_relu2.c:20) [64]  (1.22 ns)

 <State 3>: 8.53ns
The critical path consists of the following:
	'add' operation ('row', conv_relu2.c:16) [33]  (1.78 ns)
	'select' operation ('tmp_mid2_v', conv_relu2.c:33) [37]  (1.22 ns)
	'sub' operation ('tmp_s', conv_relu2.c:33) [41]  (0 ns)
	'add' operation ('tmp_73', conv_relu2.c:33) [59]  (3.73 ns)
	'add' operation ('tmp_113', conv_relu2.c:33) [69]  (1.81 ns)

 <State 4>: 5.96ns
The critical path consists of the following:
	'phi' operation ('kr', conv_relu2.c:28) with incoming values : ('tmp_42_mid2_v_v_v', conv_relu2.c:28) [78]  (0 ns)
	'add' operation ('kr', conv_relu2.c:23) [86]  (1.56 ns)
	'select' operation ('tmp_42_mid2_v_v_v', conv_relu2.c:28) [90]  (0.993 ns)
	'sub' operation ('tmp_118', conv_relu2.c:28) [99]  (0 ns)
	'add' operation ('tmp_120', conv_relu2.c:28) [117]  (3.4 ns)

 <State 5>: 7.01ns
The critical path consists of the following:
	'sub' operation ('tmp_116', conv_relu2.c:28) [96]  (0 ns)
	'add' operation ('tmp_119', conv_relu2.c:28) [106]  (3.76 ns)
	'getelementptr' operation ('buf_pool1_0_addr', conv_relu2.c:28) [108]  (0 ns)
	'load' operation ('buf_pool1_0_load', conv_relu2.c:28) on array 'buf_pool1_0' [129]  (3.25 ns)

 <State 6>: 3.25ns
The critical path consists of the following:
	'getelementptr' operation ('buf_pool1_2_addr', conv_relu2.c:28) [110]  (0 ns)
	'load' operation ('buf_pool1_2_load', conv_relu2.c:28) on array 'buf_pool1_2' [139]  (3.25 ns)

 <State 7>: 8.24ns
The critical path consists of the following:
	'mul' operation ('tmp_31', conv_relu2.c:28) [133]  (8.24 ns)

 <State 8>: 8.24ns
The critical path consists of the following:
	'mul' operation ('tmp_67_2', conv_relu2.c:28) [143]  (8.24 ns)

 <State 9>: 8.74ns
The critical path consists of the following:
	'add' operation ('tmp3', conv_relu2.c:28) [170]  (0 ns)
	'add' operation ('tmp1', conv_relu2.c:28) [171]  (4.37 ns)
	'add' operation ('tmp_32', conv_relu2.c:28) [175]  (0 ns)
	'add' operation ('sum_5_7', conv_relu2.c:28) [176]  (4.37 ns)

 <State 10>: 6.46ns
The critical path consists of the following:
	'icmp' operation ('tmp_25', conv_relu2.c:33) [182]  (2.47 ns)
	'select' operation ('tmp_26', conv_relu2.c:33) [183]  (0.733 ns)
	'store' operation (conv_relu2.c:33) of variable 'tmp_26', conv_relu2.c:33 on array 'output_1' [189]  (3.25 ns)


============================================================
+ Verbose Summary: Binding
============================================================
N/A
* FSMD analyzer results:
  - Output states:
 - Input state : 
  - Chain level:
	State 1
	State 2
	State 3
	State 4
	State 5
	State 6
	State 7
	State 8
	State 9
	State 10


============================================================
+ Verbose Summary: Datapath Resource usage 
============================================================
N/A
