

================================================================
== Vivado HLS Report for 'detection_head'
================================================================
* Date:           Sun Jun 21 08:37:55 2026

* Version:        2018.3 (Build 2405991 on Thu Dec 06 23:56:15 MST 2018)
* Project:        tinyyolo_lite
* Solution:       optimization_solution
* Product family: zynq
* Target device:  xc7z020clg484-1


================================================================
== Performance Estimates
================================================================
+ Timing (ns): 
    * Summary: 
    +--------+-------+----------+------------+
    |  Clock | Target| Estimated| Uncertainty|
    +--------+-------+----------+------------+
    |ap_clk  |  10.00|     8.742|        1.25|
    +--------+-------+----------+------------+

+ Latency (clock cycles): 
    * Summary: 
    +--------+--------+--------+--------+---------+
    |     Latency     |     Interval    | Pipeline|
    |   min  |   max  |   min  |   max  |   Type  |
    +--------+--------+--------+--------+---------+
    |  177153|  177153|  177153|  177153|   none  |
    +--------+--------+--------+--------+---------+

    + Detail: 
        * Instance: 
        N/A

        * Loop: 
        +------------------------------------------+--------+--------+----------+-----------+-----------+------+----------+
        |                                          |     Latency     | Iteration|  Initiation Interval  | Trip |          |
        |                 Loop Name                |   min  |   max  |  Latency |  achieved |   target  | Count| Pipelined|
        +------------------------------------------+--------+--------+----------+-----------+-----------+------+----------+
        |- OUTPUT_CHANNEL_OUTPUT_ROWS_OUTPUT_COLS  |  177152|  177152|       173|          -|          -|  1024|    no    |
        | + INPUT_CHANNELS_KERNAL_ROWS             |     163|     163|         5|          1|          1|   160|    yes   |
        +------------------------------------------+--------+--------+----------+-----------+-----------+------+----------+

============================================================
+ Verbose Summary: Synthesis Manager
============================================================
InlineROM: 1
ExposeGlobal: 0
============================================================
+ Verbose Summary: CDFG Model
============================================================
IsTopModel: 0
ResetActiveHigh: 1
IsCombinational: 0
IsDatapathOnly: 0
HasWiredReturn: 1
HasMFsm: 0
HasVarLatency: 1
IsPipeline: 0
IsRtlPipelined: 0
IsInstanceOverlapped: 0
IsDontTouch: 0
HasImplIP: 0
IsGatedGlobalClock: 0

+ Individual pipeline summary: 
  * Pipeline-0: initiation interval (II) = 1, depth = 5


============================================================
+ Verbose Summary: Schedule
============================================================
* Number of FSM states : 15
* Pipeline : 1
  Pipeline-0 : II = 1, D = 5, States = { 10 11 12 13 14 }
* Dataflow Pipeline: 0

* FSM state transitions: 
1 --> 
	2  / true
2 --> 
	3  / (!exitcond_flatten3)
3 --> 
	4  / true
4 --> 
	5  / true
5 --> 
	6  / true
6 --> 
	7  / true
7 --> 
	8  / true
8 --> 
	9  / true
9 --> 
	10  / true
10 --> 
	15  / (exitcond_flatten)
	11  / (!exitcond_flatten)
11 --> 
	12  / true
12 --> 
	13  / true
13 --> 
	14  / true
14 --> 
	10  / true
15 --> 
	2  / true

* FSM state operations: 

State 1 <SV = 0> <Delay = 1.76>
ST_1 : Operation 16 [1/1] (1.76ns)   --->   "br label %1" [detection_head.c:13]   --->   Operation 16 'br' <Predicate = true> <Delay = 1.76>

State 2 <SV = 1> <Delay = 6.49>
ST_2 : Operation 17 [1/1] (0.00ns)   --->   "%indvar_flatten3 = phi i11 [ 0, %0 ], [ %indvar_flatten_next3, %7 ]"   --->   Operation 17 'phi' 'indvar_flatten3' <Predicate = true> <Delay = 0.00>
ST_2 : Operation 18 [1/1] (0.00ns)   --->   "%oc = phi i5 [ 0, %0 ], [ %tmp_mid2_v, %7 ]" [detection_head.c:34]   --->   Operation 18 'phi' 'oc' <Predicate = true> <Delay = 0.00>
ST_2 : Operation 19 [1/1] (0.00ns)   --->   "%indvar_flatten7 = phi i8 [ 0, %0 ], [ %indvar_flatten_next8, %7 ]"   --->   Operation 19 'phi' 'indvar_flatten7' <Predicate = true> <Delay = 0.00>
ST_2 : Operation 20 [1/1] (0.00ns)   --->   "%oy = phi i4 [ 0, %0 ], [ %tmp_49, %7 ]" [detection_head.c:41]   --->   Operation 20 'phi' 'oy' <Predicate = true> <Delay = 0.00>
ST_2 : Operation 21 [1/1] (0.00ns)   --->   "%ox = phi i4 [ 0, %0 ], [ %ox_1, %7 ]"   --->   Operation 21 'phi' 'ox' <Predicate = true> <Delay = 0.00>
ST_2 : Operation 22 [1/1] (1.88ns)   --->   "%exitcond_flatten3 = icmp eq i11 %indvar_flatten3, -1024"   --->   Operation 22 'icmp' 'exitcond_flatten3' <Predicate = true> <Delay = 1.88> <Core = "Cmp">   --->   Core 25 'Cmp' <Latency = 0> <II = 1> <Delay = 1.30> <FuncUnit> <Opcode : 'icmp'> <InPorts = 2> <OutPorts = 1>
ST_2 : Operation 23 [1/1] (0.00ns)   --->   "%empty = call i32 (...)* @_ssdm_op_SpecLoopTripCount(i64 1024, i64 1024, i64 1024)"   --->   Operation 23 'speclooptripcount' 'empty' <Predicate = true> <Delay = 0.00>
ST_2 : Operation 24 [1/1] (1.63ns)   --->   "%indvar_flatten_next3 = add i11 %indvar_flatten3, 1"   --->   Operation 24 'add' 'indvar_flatten_next3' <Predicate = true> <Delay = 1.63> <Core = "AddSub">   --->   Core 14 'AddSub' <Latency = 0> <II = 1> <Delay = 1.91> <FuncUnit> <Opcode : 'add' 'sub'> <InPorts = 2> <OutPorts = 1>
ST_2 : Operation 25 [1/1] (0.00ns)   --->   "br i1 %exitcond_flatten3, label %8, label %.reset14"   --->   Operation 25 'br' <Predicate = true> <Delay = 0.00>
ST_2 : Operation 26 [1/1] (1.55ns)   --->   "%exitcond_flatten1 = icmp eq i8 %indvar_flatten7, 64"   --->   Operation 26 'icmp' 'exitcond_flatten1' <Predicate = (!exitcond_flatten3)> <Delay = 1.55> <Core = "Cmp">   --->   Core 25 'Cmp' <Latency = 0> <II = 1> <Delay = 1.30> <FuncUnit> <Opcode : 'icmp'> <InPorts = 2> <OutPorts = 1>
ST_2 : Operation 27 [1/1] (1.02ns)   --->   "%oy_mid = select i1 %exitcond_flatten1, i4 0, i4 %oy" [detection_head.c:41]   --->   Operation 27 'select' 'oy_mid' <Predicate = (!exitcond_flatten3)> <Delay = 1.02> <Core = "Sel">   --->   Core 26 'Sel' <Latency = 0> <II = 1> <Delay = 1.24> <FuncUnit> <Opcode : 'select'> <InPorts = 3> <OutPorts = 1>
ST_2 : Operation 28 [1/1] (0.00ns) (grouped into LUT with out node exitcond3_mid)   --->   "%not_exitcond_flatten = xor i1 %exitcond_flatten1, true" [detection_head.c:19]   --->   Operation 28 'xor' 'not_exitcond_flatten' <Predicate = (!exitcond_flatten3)> <Delay = 0.00> <Core = "LogicGate">   --->   Core 27 'LogicGate' <Latency = 0> <II = 1> <Delay = 0.97> <FuncUnit> <Opcode : 'and' 'or' 'xor'> <InPorts = 2> <OutPorts = 1>
ST_2 : Operation 29 [1/1] (1.30ns)   --->   "%exitcond = icmp eq i4 %ox, -8" [detection_head.c:19]   --->   Operation 29 'icmp' 'exitcond' <Predicate = (!exitcond_flatten3)> <Delay = 1.30> <Core = "Cmp">   --->   Core 25 'Cmp' <Latency = 0> <II = 1> <Delay = 1.30> <FuncUnit> <Opcode : 'icmp'> <InPorts = 2> <OutPorts = 1>
ST_2 : Operation 30 [1/1] (0.97ns) (out node of the LUT)   --->   "%exitcond3_mid = and i1 %exitcond, %not_exitcond_flatten" [detection_head.c:19]   --->   Operation 30 'and' 'exitcond3_mid' <Predicate = (!exitcond_flatten3)> <Delay = 0.97> <Core = "LogicGate">   --->   Core 27 'LogicGate' <Latency = 0> <II = 1> <Delay = 0.97> <FuncUnit> <Opcode : 'and' 'or' 'xor'> <InPorts = 2> <OutPorts = 1>
ST_2 : Operation 31 [1/1] (1.73ns)   --->   "%oy_1 = add i4 %oy_mid, 1" [detection_head.c:16]   --->   Operation 31 'add' 'oy_1' <Predicate = (!exitcond_flatten3)> <Delay = 1.73> <Core = "AddSub">   --->   Core 14 'AddSub' <Latency = 0> <II = 1> <Delay = 1.91> <FuncUnit> <Opcode : 'add' 'sub'> <InPorts = 2> <OutPorts = 1>
ST_2 : Operation 32 [1/1] (0.00ns) (grouped into LUT with out node ox_mid2)   --->   "%tmp = or i1 %exitcond3_mid, %exitcond_flatten1" [detection_head.c:19]   --->   Operation 32 'or' 'tmp' <Predicate = (!exitcond_flatten3)> <Delay = 0.00> <Core = "LogicGate">   --->   Core 27 'LogicGate' <Latency = 0> <II = 1> <Delay = 0.97> <FuncUnit> <Opcode : 'and' 'or' 'xor'> <InPorts = 2> <OutPorts = 1>
ST_2 : Operation 33 [1/1] (1.02ns) (out node of the LUT)   --->   "%ox_mid2 = select i1 %tmp, i4 0, i4 %ox" [detection_head.c:19]   --->   Operation 33 'select' 'ox_mid2' <Predicate = (!exitcond_flatten3)> <Delay = 1.02> <Core = "Sel">   --->   Core 26 'Sel' <Latency = 0> <II = 1> <Delay = 1.24> <FuncUnit> <Opcode : 'select'> <InPorts = 3> <OutPorts = 1>
ST_2 : Operation 34 [1/1] (1.02ns)   --->   "%tmp_49 = select i1 %exitcond3_mid, i4 %oy_1, i4 %oy_mid" [detection_head.c:41]   --->   Operation 34 'select' 'tmp_49' <Predicate = (!exitcond_flatten3)> <Delay = 1.02> <Core = "Sel">   --->   Core 26 'Sel' <Latency = 0> <II = 1> <Delay = 1.24> <FuncUnit> <Opcode : 'select'> <InPorts = 3> <OutPorts = 1>
ST_2 : Operation 35 [8/8] (2.94ns)   --->   "%arrayNo = urem i4 %ox_mid2, 5" [detection_head.c:34]   --->   Operation 35 'urem' 'arrayNo' <Predicate = (!exitcond_flatten3)> <Delay = 2.94> <Core = "DivnS_SEQ">   --->   Core 24 'DivnS_SEQ' <Latency = 7> <II = 4> <Delay = 2.94> <FuncUnit> <Opcode : 'sdiv' 'srem' 'udiv' 'urem'> <InPorts = 2> <OutPorts = 1>
ST_2 : Operation 36 [1/1] (0.00ns)   --->   "ret void" [detection_head.c:45]   --->   Operation 36 'ret' <Predicate = (exitcond_flatten3)> <Delay = 0.00>

State 3 <SV = 2> <Delay = 2.94>
ST_3 : Operation 37 [7/8] (2.94ns)   --->   "%arrayNo = urem i4 %ox_mid2, 5" [detection_head.c:34]   --->   Operation 37 'urem' 'arrayNo' <Predicate = true> <Delay = 2.94> <Core = "DivnS_SEQ">   --->   Core 24 'DivnS_SEQ' <Latency = 7> <II = 4> <Delay = 2.94> <FuncUnit> <Opcode : 'sdiv' 'srem' 'udiv' 'urem'> <InPorts = 2> <OutPorts = 1>

State 4 <SV = 3> <Delay = 2.94>
ST_4 : Operation 38 [6/8] (2.94ns)   --->   "%arrayNo = urem i4 %ox_mid2, 5" [detection_head.c:34]   --->   Operation 38 'urem' 'arrayNo' <Predicate = true> <Delay = 2.94> <Core = "DivnS_SEQ">   --->   Core 24 'DivnS_SEQ' <Latency = 7> <II = 4> <Delay = 2.94> <FuncUnit> <Opcode : 'sdiv' 'srem' 'udiv' 'urem'> <InPorts = 2> <OutPorts = 1>

State 5 <SV = 4> <Delay = 2.94>
ST_5 : Operation 39 [5/8] (2.94ns)   --->   "%arrayNo = urem i4 %ox_mid2, 5" [detection_head.c:34]   --->   Operation 39 'urem' 'arrayNo' <Predicate = true> <Delay = 2.94> <Core = "DivnS_SEQ">   --->   Core 24 'DivnS_SEQ' <Latency = 7> <II = 4> <Delay = 2.94> <FuncUnit> <Opcode : 'sdiv' 'srem' 'udiv' 'urem'> <InPorts = 2> <OutPorts = 1>

State 6 <SV = 5> <Delay = 2.94>
ST_6 : Operation 40 [4/8] (2.94ns)   --->   "%arrayNo = urem i4 %ox_mid2, 5" [detection_head.c:34]   --->   Operation 40 'urem' 'arrayNo' <Predicate = true> <Delay = 2.94> <Core = "DivnS_SEQ">   --->   Core 24 'DivnS_SEQ' <Latency = 7> <II = 4> <Delay = 2.94> <FuncUnit> <Opcode : 'sdiv' 'srem' 'udiv' 'urem'> <InPorts = 2> <OutPorts = 1>

State 7 <SV = 6> <Delay = 2.94>
ST_7 : Operation 41 [3/8] (2.94ns)   --->   "%arrayNo = urem i4 %ox_mid2, 5" [detection_head.c:34]   --->   Operation 41 'urem' 'arrayNo' <Predicate = true> <Delay = 2.94> <Core = "DivnS_SEQ">   --->   Core 24 'DivnS_SEQ' <Latency = 7> <II = 4> <Delay = 2.94> <FuncUnit> <Opcode : 'sdiv' 'srem' 'udiv' 'urem'> <InPorts = 2> <OutPorts = 1>

State 8 <SV = 7> <Delay = 2.94>
ST_8 : Operation 42 [2/8] (2.94ns)   --->   "%arrayNo = urem i4 %ox_mid2, 5" [detection_head.c:34]   --->   Operation 42 'urem' 'arrayNo' <Predicate = true> <Delay = 2.94> <Core = "DivnS_SEQ">   --->   Core 24 'DivnS_SEQ' <Latency = 7> <II = 4> <Delay = 2.94> <FuncUnit> <Opcode : 'sdiv' 'srem' 'udiv' 'urem'> <InPorts = 2> <OutPorts = 1>

State 9 <SV = 8> <Delay = 5.51>
ST_9 : Operation 43 [1/1] (1.78ns)   --->   "%oc_1 = add i5 %oc, 1" [detection_head.c:13]   --->   Operation 43 'add' 'oc_1' <Predicate = (exitcond_flatten1)> <Delay = 1.78> <Core = "AddSub">   --->   Core 14 'AddSub' <Latency = 0> <II = 1> <Delay = 1.91> <FuncUnit> <Opcode : 'add' 'sub'> <InPorts = 2> <OutPorts = 1>
ST_9 : Operation 44 [1/1] (0.00ns)   --->   "call void (...)* @_ssdm_op_SpecLoopName([39 x i8]* @OUTPUT_CHANNEL_OUTPU)"   --->   Operation 44 'specloopname' <Predicate = true> <Delay = 0.00>
ST_9 : Operation 45 [1/1] (1.21ns)   --->   "%tmp_mid2_v = select i1 %exitcond_flatten1, i5 %oc_1, i5 %oc" [detection_head.c:34]   --->   Operation 45 'select' 'tmp_mid2_v' <Predicate = true> <Delay = 1.21> <Core = "Sel">   --->   Core 26 'Sel' <Latency = 0> <II = 1> <Delay = 1.24> <FuncUnit> <Opcode : 'select'> <InPorts = 3> <OutPorts = 1>
ST_9 : Operation 46 [1/1] (0.00ns)   --->   "%tmp_mid2_cast1 = zext i5 %tmp_mid2_v to i13" [detection_head.c:19]   --->   Operation 46 'zext' 'tmp_mid2_cast1' <Predicate = true> <Delay = 0.00>
ST_9 : Operation 47 [1/1] (0.00ns)   --->   "%tmp_mid2_cast = zext i5 %tmp_mid2_v to i12" [detection_head.c:19]   --->   Operation 47 'zext' 'tmp_mid2_cast' <Predicate = true> <Delay = 0.00>
ST_9 : Operation 48 [1/1] (0.00ns)   --->   "call void (...)* @_ssdm_op_SpecLoopName([24 x i8]* @OUTPUT_ROWS_OUTPUT_C)"   --->   Operation 48 'specloopname' <Predicate = true> <Delay = 0.00>
ST_9 : Operation 49 [1/1] (0.00ns)   --->   "%tmp_47 = call i7 @_ssdm_op_BitConcatenate.i7.i4.i3(i4 %tmp_49, i3 0)" [detection_head.c:41]   --->   Operation 49 'bitconcatenate' 'tmp_47' <Predicate = true> <Delay = 0.00>
ST_9 : Operation 50 [1/1] (0.00ns)   --->   "%tmp_50 = zext i7 %tmp_47 to i8" [detection_head.c:41]   --->   Operation 50 'zext' 'tmp_50' <Predicate = true> <Delay = 0.00>
ST_9 : Operation 51 [1/1] (0.00ns)   --->   "call void (...)* @_ssdm_op_SpecLoopName([12 x i8]* @p_str533) nounwind" [detection_head.c:19]   --->   Operation 51 'specloopname' <Predicate = true> <Delay = 0.00>
ST_9 : Operation 52 [1/1] (0.00ns)   --->   "%tmp_3 = call i32 (...)* @_ssdm_op_SpecRegionBegin([12 x i8]* @p_str533)" [detection_head.c:19]   --->   Operation 52 'specregionbegin' 'tmp_3' <Predicate = true> <Delay = 0.00>
ST_9 : Operation 53 [1/8] (2.94ns)   --->   "%arrayNo = urem i4 %ox_mid2, 5" [detection_head.c:34]   --->   Operation 53 'urem' 'arrayNo' <Predicate = true> <Delay = 2.94> <Core = "DivnS_SEQ">   --->   Core 24 'DivnS_SEQ' <Latency = 7> <II = 4> <Delay = 2.94> <FuncUnit> <Opcode : 'sdiv' 'srem' 'udiv' 'urem'> <InPorts = 2> <OutPorts = 1>
ST_9 : Operation 54 [1/1] (0.00ns)   --->   "%zext2_cast = zext i4 %ox_mid2 to i10" [detection_head.c:34]   --->   Operation 54 'zext' 'zext2_cast' <Predicate = true> <Delay = 0.00>
ST_9 : Operation 55 [1/1] (3.78ns)   --->   "%mul1 = mul i10 %zext2_cast, 26" [detection_head.c:34]   --->   Operation 55 'mul' 'mul1' <Predicate = true> <Delay = 3.78> <Core = "Mul">   --->   Core 16 'Mul' <Latency = 0> <II = 1> <Delay = 3.78> <FuncUnit> <Opcode : 'mul'> <InPorts = 2> <OutPorts = 1>
ST_9 : Operation 56 [1/1] (0.00ns)   --->   "%tmp_48 = call i3 @_ssdm_op_PartSelect.i3.i10.i32.i32(i10 %mul1, i32 7, i32 9)" [detection_head.c:34]   --->   Operation 56 'partselect' 'tmp_48' <Predicate = true> <Delay = 0.00>
ST_9 : Operation 57 [1/1] (0.00ns)   --->   "%newIndex1 = sext i3 %tmp_48 to i4" [detection_head.c:34]   --->   Operation 57 'sext' 'newIndex1' <Predicate = true> <Delay = 0.00>
ST_9 : Operation 58 [1/1] (0.00ns)   --->   "%newIndex2_cast1 = zext i4 %newIndex1 to i6" [detection_head.c:34]   --->   Operation 58 'zext' 'newIndex2_cast1' <Predicate = true> <Delay = 0.00>
ST_9 : Operation 59 [1/1] (0.00ns)   --->   "%newIndex2_cast = zext i4 %newIndex1 to i7" [detection_head.c:34]   --->   Operation 59 'zext' 'newIndex2_cast' <Predicate = true> <Delay = 0.00>
ST_9 : Operation 60 [1/1] (1.73ns)   --->   "%ox_1 = add i4 %ox_mid2, 1" [detection_head.c:34]   --->   Operation 60 'add' 'ox_1' <Predicate = true> <Delay = 1.73> <Core = "AddSub">   --->   Core 14 'AddSub' <Latency = 0> <II = 1> <Delay = 1.91> <FuncUnit> <Opcode : 'add' 'sub'> <InPorts = 2> <OutPorts = 1>
ST_9 : Operation 61 [1/1] (0.00ns)   --->   "%zext7_cast = zext i4 %ox_1 to i10" [detection_head.c:34]   --->   Operation 61 'zext' 'zext7_cast' <Predicate = true> <Delay = 0.00>
ST_9 : Operation 62 [1/1] (3.78ns)   --->   "%mul8 = mul i10 %zext7_cast, 26" [detection_head.c:34]   --->   Operation 62 'mul' 'mul8' <Predicate = true> <Delay = 3.78> <Core = "Mul">   --->   Core 16 'Mul' <Latency = 0> <II = 1> <Delay = 3.78> <FuncUnit> <Opcode : 'mul'> <InPorts = 2> <OutPorts = 1>
ST_9 : Operation 63 [1/1] (0.00ns)   --->   "%tmp_51 = call i3 @_ssdm_op_PartSelect.i3.i10.i32.i32(i10 %mul8, i32 7, i32 9)" [detection_head.c:34]   --->   Operation 63 'partselect' 'tmp_51' <Predicate = true> <Delay = 0.00>
ST_9 : Operation 64 [1/1] (0.00ns)   --->   "%newIndex3 = sext i3 %tmp_51 to i4" [detection_head.c:34]   --->   Operation 64 'sext' 'newIndex3' <Predicate = true> <Delay = 0.00>
ST_9 : Operation 65 [1/1] (0.00ns)   --->   "%newIndex4_cast1 = zext i4 %newIndex3 to i6" [detection_head.c:34]   --->   Operation 65 'zext' 'newIndex4_cast1' <Predicate = true> <Delay = 0.00>
ST_9 : Operation 66 [1/1] (0.00ns)   --->   "%newIndex4_cast = zext i4 %newIndex3 to i7" [detection_head.c:34]   --->   Operation 66 'zext' 'newIndex4_cast' <Predicate = true> <Delay = 0.00>
ST_9 : Operation 67 [1/1] (1.73ns)   --->   "%tmp_26_2 = add i4 %ox_mid2, 2" [detection_head.c:34]   --->   Operation 67 'add' 'tmp_26_2' <Predicate = true> <Delay = 1.73> <Core = "AddSub">   --->   Core 14 'AddSub' <Latency = 0> <II = 1> <Delay = 1.91> <FuncUnit> <Opcode : 'add' 'sub'> <InPorts = 2> <OutPorts = 1>
ST_9 : Operation 68 [1/1] (0.00ns)   --->   "%zext4_cast = zext i4 %tmp_26_2 to i10" [detection_head.c:34]   --->   Operation 68 'zext' 'zext4_cast' <Predicate = true> <Delay = 0.00>
ST_9 : Operation 69 [1/1] (3.78ns)   --->   "%mul5 = mul i10 %zext4_cast, 26" [detection_head.c:34]   --->   Operation 69 'mul' 'mul5' <Predicate = true> <Delay = 3.78> <Core = "Mul">   --->   Core 16 'Mul' <Latency = 0> <II = 1> <Delay = 3.78> <FuncUnit> <Opcode : 'mul'> <InPorts = 2> <OutPorts = 1>
ST_9 : Operation 70 [1/1] (0.00ns)   --->   "%tmp_52 = call i3 @_ssdm_op_PartSelect.i3.i10.i32.i32(i10 %mul5, i32 7, i32 9)" [detection_head.c:34]   --->   Operation 70 'partselect' 'tmp_52' <Predicate = true> <Delay = 0.00>
ST_9 : Operation 71 [1/1] (0.00ns)   --->   "%newIndex6 = sext i3 %tmp_52 to i4" [detection_head.c:34]   --->   Operation 71 'sext' 'newIndex6' <Predicate = true> <Delay = 0.00>
ST_9 : Operation 72 [1/1] (0.00ns)   --->   "%newIndex7_cast1 = zext i4 %newIndex6 to i6" [detection_head.c:34]   --->   Operation 72 'zext' 'newIndex7_cast1' <Predicate = true> <Delay = 0.00>
ST_9 : Operation 73 [1/1] (0.00ns)   --->   "%newIndex7_cast = zext i4 %newIndex6 to i7" [detection_head.c:34]   --->   Operation 73 'zext' 'newIndex7_cast' <Predicate = true> <Delay = 0.00>
ST_9 : Operation 74 [1/1] (1.73ns)   --->   "%tmp_26_3 = add i4 %ox_mid2, 3" [detection_head.c:34]   --->   Operation 74 'add' 'tmp_26_3' <Predicate = true> <Delay = 1.73> <Core = "AddSub">   --->   Core 14 'AddSub' <Latency = 0> <II = 1> <Delay = 1.91> <FuncUnit> <Opcode : 'add' 'sub'> <InPorts = 2> <OutPorts = 1>
ST_9 : Operation 75 [1/1] (0.00ns)   --->   "%zext1_cast = zext i4 %tmp_26_3 to i10" [detection_head.c:34]   --->   Operation 75 'zext' 'zext1_cast' <Predicate = true> <Delay = 0.00>
ST_9 : Operation 76 [1/1] (3.78ns)   --->   "%mul2 = mul i10 %zext1_cast, 26" [detection_head.c:34]   --->   Operation 76 'mul' 'mul2' <Predicate = true> <Delay = 3.78> <Core = "Mul">   --->   Core 16 'Mul' <Latency = 0> <II = 1> <Delay = 3.78> <FuncUnit> <Opcode : 'mul'> <InPorts = 2> <OutPorts = 1>
ST_9 : Operation 77 [1/1] (0.00ns)   --->   "%tmp_53 = call i3 @_ssdm_op_PartSelect.i3.i10.i32.i32(i10 %mul2, i32 7, i32 9)" [detection_head.c:34]   --->   Operation 77 'partselect' 'tmp_53' <Predicate = true> <Delay = 0.00>
ST_9 : Operation 78 [1/1] (0.00ns)   --->   "%newIndex8 = sext i3 %tmp_53 to i4" [detection_head.c:34]   --->   Operation 78 'sext' 'newIndex8' <Predicate = true> <Delay = 0.00>
ST_9 : Operation 79 [1/1] (0.00ns)   --->   "%newIndex9_cast1 = zext i4 %newIndex8 to i6" [detection_head.c:34]   --->   Operation 79 'zext' 'newIndex9_cast1' <Predicate = true> <Delay = 0.00>
ST_9 : Operation 80 [1/1] (0.00ns)   --->   "%newIndex9_cast = zext i4 %newIndex8 to i7" [detection_head.c:34]   --->   Operation 80 'zext' 'newIndex9_cast' <Predicate = true> <Delay = 0.00>
ST_9 : Operation 81 [1/1] (1.73ns)   --->   "%tmp_26_4 = add i4 %ox_mid2, 4" [detection_head.c:34]   --->   Operation 81 'add' 'tmp_26_4' <Predicate = true> <Delay = 1.73> <Core = "AddSub">   --->   Core 14 'AddSub' <Latency = 0> <II = 1> <Delay = 1.91> <FuncUnit> <Opcode : 'add' 'sub'> <InPorts = 2> <OutPorts = 1>
ST_9 : Operation 82 [1/1] (0.00ns)   --->   "%zext_cast = zext i4 %tmp_26_4 to i10" [detection_head.c:34]   --->   Operation 82 'zext' 'zext_cast' <Predicate = true> <Delay = 0.00>
ST_9 : Operation 83 [1/1] (3.78ns)   --->   "%mul = mul i10 %zext_cast, 26" [detection_head.c:34]   --->   Operation 83 'mul' 'mul' <Predicate = true> <Delay = 3.78> <Core = "Mul">   --->   Core 16 'Mul' <Latency = 0> <II = 1> <Delay = 3.78> <FuncUnit> <Opcode : 'mul'> <InPorts = 2> <OutPorts = 1>
ST_9 : Operation 84 [1/1] (0.00ns)   --->   "%tmp_54 = call i3 @_ssdm_op_PartSelect.i3.i10.i32.i32(i10 %mul, i32 7, i32 9)" [detection_head.c:34]   --->   Operation 84 'partselect' 'tmp_54' <Predicate = true> <Delay = 0.00>
ST_9 : Operation 85 [1/1] (0.00ns)   --->   "%newIndex = sext i3 %tmp_54 to i4" [detection_head.c:34]   --->   Operation 85 'sext' 'newIndex' <Predicate = true> <Delay = 0.00>
ST_9 : Operation 86 [1/1] (0.00ns)   --->   "%newIndex5_cast1 = zext i4 %newIndex to i6" [detection_head.c:24]   --->   Operation 86 'zext' 'newIndex5_cast1' <Predicate = true> <Delay = 0.00>
ST_9 : Operation 87 [1/1] (0.00ns)   --->   "%newIndex5_cast = zext i4 %newIndex to i7" [detection_head.c:34]   --->   Operation 87 'zext' 'newIndex5_cast' <Predicate = true> <Delay = 0.00>
ST_9 : Operation 88 [1/1] (1.76ns)   --->   "br label %2" [detection_head.c:24]   --->   Operation 88 'br' <Predicate = true> <Delay = 1.76>

State 10 <SV = 9> <Delay = 3.84>
ST_10 : Operation 89 [1/1] (0.00ns)   --->   "%indvar_flatten = phi i8 [ 0, %.reset14 ], [ %indvar_flatten_next, %ifBlock ]"   --->   Operation 89 'phi' 'indvar_flatten' <Predicate = true> <Delay = 0.00>
ST_10 : Operation 90 [1/1] (0.00ns)   --->   "%ic = phi i6 [ 0, %.reset14 ], [ %tmp_8_mid2_v, %ifBlock ]" [detection_head.c:34]   --->   Operation 90 'phi' 'ic' <Predicate = true> <Delay = 0.00>
ST_10 : Operation 91 [1/1] (0.00ns)   --->   "%sum_1 = phi i32 [ 0, %.reset14 ], [ %sum_3_4, %ifBlock ]" [detection_head.c:34]   --->   Operation 91 'phi' 'sum_1' <Predicate = true> <Delay = 0.00>
ST_10 : Operation 92 [1/1] (0.00ns)   --->   "%ky = phi i3 [ 0, %.reset14 ], [ %ky_1, %ifBlock ]"   --->   Operation 92 'phi' 'ky' <Predicate = true> <Delay = 0.00>
ST_10 : Operation 93 [1/1] (1.55ns)   --->   "%exitcond_flatten = icmp eq i8 %indvar_flatten, -96"   --->   Operation 93 'icmp' 'exitcond_flatten' <Predicate = true> <Delay = 1.55> <Core = "Cmp">   --->   Core 25 'Cmp' <Latency = 0> <II = 1> <Delay = 1.30> <FuncUnit> <Opcode : 'icmp'> <InPorts = 2> <OutPorts = 1>
ST_10 : Operation 94 [1/1] (0.00ns)   --->   "%empty_11 = call i32 (...)* @_ssdm_op_SpecLoopTripCount(i64 160, i64 160, i64 160)"   --->   Operation 94 'speclooptripcount' 'empty_11' <Predicate = true> <Delay = 0.00>
ST_10 : Operation 95 [1/1] (1.91ns)   --->   "%indvar_flatten_next = add i8 %indvar_flatten, 1"   --->   Operation 95 'add' 'indvar_flatten_next' <Predicate = true> <Delay = 1.91> <Core = "AddSub">   --->   Core 14 'AddSub' <Latency = 0> <II = 1> <Delay = 1.91> <FuncUnit> <Opcode : 'add' 'sub'> <InPorts = 2> <OutPorts = 1>
ST_10 : Operation 96 [1/1] (0.00ns)   --->   "br i1 %exitcond_flatten, label %7, label %.reset"   --->   Operation 96 'br' <Predicate = true> <Delay = 0.00>
ST_10 : Operation 97 [1/1] (1.82ns)   --->   "%ic_1 = add i6 %ic, 1" [detection_head.c:24]   --->   Operation 97 'add' 'ic_1' <Predicate = (!exitcond_flatten)> <Delay = 1.82> <Core = "AddSub">   --->   Core 14 'AddSub' <Latency = 0> <II = 1> <Delay = 1.91> <FuncUnit> <Opcode : 'add' 'sub'> <InPorts = 2> <OutPorts = 1>
ST_10 : Operation 98 [1/1] (1.13ns)   --->   "%exitcond1 = icmp eq i3 %ky, -3" [detection_head.c:27]   --->   Operation 98 'icmp' 'exitcond1' <Predicate = (!exitcond_flatten)> <Delay = 1.13> <Core = "Cmp">   --->   Core 25 'Cmp' <Latency = 0> <II = 1> <Delay = 1.30> <FuncUnit> <Opcode : 'icmp'> <InPorts = 2> <OutPorts = 1>
ST_10 : Operation 99 [1/1] (0.98ns)   --->   "%ky_mid2 = select i1 %exitcond1, i3 0, i3 %ky" [detection_head.c:27]   --->   Operation 99 'select' 'ky_mid2' <Predicate = (!exitcond_flatten)> <Delay = 0.98> <Core = "Sel">   --->   Core 26 'Sel' <Latency = 0> <II = 1> <Delay = 1.24> <FuncUnit> <Opcode : 'select'> <InPorts = 3> <OutPorts = 1>
ST_10 : Operation 100 [1/1] (1.18ns)   --->   "%tmp_8_mid2_v = select i1 %exitcond1, i6 %ic_1, i6 %ic" [detection_head.c:34]   --->   Operation 100 'select' 'tmp_8_mid2_v' <Predicate = (!exitcond_flatten)> <Delay = 1.18> <Core = "Sel">   --->   Core 26 'Sel' <Latency = 0> <II = 1> <Delay = 1.24> <FuncUnit> <Opcode : 'select'> <InPorts = 3> <OutPorts = 1>
ST_10 : Operation 101 [1/1] (0.00ns)   --->   "%ky_cast = zext i3 %ky_mid2 to i4" [detection_head.c:27]   --->   Operation 101 'zext' 'ky_cast' <Predicate = (!exitcond_flatten)> <Delay = 0.00>
ST_10 : Operation 102 [1/1] (1.73ns)   --->   "%tmp_9 = add i4 %ky_cast, %tmp_49" [detection_head.c:34]   --->   Operation 102 'add' 'tmp_9' <Predicate = (!exitcond_flatten)> <Delay = 1.73> <Core = "AddSub">   --->   Core 14 'AddSub' <Latency = 0> <II = 1> <Delay = 1.91> <FuncUnit> <Opcode : 'add' 'sub'> <InPorts = 2> <OutPorts = 1>
ST_10 : Operation 103 [1/1] (1.30ns)   --->   "switch i4 %arrayNo, label %branch24 [
    i4 0, label %branch20
    i4 1, label %branch21
    i4 2, label %branch22
    i4 3, label %branch23
  ]" [detection_head.c:34]   --->   Operation 103 'switch' <Predicate = (!exitcond_flatten)> <Delay = 1.30>
ST_10 : Operation 104 [1/1] (1.30ns)   --->   "switch i4 %arrayNo, label %branch19 [
    i4 0, label %branch15
    i4 1, label %branch16
    i4 2, label %branch17
    i4 3, label %branch18
  ]" [detection_head.c:34]   --->   Operation 104 'switch' <Predicate = (!exitcond_flatten)> <Delay = 1.30>
ST_10 : Operation 105 [1/1] (1.30ns)   --->   "switch i4 %arrayNo, label %branch14 [
    i4 0, label %branch10
    i4 1, label %branch11
    i4 2, label %branch12
    i4 3, label %branch13
  ]" [detection_head.c:34]   --->   Operation 105 'switch' <Predicate = (!exitcond_flatten)> <Delay = 1.30>
ST_10 : Operation 106 [1/1] (1.30ns)   --->   "switch i4 %arrayNo, label %branch9 [
    i4 0, label %branch5
    i4 1, label %branch6
    i4 2, label %branch7
    i4 3, label %branch8
  ]" [detection_head.c:34]   --->   Operation 106 'switch' <Predicate = (!exitcond_flatten)> <Delay = 1.30>
ST_10 : Operation 107 [1/1] (1.30ns)   --->   "switch i4 %arrayNo, label %branch4 [
    i4 0, label %branch0
    i4 1, label %branch1
    i4 2, label %branch2
    i4 3, label %branch3
  ]" [detection_head.c:34]   --->   Operation 107 'switch' <Predicate = (!exitcond_flatten)> <Delay = 1.30>
ST_10 : Operation 108 [1/1] (1.65ns)   --->   "%ky_1 = add i3 %ky_mid2, 1" [detection_head.c:27]   --->   Operation 108 'add' 'ky_1' <Predicate = (!exitcond_flatten)> <Delay = 1.65> <Core = "AddSub">   --->   Core 14 'AddSub' <Latency = 0> <II = 1> <Delay = 1.91> <FuncUnit> <Opcode : 'add' 'sub'> <InPorts = 2> <OutPorts = 1>

State 11 <SV = 10> <Delay = 8.49>
ST_11 : Operation 109 [1/1] (0.00ns)   --->   "call void (...)* @_ssdm_op_SpecLoopName([27 x i8]* @INPUT_CHANNELS_KERNA)"   --->   Operation 109 'specloopname' <Predicate = (!exitcond_flatten)> <Delay = 0.00>
ST_11 : Operation 110 [1/1] (0.00ns)   --->   "%tmp_8_mid2_cast1 = zext i6 %tmp_8_mid2_v to i9" [detection_head.c:27]   --->   Operation 110 'zext' 'tmp_8_mid2_cast1' <Predicate = (!exitcond_flatten)> <Delay = 0.00>
ST_11 : Operation 111 [1/1] (0.00ns)   --->   "%tmp_8_mid2_cast2 = zext i6 %tmp_8_mid2_v to i11" [detection_head.c:27]   --->   Operation 111 'zext' 'tmp_8_mid2_cast2' <Predicate = (!exitcond_flatten)> <Delay = 0.00>
ST_11 : Operation 112 [1/1] (0.00ns)   --->   "%tmp_8_mid2_cast = zext i6 %tmp_8_mid2_v to i12" [detection_head.c:27]   --->   Operation 112 'zext' 'tmp_8_mid2_cast' <Predicate = (!exitcond_flatten)> <Delay = 0.00>
ST_11 : Operation 113 [1/1] (0.00ns)   --->   "call void (...)* @_ssdm_op_SpecLoopName([12 x i8]* @p_str735) nounwind" [detection_head.c:27]   --->   Operation 113 'specloopname' <Predicate = (!exitcond_flatten)> <Delay = 0.00>
ST_11 : Operation 114 [1/1] (0.00ns)   --->   "%tmp_5 = call i32 (...)* @_ssdm_op_SpecRegionBegin([12 x i8]* @p_str735)" [detection_head.c:27]   --->   Operation 114 'specregionbegin' 'tmp_5' <Predicate = (!exitcond_flatten)> <Delay = 0.00>
ST_11 : Operation 115 [1/1] (0.00ns)   --->   "call void (...)* @_ssdm_op_SpecPipeline(i32 1, i32 1, i32 1, i32 0, [1 x i8]* @p_str129) nounwind" [detection_head.c:28]   --->   Operation 115 'specpipeline' <Predicate = (!exitcond_flatten)> <Delay = 0.00>
ST_11 : Operation 116 [1/1] (0.00ns)   --->   "%tmp_6_cast = zext i4 %tmp_9 to i7" [detection_head.c:34]   --->   Operation 116 'zext' 'tmp_6_cast' <Predicate = (!exitcond_flatten)> <Delay = 0.00>
ST_11 : Operation 117 [1/1] (0.00ns)   --->   "%tmp_57 = call i6 @_ssdm_op_BitConcatenate.i6.i4.i2(i4 %tmp_9, i2 0)" [detection_head.c:34]   --->   Operation 117 'bitconcatenate' 'tmp_57' <Predicate = (!exitcond_flatten)> <Delay = 0.00>
ST_11 : Operation 118 [1/1] (0.00ns)   --->   "%p_shl_cast = zext i6 %tmp_57 to i7" [detection_head.c:34]   --->   Operation 118 'zext' 'p_shl_cast' <Predicate = (!exitcond_flatten)> <Delay = 0.00>
ST_11 : Operation 119 [1/1] (1.82ns)   --->   "%tmp_58 = sub i7 %p_shl_cast, %tmp_6_cast" [detection_head.c:34]   --->   Operation 119 'sub' 'tmp_58' <Predicate = (!exitcond_flatten)> <Delay = 1.82> <Core = "AddSub">   --->   Core 14 'AddSub' <Latency = 0> <II = 1> <Delay = 1.91> <FuncUnit> <Opcode : 'add' 'sub'> <InPorts = 2> <OutPorts = 1>
ST_11 : Operation 120 [1/1] (1.87ns)   --->   "%tmp_59 = add i7 %tmp_58, %newIndex2_cast" [detection_head.c:34]   --->   Operation 120 'add' 'tmp_59' <Predicate = (!exitcond_flatten)> <Delay = 1.87> <Core = "AddSub">   --->   Core 14 'AddSub' <Latency = 0> <II = 1> <Delay = 1.91> <FuncUnit> <Opcode : 'add' 'sub'> <InPorts = 2> <OutPorts = 1>
ST_11 : Operation 121 [1/1] (0.00ns)   --->   "%tmp_66_cast = call i12 @_ssdm_op_BitConcatenate.i12.i7.i5(i7 %tmp_59, i5 0)" [detection_head.c:34]   --->   Operation 121 'bitconcatenate' 'tmp_66_cast' <Predicate = (!exitcond_flatten)> <Delay = 0.00>
ST_11 : Operation 122 [1/1] (1.54ns)   --->   "%tmp_60 = add i12 %tmp_66_cast, %tmp_8_mid2_cast" [detection_head.c:34]   --->   Operation 122 'add' 'tmp_60' <Predicate = (!exitcond_flatten)> <Delay = 1.54> <Core = "AddSub">   --->   Core 14 'AddSub' <Latency = 0> <II = 1> <Delay = 1.91> <FuncUnit> <Opcode : 'add' 'sub'> <InPorts = 2> <OutPorts = 1>
ST_11 : Operation 123 [1/1] (0.00ns)   --->   "%tmp_67_cast = zext i12 %tmp_60 to i64" [detection_head.c:34]   --->   Operation 123 'zext' 'tmp_67_cast' <Predicate = (!exitcond_flatten)> <Delay = 0.00>
ST_11 : Operation 124 [1/1] (0.00ns)   --->   "%buf_conv3_0_addr = getelementptr [1152 x i31]* @buf_conv3_0, i64 0, i64 %tmp_67_cast" [detection_head.c:34]   --->   Operation 124 'getelementptr' 'buf_conv3_0_addr' <Predicate = (!exitcond_flatten)> <Delay = 0.00>
ST_11 : Operation 125 [1/1] (1.87ns)   --->   "%tmp_61 = add i7 %tmp_58, %newIndex4_cast" [detection_head.c:34]   --->   Operation 125 'add' 'tmp_61' <Predicate = (!exitcond_flatten)> <Delay = 1.87> <Core = "AddSub">   --->   Core 14 'AddSub' <Latency = 0> <II = 1> <Delay = 1.91> <FuncUnit> <Opcode : 'add' 'sub'> <InPorts = 2> <OutPorts = 1>
ST_11 : Operation 126 [1/1] (0.00ns)   --->   "%tmp_70_cast = call i12 @_ssdm_op_BitConcatenate.i12.i7.i5(i7 %tmp_61, i5 0)" [detection_head.c:34]   --->   Operation 126 'bitconcatenate' 'tmp_70_cast' <Predicate = (!exitcond_flatten)> <Delay = 0.00>
ST_11 : Operation 127 [1/1] (1.54ns)   --->   "%tmp_62 = add i12 %tmp_70_cast, %tmp_8_mid2_cast" [detection_head.c:34]   --->   Operation 127 'add' 'tmp_62' <Predicate = (!exitcond_flatten)> <Delay = 1.54> <Core = "AddSub">   --->   Core 14 'AddSub' <Latency = 0> <II = 1> <Delay = 1.91> <FuncUnit> <Opcode : 'add' 'sub'> <InPorts = 2> <OutPorts = 1>
ST_11 : Operation 128 [1/1] (0.00ns)   --->   "%tmp_71_cast = zext i12 %tmp_62 to i64" [detection_head.c:34]   --->   Operation 128 'zext' 'tmp_71_cast' <Predicate = (!exitcond_flatten)> <Delay = 0.00>
ST_11 : Operation 129 [1/1] (0.00ns)   --->   "%buf_conv3_0_addr_1 = getelementptr [1152 x i31]* @buf_conv3_0, i64 0, i64 %tmp_71_cast" [detection_head.c:34]   --->   Operation 129 'getelementptr' 'buf_conv3_0_addr_1' <Predicate = (!exitcond_flatten)> <Delay = 0.00>
ST_11 : Operation 130 [1/1] (1.87ns)   --->   "%tmp_63 = add i7 %tmp_58, %newIndex7_cast" [detection_head.c:34]   --->   Operation 130 'add' 'tmp_63' <Predicate = (!exitcond_flatten)> <Delay = 1.87> <Core = "AddSub">   --->   Core 14 'AddSub' <Latency = 0> <II = 1> <Delay = 1.91> <FuncUnit> <Opcode : 'add' 'sub'> <InPorts = 2> <OutPorts = 1>
ST_11 : Operation 131 [1/1] (0.00ns)   --->   "%tmp_74_cast = call i12 @_ssdm_op_BitConcatenate.i12.i7.i5(i7 %tmp_63, i5 0)" [detection_head.c:34]   --->   Operation 131 'bitconcatenate' 'tmp_74_cast' <Predicate = (!exitcond_flatten)> <Delay = 0.00>
ST_11 : Operation 132 [1/1] (1.54ns)   --->   "%tmp_64 = add i12 %tmp_74_cast, %tmp_8_mid2_cast" [detection_head.c:34]   --->   Operation 132 'add' 'tmp_64' <Predicate = (!exitcond_flatten)> <Delay = 1.54> <Core = "AddSub">   --->   Core 14 'AddSub' <Latency = 0> <II = 1> <Delay = 1.91> <FuncUnit> <Opcode : 'add' 'sub'> <InPorts = 2> <OutPorts = 1>
ST_11 : Operation 133 [1/1] (0.00ns)   --->   "%tmp_75_cast = zext i12 %tmp_64 to i64" [detection_head.c:34]   --->   Operation 133 'zext' 'tmp_75_cast' <Predicate = (!exitcond_flatten)> <Delay = 0.00>
ST_11 : Operation 134 [1/1] (0.00ns)   --->   "%buf_conv3_0_addr_2 = getelementptr [1152 x i31]* @buf_conv3_0, i64 0, i64 %tmp_75_cast" [detection_head.c:34]   --->   Operation 134 'getelementptr' 'buf_conv3_0_addr_2' <Predicate = (!exitcond_flatten)> <Delay = 0.00>
ST_11 : Operation 135 [1/1] (1.87ns)   --->   "%tmp_65 = add i7 %tmp_58, %newIndex9_cast" [detection_head.c:34]   --->   Operation 135 'add' 'tmp_65' <Predicate = (!exitcond_flatten)> <Delay = 1.87> <Core = "AddSub">   --->   Core 14 'AddSub' <Latency = 0> <II = 1> <Delay = 1.91> <FuncUnit> <Opcode : 'add' 'sub'> <InPorts = 2> <OutPorts = 1>
ST_11 : Operation 136 [1/1] (0.00ns)   --->   "%tmp_78_cast = call i12 @_ssdm_op_BitConcatenate.i12.i7.i5(i7 %tmp_65, i5 0)" [detection_head.c:34]   --->   Operation 136 'bitconcatenate' 'tmp_78_cast' <Predicate = (!exitcond_flatten)> <Delay = 0.00>
ST_11 : Operation 137 [1/1] (1.54ns)   --->   "%tmp_66 = add i12 %tmp_78_cast, %tmp_8_mid2_cast" [detection_head.c:34]   --->   Operation 137 'add' 'tmp_66' <Predicate = (!exitcond_flatten)> <Delay = 1.54> <Core = "AddSub">   --->   Core 14 'AddSub' <Latency = 0> <II = 1> <Delay = 1.91> <FuncUnit> <Opcode : 'add' 'sub'> <InPorts = 2> <OutPorts = 1>
ST_11 : Operation 138 [1/1] (0.00ns)   --->   "%tmp_79_cast = zext i12 %tmp_66 to i64" [detection_head.c:34]   --->   Operation 138 'zext' 'tmp_79_cast' <Predicate = (!exitcond_flatten)> <Delay = 0.00>
ST_11 : Operation 139 [1/1] (0.00ns)   --->   "%buf_conv3_0_addr_3 = getelementptr [1152 x i31]* @buf_conv3_0, i64 0, i64 %tmp_79_cast" [detection_head.c:34]   --->   Operation 139 'getelementptr' 'buf_conv3_0_addr_3' <Predicate = (!exitcond_flatten)> <Delay = 0.00>
ST_11 : Operation 140 [1/1] (1.87ns)   --->   "%tmp_67 = add i7 %tmp_58, %newIndex5_cast" [detection_head.c:34]   --->   Operation 140 'add' 'tmp_67' <Predicate = (!exitcond_flatten)> <Delay = 1.87> <Core = "AddSub">   --->   Core 14 'AddSub' <Latency = 0> <II = 1> <Delay = 1.91> <FuncUnit> <Opcode : 'add' 'sub'> <InPorts = 2> <OutPorts = 1>
ST_11 : Operation 141 [1/1] (0.00ns)   --->   "%tmp_82_cast = call i12 @_ssdm_op_BitConcatenate.i12.i7.i5(i7 %tmp_67, i5 0)" [detection_head.c:34]   --->   Operation 141 'bitconcatenate' 'tmp_82_cast' <Predicate = (!exitcond_flatten)> <Delay = 0.00>
ST_11 : Operation 142 [1/1] (1.54ns)   --->   "%tmp_68 = add i12 %tmp_82_cast, %tmp_8_mid2_cast" [detection_head.c:34]   --->   Operation 142 'add' 'tmp_68' <Predicate = (!exitcond_flatten)> <Delay = 1.54> <Core = "AddSub">   --->   Core 14 'AddSub' <Latency = 0> <II = 1> <Delay = 1.91> <FuncUnit> <Opcode : 'add' 'sub'> <InPorts = 2> <OutPorts = 1>
ST_11 : Operation 143 [1/1] (0.00ns)   --->   "%tmp_83_cast = zext i12 %tmp_68 to i64" [detection_head.c:34]   --->   Operation 143 'zext' 'tmp_83_cast' <Predicate = (!exitcond_flatten)> <Delay = 0.00>
ST_11 : Operation 144 [1/1] (0.00ns)   --->   "%buf_conv3_0_addr_4 = getelementptr [1152 x i31]* @buf_conv3_0, i64 0, i64 %tmp_83_cast" [detection_head.c:34]   --->   Operation 144 'getelementptr' 'buf_conv3_0_addr_4' <Predicate = (!exitcond_flatten)> <Delay = 0.00>
ST_11 : Operation 145 [1/1] (0.00ns)   --->   "%buf_conv3_1_addr = getelementptr [1152 x i31]* @buf_conv3_1, i64 0, i64 %tmp_67_cast" [detection_head.c:34]   --->   Operation 145 'getelementptr' 'buf_conv3_1_addr' <Predicate = (!exitcond_flatten)> <Delay = 0.00>
ST_11 : Operation 146 [1/1] (0.00ns)   --->   "%buf_conv3_1_addr_1 = getelementptr [1152 x i31]* @buf_conv3_1, i64 0, i64 %tmp_71_cast" [detection_head.c:34]   --->   Operation 146 'getelementptr' 'buf_conv3_1_addr_1' <Predicate = (!exitcond_flatten)> <Delay = 0.00>
ST_11 : Operation 147 [1/1] (0.00ns)   --->   "%buf_conv3_1_addr_2 = getelementptr [1152 x i31]* @buf_conv3_1, i64 0, i64 %tmp_75_cast" [detection_head.c:34]   --->   Operation 147 'getelementptr' 'buf_conv3_1_addr_2' <Predicate = (!exitcond_flatten)> <Delay = 0.00>
ST_11 : Operation 148 [1/1] (0.00ns)   --->   "%buf_conv3_1_addr_3 = getelementptr [1152 x i31]* @buf_conv3_1, i64 0, i64 %tmp_79_cast" [detection_head.c:34]   --->   Operation 148 'getelementptr' 'buf_conv3_1_addr_3' <Predicate = (!exitcond_flatten)> <Delay = 0.00>
ST_11 : Operation 149 [1/1] (0.00ns)   --->   "%buf_conv3_1_addr_4 = getelementptr [1152 x i31]* @buf_conv3_1, i64 0, i64 %tmp_83_cast" [detection_head.c:34]   --->   Operation 149 'getelementptr' 'buf_conv3_1_addr_4' <Predicate = (!exitcond_flatten)> <Delay = 0.00>
ST_11 : Operation 150 [1/1] (0.00ns)   --->   "%tmp_69 = call i5 @_ssdm_op_BitConcatenate.i5.i4.i1(i4 %tmp_9, i1 false)" [detection_head.c:34]   --->   Operation 150 'bitconcatenate' 'tmp_69' <Predicate = (!exitcond_flatten)> <Delay = 0.00>
ST_11 : Operation 151 [1/1] (0.00ns)   --->   "%tmp_85_cast = zext i5 %tmp_69 to i6" [detection_head.c:34]   --->   Operation 151 'zext' 'tmp_85_cast' <Predicate = (!exitcond_flatten)> <Delay = 0.00>
ST_11 : Operation 152 [1/1] (1.78ns)   --->   "%tmp_70 = add i6 %tmp_85_cast, %newIndex2_cast1" [detection_head.c:34]   --->   Operation 152 'add' 'tmp_70' <Predicate = (!exitcond_flatten)> <Delay = 1.78> <Core = "AddSub">   --->   Core 14 'AddSub' <Latency = 0> <II = 1> <Delay = 1.91> <FuncUnit> <Opcode : 'add' 'sub'> <InPorts = 2> <OutPorts = 1>
ST_11 : Operation 153 [1/1] (0.00ns)   --->   "%tmp_88_cast = call i11 @_ssdm_op_BitConcatenate.i11.i6.i5(i6 %tmp_70, i5 0)" [detection_head.c:34]   --->   Operation 153 'bitconcatenate' 'tmp_88_cast' <Predicate = (!exitcond_flatten)> <Delay = 0.00>
ST_11 : Operation 154 [1/1] (1.63ns)   --->   "%tmp_71 = add i11 %tmp_88_cast, %tmp_8_mid2_cast2" [detection_head.c:34]   --->   Operation 154 'add' 'tmp_71' <Predicate = (!exitcond_flatten)> <Delay = 1.63> <Core = "AddSub">   --->   Core 14 'AddSub' <Latency = 0> <II = 1> <Delay = 1.91> <FuncUnit> <Opcode : 'add' 'sub'> <InPorts = 2> <OutPorts = 1>
ST_11 : Operation 155 [1/1] (0.00ns)   --->   "%tmp_89_cast = zext i11 %tmp_71 to i64" [detection_head.c:34]   --->   Operation 155 'zext' 'tmp_89_cast' <Predicate = (!exitcond_flatten)> <Delay = 0.00>
ST_11 : Operation 156 [1/1] (0.00ns)   --->   "%buf_conv3_2_addr = getelementptr [768 x i31]* @buf_conv3_2, i64 0, i64 %tmp_89_cast" [detection_head.c:34]   --->   Operation 156 'getelementptr' 'buf_conv3_2_addr' <Predicate = (!exitcond_flatten)> <Delay = 0.00>
ST_11 : Operation 157 [1/1] (1.78ns)   --->   "%tmp_72 = add i6 %tmp_85_cast, %newIndex4_cast1" [detection_head.c:34]   --->   Operation 157 'add' 'tmp_72' <Predicate = (!exitcond_flatten)> <Delay = 1.78> <Core = "AddSub">   --->   Core 14 'AddSub' <Latency = 0> <II = 1> <Delay = 1.91> <FuncUnit> <Opcode : 'add' 'sub'> <InPorts = 2> <OutPorts = 1>
ST_11 : Operation 158 [1/1] (0.00ns)   --->   "%tmp_92_cast = call i11 @_ssdm_op_BitConcatenate.i11.i6.i5(i6 %tmp_72, i5 0)" [detection_head.c:34]   --->   Operation 158 'bitconcatenate' 'tmp_92_cast' <Predicate = (!exitcond_flatten)> <Delay = 0.00>
ST_11 : Operation 159 [1/1] (1.63ns)   --->   "%tmp_73 = add i11 %tmp_92_cast, %tmp_8_mid2_cast2" [detection_head.c:34]   --->   Operation 159 'add' 'tmp_73' <Predicate = (!exitcond_flatten)> <Delay = 1.63> <Core = "AddSub">   --->   Core 14 'AddSub' <Latency = 0> <II = 1> <Delay = 1.91> <FuncUnit> <Opcode : 'add' 'sub'> <InPorts = 2> <OutPorts = 1>
ST_11 : Operation 160 [1/1] (0.00ns)   --->   "%tmp_93_cast = zext i11 %tmp_73 to i64" [detection_head.c:34]   --->   Operation 160 'zext' 'tmp_93_cast' <Predicate = (!exitcond_flatten)> <Delay = 0.00>
ST_11 : Operation 161 [1/1] (0.00ns)   --->   "%buf_conv3_2_addr_1 = getelementptr [768 x i31]* @buf_conv3_2, i64 0, i64 %tmp_93_cast" [detection_head.c:34]   --->   Operation 161 'getelementptr' 'buf_conv3_2_addr_1' <Predicate = (!exitcond_flatten)> <Delay = 0.00>
ST_11 : Operation 162 [1/1] (1.78ns)   --->   "%tmp_74 = add i6 %tmp_85_cast, %newIndex7_cast1" [detection_head.c:34]   --->   Operation 162 'add' 'tmp_74' <Predicate = (!exitcond_flatten)> <Delay = 1.78> <Core = "AddSub">   --->   Core 14 'AddSub' <Latency = 0> <II = 1> <Delay = 1.91> <FuncUnit> <Opcode : 'add' 'sub'> <InPorts = 2> <OutPorts = 1>
ST_11 : Operation 163 [1/1] (0.00ns)   --->   "%tmp_96_cast = call i11 @_ssdm_op_BitConcatenate.i11.i6.i5(i6 %tmp_74, i5 0)" [detection_head.c:34]   --->   Operation 163 'bitconcatenate' 'tmp_96_cast' <Predicate = (!exitcond_flatten)> <Delay = 0.00>
ST_11 : Operation 164 [1/1] (1.63ns)   --->   "%tmp_75 = add i11 %tmp_96_cast, %tmp_8_mid2_cast2" [detection_head.c:34]   --->   Operation 164 'add' 'tmp_75' <Predicate = (!exitcond_flatten)> <Delay = 1.63> <Core = "AddSub">   --->   Core 14 'AddSub' <Latency = 0> <II = 1> <Delay = 1.91> <FuncUnit> <Opcode : 'add' 'sub'> <InPorts = 2> <OutPorts = 1>
ST_11 : Operation 165 [1/1] (0.00ns)   --->   "%tmp_97_cast = zext i11 %tmp_75 to i64" [detection_head.c:34]   --->   Operation 165 'zext' 'tmp_97_cast' <Predicate = (!exitcond_flatten)> <Delay = 0.00>
ST_11 : Operation 166 [1/1] (0.00ns)   --->   "%buf_conv3_2_addr_2 = getelementptr [768 x i31]* @buf_conv3_2, i64 0, i64 %tmp_97_cast" [detection_head.c:34]   --->   Operation 166 'getelementptr' 'buf_conv3_2_addr_2' <Predicate = (!exitcond_flatten)> <Delay = 0.00>
ST_11 : Operation 167 [1/1] (1.78ns)   --->   "%tmp_76 = add i6 %tmp_85_cast, %newIndex9_cast1" [detection_head.c:34]   --->   Operation 167 'add' 'tmp_76' <Predicate = (!exitcond_flatten)> <Delay = 1.78> <Core = "AddSub">   --->   Core 14 'AddSub' <Latency = 0> <II = 1> <Delay = 1.91> <FuncUnit> <Opcode : 'add' 'sub'> <InPorts = 2> <OutPorts = 1>
ST_11 : Operation 168 [1/1] (0.00ns)   --->   "%tmp_100_cast = call i11 @_ssdm_op_BitConcatenate.i11.i6.i5(i6 %tmp_76, i5 0)" [detection_head.c:34]   --->   Operation 168 'bitconcatenate' 'tmp_100_cast' <Predicate = (!exitcond_flatten)> <Delay = 0.00>
ST_11 : Operation 169 [1/1] (1.63ns)   --->   "%tmp_77 = add i11 %tmp_100_cast, %tmp_8_mid2_cast2" [detection_head.c:34]   --->   Operation 169 'add' 'tmp_77' <Predicate = (!exitcond_flatten)> <Delay = 1.63> <Core = "AddSub">   --->   Core 14 'AddSub' <Latency = 0> <II = 1> <Delay = 1.91> <FuncUnit> <Opcode : 'add' 'sub'> <InPorts = 2> <OutPorts = 1>
ST_11 : Operation 170 [1/1] (0.00ns)   --->   "%tmp_101_cast = zext i11 %tmp_77 to i64" [detection_head.c:34]   --->   Operation 170 'zext' 'tmp_101_cast' <Predicate = (!exitcond_flatten)> <Delay = 0.00>
ST_11 : Operation 171 [1/1] (0.00ns)   --->   "%buf_conv3_2_addr_3 = getelementptr [768 x i31]* @buf_conv3_2, i64 0, i64 %tmp_101_cast" [detection_head.c:34]   --->   Operation 171 'getelementptr' 'buf_conv3_2_addr_3' <Predicate = (!exitcond_flatten)> <Delay = 0.00>
ST_11 : Operation 172 [1/1] (1.78ns)   --->   "%tmp_78 = add i6 %tmp_85_cast, %newIndex5_cast1" [detection_head.c:34]   --->   Operation 172 'add' 'tmp_78' <Predicate = (!exitcond_flatten)> <Delay = 1.78> <Core = "AddSub">   --->   Core 14 'AddSub' <Latency = 0> <II = 1> <Delay = 1.91> <FuncUnit> <Opcode : 'add' 'sub'> <InPorts = 2> <OutPorts = 1>
ST_11 : Operation 173 [1/1] (0.00ns)   --->   "%tmp_104_cast = call i11 @_ssdm_op_BitConcatenate.i11.i6.i5(i6 %tmp_78, i5 0)" [detection_head.c:34]   --->   Operation 173 'bitconcatenate' 'tmp_104_cast' <Predicate = (!exitcond_flatten)> <Delay = 0.00>
ST_11 : Operation 174 [1/1] (1.63ns)   --->   "%tmp_79 = add i11 %tmp_104_cast, %tmp_8_mid2_cast2" [detection_head.c:34]   --->   Operation 174 'add' 'tmp_79' <Predicate = (!exitcond_flatten)> <Delay = 1.63> <Core = "AddSub">   --->   Core 14 'AddSub' <Latency = 0> <II = 1> <Delay = 1.91> <FuncUnit> <Opcode : 'add' 'sub'> <InPorts = 2> <OutPorts = 1>
ST_11 : Operation 175 [1/1] (0.00ns)   --->   "%tmp_105_cast = zext i11 %tmp_79 to i64" [detection_head.c:34]   --->   Operation 175 'zext' 'tmp_105_cast' <Predicate = (!exitcond_flatten)> <Delay = 0.00>
ST_11 : Operation 176 [1/1] (0.00ns)   --->   "%buf_conv3_2_addr_4 = getelementptr [768 x i31]* @buf_conv3_2, i64 0, i64 %tmp_105_cast" [detection_head.c:34]   --->   Operation 176 'getelementptr' 'buf_conv3_2_addr_4' <Predicate = (!exitcond_flatten)> <Delay = 0.00>
ST_11 : Operation 177 [1/1] (0.00ns)   --->   "%buf_conv3_3_addr = getelementptr [768 x i31]* @buf_conv3_3, i64 0, i64 %tmp_89_cast" [detection_head.c:34]   --->   Operation 177 'getelementptr' 'buf_conv3_3_addr' <Predicate = (!exitcond_flatten)> <Delay = 0.00>
ST_11 : Operation 178 [1/1] (0.00ns)   --->   "%buf_conv3_3_addr_1 = getelementptr [768 x i31]* @buf_conv3_3, i64 0, i64 %tmp_93_cast" [detection_head.c:34]   --->   Operation 178 'getelementptr' 'buf_conv3_3_addr_1' <Predicate = (!exitcond_flatten)> <Delay = 0.00>
ST_11 : Operation 179 [1/1] (0.00ns)   --->   "%buf_conv3_3_addr_2 = getelementptr [768 x i31]* @buf_conv3_3, i64 0, i64 %tmp_97_cast" [detection_head.c:34]   --->   Operation 179 'getelementptr' 'buf_conv3_3_addr_2' <Predicate = (!exitcond_flatten)> <Delay = 0.00>
ST_11 : Operation 180 [1/1] (0.00ns)   --->   "%buf_conv3_3_addr_3 = getelementptr [768 x i31]* @buf_conv3_3, i64 0, i64 %tmp_101_cast" [detection_head.c:34]   --->   Operation 180 'getelementptr' 'buf_conv3_3_addr_3' <Predicate = (!exitcond_flatten)> <Delay = 0.00>
ST_11 : Operation 181 [1/1] (0.00ns)   --->   "%buf_conv3_3_addr_4 = getelementptr [768 x i31]* @buf_conv3_3, i64 0, i64 %tmp_105_cast" [detection_head.c:34]   --->   Operation 181 'getelementptr' 'buf_conv3_3_addr_4' <Predicate = (!exitcond_flatten)> <Delay = 0.00>
ST_11 : Operation 182 [1/1] (0.00ns)   --->   "%buf_conv3_4_addr = getelementptr [768 x i31]* @buf_conv3_4, i64 0, i64 %tmp_89_cast" [detection_head.c:34]   --->   Operation 182 'getelementptr' 'buf_conv3_4_addr' <Predicate = (!exitcond_flatten)> <Delay = 0.00>
ST_11 : Operation 183 [1/1] (0.00ns)   --->   "%buf_conv3_4_addr_1 = getelementptr [768 x i31]* @buf_conv3_4, i64 0, i64 %tmp_93_cast" [detection_head.c:34]   --->   Operation 183 'getelementptr' 'buf_conv3_4_addr_1' <Predicate = (!exitcond_flatten)> <Delay = 0.00>
ST_11 : Operation 184 [1/1] (0.00ns)   --->   "%buf_conv3_4_addr_2 = getelementptr [768 x i31]* @buf_conv3_4, i64 0, i64 %tmp_97_cast" [detection_head.c:34]   --->   Operation 184 'getelementptr' 'buf_conv3_4_addr_2' <Predicate = (!exitcond_flatten)> <Delay = 0.00>
ST_11 : Operation 185 [1/1] (0.00ns)   --->   "%buf_conv3_4_addr_3 = getelementptr [768 x i31]* @buf_conv3_4, i64 0, i64 %tmp_101_cast" [detection_head.c:34]   --->   Operation 185 'getelementptr' 'buf_conv3_4_addr_3' <Predicate = (!exitcond_flatten)> <Delay = 0.00>
ST_11 : Operation 186 [1/1] (0.00ns)   --->   "%buf_conv3_4_addr_4 = getelementptr [768 x i31]* @buf_conv3_4, i64 0, i64 %tmp_105_cast" [detection_head.c:34]   --->   Operation 186 'getelementptr' 'buf_conv3_4_addr_4' <Predicate = (!exitcond_flatten)> <Delay = 0.00>
ST_11 : Operation 187 [1/1] (0.00ns)   --->   "%tmp_80 = call i8 @_ssdm_op_BitConcatenate.i8.i3.i5(i3 %ky_mid2, i5 0)" [detection_head.c:27]   --->   Operation 187 'bitconcatenate' 'tmp_80' <Predicate = (!exitcond_flatten)> <Delay = 0.00>
ST_11 : Operation 188 [1/1] (0.00ns)   --->   "%tmp_107_cast = zext i8 %tmp_80 to i9" [detection_head.c:34]   --->   Operation 188 'zext' 'tmp_107_cast' <Predicate = (!exitcond_flatten)> <Delay = 0.00>
ST_11 : Operation 189 [1/1] (1.91ns)   --->   "%tmp_81 = add i9 %tmp_107_cast, %tmp_8_mid2_cast1" [detection_head.c:34]   --->   Operation 189 'add' 'tmp_81' <Predicate = (!exitcond_flatten)> <Delay = 1.91> <Core = "AddSub">   --->   Core 14 'AddSub' <Latency = 0> <II = 1> <Delay = 1.91> <FuncUnit> <Opcode : 'add' 'sub'> <InPorts = 2> <OutPorts = 1>
ST_11 : Operation 190 [1/1] (0.00ns)   --->   "%tmp_110_cast = call i13 @_ssdm_op_BitConcatenate.i13.i9.i4(i9 %tmp_81, i4 0)" [detection_head.c:34]   --->   Operation 190 'bitconcatenate' 'tmp_110_cast' <Predicate = (!exitcond_flatten)> <Delay = 0.00>
ST_11 : Operation 191 [1/1] (1.67ns)   --->   "%tmp_82 = add i13 %tmp_110_cast, %tmp_mid2_cast1" [detection_head.c:34]   --->   Operation 191 'add' 'tmp_82' <Predicate = (!exitcond_flatten)> <Delay = 1.67> <Core = "AddSub">   --->   Core 14 'AddSub' <Latency = 0> <II = 1> <Delay = 1.91> <FuncUnit> <Opcode : 'add' 'sub'> <InPorts = 2> <OutPorts = 1>
ST_11 : Operation 192 [1/1] (0.00ns)   --->   "%tmp_111_cast = zext i13 %tmp_82 to i64" [detection_head.c:34]   --->   Operation 192 'zext' 'tmp_111_cast' <Predicate = (!exitcond_flatten)> <Delay = 0.00>
ST_11 : Operation 193 [1/1] (0.00ns)   --->   "%w_det_0_addr = getelementptr [2560 x i5]* @w_det_0, i64 0, i64 %tmp_111_cast" [detection_head.c:34]   --->   Operation 193 'getelementptr' 'w_det_0_addr' <Predicate = (!exitcond_flatten)> <Delay = 0.00>
ST_11 : Operation 194 [1/1] (0.00ns)   --->   "%w_det_1_addr = getelementptr [2560 x i5]* @w_det_1, i64 0, i64 %tmp_111_cast" [detection_head.c:34]   --->   Operation 194 'getelementptr' 'w_det_1_addr' <Predicate = (!exitcond_flatten)> <Delay = 0.00>
ST_11 : Operation 195 [1/1] (0.00ns)   --->   "%w_det_2_addr = getelementptr [2560 x i5]* @w_det_2, i64 0, i64 %tmp_111_cast" [detection_head.c:34]   --->   Operation 195 'getelementptr' 'w_det_2_addr' <Predicate = (!exitcond_flatten)> <Delay = 0.00>
ST_11 : Operation 196 [1/1] (0.00ns)   --->   "%w_det_3_addr = getelementptr [2560 x i5]* @w_det_3, i64 0, i64 %tmp_111_cast" [detection_head.c:34]   --->   Operation 196 'getelementptr' 'w_det_3_addr' <Predicate = (!exitcond_flatten)> <Delay = 0.00>
ST_11 : Operation 197 [1/1] (0.00ns)   --->   "%w_det_4_addr = getelementptr [2560 x i5]* @w_det_4, i64 0, i64 %tmp_111_cast" [detection_head.c:34]   --->   Operation 197 'getelementptr' 'w_det_4_addr' <Predicate = (!exitcond_flatten)> <Delay = 0.00>
ST_11 : Operation 198 [2/2] (3.25ns)   --->   "%buf_conv3_3_load = load i31* %buf_conv3_3_addr, align 4" [detection_head.c:34]   --->   Operation 198 'load' 'buf_conv3_3_load' <Predicate = (!exitcond_flatten & arrayNo == 3)> <Delay = 3.25> <Core = "RAM">   --->   Core 37 'RAM' <Latency = 1> <II = 1> <Delay = 3.25> <Storage> <Opcode : 'load' 'store'> <Ports = 2> <Width = 32> <Depth = 1024> <RAM>
ST_11 : Operation 199 [2/2] (3.25ns)   --->   "%buf_conv3_2_load = load i31* %buf_conv3_2_addr, align 4" [detection_head.c:34]   --->   Operation 199 'load' 'buf_conv3_2_load' <Predicate = (!exitcond_flatten & arrayNo == 2)> <Delay = 3.25> <Core = "RAM">   --->   Core 37 'RAM' <Latency = 1> <II = 1> <Delay = 3.25> <Storage> <Opcode : 'load' 'store'> <Ports = 2> <Width = 32> <Depth = 1024> <RAM>
ST_11 : Operation 200 [2/2] (3.25ns)   --->   "%buf_conv3_1_load = load i31* %buf_conv3_1_addr, align 4" [detection_head.c:34]   --->   Operation 200 'load' 'buf_conv3_1_load' <Predicate = (!exitcond_flatten & arrayNo == 1)> <Delay = 3.25> <Core = "RAM">   --->   Core 37 'RAM' <Latency = 1> <II = 1> <Delay = 3.25> <Storage> <Opcode : 'load' 'store'> <Ports = 2> <Width = 32> <Depth = 1024> <RAM>
ST_11 : Operation 201 [2/2] (3.25ns)   --->   "%buf_conv3_0_load = load i31* %buf_conv3_0_addr, align 4" [detection_head.c:34]   --->   Operation 201 'load' 'buf_conv3_0_load' <Predicate = (!exitcond_flatten & arrayNo == 0)> <Delay = 3.25> <Core = "RAM">   --->   Core 37 'RAM' <Latency = 1> <II = 1> <Delay = 3.25> <Storage> <Opcode : 'load' 'store'> <Ports = 2> <Width = 32> <Depth = 1024> <RAM>
ST_11 : Operation 202 [2/2] (3.25ns)   --->   "%buf_conv3_4_load = load i31* %buf_conv3_4_addr, align 4" [detection_head.c:34]   --->   Operation 202 'load' 'buf_conv3_4_load' <Predicate = (!exitcond_flatten & arrayNo != 0 & arrayNo != 1 & arrayNo != 2 & arrayNo != 3)> <Delay = 3.25> <Core = "RAM">   --->   Core 37 'RAM' <Latency = 1> <II = 1> <Delay = 3.25> <Storage> <Opcode : 'load' 'store'> <Ports = 2> <Width = 32> <Depth = 1024> <RAM>
ST_11 : Operation 203 [2/2] (3.25ns)   --->   "%w_det_0_load = load i5* %w_det_0_addr, align 1" [detection_head.c:34]   --->   Operation 203 'load' 'w_det_0_load' <Predicate = (!exitcond_flatten)> <Delay = 3.25> <Core = "ROM_nP">   --->   Core 52 'ROM_nP' <Latency = 1> <II = 1> <Delay = 3.25> <Storage> <Opcode : 'load'> <Ports = 0> <Width = 5> <Depth = 2560> <ROM>
ST_11 : Operation 204 [2/2] (3.25ns)   --->   "%buf_conv3_4_load_1 = load i31* %buf_conv3_4_addr_1, align 4" [detection_head.c:34]   --->   Operation 204 'load' 'buf_conv3_4_load_1' <Predicate = (!exitcond_flatten & arrayNo == 3)> <Delay = 3.25> <Core = "RAM">   --->   Core 37 'RAM' <Latency = 1> <II = 1> <Delay = 3.25> <Storage> <Opcode : 'load' 'store'> <Ports = 2> <Width = 32> <Depth = 1024> <RAM>
ST_11 : Operation 205 [2/2] (3.25ns)   --->   "%buf_conv3_3_load_1 = load i31* %buf_conv3_3_addr_1, align 4" [detection_head.c:34]   --->   Operation 205 'load' 'buf_conv3_3_load_1' <Predicate = (!exitcond_flatten & arrayNo == 2)> <Delay = 3.25> <Core = "RAM">   --->   Core 37 'RAM' <Latency = 1> <II = 1> <Delay = 3.25> <Storage> <Opcode : 'load' 'store'> <Ports = 2> <Width = 32> <Depth = 1024> <RAM>
ST_11 : Operation 206 [2/2] (3.25ns)   --->   "%buf_conv3_2_load_1 = load i31* %buf_conv3_2_addr_1, align 4" [detection_head.c:34]   --->   Operation 206 'load' 'buf_conv3_2_load_1' <Predicate = (!exitcond_flatten & arrayNo == 1)> <Delay = 3.25> <Core = "RAM">   --->   Core 37 'RAM' <Latency = 1> <II = 1> <Delay = 3.25> <Storage> <Opcode : 'load' 'store'> <Ports = 2> <Width = 32> <Depth = 1024> <RAM>
ST_11 : Operation 207 [2/2] (3.25ns)   --->   "%buf_conv3_1_load_1 = load i31* %buf_conv3_1_addr_1, align 4" [detection_head.c:34]   --->   Operation 207 'load' 'buf_conv3_1_load_1' <Predicate = (!exitcond_flatten & arrayNo == 0)> <Delay = 3.25> <Core = "RAM">   --->   Core 37 'RAM' <Latency = 1> <II = 1> <Delay = 3.25> <Storage> <Opcode : 'load' 'store'> <Ports = 2> <Width = 32> <Depth = 1024> <RAM>
ST_11 : Operation 208 [2/2] (3.25ns)   --->   "%buf_conv3_0_load_1 = load i31* %buf_conv3_0_addr_1, align 4" [detection_head.c:34]   --->   Operation 208 'load' 'buf_conv3_0_load_1' <Predicate = (!exitcond_flatten & arrayNo != 0 & arrayNo != 1 & arrayNo != 2 & arrayNo != 3)> <Delay = 3.25> <Core = "RAM">   --->   Core 37 'RAM' <Latency = 1> <II = 1> <Delay = 3.25> <Storage> <Opcode : 'load' 'store'> <Ports = 2> <Width = 32> <Depth = 1024> <RAM>
ST_11 : Operation 209 [2/2] (3.25ns)   --->   "%w_det_1_load = load i5* %w_det_1_addr, align 1" [detection_head.c:34]   --->   Operation 209 'load' 'w_det_1_load' <Predicate = (!exitcond_flatten)> <Delay = 3.25> <Core = "ROM_nP">   --->   Core 52 'ROM_nP' <Latency = 1> <II = 1> <Delay = 3.25> <Storage> <Opcode : 'load'> <Ports = 0> <Width = 5> <Depth = 2560> <ROM>
ST_11 : Operation 210 [2/2] (3.25ns)   --->   "%buf_conv3_0_load_2 = load i31* %buf_conv3_0_addr_2, align 4" [detection_head.c:34]   --->   Operation 210 'load' 'buf_conv3_0_load_2' <Predicate = (!exitcond_flatten & arrayNo == 3)> <Delay = 3.25> <Core = "RAM">   --->   Core 37 'RAM' <Latency = 1> <II = 1> <Delay = 3.25> <Storage> <Opcode : 'load' 'store'> <Ports = 2> <Width = 32> <Depth = 1024> <RAM>
ST_11 : Operation 211 [2/2] (3.25ns)   --->   "%buf_conv3_4_load_2 = load i31* %buf_conv3_4_addr_2, align 4" [detection_head.c:34]   --->   Operation 211 'load' 'buf_conv3_4_load_2' <Predicate = (!exitcond_flatten & arrayNo == 2)> <Delay = 3.25> <Core = "RAM">   --->   Core 37 'RAM' <Latency = 1> <II = 1> <Delay = 3.25> <Storage> <Opcode : 'load' 'store'> <Ports = 2> <Width = 32> <Depth = 1024> <RAM>
ST_11 : Operation 212 [2/2] (3.25ns)   --->   "%buf_conv3_3_load_2 = load i31* %buf_conv3_3_addr_2, align 4" [detection_head.c:34]   --->   Operation 212 'load' 'buf_conv3_3_load_2' <Predicate = (!exitcond_flatten & arrayNo == 1)> <Delay = 3.25> <Core = "RAM">   --->   Core 37 'RAM' <Latency = 1> <II = 1> <Delay = 3.25> <Storage> <Opcode : 'load' 'store'> <Ports = 2> <Width = 32> <Depth = 1024> <RAM>
ST_11 : Operation 213 [2/2] (3.25ns)   --->   "%buf_conv3_2_load_2 = load i31* %buf_conv3_2_addr_2, align 4" [detection_head.c:34]   --->   Operation 213 'load' 'buf_conv3_2_load_2' <Predicate = (!exitcond_flatten & arrayNo == 0)> <Delay = 3.25> <Core = "RAM">   --->   Core 37 'RAM' <Latency = 1> <II = 1> <Delay = 3.25> <Storage> <Opcode : 'load' 'store'> <Ports = 2> <Width = 32> <Depth = 1024> <RAM>
ST_11 : Operation 214 [2/2] (3.25ns)   --->   "%buf_conv3_1_load_2 = load i31* %buf_conv3_1_addr_2, align 4" [detection_head.c:34]   --->   Operation 214 'load' 'buf_conv3_1_load_2' <Predicate = (!exitcond_flatten & arrayNo != 0 & arrayNo != 1 & arrayNo != 2 & arrayNo != 3)> <Delay = 3.25> <Core = "RAM">   --->   Core 37 'RAM' <Latency = 1> <II = 1> <Delay = 3.25> <Storage> <Opcode : 'load' 'store'> <Ports = 2> <Width = 32> <Depth = 1024> <RAM>
ST_11 : Operation 215 [2/2] (3.25ns)   --->   "%w_det_2_load = load i5* %w_det_2_addr, align 1" [detection_head.c:34]   --->   Operation 215 'load' 'w_det_2_load' <Predicate = (!exitcond_flatten)> <Delay = 3.25> <Core = "ROM_nP">   --->   Core 52 'ROM_nP' <Latency = 1> <II = 1> <Delay = 3.25> <Storage> <Opcode : 'load'> <Ports = 0> <Width = 5> <Depth = 2560> <ROM>
ST_11 : Operation 216 [2/2] (3.25ns)   --->   "%buf_conv3_1_load_3 = load i31* %buf_conv3_1_addr_3, align 4" [detection_head.c:34]   --->   Operation 216 'load' 'buf_conv3_1_load_3' <Predicate = (!exitcond_flatten & arrayNo == 3)> <Delay = 3.25> <Core = "RAM">   --->   Core 37 'RAM' <Latency = 1> <II = 1> <Delay = 3.25> <Storage> <Opcode : 'load' 'store'> <Ports = 2> <Width = 32> <Depth = 1024> <RAM>
ST_11 : Operation 217 [2/2] (3.25ns)   --->   "%buf_conv3_0_load_3 = load i31* %buf_conv3_0_addr_3, align 4" [detection_head.c:34]   --->   Operation 217 'load' 'buf_conv3_0_load_3' <Predicate = (!exitcond_flatten & arrayNo == 2)> <Delay = 3.25> <Core = "RAM">   --->   Core 37 'RAM' <Latency = 1> <II = 1> <Delay = 3.25> <Storage> <Opcode : 'load' 'store'> <Ports = 2> <Width = 32> <Depth = 1024> <RAM>
ST_11 : Operation 218 [2/2] (3.25ns)   --->   "%buf_conv3_4_load_3 = load i31* %buf_conv3_4_addr_3, align 4" [detection_head.c:34]   --->   Operation 218 'load' 'buf_conv3_4_load_3' <Predicate = (!exitcond_flatten & arrayNo == 1)> <Delay = 3.25> <Core = "RAM">   --->   Core 37 'RAM' <Latency = 1> <II = 1> <Delay = 3.25> <Storage> <Opcode : 'load' 'store'> <Ports = 2> <Width = 32> <Depth = 1024> <RAM>
ST_11 : Operation 219 [2/2] (3.25ns)   --->   "%buf_conv3_3_load_3 = load i31* %buf_conv3_3_addr_3, align 4" [detection_head.c:34]   --->   Operation 219 'load' 'buf_conv3_3_load_3' <Predicate = (!exitcond_flatten & arrayNo == 0)> <Delay = 3.25> <Core = "RAM">   --->   Core 37 'RAM' <Latency = 1> <II = 1> <Delay = 3.25> <Storage> <Opcode : 'load' 'store'> <Ports = 2> <Width = 32> <Depth = 1024> <RAM>
ST_11 : Operation 220 [2/2] (3.25ns)   --->   "%buf_conv3_2_load_3 = load i31* %buf_conv3_2_addr_3, align 4" [detection_head.c:34]   --->   Operation 220 'load' 'buf_conv3_2_load_3' <Predicate = (!exitcond_flatten & arrayNo != 0 & arrayNo != 1 & arrayNo != 2 & arrayNo != 3)> <Delay = 3.25> <Core = "RAM">   --->   Core 37 'RAM' <Latency = 1> <II = 1> <Delay = 3.25> <Storage> <Opcode : 'load' 'store'> <Ports = 2> <Width = 32> <Depth = 1024> <RAM>
ST_11 : Operation 221 [2/2] (3.25ns)   --->   "%w_det_3_load = load i5* %w_det_3_addr, align 1" [detection_head.c:34]   --->   Operation 221 'load' 'w_det_3_load' <Predicate = (!exitcond_flatten)> <Delay = 3.25> <Core = "ROM_nP">   --->   Core 52 'ROM_nP' <Latency = 1> <II = 1> <Delay = 3.25> <Storage> <Opcode : 'load'> <Ports = 0> <Width = 5> <Depth = 2560> <ROM>
ST_11 : Operation 222 [2/2] (3.25ns)   --->   "%buf_conv3_2_load_4 = load i31* %buf_conv3_2_addr_4, align 4" [detection_head.c:34]   --->   Operation 222 'load' 'buf_conv3_2_load_4' <Predicate = (!exitcond_flatten & arrayNo == 3)> <Delay = 3.25> <Core = "RAM">   --->   Core 37 'RAM' <Latency = 1> <II = 1> <Delay = 3.25> <Storage> <Opcode : 'load' 'store'> <Ports = 2> <Width = 32> <Depth = 1024> <RAM>
ST_11 : Operation 223 [2/2] (3.25ns)   --->   "%buf_conv3_1_load_4 = load i31* %buf_conv3_1_addr_4, align 4" [detection_head.c:34]   --->   Operation 223 'load' 'buf_conv3_1_load_4' <Predicate = (!exitcond_flatten & arrayNo == 2)> <Delay = 3.25> <Core = "RAM">   --->   Core 37 'RAM' <Latency = 1> <II = 1> <Delay = 3.25> <Storage> <Opcode : 'load' 'store'> <Ports = 2> <Width = 32> <Depth = 1024> <RAM>
ST_11 : Operation 224 [2/2] (3.25ns)   --->   "%buf_conv3_0_load_4 = load i31* %buf_conv3_0_addr_4, align 4" [detection_head.c:34]   --->   Operation 224 'load' 'buf_conv3_0_load_4' <Predicate = (!exitcond_flatten & arrayNo == 1)> <Delay = 3.25> <Core = "RAM">   --->   Core 37 'RAM' <Latency = 1> <II = 1> <Delay = 3.25> <Storage> <Opcode : 'load' 'store'> <Ports = 2> <Width = 32> <Depth = 1024> <RAM>
ST_11 : Operation 225 [2/2] (3.25ns)   --->   "%buf_conv3_4_load_4 = load i31* %buf_conv3_4_addr_4, align 4" [detection_head.c:34]   --->   Operation 225 'load' 'buf_conv3_4_load_4' <Predicate = (!exitcond_flatten & arrayNo == 0)> <Delay = 3.25> <Core = "RAM">   --->   Core 37 'RAM' <Latency = 1> <II = 1> <Delay = 3.25> <Storage> <Opcode : 'load' 'store'> <Ports = 2> <Width = 32> <Depth = 1024> <RAM>
ST_11 : Operation 226 [2/2] (3.25ns)   --->   "%buf_conv3_3_load_4 = load i31* %buf_conv3_3_addr_4, align 4" [detection_head.c:34]   --->   Operation 226 'load' 'buf_conv3_3_load_4' <Predicate = (!exitcond_flatten & arrayNo != 0 & arrayNo != 1 & arrayNo != 2 & arrayNo != 3)> <Delay = 3.25> <Core = "RAM">   --->   Core 37 'RAM' <Latency = 1> <II = 1> <Delay = 3.25> <Storage> <Opcode : 'load' 'store'> <Ports = 2> <Width = 32> <Depth = 1024> <RAM>
ST_11 : Operation 227 [2/2] (3.25ns)   --->   "%w_det_4_load = load i5* %w_det_4_addr, align 1" [detection_head.c:34]   --->   Operation 227 'load' 'w_det_4_load' <Predicate = (!exitcond_flatten)> <Delay = 3.25> <Core = "ROM_nP">   --->   Core 52 'ROM_nP' <Latency = 1> <II = 1> <Delay = 3.25> <Storage> <Opcode : 'load'> <Ports = 0> <Width = 5> <Depth = 2560> <ROM>

State 12 <SV = 11> <Delay = 3.25>
ST_12 : Operation 228 [1/2] (3.25ns)   --->   "%buf_conv3_3_load = load i31* %buf_conv3_3_addr, align 4" [detection_head.c:34]   --->   Operation 228 'load' 'buf_conv3_3_load' <Predicate = (!exitcond_flatten & arrayNo == 3)> <Delay = 3.25> <Core = "RAM">   --->   Core 37 'RAM' <Latency = 1> <II = 1> <Delay = 3.25> <Storage> <Opcode : 'load' 'store'> <Ports = 2> <Width = 32> <Depth = 1024> <RAM>
ST_12 : Operation 229 [1/1] (1.90ns)   --->   "br label %3" [detection_head.c:34]   --->   Operation 229 'br' <Predicate = (!exitcond_flatten & arrayNo == 3)> <Delay = 1.90>
ST_12 : Operation 230 [1/2] (3.25ns)   --->   "%buf_conv3_2_load = load i31* %buf_conv3_2_addr, align 4" [detection_head.c:34]   --->   Operation 230 'load' 'buf_conv3_2_load' <Predicate = (!exitcond_flatten & arrayNo == 2)> <Delay = 3.25> <Core = "RAM">   --->   Core 37 'RAM' <Latency = 1> <II = 1> <Delay = 3.25> <Storage> <Opcode : 'load' 'store'> <Ports = 2> <Width = 32> <Depth = 1024> <RAM>
ST_12 : Operation 231 [1/1] (1.90ns)   --->   "br label %3" [detection_head.c:34]   --->   Operation 231 'br' <Predicate = (!exitcond_flatten & arrayNo == 2)> <Delay = 1.90>
ST_12 : Operation 232 [1/2] (3.25ns)   --->   "%buf_conv3_1_load = load i31* %buf_conv3_1_addr, align 4" [detection_head.c:34]   --->   Operation 232 'load' 'buf_conv3_1_load' <Predicate = (!exitcond_flatten & arrayNo == 1)> <Delay = 3.25> <Core = "RAM">   --->   Core 37 'RAM' <Latency = 1> <II = 1> <Delay = 3.25> <Storage> <Opcode : 'load' 'store'> <Ports = 2> <Width = 32> <Depth = 1024> <RAM>
ST_12 : Operation 233 [1/1] (1.90ns)   --->   "br label %3" [detection_head.c:34]   --->   Operation 233 'br' <Predicate = (!exitcond_flatten & arrayNo == 1)> <Delay = 1.90>
ST_12 : Operation 234 [1/2] (3.25ns)   --->   "%buf_conv3_0_load = load i31* %buf_conv3_0_addr, align 4" [detection_head.c:34]   --->   Operation 234 'load' 'buf_conv3_0_load' <Predicate = (!exitcond_flatten & arrayNo == 0)> <Delay = 3.25> <Core = "RAM">   --->   Core 37 'RAM' <Latency = 1> <II = 1> <Delay = 3.25> <Storage> <Opcode : 'load' 'store'> <Ports = 2> <Width = 32> <Depth = 1024> <RAM>
ST_12 : Operation 235 [1/1] (1.90ns)   --->   "br label %3" [detection_head.c:34]   --->   Operation 235 'br' <Predicate = (!exitcond_flatten & arrayNo == 0)> <Delay = 1.90>
ST_12 : Operation 236 [1/2] (3.25ns)   --->   "%buf_conv3_4_load = load i31* %buf_conv3_4_addr, align 4" [detection_head.c:34]   --->   Operation 236 'load' 'buf_conv3_4_load' <Predicate = (!exitcond_flatten & arrayNo != 0 & arrayNo != 1 & arrayNo != 2 & arrayNo != 3)> <Delay = 3.25> <Core = "RAM">   --->   Core 37 'RAM' <Latency = 1> <II = 1> <Delay = 3.25> <Storage> <Opcode : 'load' 'store'> <Ports = 2> <Width = 32> <Depth = 1024> <RAM>
ST_12 : Operation 237 [1/1] (1.90ns)   --->   "br label %3" [detection_head.c:34]   --->   Operation 237 'br' <Predicate = (!exitcond_flatten & arrayNo != 0 & arrayNo != 1 & arrayNo != 2 & arrayNo != 3)> <Delay = 1.90>
ST_12 : Operation 238 [1/2] (3.25ns)   --->   "%w_det_0_load = load i5* %w_det_0_addr, align 1" [detection_head.c:34]   --->   Operation 238 'load' 'w_det_0_load' <Predicate = (!exitcond_flatten)> <Delay = 3.25> <Core = "ROM_nP">   --->   Core 52 'ROM_nP' <Latency = 1> <II = 1> <Delay = 3.25> <Storage> <Opcode : 'load'> <Ports = 0> <Width = 5> <Depth = 2560> <ROM>
ST_12 : Operation 239 [1/2] (3.25ns)   --->   "%buf_conv3_4_load_1 = load i31* %buf_conv3_4_addr_1, align 4" [detection_head.c:34]   --->   Operation 239 'load' 'buf_conv3_4_load_1' <Predicate = (!exitcond_flatten & arrayNo == 3)> <Delay = 3.25> <Core = "RAM">   --->   Core 37 'RAM' <Latency = 1> <II = 1> <Delay = 3.25> <Storage> <Opcode : 'load' 'store'> <Ports = 2> <Width = 32> <Depth = 1024> <RAM>
ST_12 : Operation 240 [1/1] (1.90ns)   --->   "br label %4" [detection_head.c:34]   --->   Operation 240 'br' <Predicate = (!exitcond_flatten & arrayNo == 3)> <Delay = 1.90>
ST_12 : Operation 241 [1/2] (3.25ns)   --->   "%buf_conv3_3_load_1 = load i31* %buf_conv3_3_addr_1, align 4" [detection_head.c:34]   --->   Operation 241 'load' 'buf_conv3_3_load_1' <Predicate = (!exitcond_flatten & arrayNo == 2)> <Delay = 3.25> <Core = "RAM">   --->   Core 37 'RAM' <Latency = 1> <II = 1> <Delay = 3.25> <Storage> <Opcode : 'load' 'store'> <Ports = 2> <Width = 32> <Depth = 1024> <RAM>
ST_12 : Operation 242 [1/1] (1.90ns)   --->   "br label %4" [detection_head.c:34]   --->   Operation 242 'br' <Predicate = (!exitcond_flatten & arrayNo == 2)> <Delay = 1.90>
ST_12 : Operation 243 [1/2] (3.25ns)   --->   "%buf_conv3_2_load_1 = load i31* %buf_conv3_2_addr_1, align 4" [detection_head.c:34]   --->   Operation 243 'load' 'buf_conv3_2_load_1' <Predicate = (!exitcond_flatten & arrayNo == 1)> <Delay = 3.25> <Core = "RAM">   --->   Core 37 'RAM' <Latency = 1> <II = 1> <Delay = 3.25> <Storage> <Opcode : 'load' 'store'> <Ports = 2> <Width = 32> <Depth = 1024> <RAM>
ST_12 : Operation 244 [1/1] (1.90ns)   --->   "br label %4" [detection_head.c:34]   --->   Operation 244 'br' <Predicate = (!exitcond_flatten & arrayNo == 1)> <Delay = 1.90>
ST_12 : Operation 245 [1/2] (3.25ns)   --->   "%buf_conv3_1_load_1 = load i31* %buf_conv3_1_addr_1, align 4" [detection_head.c:34]   --->   Operation 245 'load' 'buf_conv3_1_load_1' <Predicate = (!exitcond_flatten & arrayNo == 0)> <Delay = 3.25> <Core = "RAM">   --->   Core 37 'RAM' <Latency = 1> <II = 1> <Delay = 3.25> <Storage> <Opcode : 'load' 'store'> <Ports = 2> <Width = 32> <Depth = 1024> <RAM>
ST_12 : Operation 246 [1/1] (1.90ns)   --->   "br label %4" [detection_head.c:34]   --->   Operation 246 'br' <Predicate = (!exitcond_flatten & arrayNo == 0)> <Delay = 1.90>
ST_12 : Operation 247 [1/2] (3.25ns)   --->   "%buf_conv3_0_load_1 = load i31* %buf_conv3_0_addr_1, align 4" [detection_head.c:34]   --->   Operation 247 'load' 'buf_conv3_0_load_1' <Predicate = (!exitcond_flatten & arrayNo != 0 & arrayNo != 1 & arrayNo != 2 & arrayNo != 3)> <Delay = 3.25> <Core = "RAM">   --->   Core 37 'RAM' <Latency = 1> <II = 1> <Delay = 3.25> <Storage> <Opcode : 'load' 'store'> <Ports = 2> <Width = 32> <Depth = 1024> <RAM>
ST_12 : Operation 248 [1/1] (1.90ns)   --->   "br label %4" [detection_head.c:34]   --->   Operation 248 'br' <Predicate = (!exitcond_flatten & arrayNo != 0 & arrayNo != 1 & arrayNo != 2 & arrayNo != 3)> <Delay = 1.90>
ST_12 : Operation 249 [1/2] (3.25ns)   --->   "%w_det_1_load = load i5* %w_det_1_addr, align 1" [detection_head.c:34]   --->   Operation 249 'load' 'w_det_1_load' <Predicate = (!exitcond_flatten)> <Delay = 3.25> <Core = "ROM_nP">   --->   Core 52 'ROM_nP' <Latency = 1> <II = 1> <Delay = 3.25> <Storage> <Opcode : 'load'> <Ports = 0> <Width = 5> <Depth = 2560> <ROM>
ST_12 : Operation 250 [1/2] (3.25ns)   --->   "%buf_conv3_0_load_2 = load i31* %buf_conv3_0_addr_2, align 4" [detection_head.c:34]   --->   Operation 250 'load' 'buf_conv3_0_load_2' <Predicate = (!exitcond_flatten & arrayNo == 3)> <Delay = 3.25> <Core = "RAM">   --->   Core 37 'RAM' <Latency = 1> <II = 1> <Delay = 3.25> <Storage> <Opcode : 'load' 'store'> <Ports = 2> <Width = 32> <Depth = 1024> <RAM>
ST_12 : Operation 251 [1/1] (1.90ns)   --->   "br label %5" [detection_head.c:34]   --->   Operation 251 'br' <Predicate = (!exitcond_flatten & arrayNo == 3)> <Delay = 1.90>
ST_12 : Operation 252 [1/2] (3.25ns)   --->   "%buf_conv3_4_load_2 = load i31* %buf_conv3_4_addr_2, align 4" [detection_head.c:34]   --->   Operation 252 'load' 'buf_conv3_4_load_2' <Predicate = (!exitcond_flatten & arrayNo == 2)> <Delay = 3.25> <Core = "RAM">   --->   Core 37 'RAM' <Latency = 1> <II = 1> <Delay = 3.25> <Storage> <Opcode : 'load' 'store'> <Ports = 2> <Width = 32> <Depth = 1024> <RAM>
ST_12 : Operation 253 [1/1] (1.90ns)   --->   "br label %5" [detection_head.c:34]   --->   Operation 253 'br' <Predicate = (!exitcond_flatten & arrayNo == 2)> <Delay = 1.90>
ST_12 : Operation 254 [1/2] (3.25ns)   --->   "%buf_conv3_3_load_2 = load i31* %buf_conv3_3_addr_2, align 4" [detection_head.c:34]   --->   Operation 254 'load' 'buf_conv3_3_load_2' <Predicate = (!exitcond_flatten & arrayNo == 1)> <Delay = 3.25> <Core = "RAM">   --->   Core 37 'RAM' <Latency = 1> <II = 1> <Delay = 3.25> <Storage> <Opcode : 'load' 'store'> <Ports = 2> <Width = 32> <Depth = 1024> <RAM>
ST_12 : Operation 255 [1/1] (1.90ns)   --->   "br label %5" [detection_head.c:34]   --->   Operation 255 'br' <Predicate = (!exitcond_flatten & arrayNo == 1)> <Delay = 1.90>
ST_12 : Operation 256 [1/2] (3.25ns)   --->   "%buf_conv3_2_load_2 = load i31* %buf_conv3_2_addr_2, align 4" [detection_head.c:34]   --->   Operation 256 'load' 'buf_conv3_2_load_2' <Predicate = (!exitcond_flatten & arrayNo == 0)> <Delay = 3.25> <Core = "RAM">   --->   Core 37 'RAM' <Latency = 1> <II = 1> <Delay = 3.25> <Storage> <Opcode : 'load' 'store'> <Ports = 2> <Width = 32> <Depth = 1024> <RAM>
ST_12 : Operation 257 [1/1] (1.90ns)   --->   "br label %5" [detection_head.c:34]   --->   Operation 257 'br' <Predicate = (!exitcond_flatten & arrayNo == 0)> <Delay = 1.90>
ST_12 : Operation 258 [1/2] (3.25ns)   --->   "%buf_conv3_1_load_2 = load i31* %buf_conv3_1_addr_2, align 4" [detection_head.c:34]   --->   Operation 258 'load' 'buf_conv3_1_load_2' <Predicate = (!exitcond_flatten & arrayNo != 0 & arrayNo != 1 & arrayNo != 2 & arrayNo != 3)> <Delay = 3.25> <Core = "RAM">   --->   Core 37 'RAM' <Latency = 1> <II = 1> <Delay = 3.25> <Storage> <Opcode : 'load' 'store'> <Ports = 2> <Width = 32> <Depth = 1024> <RAM>
ST_12 : Operation 259 [1/1] (1.90ns)   --->   "br label %5" [detection_head.c:34]   --->   Operation 259 'br' <Predicate = (!exitcond_flatten & arrayNo != 0 & arrayNo != 1 & arrayNo != 2 & arrayNo != 3)> <Delay = 1.90>
ST_12 : Operation 260 [1/2] (3.25ns)   --->   "%w_det_2_load = load i5* %w_det_2_addr, align 1" [detection_head.c:34]   --->   Operation 260 'load' 'w_det_2_load' <Predicate = (!exitcond_flatten)> <Delay = 3.25> <Core = "ROM_nP">   --->   Core 52 'ROM_nP' <Latency = 1> <II = 1> <Delay = 3.25> <Storage> <Opcode : 'load'> <Ports = 0> <Width = 5> <Depth = 2560> <ROM>
ST_12 : Operation 261 [1/2] (3.25ns)   --->   "%buf_conv3_1_load_3 = load i31* %buf_conv3_1_addr_3, align 4" [detection_head.c:34]   --->   Operation 261 'load' 'buf_conv3_1_load_3' <Predicate = (!exitcond_flatten & arrayNo == 3)> <Delay = 3.25> <Core = "RAM">   --->   Core 37 'RAM' <Latency = 1> <II = 1> <Delay = 3.25> <Storage> <Opcode : 'load' 'store'> <Ports = 2> <Width = 32> <Depth = 1024> <RAM>
ST_12 : Operation 262 [1/1] (1.90ns)   --->   "br label %6" [detection_head.c:34]   --->   Operation 262 'br' <Predicate = (!exitcond_flatten & arrayNo == 3)> <Delay = 1.90>
ST_12 : Operation 263 [1/2] (3.25ns)   --->   "%buf_conv3_0_load_3 = load i31* %buf_conv3_0_addr_3, align 4" [detection_head.c:34]   --->   Operation 263 'load' 'buf_conv3_0_load_3' <Predicate = (!exitcond_flatten & arrayNo == 2)> <Delay = 3.25> <Core = "RAM">   --->   Core 37 'RAM' <Latency = 1> <II = 1> <Delay = 3.25> <Storage> <Opcode : 'load' 'store'> <Ports = 2> <Width = 32> <Depth = 1024> <RAM>
ST_12 : Operation 264 [1/1] (1.90ns)   --->   "br label %6" [detection_head.c:34]   --->   Operation 264 'br' <Predicate = (!exitcond_flatten & arrayNo == 2)> <Delay = 1.90>
ST_12 : Operation 265 [1/2] (3.25ns)   --->   "%buf_conv3_4_load_3 = load i31* %buf_conv3_4_addr_3, align 4" [detection_head.c:34]   --->   Operation 265 'load' 'buf_conv3_4_load_3' <Predicate = (!exitcond_flatten & arrayNo == 1)> <Delay = 3.25> <Core = "RAM">   --->   Core 37 'RAM' <Latency = 1> <II = 1> <Delay = 3.25> <Storage> <Opcode : 'load' 'store'> <Ports = 2> <Width = 32> <Depth = 1024> <RAM>
ST_12 : Operation 266 [1/1] (1.90ns)   --->   "br label %6" [detection_head.c:34]   --->   Operation 266 'br' <Predicate = (!exitcond_flatten & arrayNo == 1)> <Delay = 1.90>
ST_12 : Operation 267 [1/2] (3.25ns)   --->   "%buf_conv3_3_load_3 = load i31* %buf_conv3_3_addr_3, align 4" [detection_head.c:34]   --->   Operation 267 'load' 'buf_conv3_3_load_3' <Predicate = (!exitcond_flatten & arrayNo == 0)> <Delay = 3.25> <Core = "RAM">   --->   Core 37 'RAM' <Latency = 1> <II = 1> <Delay = 3.25> <Storage> <Opcode : 'load' 'store'> <Ports = 2> <Width = 32> <Depth = 1024> <RAM>
ST_12 : Operation 268 [1/1] (1.90ns)   --->   "br label %6" [detection_head.c:34]   --->   Operation 268 'br' <Predicate = (!exitcond_flatten & arrayNo == 0)> <Delay = 1.90>
ST_12 : Operation 269 [1/2] (3.25ns)   --->   "%buf_conv3_2_load_3 = load i31* %buf_conv3_2_addr_3, align 4" [detection_head.c:34]   --->   Operation 269 'load' 'buf_conv3_2_load_3' <Predicate = (!exitcond_flatten & arrayNo != 0 & arrayNo != 1 & arrayNo != 2 & arrayNo != 3)> <Delay = 3.25> <Core = "RAM">   --->   Core 37 'RAM' <Latency = 1> <II = 1> <Delay = 3.25> <Storage> <Opcode : 'load' 'store'> <Ports = 2> <Width = 32> <Depth = 1024> <RAM>
ST_12 : Operation 270 [1/1] (1.90ns)   --->   "br label %6" [detection_head.c:34]   --->   Operation 270 'br' <Predicate = (!exitcond_flatten & arrayNo != 0 & arrayNo != 1 & arrayNo != 2 & arrayNo != 3)> <Delay = 1.90>
ST_12 : Operation 271 [1/2] (3.25ns)   --->   "%w_det_3_load = load i5* %w_det_3_addr, align 1" [detection_head.c:34]   --->   Operation 271 'load' 'w_det_3_load' <Predicate = (!exitcond_flatten)> <Delay = 3.25> <Core = "ROM_nP">   --->   Core 52 'ROM_nP' <Latency = 1> <II = 1> <Delay = 3.25> <Storage> <Opcode : 'load'> <Ports = 0> <Width = 5> <Depth = 2560> <ROM>
ST_12 : Operation 272 [1/2] (3.25ns)   --->   "%buf_conv3_2_load_4 = load i31* %buf_conv3_2_addr_4, align 4" [detection_head.c:34]   --->   Operation 272 'load' 'buf_conv3_2_load_4' <Predicate = (!exitcond_flatten & arrayNo == 3)> <Delay = 3.25> <Core = "RAM">   --->   Core 37 'RAM' <Latency = 1> <II = 1> <Delay = 3.25> <Storage> <Opcode : 'load' 'store'> <Ports = 2> <Width = 32> <Depth = 1024> <RAM>
ST_12 : Operation 273 [1/1] (1.90ns)   --->   "br label %ifBlock" [detection_head.c:34]   --->   Operation 273 'br' <Predicate = (!exitcond_flatten & arrayNo == 3)> <Delay = 1.90>
ST_12 : Operation 274 [1/2] (3.25ns)   --->   "%buf_conv3_1_load_4 = load i31* %buf_conv3_1_addr_4, align 4" [detection_head.c:34]   --->   Operation 274 'load' 'buf_conv3_1_load_4' <Predicate = (!exitcond_flatten & arrayNo == 2)> <Delay = 3.25> <Core = "RAM">   --->   Core 37 'RAM' <Latency = 1> <II = 1> <Delay = 3.25> <Storage> <Opcode : 'load' 'store'> <Ports = 2> <Width = 32> <Depth = 1024> <RAM>
ST_12 : Operation 275 [1/1] (1.90ns)   --->   "br label %ifBlock" [detection_head.c:34]   --->   Operation 275 'br' <Predicate = (!exitcond_flatten & arrayNo == 2)> <Delay = 1.90>
ST_12 : Operation 276 [1/2] (3.25ns)   --->   "%buf_conv3_0_load_4 = load i31* %buf_conv3_0_addr_4, align 4" [detection_head.c:34]   --->   Operation 276 'load' 'buf_conv3_0_load_4' <Predicate = (!exitcond_flatten & arrayNo == 1)> <Delay = 3.25> <Core = "RAM">   --->   Core 37 'RAM' <Latency = 1> <II = 1> <Delay = 3.25> <Storage> <Opcode : 'load' 'store'> <Ports = 2> <Width = 32> <Depth = 1024> <RAM>
ST_12 : Operation 277 [1/1] (1.90ns)   --->   "br label %ifBlock" [detection_head.c:34]   --->   Operation 277 'br' <Predicate = (!exitcond_flatten & arrayNo == 1)> <Delay = 1.90>
ST_12 : Operation 278 [1/2] (3.25ns)   --->   "%buf_conv3_4_load_4 = load i31* %buf_conv3_4_addr_4, align 4" [detection_head.c:34]   --->   Operation 278 'load' 'buf_conv3_4_load_4' <Predicate = (!exitcond_flatten & arrayNo == 0)> <Delay = 3.25> <Core = "RAM">   --->   Core 37 'RAM' <Latency = 1> <II = 1> <Delay = 3.25> <Storage> <Opcode : 'load' 'store'> <Ports = 2> <Width = 32> <Depth = 1024> <RAM>
ST_12 : Operation 279 [1/1] (1.90ns)   --->   "br label %ifBlock" [detection_head.c:34]   --->   Operation 279 'br' <Predicate = (!exitcond_flatten & arrayNo == 0)> <Delay = 1.90>
ST_12 : Operation 280 [1/2] (3.25ns)   --->   "%buf_conv3_3_load_4 = load i31* %buf_conv3_3_addr_4, align 4" [detection_head.c:34]   --->   Operation 280 'load' 'buf_conv3_3_load_4' <Predicate = (!exitcond_flatten & arrayNo != 0 & arrayNo != 1 & arrayNo != 2 & arrayNo != 3)> <Delay = 3.25> <Core = "RAM">   --->   Core 37 'RAM' <Latency = 1> <II = 1> <Delay = 3.25> <Storage> <Opcode : 'load' 'store'> <Ports = 2> <Width = 32> <Depth = 1024> <RAM>
ST_12 : Operation 281 [1/1] (1.90ns)   --->   "br label %ifBlock" [detection_head.c:34]   --->   Operation 281 'br' <Predicate = (!exitcond_flatten & arrayNo != 0 & arrayNo != 1 & arrayNo != 2 & arrayNo != 3)> <Delay = 1.90>
ST_12 : Operation 282 [1/2] (3.25ns)   --->   "%w_det_4_load = load i5* %w_det_4_addr, align 1" [detection_head.c:34]   --->   Operation 282 'load' 'w_det_4_load' <Predicate = (!exitcond_flatten)> <Delay = 3.25> <Core = "ROM_nP">   --->   Core 52 'ROM_nP' <Latency = 1> <II = 1> <Delay = 3.25> <Storage> <Opcode : 'load'> <Ports = 0> <Width = 5> <Depth = 2560> <ROM>

State 13 <SV = 12> <Delay = 8.24>
ST_13 : Operation 283 [1/1] (0.00ns)   --->   "%input_load_0_phi = phi i31 [ %buf_conv3_0_load, %branch20 ], [ %buf_conv3_1_load, %branch21 ], [ %buf_conv3_2_load, %branch22 ], [ %buf_conv3_3_load, %branch23 ], [ %buf_conv3_4_load, %branch24 ]" [detection_head.c:34]   --->   Operation 283 'phi' 'input_load_0_phi' <Predicate = (!exitcond_flatten)> <Delay = 0.00>
ST_13 : Operation 284 [1/1] (0.00ns)   --->   "%input_load_0_phi_cas = zext i31 %input_load_0_phi to i32" [detection_head.c:34]   --->   Operation 284 'zext' 'input_load_0_phi_cas' <Predicate = (!exitcond_flatten)> <Delay = 0.00>
ST_13 : Operation 285 [1/1] (0.00ns)   --->   "%w_det_0_load_cast = sext i5 %w_det_0_load to i32" [detection_head.c:34]   --->   Operation 285 'sext' 'w_det_0_load_cast' <Predicate = (!exitcond_flatten)> <Delay = 0.00>
ST_13 : Operation 286 [1/1] (8.24ns)   --->   "%tmp_s = mul nsw i32 %w_det_0_load_cast, %input_load_0_phi_cas" [detection_head.c:34]   --->   Operation 286 'mul' 'tmp_s' <Predicate = (!exitcond_flatten)> <Delay = 8.24> <Core = "Mul">   --->   Core 16 'Mul' <Latency = 0> <II = 1> <Delay = 3.78> <FuncUnit> <Opcode : 'mul'> <InPorts = 2> <OutPorts = 1>
ST_13 : Operation 287 [1/1] (0.00ns)   --->   "%input_load_1_phi = phi i31 [ %buf_conv3_1_load_1, %branch15 ], [ %buf_conv3_2_load_1, %branch16 ], [ %buf_conv3_3_load_1, %branch17 ], [ %buf_conv3_4_load_1, %branch18 ], [ %buf_conv3_0_load_1, %branch19 ]" [detection_head.c:34]   --->   Operation 287 'phi' 'input_load_1_phi' <Predicate = (!exitcond_flatten)> <Delay = 0.00>
ST_13 : Operation 288 [1/1] (0.00ns)   --->   "%input_load_1_phi_cas = zext i31 %input_load_1_phi to i32" [detection_head.c:34]   --->   Operation 288 'zext' 'input_load_1_phi_cas' <Predicate = (!exitcond_flatten)> <Delay = 0.00>
ST_13 : Operation 289 [1/1] (0.00ns)   --->   "%w_det_1_load_cast = sext i5 %w_det_1_load to i32" [detection_head.c:34]   --->   Operation 289 'sext' 'w_det_1_load_cast' <Predicate = (!exitcond_flatten)> <Delay = 0.00>
ST_13 : Operation 290 [1/1] (8.24ns)   --->   "%tmp_29_1 = mul nsw i32 %w_det_1_load_cast, %input_load_1_phi_cas" [detection_head.c:34]   --->   Operation 290 'mul' 'tmp_29_1' <Predicate = (!exitcond_flatten)> <Delay = 8.24> <Core = "Mul">   --->   Core 16 'Mul' <Latency = 0> <II = 1> <Delay = 3.78> <FuncUnit> <Opcode : 'mul'> <InPorts = 2> <OutPorts = 1>
ST_13 : Operation 291 [1/1] (0.00ns)   --->   "%input_load_2_phi = phi i31 [ %buf_conv3_2_load_2, %branch10 ], [ %buf_conv3_3_load_2, %branch11 ], [ %buf_conv3_4_load_2, %branch12 ], [ %buf_conv3_0_load_2, %branch13 ], [ %buf_conv3_1_load_2, %branch14 ]" [detection_head.c:34]   --->   Operation 291 'phi' 'input_load_2_phi' <Predicate = (!exitcond_flatten)> <Delay = 0.00>
ST_13 : Operation 292 [1/1] (0.00ns)   --->   "%input_load_2_phi_cas = zext i31 %input_load_2_phi to i32" [detection_head.c:34]   --->   Operation 292 'zext' 'input_load_2_phi_cas' <Predicate = (!exitcond_flatten)> <Delay = 0.00>
ST_13 : Operation 293 [1/1] (0.00ns)   --->   "%w_det_2_load_cast = sext i5 %w_det_2_load to i32" [detection_head.c:34]   --->   Operation 293 'sext' 'w_det_2_load_cast' <Predicate = (!exitcond_flatten)> <Delay = 0.00>
ST_13 : Operation 294 [1/1] (8.24ns)   --->   "%tmp_29_2 = mul nsw i32 %w_det_2_load_cast, %input_load_2_phi_cas" [detection_head.c:34]   --->   Operation 294 'mul' 'tmp_29_2' <Predicate = (!exitcond_flatten)> <Delay = 8.24> <Core = "Mul">   --->   Core 16 'Mul' <Latency = 0> <II = 1> <Delay = 3.78> <FuncUnit> <Opcode : 'mul'> <InPorts = 2> <OutPorts = 1>
ST_13 : Operation 295 [1/1] (0.00ns)   --->   "%input_load_3_phi = phi i31 [ %buf_conv3_3_load_3, %branch5 ], [ %buf_conv3_4_load_3, %branch6 ], [ %buf_conv3_0_load_3, %branch7 ], [ %buf_conv3_1_load_3, %branch8 ], [ %buf_conv3_2_load_3, %branch9 ]" [detection_head.c:34]   --->   Operation 295 'phi' 'input_load_3_phi' <Predicate = (!exitcond_flatten)> <Delay = 0.00>
ST_13 : Operation 296 [1/1] (0.00ns)   --->   "%input_load_3_phi_cas = zext i31 %input_load_3_phi to i32" [detection_head.c:34]   --->   Operation 296 'zext' 'input_load_3_phi_cas' <Predicate = (!exitcond_flatten)> <Delay = 0.00>
ST_13 : Operation 297 [1/1] (0.00ns)   --->   "%w_det_3_load_cast = sext i5 %w_det_3_load to i32" [detection_head.c:34]   --->   Operation 297 'sext' 'w_det_3_load_cast' <Predicate = (!exitcond_flatten)> <Delay = 0.00>
ST_13 : Operation 298 [1/1] (8.24ns)   --->   "%tmp_29_3 = mul nsw i32 %w_det_3_load_cast, %input_load_3_phi_cas" [detection_head.c:34]   --->   Operation 298 'mul' 'tmp_29_3' <Predicate = (!exitcond_flatten)> <Delay = 8.24> <Core = "Mul">   --->   Core 16 'Mul' <Latency = 0> <II = 1> <Delay = 3.78> <FuncUnit> <Opcode : 'mul'> <InPorts = 2> <OutPorts = 1>
ST_13 : Operation 299 [1/1] (0.00ns)   --->   "%input_load_4_phi = phi i31 [ %buf_conv3_4_load_4, %branch0 ], [ %buf_conv3_0_load_4, %branch1 ], [ %buf_conv3_1_load_4, %branch2 ], [ %buf_conv3_2_load_4, %branch3 ], [ %buf_conv3_3_load_4, %branch4 ]" [detection_head.c:34]   --->   Operation 299 'phi' 'input_load_4_phi' <Predicate = (!exitcond_flatten)> <Delay = 0.00>
ST_13 : Operation 300 [1/1] (0.00ns)   --->   "%input_load_4_phi_cas = zext i31 %input_load_4_phi to i32" [detection_head.c:34]   --->   Operation 300 'zext' 'input_load_4_phi_cas' <Predicate = (!exitcond_flatten)> <Delay = 0.00>
ST_13 : Operation 301 [1/1] (0.00ns)   --->   "%w_det_4_load_cast = sext i5 %w_det_4_load to i32" [detection_head.c:34]   --->   Operation 301 'sext' 'w_det_4_load_cast' <Predicate = (!exitcond_flatten)> <Delay = 0.00>
ST_13 : Operation 302 [1/1] (8.24ns)   --->   "%tmp_29_4 = mul nsw i32 %w_det_4_load_cast, %input_load_4_phi_cas" [detection_head.c:34]   --->   Operation 302 'mul' 'tmp_29_4' <Predicate = (!exitcond_flatten)> <Delay = 8.24> <Core = "Mul">   --->   Core 16 'Mul' <Latency = 0> <II = 1> <Delay = 3.78> <FuncUnit> <Opcode : 'mul'> <InPorts = 2> <OutPorts = 1>

State 14 <SV = 13> <Delay = 8.74>
ST_14 : Operation 303 [1/1] (2.55ns)   --->   "%tmp1 = add i32 %tmp_s, %tmp_29_1" [detection_head.c:34]   --->   Operation 303 'add' 'tmp1' <Predicate = (!exitcond_flatten)> <Delay = 2.55> <Core = "AddSub">   --->   Core 14 'AddSub' <Latency = 0> <II = 1> <Delay = 1.91> <FuncUnit> <Opcode : 'add' 'sub'> <InPorts = 2> <OutPorts = 1>
ST_14 : Operation 304 [1/1] (0.00ns) (grouped into TernaryAdder)   --->   "%tmp3 = add i32 %tmp_29_3, %tmp_29_4" [detection_head.c:34]   --->   Operation 304 'add' 'tmp3' <Predicate = (!exitcond_flatten)> <Delay = 0.00> <Core = "TAddSub">   --->   Core 84 'TAddSub' <Latency = 0> <II = 1> <Delay = 2.18> <IPBlock> <Opcode : 'add' 'sub'> <InPorts = 3> <OutPorts = 1> <Sync> <CReg>
ST_14 : Operation 305 [1/1] (4.37ns) (root node of TernaryAdder)   --->   "%tmp2 = add i32 %tmp3, %tmp_29_2" [detection_head.c:34]   --->   Operation 305 'add' 'tmp2' <Predicate = (!exitcond_flatten)> <Delay = 4.37> <Core = "TAddSub">   --->   Core 84 'TAddSub' <Latency = 0> <II = 1> <Delay = 2.18> <IPBlock> <Opcode : 'add' 'sub'> <InPorts = 3> <OutPorts = 1> <Sync> <CReg>
ST_14 : Operation 306 [1/1] (0.00ns) (grouped into TernaryAdder)   --->   "%tmp_1 = add nsw i32 %tmp2, %tmp1" [detection_head.c:34]   --->   Operation 306 'add' 'tmp_1' <Predicate = (!exitcond_flatten)> <Delay = 0.00> <Core = "TAddSub">   --->   Core 84 'TAddSub' <Latency = 0> <II = 1> <Delay = 2.18> <IPBlock> <Opcode : 'add' 'sub'> <InPorts = 3> <OutPorts = 1> <Sync> <CReg>
ST_14 : Operation 307 [1/1] (4.37ns) (root node of TernaryAdder)   --->   "%sum_3_4 = add nsw i32 %sum_1, %tmp_1" [detection_head.c:34]   --->   Operation 307 'add' 'sum_3_4' <Predicate = (!exitcond_flatten)> <Delay = 4.37> <Core = "TAddSub">   --->   Core 84 'TAddSub' <Latency = 0> <II = 1> <Delay = 2.18> <IPBlock> <Opcode : 'add' 'sub'> <InPorts = 3> <OutPorts = 1> <Sync> <CReg>
ST_14 : Operation 308 [1/1] (0.00ns)   --->   "%empty_12 = call i32 (...)* @_ssdm_op_SpecRegionEnd([12 x i8]* @p_str735, i32 %tmp_5)" [detection_head.c:38]   --->   Operation 308 'specregionend' 'empty_12' <Predicate = (!exitcond_flatten)> <Delay = 0.00>
ST_14 : Operation 309 [1/1] (0.00ns)   --->   "br label %2"   --->   Operation 309 'br' <Predicate = (!exitcond_flatten)> <Delay = 0.00>

State 15 <SV = 10> <Delay = 6.67>
ST_15 : Operation 310 [1/1] (0.00ns)   --->   "%tmp_7 = zext i4 %ox_mid2 to i8" [detection_head.c:19]   --->   Operation 310 'zext' 'tmp_7' <Predicate = true> <Delay = 0.00>
ST_15 : Operation 311 [1/1] (1.87ns)   --->   "%tmp_55 = add i8 %tmp_50, %tmp_7" [detection_head.c:41]   --->   Operation 311 'add' 'tmp_55' <Predicate = true> <Delay = 1.87> <Core = "AddSub">   --->   Core 14 'AddSub' <Latency = 0> <II = 1> <Delay = 1.91> <FuncUnit> <Opcode : 'add' 'sub'> <InPorts = 2> <OutPorts = 1>
ST_15 : Operation 312 [1/1] (0.00ns)   --->   "%tmp_60_cast = call i12 @_ssdm_op_BitConcatenate.i12.i8.i4(i8 %tmp_55, i4 0)" [detection_head.c:41]   --->   Operation 312 'bitconcatenate' 'tmp_60_cast' <Predicate = true> <Delay = 0.00>
ST_15 : Operation 313 [1/1] (1.54ns)   --->   "%tmp_56 = add i12 %tmp_60_cast, %tmp_mid2_cast" [detection_head.c:41]   --->   Operation 313 'add' 'tmp_56' <Predicate = true> <Delay = 1.54> <Core = "AddSub">   --->   Core 14 'AddSub' <Latency = 0> <II = 1> <Delay = 1.91> <FuncUnit> <Opcode : 'add' 'sub'> <InPorts = 2> <OutPorts = 1>
ST_15 : Operation 314 [1/1] (0.00ns)   --->   "%tmp_61_cast = zext i12 %tmp_56 to i64" [detection_head.c:41]   --->   Operation 314 'zext' 'tmp_61_cast' <Predicate = true> <Delay = 0.00>
ST_15 : Operation 315 [1/1] (0.00ns)   --->   "%output_addr = getelementptr [1024 x i32]* %output_r, i64 0, i64 %tmp_61_cast" [detection_head.c:41]   --->   Operation 315 'getelementptr' 'output_addr' <Predicate = true> <Delay = 0.00>
ST_15 : Operation 316 [1/1] (3.25ns)   --->   "store i32 %sum_1, i32* %output_addr, align 4" [detection_head.c:41]   --->   Operation 316 'store' <Predicate = true> <Delay = 3.25> <Core = "RAM">   --->   Core 37 'RAM' <Latency = 1> <II = 1> <Delay = 3.25> <Storage> <Opcode : 'load' 'store'> <Ports = 2> <Width = 32> <Depth = 1024> <RAM>
ST_15 : Operation 317 [1/1] (0.00ns)   --->   "%empty_13 = call i32 (...)* @_ssdm_op_SpecRegionEnd([12 x i8]* @p_str533, i32 %tmp_3)" [detection_head.c:42]   --->   Operation 317 'specregionend' 'empty_13' <Predicate = true> <Delay = 0.00>
ST_15 : Operation 318 [1/1] (1.91ns)   --->   "%indvar_flatten7_op = add i8 %indvar_flatten7, 1"   --->   Operation 318 'add' 'indvar_flatten7_op' <Predicate = (!exitcond_flatten1)> <Delay = 1.91> <Core = "AddSub">   --->   Core 14 'AddSub' <Latency = 0> <II = 1> <Delay = 1.91> <FuncUnit> <Opcode : 'add' 'sub'> <InPorts = 2> <OutPorts = 1>
ST_15 : Operation 319 [1/1] (1.24ns)   --->   "%indvar_flatten_next8 = select i1 %exitcond_flatten1, i8 1, i8 %indvar_flatten7_op"   --->   Operation 319 'select' 'indvar_flatten_next8' <Predicate = true> <Delay = 1.24> <Core = "Sel">   --->   Core 26 'Sel' <Latency = 0> <II = 1> <Delay = 1.24> <FuncUnit> <Opcode : 'select'> <InPorts = 3> <OutPorts = 1>
ST_15 : Operation 320 [1/1] (0.00ns)   --->   "br label %1" [detection_head.c:19]   --->   Operation 320 'br' <Predicate = true> <Delay = 0.00>


============================================================
+ Verbose Summary: Timing violations
============================================================
Target clock period: 10ns, clock uncertainty: 1.25ns.

 <State 1>: 1.77ns
The critical path consists of the following:
	multiplexor before 'phi' operation ('indvar_flatten3') with incoming values : ('indvar_flatten_next3') [14]  (1.77 ns)

 <State 2>: 6.49ns
The critical path consists of the following:
	'phi' operation ('indvar_flatten7') with incoming values : ('indvar_flatten_next8') [16]  (0 ns)
	'icmp' operation ('exitcond_flatten1') [26]  (1.55 ns)
	'xor' operation ('not_exitcond_flatten', detection_head.c:19) [31]  (0 ns)
	'and' operation ('exitcond3_mid', detection_head.c:19) [33]  (0.978 ns)
	'or' operation ('tmp', detection_head.c:19) [36]  (0 ns)
	'select' operation ('ox_mid2', detection_head.c:19) [37]  (1.02 ns)
	'urem' operation ('arrayNo', detection_head.c:34) [43]  (2.94 ns)

 <State 3>: 2.94ns
The critical path consists of the following:
	'urem' operation ('arrayNo', detection_head.c:34) [43]  (2.94 ns)

 <State 4>: 2.94ns
The critical path consists of the following:
	'urem' operation ('arrayNo', detection_head.c:34) [43]  (2.94 ns)

 <State 5>: 2.94ns
The critical path consists of the following:
	'urem' operation ('arrayNo', detection_head.c:34) [43]  (2.94 ns)

 <State 6>: 2.94ns
The critical path consists of the following:
	'urem' operation ('arrayNo', detection_head.c:34) [43]  (2.94 ns)

 <State 7>: 2.94ns
The critical path consists of the following:
	'urem' operation ('arrayNo', detection_head.c:34) [43]  (2.94 ns)

 <State 8>: 2.94ns
The critical path consists of the following:
	'urem' operation ('arrayNo', detection_head.c:34) [43]  (2.94 ns)

 <State 9>: 5.51ns
The critical path consists of the following:
	'add' operation ('ox', detection_head.c:34) [50]  (1.74 ns)
	'mul' operation ('mul8', detection_head.c:34) [52]  (3.78 ns)

 <State 10>: 3.85ns
The critical path consists of the following:
	'phi' operation ('ky') with incoming values : ('ky', detection_head.c:27) [83]  (0 ns)
	'icmp' operation ('exitcond1', detection_head.c:27) [91]  (1.13 ns)
	'select' operation ('ky_mid2', detection_head.c:27) [92]  (0.98 ns)
	'add' operation ('tmp_9', detection_head.c:34) [101]  (1.74 ns)

 <State 11>: 8.5ns
The critical path consists of the following:
	'sub' operation ('tmp_58', detection_head.c:34) [105]  (1.83 ns)
	'add' operation ('tmp_67', detection_head.c:34) [126]  (1.87 ns)
	'add' operation ('tmp_68', detection_head.c:34) [128]  (1.55 ns)
	'getelementptr' operation ('buf_conv3_1_addr_4', detection_head.c:34) [135]  (0 ns)
	'load' operation ('buf_conv3_1_load_4', detection_head.c:34) on array 'buf_conv3_1' [277]  (3.25 ns)

 <State 12>: 3.25ns
The critical path consists of the following:
	'load' operation ('buf_conv3_3_load', detection_head.c:34) on array 'buf_conv3_3' [186]  (3.25 ns)

 <State 13>: 8.24ns
The critical path consists of the following:
	'phi' operation ('input_load_0_phi', detection_head.c:34) with incoming values : ('buf_conv3_3_load', detection_head.c:34) ('buf_conv3_2_load', detection_head.c:34) ('buf_conv3_1_load', detection_head.c:34) ('buf_conv3_0_load', detection_head.c:34) ('buf_conv3_4_load', detection_head.c:34) [201]  (0 ns)
	'mul' operation ('tmp_s', detection_head.c:34) [205]  (8.24 ns)

 <State 14>: 8.74ns
The critical path consists of the following:
	'add' operation ('tmp3', detection_head.c:34) [295]  (0 ns)
	'add' operation ('tmp2', detection_head.c:34) [296]  (4.37 ns)
	'add' operation ('tmp_1', detection_head.c:34) [297]  (0 ns)
	'add' operation ('sum_3_4', detection_head.c:34) [298]  (4.37 ns)

 <State 15>: 6.67ns
The critical path consists of the following:
	'add' operation ('tmp_55', detection_head.c:41) [304]  (1.87 ns)
	'add' operation ('tmp_56', detection_head.c:41) [306]  (1.55 ns)
	'getelementptr' operation ('output_addr', detection_head.c:41) [308]  (0 ns)
	'store' operation (detection_head.c:41) of variable 'sum_1', detection_head.c:34 on array 'output_r' [309]  (3.25 ns)


============================================================
+ Verbose Summary: Binding
============================================================
N/A
* FSMD analyzer results:
  - Output states:
 - Input state : 
  - Chain level:
	State 1
	State 2
	State 3
	State 4
	State 5
	State 6
	State 7
	State 8
	State 9
	State 10
	State 11
	State 12
	State 13
	State 14
	State 15


============================================================
+ Verbose Summary: Datapath Resource usage 
============================================================
N/A
